2024-07-30 15:37:34,089 - INFO - Processing batch from page 99 to 149
2024-07-30 15:37:34,089 - INFO - Fetching URL: https://www.hippostores.com/k-/productlist?sort=relevance&page=99
2024-07-30 15:37:49,465 - INFO - Fetching product page: https://www.hippostores.com/archis-cabinet-handle-ah-719-160-ab-model-ah-719-160-ab/product/6000011187
2024-07-30 15:37:58,904 - INFO - Fetching product page: https://www.hippostores.com/archis-cabinet-handle-ah-719-224-ab-model-ah-719-224-ab/product/6000011188
2024-07-30 15:38:11,280 - INFO - Fetching product page: https://www.hippostores.com/archis-cabinet-handle-ah-720-096-gr-model-ah-720-096-gr/product/6000011190
2024-07-30 15:38:15,839 - INFO - Fetching product page: https://www.hippostores.com/archis-cabinet-handle-ah-720-160-gr-model-ah-720-160-gr/product/6000011191
2024-07-30 15:38:20,281 - INFO - Fetching product page: https://www.hippostores.com/archis-cabinet-handle-ah-720-224-gr-model-ah-720-224-gr/product/6000011192
2024-07-30 15:38:23,784 - INFO - Fetching product page: https://www.hippostores.com/archis-cabinet-handle-ah-720-288-gr-model-ah-720-288-gr/product/6000011193
2024-07-30 15:38:36,607 - INFO - Fetching product page: https://www.hippostores.com/archis-cabinet-handle-ah-719-288-ab-model-ah-719-288-ab/product/6000011189
2024-07-30 15:38:47,333 - INFO - Fetching product page: https://www.hippostores.com/archis-cabinet-handle-ah-723-096-bsn-model-ah-723-096-bsn/product/6000011194
2024-07-30 15:39:03,951 - INFO - Fetching product page: https://www.hippostores.com/archis-cabinet-handle-ah-737-224-bn-model-ah-737-224-bn/product/6000011212
2024-07-30 15:39:15,818 - INFO - Fetching product page: https://www.hippostores.com/archis-cabinet-handle-ah-740-096-sn-model-ah-740-096-sn/product/6000011218
2024-07-30 15:39:21,215 - INFO - Fetching product page: https://www.hippostores.com/archis-cabinet-handle-ah-740-192-sn-model-ah-740-192-sn/product/6000011221
2024-07-30 15:39:27,551 - INFO - Fetching product page: https://www.hippostores.com/archis-cabinet-handle-ah-740-160-sn-model-ah-740-160-sn/product/6000011220
2024-07-30 15:39:33,494 - INFO - Fetching product page: https://www.hippostores.com/archis-cabinet-handle-ah-740-128-sn-model-ah-740-128-sn/product/6000011219
2024-07-30 15:39:39,803 - INFO - Fetching product page: https://www.hippostores.com/archis-cabinet-handle-ah-735-224-ab-model-ah-735-224-ab/product/6000011204
2024-07-30 15:39:46,393 - INFO - Fetching product page: https://www.hippostores.com/archis-cabinet-handle-ah-736-160-srg-model-ah-736-160-srg/product/6000011207
2024-07-30 15:39:52,251 - INFO - Fetching product page: https://www.hippostores.com/archis-cabinet-handle-ah-735-320-ab-model-ah-735-320-ab/product/6000011205
2024-07-30 15:39:57,973 - INFO - Fetching product page: https://www.hippostores.com/archis-cabinet-handle-ah-736-320-srg-model-ah-736-320-srg/product/6000011209
2024-07-30 15:40:04,749 - INFO - Fetching product page: https://www.hippostores.com/archis-cabinet-handle-ah-736-096-srg-model-ah-736-096-srg/product/6000011206
2024-07-30 15:40:11,582 - INFO - Fetching product page: https://www.hippostores.com/archis-cabinet-handle-ah-735-096-ab-model-ah-735-096-ab/product/6000011202
2024-07-30 15:40:17,538 - INFO - Fetching product page: https://www.hippostores.com/archis-cabinet-handle-ah-735-160-ab-model-ah-735-160-ab/product/6000011203
2024-07-30 15:40:17,808 - INFO - Page 99 processed successfully
2024-07-30 15:40:17,810 - INFO - Fetching URL: https://www.hippostores.com/k-/productlist?sort=relevance&page=100
2024-07-30 15:40:31,559 - INFO - Fetching product page: https://www.hippostores.com/archis-cabinet-handle-ah-741-128-ab-model-ah-741-128-ab/product/6000011224
2024-07-30 15:40:37,127 - INFO - Fetching product page: https://www.hippostores.com/archis-cabinet-handle-ah-740-320-sn-model-ah-740-320-sn/product/6000011222
2024-07-30 15:40:42,368 - INFO - Fetching product page: https://www.hippostores.com/archis-cabinet-handle-ah-741-096-ab-model-ah-741-096-ab/product/6000011223
2024-07-30 15:40:48,346 - INFO - Fetching product page: https://www.hippostores.com/archis-cabinet-handle-ah-741-160-ab-model-ah-741-160-ab/product/6000011225
2024-07-30 15:40:53,883 - INFO - Fetching product page: https://www.hippostores.com/archis-cabinet-handle-ah-737-096-bn-model-ah-737-096-bn/product/6000011210
2024-07-30 15:40:58,909 - INFO - Fetching product page: https://www.hippostores.com/archis-cabinet-handle-ah-723-160-bsn-model-ah-723-160-bsn/product/6000011195
2024-07-30 15:41:03,416 - INFO - Fetching product page: https://www.hippostores.com/archis-cabinet-handle-ah-723-224-bsn-model-ah-723-224-bsn/product/6000011196
2024-07-30 15:41:08,016 - INFO - Fetching product page: https://www.hippostores.com/archis-cabinet-handle-ah-741-192-ab-model-ah-741-192-ab/product/6000011226
2024-07-30 15:41:12,225 - INFO - Fetching product page: https://www.hippostores.com/hindware-unilux-standard-grey-500-mm-single-h-203-mm-40kg-model-58dsck0850x0a00/product/6000011748
2024-07-30 15:41:16,748 - INFO - Fetching product page: https://www.hippostores.com/fgv-uniplus-standard-grey-500-mm-single-round-railings-40-kg-model-58deag0850x0000/product/6000013550
2024-07-30 15:41:20,693 - INFO - Fetching product page: https://www.hippostores.com/archis-cabinet-handle-ah-744-192-sn-model-ah-744-192-sn/product/6000016010
2024-07-30 15:41:25,315 - INFO - Fetching product page: https://www.hippostores.com/archis-cabinet-handle-ah-744-160-sn-model-ah-744-160-sn/product/6000016009
2024-07-30 15:41:30,585 - INFO - Fetching product page: https://www.hippostores.com/archis-cabinet-handle-ah-745-k-ab-model-ah-745-k-ab/product/6000016012
2024-07-30 15:41:36,587 - INFO - Fetching product page: https://www.hippostores.com/archis-cabinet-handle-ah-746-096-bn-model-ah-746-096-bn/product/6000016019
2024-07-30 15:41:42,511 - INFO - Fetching product page: https://www.hippostores.com/archis-cabinet-handle-ah-746-160-bn-model-ah-746-160-bn/product/6000016021
2024-07-30 15:41:48,093 - INFO - Fetching product page: https://www.hippostores.com/archis-cabinet-handle-ah-746-k-bn-model-ah-746-k-bn/product/6000016018
2024-07-30 15:41:53,180 - INFO - Fetching product page: https://www.hippostores.com/archis-cabinet-handle-ah-745-160-ab-model-ah-745-160-ab/product/6000016015
2024-07-30 15:41:58,119 - INFO - Fetching product page: https://www.hippostores.com/archis-cabinet-handle-ah-746-192-bn-model-ah-746-192-bn/product/6000016022
2024-07-30 15:42:03,358 - INFO - Fetching product page: https://www.hippostores.com/archis-cabinet-handle-ah-746-320-bn-model-ah-746-320-bn/product/6000016023
2024-07-30 15:42:08,483 - INFO - Fetching product page: https://www.hippostores.com/archis-cabinet-handle-ah-745-192-ab-model-ah-745-192-ab/product/6000016016
2024-07-30 15:42:08,626 - INFO - Page 100 processed successfully
2024-07-30 15:42:08,626 - INFO - Fetching URL: https://www.hippostores.com/k-/productlist?sort=relevance&page=101
2024-07-30 15:42:19,171 - INFO - Fetching product page: https://www.hippostores.com/archis-cabinet-handle-ah-748-128-gp-model-ah-748-128-gp/product/6000016032
2024-07-30 15:42:24,751 - INFO - Fetching product page: https://www.hippostores.com/archis-cabinet-handle-ah-747-192-rgp-model-ah-747-192-rgp/product/6000016028
2024-07-30 15:42:30,606 - INFO - Fetching product page: https://www.hippostores.com/archis-cabinet-handle-ah-747-160-rgp-model-ah-747-160-rgp/product/6000016027
2024-07-30 15:42:35,467 - INFO - Fetching product page: https://www.hippostores.com/archis-cabinet-handle-ah-747-096-rgp-model-ah-747-096-rgp/product/6000016025
2024-07-30 15:42:40,647 - INFO - Fetching product page: https://www.hippostores.com/archis-cabinet-handle-ah-747-320-rgp-model-ah-747-320-rgp/product/6000016029
2024-07-30 15:42:45,395 - INFO - Fetching product page: https://www.hippostores.com/archis-cabinet-handle-ah-748-k-gp-model-ah-748-k-gp/product/6000016030
2024-07-30 15:42:50,201 - INFO - Fetching product page: https://www.hippostores.com/archis-cabinet-handle-ah-748-192-gp-model-ah-748-192-gp/product/6000016034
2024-07-30 15:42:55,396 - INFO - Fetching product page: https://www.hippostores.com/archis-cabinet-handle-ah-745-320-ab-model-ah-745-320-ab/product/6000016017
2024-07-30 15:43:00,544 - INFO - Fetching product page: https://www.hippostores.com/archis-cabinet-handle-ah-745-128-ab-model-ah-745-128-ab/product/6000016014
2024-07-30 15:43:05,215 - INFO - Fetching product page: https://www.hippostores.com/archis-cabinet-handle-ah-747-k-rgp-model-ah-747-k-rgp/product/6000016024
2024-07-30 15:43:10,842 - INFO - Fetching product page: https://www.hippostores.com/archis-cabinet-handle-ah-756-450-grey-model-ah-756-450-grey/product/6000016056
2024-07-30 15:43:15,853 - INFO - Fetching product page: https://www.hippostores.com/archis-cabinet-handle-ah-755-600-bb-model-ah-755-600-bb/product/6000016049
2024-07-30 15:43:20,847 - INFO - Fetching product page: https://www.hippostores.com/archis-cabinet-handle-ah-756-200-grey-model-ah-756-200-grey/product/6000016054
2024-07-30 15:43:26,414 - INFO - Fetching product page: https://www.hippostores.com/archis-cabinet-handle-ah-755-900-bb-model-ah-755-900-bb/product/6000016050
2024-07-30 15:43:31,360 - INFO - Fetching product page: https://www.hippostores.com/archis-cabinet-handle-ah-748-320-gp-model-ah-748-320-gp/product/6000016035
2024-07-30 15:43:36,511 - INFO - Fetching product page: https://www.hippostores.com/archis-cabinet-handle-ah-756-300-grey-model-ah-756-300-grey/product/6000016055
2024-07-30 15:43:41,070 - INFO - Fetching product page: https://www.hippostores.com/archis-cabinet-handle-ah-756-600-grey-model-ah-756-600-grey/product/6000016057
2024-07-30 15:43:46,539 - INFO - Fetching product page: https://www.hippostores.com/archis-cabinet-handle-ah-754-600-mb-model-ah-754-600-mb/product/6000016041
2024-07-30 15:43:51,356 - INFO - Fetching product page: https://www.hippostores.com/atom-cabinet-handle-ch-227-size-12''-finish-cp/product/6000016094
2024-07-30 15:43:56,200 - INFO - Fetching product page: https://www.hippostores.com/atom-cabinet-handle-ch-228-size-10''-finish-full-c-p/product/6000016097
2024-07-30 15:43:56,355 - INFO - Page 101 processed successfully
2024-07-30 15:43:56,355 - INFO - Fetching URL: https://www.hippostores.com/k-/productlist?sort=relevance&page=102
2024-07-30 15:44:05,623 - INFO - Fetching product page: https://www.hippostores.com/atom-cabinet-handle-ch-228-size-8''-finish-cp/product/6000016096
2024-07-30 15:44:10,226 - INFO - Fetching product page: https://www.hippostores.com/atom-cabinet-handle-ch-228-size-12''-finish-full-c-p/product/6000016098
2024-07-30 15:44:15,365 - INFO - Fetching product page: https://www.hippostores.com/archis-cabinet-handle-ah-742-320-rg-model-ah-742-320-rg/product/6000011232
2024-07-30 15:44:20,566 - INFO - Fetching product page: https://www.hippostores.com/atom-cabinet-handle-ch-229-size-4''-finish-cp/product/6000016099
2024-07-30 15:44:25,570 - INFO - Fetching product page: https://www.hippostores.com/archis-cabinet-handle-ah-757-600-mb-model-ah-757-600-mb/product/6000016064
2024-07-30 15:44:30,167 - INFO - Fetching product page: https://www.hippostores.com/archis-cabinet-handle-ah-756-900-grey-model-ah-756-900-grey/product/6000016058
2024-07-30 15:44:35,028 - INFO - Fetching product page: https://www.hippostores.com/archis-cabinet-handle-ah-757-1200-mb-model-ah-757-1200-mb/product/6000016066
2024-07-30 15:44:39,932 - INFO - Fetching product page: https://www.hippostores.com/archis-cabinet-handle-ah-723-288-bsn-model-ah-723-288-bsn/product/6000011197
2024-07-30 15:44:46,004 - INFO - Fetching product page: https://www.hippostores.com/archis-cabinet-handle-ah-759-470-ss-model-ah-759-470-ss/product/6000016077
2024-07-30 15:44:50,797 - INFO - Fetching product page: https://www.hippostores.com/archis-cabinet-handle-ah-759-600-ss-model-ah-759-600-ss/product/6000016078
2024-07-30 15:44:55,606 - INFO - Fetching product page: https://www.hippostores.com/archis-cabinet-handle-ah-760-470-cb-model-ah-760-470-cb/product/6000016084
2024-07-30 15:45:00,826 - INFO - Fetching product page: https://www.hippostores.com/archis-cabinet-handle-ah-760-210-cb-model-ah-760-210-cb/product/6000016082
2024-07-30 15:45:05,750 - INFO - Fetching product page: https://www.hippostores.com/archis-cabinet-handle-ah-759-1200-ss-model-ah-759-1200-ss/product/6000016080
2024-07-30 15:45:11,319 - INFO - Fetching product page: https://www.hippostores.com/archis-cabinet-handle-ah-760-310-cb-model-ah-760-310-cb/product/6000016083
2024-07-30 15:45:16,295 - INFO - Fetching product page: https://www.hippostores.com/archis-cabinet-handle-ah-759-150-ss-model-ah-759-150-ss/product/6000016074
2024-07-30 15:45:21,200 - INFO - Fetching product page: https://www.hippostores.com/archis-cabinet-handle-ah-758-920-bb-model-ah-758-920-bb/product/6000016072
2024-07-30 15:45:26,905 - INFO - Fetching product page: https://www.hippostores.com/archis-cabinet-handle-ah-759-210-ss-model-ah-759-210-ss/product/6000016075
2024-07-30 15:45:32,386 - INFO - Fetching product page: https://www.hippostores.com/archis-cabinet-handle-ah-759-310-ss-model-ah-759-310-ss/product/6000016076
2024-07-30 15:45:37,822 - INFO - Fetching product page: https://www.hippostores.com/atom-cabinet-handle-ch-227-size-4''-finish-full-c-p/product/6000016091
2024-07-30 15:45:42,724 - INFO - Fetching product page: https://www.hippostores.com/atom-cabinet-handle-ch-227-size-8''-finish-full-c-p/product/6000016092
2024-07-30 15:45:43,230 - INFO - Page 102 processed successfully
2024-07-30 15:45:43,231 - INFO - Fetching URL: https://www.hippostores.com/k-/productlist?sort=relevance&page=103
2024-07-30 15:45:51,943 - INFO - Fetching product page: https://www.hippostores.com/archis-cabinet-handle-ah-760-1200-cb-model-ah-760-1200-cb/product/6000016087
2024-07-30 15:45:56,741 - INFO - Fetching product page: https://www.hippostores.com/archis-cabinet-handle-ah-760-920-cb-model-ah-760-920-cb/product/6000016086
2024-07-30 15:46:01,939 - INFO - Fetching product page: https://www.hippostores.com/archis-cabinet-handle-ah-760-600-cb-model-ah-760-600-cb/product/6000016085
2024-07-30 15:46:06,997 - INFO - Fetching product page: https://www.hippostores.com/archis-cabinet-handle-ah-758-1200-bb-model-ah-758-1200-bb/product/6000016073
2024-07-30 15:46:12,177 - INFO - Fetching product page: https://www.hippostores.com/atom-cabinet-handle-ch-227-size-10''-finish-full-c-p/product/6000016093
2024-07-30 15:46:17,486 - INFO - Fetching product page: https://www.hippostores.com/atom-cabinet-handle-ch-229-size-10''-finish-full-c-p/product/6000016101
2024-07-30 15:46:22,756 - INFO - Fetching product page: https://www.hippostores.com/atom-double-door-handle-globe-8-antique/product/6000016104
2024-07-30 15:46:27,738 - INFO - Fetching product page: https://www.hippostores.com/dorset-digital-lock-mortise-dg-201-mgm-4-in-1-access-bio-pin-key-card-model-dg-201-mgm/product/6000016267
2024-07-30 15:46:32,476 - INFO - Fetching product page: https://www.hippostores.com/dorset-digital-lock-dg-203-mrg-combo-5-in-1-access-bio-pin-card-key-with-ble-in-built-wifi-gateway-modual-model-dg-203-mrg-combo/product/6000016272
2024-07-30 15:46:36,943 - INFO - Fetching product page: https://www.hippostores.com/atom-knob-diamond-black-model-knob-diamond-black/product/6000016944
2024-07-30 15:46:41,533 - INFO - Fetching product page: https://www.hippostores.com/atom-pull-handle-ph-gulf-black-gold-12-model-ph-gulf-black-gold-12/product/6000016959
2024-07-30 15:46:46,684 - INFO - Fetching product page: https://www.hippostores.com/atom-pull-handle-ph-brill-black-gold-12-model-ph-brill-black-gold-12/product/6000016962
2024-07-30 15:46:51,216 - INFO - Fetching product page: https://www.hippostores.com/atom-pull-handle-ph-olive-black-gold-12-model-ph-olive-black-gold-12/product/6000016965
2024-07-30 15:46:55,876 - INFO - Fetching product page: https://www.hippostores.com/atom-pull-handle-ph-brill-black-gold-18-model-ph-brill-black-gold-18/product/6000016963
2024-07-30 15:47:00,861 - INFO - Fetching product page: https://www.hippostores.com/atom-pull-handle-ph-brill-black-gold-24-model-ph-brill-black-gold-24/product/6000016964
2024-07-30 15:47:05,953 - INFO - Fetching product page: https://www.hippostores.com/atom-cabinet-handle-ch-229-size-12''-finish-full-c-p/product/6000016102
2024-07-30 15:47:10,945 - INFO - Fetching product page: https://www.hippostores.com/atom-cabinet-handle-ch-229-size-8''-finish-cp/product/6000016100
2024-07-30 15:47:15,512 - INFO - Fetching product page: https://www.hippostores.com/bosch-5pc-impact-drill-set-4-5-6-8-10mm-model-2-608-578-155/product/6000008204
2024-07-30 15:47:20,286 - INFO - Fetching product page: https://www.hippostores.com/bosch-4-100mm-grinding-wheel-model-2-608-602-372/product/6000008207
2024-07-30 15:47:25,699 - INFO - Fetching product page: https://www.hippostores.com/bosch-3-pc-hammer-drill-bit-set-6-8-10mm-model-2-608-579-118/product/6000008205
2024-07-30 15:47:25,992 - INFO - Page 103 processed successfully
2024-07-30 15:47:25,992 - INFO - Fetching URL: https://www.hippostores.com/k-/productlist?sort=relevance&page=104
2024-07-30 15:47:34,409 - INFO - Fetching product page: https://www.hippostores.com/dorset-mortise-lock-ml110sn-model-ml110sn/product/6000007761
2024-07-30 15:47:39,686 - INFO - Fetching product page: https://www.hippostores.com/bosch-5-pc-hammer-drill-bit-set-5-6-6-8-10mm-model-2-608-579-119/product/6000008206
2024-07-30 15:47:44,851 - INFO - Fetching product page: https://www.hippostores.com/bosch-4-100mm-marble-concrete-cutting-wheel-model-2-608-602-797/product/6000008065
2024-07-30 15:47:49,682 - INFO - Fetching product page: https://www.hippostores.com/bosch-25mm-ph2-screw-driver-bit-model-2-607-001-514/product/6000008056
2024-07-30 15:47:54,741 - INFO - Fetching product page: https://www.hippostores.com/bosch-10pc-metal-drill-bit-set-model-2-607-019-115/product/6000008202
2024-07-30 15:48:00,305 - INFO - Fetching product page: https://www.hippostores.com/atom-cabinet-handle-ch-548-size-4-cabinet-handle-handle-size-102mm-4-ch-548-cp/product/6000003732
2024-07-30 15:48:05,410 - INFO - Fetching product page: https://www.hippostores.com/atom-cabinet-handle-ch-548-size-4-cabinet-handle-handle-size-102mm-4-ch-548-antique/product/6000003733
2024-07-30 15:48:10,169 - INFO - Fetching product page: https://www.hippostores.com/atom-cabinet-handle-ch-548-size-4-cabinet-handle-handle-size-102mm-4-ch-548-black-mat/product/6000003734
2024-07-30 15:48:15,169 - INFO - Fetching product page: https://www.hippostores.com/atom-cabinet-handle-ch-548-size-6-cabinet-handle-handle-size-152mm-6-ch-548-antique/product/6000003736
2024-07-30 15:48:20,259 - INFO - Fetching product page: https://www.hippostores.com/atom-cabinet-handle-ch-548-size-6-cabinet-handle-handle-size-152mm-6-ch-548-cp/product/6000003735
2024-07-30 15:48:25,255 - INFO - Fetching product page: https://www.hippostores.com/atom-cabinet-handle-ch-548-size-8-cabinet-handle-handle-size-203mm-8-ch-548-black-mat/product/6000003740
2024-07-30 15:48:29,795 - INFO - Fetching product page: https://www.hippostores.com/atom-cabinet-handle-ch-548-size-12-cabinet-handle-handle-size-305mm-12-ch-548-antique/product/6000003742
2024-07-30 15:48:35,063 - INFO - Fetching product page: https://www.hippostores.com/atom-cabinet-handle-ch-548-size-12-cabinet-handle-handle-size-305mm-12-ch-548-black-m/product/6000003743
2024-07-30 15:48:40,246 - INFO - Fetching product page: https://www.hippostores.com/atom-cabinet-handle-ch-550-size-4-cabinet-handle-handle-size-102mm-4-ch-550-satin-black/product/6000003744
2024-07-30 15:48:45,460 - INFO - Fetching product page: https://www.hippostores.com/atom-cabinet-handle-ch-545-size-12-cabinet-handle-handle-size-305mm-12-ch-545-cp/product/6000003729
2024-07-30 15:48:50,634 - INFO - Fetching product page: https://www.hippostores.com/atom-cabinet-handle-ch-545-size-8-cabinet-handle-handle-size-203mm-8-ch-545-black-mat/product/6000003728
2024-07-30 15:48:55,640 - INFO - Fetching product page: https://www.hippostores.com/atom-cabinet-handle-ch-545-size-12-cabinet-handle-handle-size-305mm-12-ch-545-black-m/product/6000003731
2024-07-30 15:49:00,816 - INFO - Fetching product page: https://www.hippostores.com/atom-cabinet-handle-ch-536-size-12-cabinet-handle-handle-size-305mm-12-ch-536-antique/product/6000003718
2024-07-30 15:49:05,936 - INFO - Fetching product page: https://www.hippostores.com/atom-cabinet-handle-ch-536-size-12-cabinet-handle-handle-size-305mm-12-ch-536-black-m/product/6000003719
2024-07-30 15:49:10,761 - INFO - Fetching product page: https://www.hippostores.com/atom-cabinet-handle-ch-545-size-4-cabinet-handle-handle-size-102mm-4-ch-545-cp/product/6000003720
2024-07-30 15:49:10,997 - INFO - Page 104 processed successfully
2024-07-30 15:49:10,997 - INFO - Fetching URL: https://www.hippostores.com/k-/productlist?sort=relevance&page=105
2024-07-30 15:49:20,205 - INFO - Fetching product page: https://www.hippostores.com/atom-cabinet-handle-ch-548-size-8-cabinet-handle-handle-size-203mm-8-ch-548-cp/product/6000003738
2024-07-30 15:49:25,097 - INFO - Fetching product page: https://www.hippostores.com/atom-cabinet-handle-ch-548-size-6-cabinet-handle-handle-size-152mm-6-ch-548-black-mat/product/6000003737
2024-07-30 15:49:30,253 - INFO - Fetching product page: https://www.hippostores.com/atom-cabinet-handle-ch-548-size-8-cabinet-handle-handle-size-203mm-8-ch-548-antique/product/6000003739
2024-07-30 15:49:35,190 - INFO - Fetching product page: https://www.hippostores.com/atom-cabinet-handle-ch-545-size-4-cabinet-handle-handle-size-102mm-4-ch-545-black-mat/product/6000003722
2024-07-30 15:49:40,344 - INFO - Fetching product page: https://www.hippostores.com/atom-cabinet-handle-ch-545-size-8-cabinet-handle-handle-size-203mm-8-ch-545-antique/product/6000003727
2024-07-30 15:49:45,213 - INFO - Fetching product page: https://www.hippostores.com/atom-pul-handle-kaveri-size-12-zinc-pull-handle-size-305mm-12-kaveri-antiqu/product/6000003704
2024-07-30 15:49:49,775 - INFO - Fetching product page: https://www.hippostores.com/atom-pul-handle-yamuna-size-18-zinc-pull-handle-size-457mm-18-yamuna-antiqu/product/6000003707
2024-07-30 15:49:54,776 - INFO - Fetching product page: https://www.hippostores.com/atom-cabinet-handle-ch-550-size-4-cabinet-handle-handle-size-102mm-4-ch-550-antique-b/product/6000003745
2024-07-30 15:50:00,070 - INFO - Fetching product page: https://www.hippostores.com/atom-cabinet-handle-ch-550-size-4-cabinet-handle-handle-size-102mm-4-ch-550-cptt/product/6000003746
2024-07-30 15:50:05,110 - INFO - Fetching product page: https://www.hippostores.com/atom-cabinet-handle-ch-548-size-12-cabinet-handle-handle-size-305mm-12-ch-548-cp/product/6000003741
2024-07-30 15:50:10,292 - INFO - Fetching product page: https://www.hippostores.com/tpria-spirit-level-s-400mm-1mm-accuracy-without-magnet-model-sl-1016/product/6000008577
2024-07-30 15:50:15,283 - INFO - Fetching product page: https://www.hippostores.com/taparia-masonry-drill-bits-3x30x60-model-md360/product/6000008589
2024-07-30 15:50:20,244 - INFO - Fetching product page: https://www.hippostores.com/tpria-spirit-level-s-300mm-1mm-accuracy-without-magnet-model-sl-1012/product/6000008576
2024-07-30 15:50:25,034 - INFO - Fetching product page: https://www.hippostores.com/hettich-bio-fold-hinge-9930-cup-in-sensys-design-pie-corner-model-9243042/product/6000008647
2024-07-30 15:50:29,922 - INFO - Fetching product page: https://www.hippostores.com/taparia-masonry-drill-bits-5-5x60x100-model-md55100/product/6000008592
2024-07-30 15:50:35,229 - INFO - Fetching product page: https://www.hippostores.com/taparia-masonry-drill-bits-9x90x150-model-md9150/product/6000008597
2024-07-30 15:50:40,031 - INFO - Fetching product page: https://www.hippostores.com/taparia-masonry-drill-bits-6x90x150-model-md6150/product/6000008594
2024-07-30 15:50:45,090 - INFO - Fetching product page: https://www.hippostores.com/taparia-masonry-drill-bits-8x60x110-model-md8110/product/6000008596
2024-07-30 15:50:49,943 - INFO - Fetching product page: https://www.hippostores.com/taparia-masonry-drill-bits-10x90x150-model-md10150/product/6000008598
2024-07-30 15:50:55,432 - INFO - Fetching product page: https://www.hippostores.com/taparia-masonry-drill-bits-5x45x85-model-md585/product/6000008591
2024-07-30 15:50:55,881 - INFO - Page 105 processed successfully
2024-07-30 15:50:55,882 - INFO - Fetching URL: https://www.hippostores.com/k-/productlist?sort=relevance&page=106
2024-07-30 15:51:05,880 - INFO - Fetching product page: https://www.hippostores.com/taparia-bimetal-mini-hole-saws-40mm-model-hsm-40/product/6000008604
2024-07-30 15:51:11,161 - INFO - Fetching product page: https://www.hippostores.com/taparia-masonry-drill-bits-11x90x150-model-md11150/product/6000008599
2024-07-30 15:51:16,246 - INFO - Fetching product page: https://www.hippostores.com/taparia-masonry-drill-bits-7x55x100-model-md7100/product/6000008595
2024-07-30 15:51:21,693 - INFO - Fetching product page: https://www.hippostores.com/taparia-bimetal-mini-hole-saws-25mm-model-hsm-25/product/6000008602
2024-07-30 15:51:26,604 - INFO - Fetching product page: https://www.hippostores.com/taparia-masonry-drill-bits-12x90x150-model-md12150/product/6000008600
2024-07-30 15:51:31,409 - INFO - Fetching product page: https://www.hippostores.com/taparia-masonry-drill-bits-13x85x150-model-md13150/product/6000008601
2024-07-30 15:51:36,251 - INFO - Fetching product page: https://www.hippostores.com/archis-cabinet-knob-ah-572-060-tea-glass-model-ah-572-060-tea-glass/product/6000011129
2024-07-30 15:51:41,129 - INFO - Fetching product page: https://www.hippostores.com/archis-cabinet-knob-ah-588-bsn-model-ah-588-bsn/product/6000011138
2024-07-30 15:51:46,103 - INFO - Fetching product page: https://www.hippostores.com/archis-cabinet-knob-ah-573-192-tea-glass-model-ah-573-192-tea-glass/product/6000011133
2024-07-30 15:51:50,903 - INFO - Fetching product page: https://www.hippostores.com/archis-cabinet-knob-ah-589-mb-model-ah-589-mb/product/6000011140
2024-07-30 15:51:56,101 - INFO - Fetching product page: https://www.hippostores.com/archis-cabinet-handle-ah-593-704-ab-model-ah-593-704-ab/product/6000011146
2024-07-30 15:52:00,690 - INFO - Fetching product page: https://www.hippostores.com/archis-cabinet-knob-ah-590-ab-model-ah-590-ab/product/6000011141
2024-07-30 15:52:05,726 - INFO - Fetching product page: https://www.hippostores.com/stanley-hacksaw-stlfrm-450mm-17-3-4-bld-305mm-12-model-15-166/product/6000010969
2024-07-30 15:52:11,257 - INFO - Fetching product page: https://www.hippostores.com/archis-cabinet-handle-ah-584-160-ab-model-ah-584-160-ab/product/6000011098
2024-07-30 15:52:16,465 - INFO - Fetching product page: https://www.hippostores.com/archis-cabinet-handle-ah-584-224-ab-model-ah-584-224-ab/product/6000011099
2024-07-30 15:52:21,791 - INFO - Fetching product page: https://www.hippostores.com/archis-cabinet-handle-ah-578-032-cp-model-ah-578-032-cp/product/6000011122
2024-07-30 15:52:26,924 - INFO - Fetching product page: https://www.hippostores.com/archis-cabinet-handle-ah-578-096-cp-model-ah-578-096-cp/product/6000011123
2024-07-30 15:52:32,020 - INFO - Fetching product page: https://www.hippostores.com/archis-cabinet-handle-ah-557-032-bsn-model-ah-557-032-bsn/product/6000011107
2024-07-30 15:52:38,546 - INFO - Fetching product page: https://www.hippostores.com/archis-cabinet-handle-ah-578-160-cp-model-ah-578-160-cp/product/6000011124
2024-07-30 15:52:44,036 - INFO - Fetching product page: https://www.hippostores.com/stanley-moisture-meter-model-0-77-030/product/6000010973
2024-07-30 15:52:44,178 - INFO - Page 106 processed successfully
2024-07-30 15:52:44,178 - INFO - Fetching URL: https://www.hippostores.com/k-/productlist?sort=relevance&page=107
2024-07-30 15:52:53,043 - INFO - Fetching product page: https://www.hippostores.com/archis-cabinet-handle-ah-584-128-ab-model-ah-584-128-ab/product/6000011097
2024-07-30 15:52:57,914 - INFO - Fetching product page: https://www.hippostores.com/archis-cabinet-handle-ah-578-224-cp-model-ah-578-224-cp/product/6000011125
2024-07-30 15:53:02,340 - INFO - Fetching product page: https://www.hippostores.com/archis-cabinet-knob-ah-572-030-tea-glass-model-ah-572-030-tea-glass/product/6000011127
2024-07-30 15:53:06,625 - INFO - Fetching product page: https://www.hippostores.com/archis-cabinet-knob-ah-598-k-cp-model-ah-598-k-cp/product/6000011147
2024-07-30 15:53:11,195 - INFO - Fetching product page: https://www.hippostores.com/archis-cabinet-knob-ah-599-k-bsn-model-ah-599-k-bsn/product/6000011148
2024-07-30 15:53:16,207 - INFO - Fetching product page: https://www.hippostores.com/stanley-heavy-duty-bi-material-handsaw-20-500mm-model-stht20375-la/product/6000010971
2024-07-30 15:53:21,155 - INFO - Fetching product page: https://www.hippostores.com/archis-cabinet-knob-ah-572-045-tea-glass-model-ah-572-045-tea-glass/product/6000011128
2024-07-30 15:53:26,017 - INFO - Fetching product page: https://www.hippostores.com/archis-cabinet-handle-ah-578-288-cp-model-ah-578-288-cp/product/6000011126
2024-07-30 15:53:30,687 - INFO - Fetching product page: https://www.hippostores.com/aceline-brass-door-stopper-pbe-model-sea10220116/product/6000011337
2024-07-30 15:53:35,571 - INFO - Fetching product page: https://www.hippostores.com/archis-cabinet-handle-ah-742-160-rg-model-ah-742-160-rg/product/6000011230
2024-07-30 15:53:40,976 - INFO - Fetching product page: https://www.hippostores.com/archis-cabinet-handle-ah-742-192-rg-model-ah-742-192-rg/product/6000011231
2024-07-30 15:53:47,522 - INFO - Fetching product page: https://www.hippostores.com/archis-cabinet-handle-ah-743-320-gr-model-ah-743-320-gr/product/6000011237
2024-07-30 15:53:52,516 - INFO - Fetching product page: https://www.hippostores.com/archis-cabinet-handle-ah-742-128-rg-model-ah-742-128-rg/product/6000011229
2024-07-30 15:53:56,925 - INFO - Fetching product page: https://www.hippostores.com/archis-cabinet-handle-ah-741-320-ab-model-ah-741-320-ab/product/6000011227
2024-07-30 15:54:01,945 - INFO - Fetching product page: https://www.hippostores.com/archis-cabinet-handle-ah-743-160-gr-model-ah-743-160-gr/product/6000011235
2024-07-30 15:54:06,892 - INFO - Fetching product page: https://www.hippostores.com/archis-cabinet-handleah-753-k-gp-model-ah-753-k-gp/product/6000011668
2024-07-30 15:54:11,226 - INFO - Fetching product page: https://www.hippostores.com/archis-cabinet-handleah-752-k-rgp-model-ah-752-k-rgp/product/6000011664
2024-07-30 15:54:16,262 - INFO - Fetching product page: https://www.hippostores.com/archis-cabinet-handleah-750-192-ab-model-ah-750-192-ab/product/6000011663
2024-07-30 15:54:22,669 - INFO - Fetching product page: https://www.hippostores.com/archis-cabinet-handleah-750-96-ab-model-ah-750-96-ab/product/6000011661
2024-07-30 15:54:28,947 - INFO - Fetching product page: https://www.hippostores.com/archis-cabinet-handleah-753-128-gp-model-ah-753-128-gp/product/6000011670
2024-07-30 15:54:29,214 - INFO - Page 107 processed successfully
2024-07-30 15:54:29,214 - INFO - Fetching URL: https://www.hippostores.com/k-/productlist?sort=relevance&page=108
2024-07-30 15:54:38,244 - INFO - Fetching product page: https://www.hippostores.com/archis-cabinet-handleah-750-128-ab-model-ah-750-128-ab/product/6000011662
2024-07-30 15:54:43,285 - INFO - Fetching product page: https://www.hippostores.com/archis-cabinet-handleah-753-192-gp-model-ah-753-192-gp/product/6000011671
2024-07-30 15:54:48,454 - INFO - Fetching product page: https://www.hippostores.com/archis-cabinet-handleah-749-96-sn-model-ah-749-96-sn/product/6000011657
2024-07-30 15:54:53,215 - INFO - Fetching product page: https://www.hippostores.com/archis-cabinet-handleah-749-192-sn-model-ah-749-192-sn/product/6000011659
2024-07-30 15:55:00,066 - INFO - Fetching product page: https://www.hippostores.com/archis-cabinet-handleah-749-k-sn-model-ah-749-k-sn/product/6000011656
2024-07-30 15:55:04,748 - INFO - Fetching product page: https://www.hippostores.com/archis-cabinet-handleah-749-128-sn-model-ah-749-128-sn/product/6000011658
2024-07-30 15:55:09,599 - INFO - Fetching product page: https://www.hippostores.com/archis-cabinet-handle-ah-743-192-gr-model-ah-743-192-gr/product/6000011236
2024-07-30 15:55:14,578 - INFO - Fetching product page: https://www.hippostores.com/archis-cabinet-handle-ah-743-128-gr-model-ah-743-128-gr/product/6000011234
2024-07-30 15:55:20,480 - INFO - Fetching product page: https://www.hippostores.com/archis-cabinet-handleah-750-k-ab-model-ah-750-k-ab/product/6000011660
2024-07-30 15:55:25,386 - INFO - Fetching product page: https://www.hippostores.com/fgv-aero-lift-120-n-pc-model-595k10061203000/product/6000015732
2024-07-30 15:55:30,284 - INFO - Fetching product page: https://www.hippostores.com/fgv-aero-lift-100n-pc-model-595k10061003000/product/6000015731
2024-07-30 15:55:35,585 - INFO - Fetching product page: https://www.hippostores.com/fgv-concealed-mounting-drawer-channel-with-easy-fix-one-touch-open-400-mm-p2o-model-54n665h740p0000/product/6000015736
2024-07-30 15:55:41,137 - INFO - Fetching product page: https://www.hippostores.com/fgv-integrated-soft-close-2d-hinge-crank-0-pair-model-51bsh5051005000/product/6000013566
2024-07-30 15:55:45,824 - INFO - Fetching product page: https://www.hippostores.com/fgv-slow-motion-ball-bearing-telescopic-drawer-channel-soft-close-350-mm-model-5451450s35x00/product/6000013561
2024-07-30 15:55:50,399 - INFO - Fetching product page: https://www.hippostores.com/fgv-pie-hinge-set-with-mp-model-51phfcc90b50000/product/6000013582
2024-07-30 15:55:55,447 - INFO - Fetching product page: https://www.hippostores.com/fgv-integrated-soft-close-2d-hinge-crank-15-pair-model-51bsh5051515000/product/6000013568
2024-07-30 15:56:00,317 - INFO - Fetching product page: https://www.hippostores.com/archis-cabinet-handle-ah-744-k-sn-model-ah-744-k-sn/product/6000016006
2024-07-30 15:56:06,121 - INFO - Fetching product page: https://www.hippostores.com/fgv-concealed-mounting-drawer-channel-with-easy-fix-one-touch-open-500-mm-p2o-model-54n665h750p0000/product/6000015738
2024-07-30 15:56:11,239 - INFO - Fetching product page: https://www.hippostores.com/archis-cabinet-handle-ah-744-320-sn-model-ah-744-320-sn/product/6000016011
2024-07-30 15:56:16,070 - INFO - Fetching product page: https://www.hippostores.com/archis-cabinet-handle-ah-744-096-sn-model-ah-744-096-sn/product/6000016007
2024-07-30 15:56:16,214 - INFO - Page 108 processed successfully
2024-07-30 15:56:16,214 - INFO - Fetching URL: https://www.hippostores.com/k-/productlist?sort=relevance&page=109
2024-07-30 15:56:27,338 - INFO - Fetching product page: https://www.hippostores.com/fgv-blind-hinge-with-mp-model-51bhfcc90b50000/product/6000013584
2024-07-30 15:56:32,011 - INFO - Fetching product page: https://www.hippostores.com/fgv-integrated-soft-close-2d-hinge-crank-8-pair-model-51bsh5058005-51bsh52508b52d0/product/6000013567
2024-07-30 15:56:36,823 - INFO - Fetching product page: https://www.hippostores.com/fgv-slow-motion-ball-bearing-telescopic-drawer-channel-soft-close-500-mm-model-5451450s50x00/product/6000013564
2024-07-30 15:56:41,447 - INFO - Fetching product page: https://www.hippostores.com/fgv-wide-angle-hinge-set-with-mp-model-51wahfcc90b5000/product/6000013583
2024-07-30 15:56:46,803 - INFO - Fetching product page: https://www.hippostores.com/archis-cabinet-handle-ah-744-128-sn-model-ah-744-128-sn/product/6000016008
2024-07-30 15:56:51,579 - INFO - Fetching product page: https://www.hippostores.com/archis-cabinet-handle-ah-763-150-bb-gp-model-ah-763-150-bb-gp/product/6000017533
2024-07-30 15:56:56,302 - INFO - Fetching product page: https://www.hippostores.com/archis-cabinet-handle-ah-763-300-bb-gp-model-ah-763-300-bb-gp/product/6000017535
2024-07-30 15:57:01,059 - INFO - Fetching product page: https://www.hippostores.com/archis-cabinet-handle-ah-765-k-mab-model-ah-765-k-mab/product/6000017540
2024-07-30 15:57:06,159 - INFO - Fetching product page: https://www.hippostores.com/archis-cabinet-handle-ah-765-096-mab-model-ah-765-096-mab/product/6000017541
2024-07-30 15:57:12,884 - INFO - Fetching product page: https://www.hippostores.com/archis-cabinet-handle-ah-765-128-mab-model-ah-765-128-mab/product/6000017542
2024-07-30 15:57:18,185 - INFO - Fetching product page: https://www.hippostores.com/archis-cabinet-handle-ah-766-k-rgp-model-ah-766-k-rgp/product/6000017545
2024-07-30 15:57:23,224 - INFO - Fetching product page: https://www.hippostores.com/archis-cabinet-handle-ah-766-096-rgp-model-ah-766-096-rgp/product/6000017546
2024-07-30 15:57:27,853 - INFO - Fetching product page: https://www.hippostores.com/archis-cabinet-handle-ah-765-320-mab-model-ah-765-320-mab/product/6000017544
2024-07-30 15:57:32,129 - INFO - Fetching product page: https://www.hippostores.com/archis-lever-handle-on-rose-rd-211-ab-model-rd-211-ab/product/6000017391
2024-07-30 15:57:36,888 - INFO - Fetching product page: https://www.hippostores.com/archis-lever-handle-on-rose-rd-211-sn-model-rd-211-sn/product/6000017390
2024-07-30 15:57:41,617 - INFO - Fetching product page: https://www.hippostores.com/archis-lever-handle-on-rose-rd-211-g-pvd-model-rd-211-g-pvd/product/6000017396
2024-07-30 15:57:46,611 - INFO - Fetching product page: https://www.hippostores.com/archis-lever-handle-on-rose-rd-211-mb-model-rd-211-mb/product/6000017394
2024-07-30 15:57:50,888 - INFO - Fetching product page: https://www.hippostores.com/archis-lever-handle-on-rose-rd-211-rg-pvd-model-rd-211-rg-pvd/product/6000017397
2024-07-30 15:57:55,469 - INFO - Fetching product page: https://www.hippostores.com/archis-lever-handle-on-rose-rd-212-mb-gp-model-rd-212-mb-gp/product/6000017401
2024-07-30 15:58:00,093 - INFO - Fetching product page: https://www.hippostores.com/archis-lever-handle-on-rose-rd-212-mb-rg-model-rd-212-mb-rg/product/6000017402
2024-07-30 15:58:00,238 - INFO - Page 109 processed successfully
2024-07-30 15:58:00,238 - INFO - Fetching URL: https://www.hippostores.com/k-/productlist?sort=relevance&page=110
2024-07-30 15:58:08,729 - INFO - Fetching product page: https://www.hippostores.com/archis-lever-handle-sps-53-ab-60-kxl-dk-s-model-sps-53-ab-60-kxl-dk-s/product/6000017472
2024-07-30 15:58:13,958 - INFO - Fetching product page: https://www.hippostores.com/archis-cabinet-handle-ah-761-110-mb-gp-model-ah-761-110-mb-gp/product/6000017516
2024-07-30 15:58:18,167 - INFO - Fetching product page: https://www.hippostores.com/atom-tb-002-18-inch-xylo-atom-ss-model-tb-002-18-ss/product/6000017014
2024-07-30 15:58:24,632 - INFO - Fetching product page: https://www.hippostores.com/atom-tb-002-10-inch-xylo-atom-ss-model-tb-002-10-ss/product/6000017012
2024-07-30 15:58:29,143 - INFO - Fetching product page: https://www.hippostores.com/atom-tb-002-24-inch-xylo-atom-ss-model-tb-002-24-ss/product/6000017015
2024-07-30 15:58:34,504 - INFO - Fetching product page: https://www.hippostores.com/atom-pull-handle-ph-olive-black-gold-18-model-ph-olive-black-gold-18/product/6000016966
2024-07-30 15:58:39,330 - INFO - Fetching product page: https://www.hippostores.com/atom-tb-002-10-inch-xylo-atom-antique-model-tb-002-10-antique/product/6000017019
2024-07-30 15:58:43,987 - INFO - Fetching product page: https://www.hippostores.com/atom-tb-002-24-inch-xylo-atom-antique-model-tb-002-24-antique/product/6000017022
2024-07-30 15:58:49,011 - INFO - Fetching product page: https://www.hippostores.com/atom-tb-002-18-inch-xylo-atom-antique-model-tb-002-18-antique/product/6000017021
2024-07-30 15:58:53,500 - INFO - Fetching product page: https://www.hippostores.com/archis-cabinet-handle-ah-762-110-cb-rg-model-ah-762-110-cb-rg/product/6000017524
2024-07-30 15:58:58,330 - INFO - Fetching product page: https://www.hippostores.com/archis-cabinet-handle-ah-761-1200-mb-gp-model-ah-761-1200-mb-gp/product/6000017523
2024-07-30 15:59:02,875 - INFO - Fetching product page: https://www.hippostores.com/archis-cabinet-handle-ah-762-150-cb-rg-model-ah-762-150-cb-rg/product/6000017525
2024-07-30 15:59:08,050 - INFO - Fetching product page: https://www.hippostores.com/archis-cabinet-handle-ah-762-200-cb-rg-model-ah-762-200-cb-rg/product/6000017526
2024-07-30 15:59:13,017 - INFO - Fetching product page: https://www.hippostores.com/archis-cabinet-handle-ah-762-300-cb-rg-model-ah-762-300-cb-rg/product/6000017527
2024-07-30 15:59:17,682 - INFO - Fetching product page: https://www.hippostores.com/archis-lever-handle-on-rose-rd-210-g-pvd-model-rd-210-g-pvd/product/6000017388
2024-07-30 15:59:23,057 - INFO - Fetching product page: https://www.hippostores.com/archis-cabinet-handle-ah-762-900-cb-rg-model-ah-762-900-cb-rg/product/6000017530
2024-07-30 15:59:29,087 - INFO - Fetching product page: https://www.hippostores.com/atom-pull-handle-ph-olive-black-gold-24-model-ph-olive-black-gold-24/product/6000016967
2024-07-30 15:59:35,701 - INFO - Fetching product page: https://www.hippostores.com/archis-cabinet-handle-ah-763-110-bb-gp-model-ah-763-110-bb-gp/product/6000017532
2024-07-30 15:59:40,094 - INFO - Fetching product page: https://www.hippostores.com/elica-classic-flexi-hob-ab-mfc-4b-75-mt-model-3086/product/6000003805
2024-07-30 15:59:44,617 - INFO - Fetching product page: https://www.hippostores.com/cera-s2020152-colmin-model-s2020152/product/2000000717
2024-07-30 15:59:44,760 - INFO - Page 110 processed successfully
2024-07-30 15:59:44,760 - INFO - Fetching URL: https://www.hippostores.com/k-/productlist?sort=relevance&page=111
2024-07-30 15:59:53,956 - INFO - Fetching product page: https://www.hippostores.com/norisys-metal-grey-glass-plate-9x3-8module-model-ncg308-09/product/1000002901
2024-07-30 15:59:58,655 - INFO - Fetching product page: https://www.hippostores.com/jaquar-alive-maze-hand-shower-68x100mm-round-ed-hsh-chr-85537-model-hsh-chr-85537/product/2000001708
2024-07-30 16:00:03,307 - INFO - Fetching product page: https://www.hippostores.com/norisys-cube-usb-charger-2-1a-matt-cube-model-nc5736-02/product/1000001007
2024-07-30 16:00:07,619 - INFO - Fetching product page: https://www.hippostores.com/norisys-metal-grey-glass-plate-8x3-6module-model-ncg306-09/product/1000002900
2024-07-30 16:00:12,145 - INFO - Fetching product page: https://www.hippostores.com/norisys-metal-grey-glass-plate-5x3-4module-model-ncg304-09/product/1000002899
2024-07-30 16:00:16,549 - INFO - Fetching product page: https://www.hippostores.com/norisys-fan-regulator-1module-model-nc5904-02/product/1000002855
2024-07-30 16:00:21,109 - INFO - Fetching product page: https://www.hippostores.com/norisys-80-watt-fan-regulator-bar-knob-2module-model-nc5900-02/product/1000002847
2024-07-30 16:00:25,370 - INFO - Fetching product page: https://www.hippostores.com/norisys-metal-grey-glass-plate-3x3-2module-model-ncg302-09/product/1000002897
2024-07-30 16:00:29,873 - INFO - Fetching product page: https://www.hippostores.com/jaquar-wall-outlet-with-shower-hook-in-square-s-sha-chr-566s-model-sha-chr-566s/product/2000003882
2024-07-30 16:00:34,084 - INFO - Fetching product page: https://www.hippostores.com/jaquar-faucet-spare-toilet-roll-holder-stainless-stee-akp-chr-35755ps-model-akp-chr-35755ps/product/2000003985
2024-07-30 16:00:39,520 - INFO - Fetching product page: https://www.hippostores.com/wipro-smart-strip-40w-rgb-cct-model-ds44000/product/1000003265
2024-07-30 16:00:45,804 - INFO - Fetching product page: https://www.hippostores.com/jaquar-wall-hung-wc-with-pp-soft-close-seat-cov-cns-wht-961spp-model-cns-wht-961spp/product/2000003910
2024-07-30 16:00:51,020 - INFO - Fetching product page: https://www.hippostores.com/dorset-mortise-lock-body-ml100hg-model-ml100hg/product/6000003635
2024-07-30 16:00:56,128 - INFO - Fetching product page: https://www.hippostores.com/atom-lock-size-65mm-double-stage-locking-size-200mm-8-805k-y-stainlestainless-steel-steell-2-lever-handles-model-805k-y-s-sl-2/product/6000000861
2024-07-30 16:01:01,057 - INFO - Fetching product page: https://www.hippostores.com/kohler-brive-plus-quiet-close-toilet-seat-and-cover-white-glossy-model-13946in-2-0/product/2000002579
2024-07-30 16:01:05,364 - INFO - Fetching product page: https://www.hippostores.com/zerob-auto-softener-3/product/2000001870
2024-07-30 16:01:16,605 - INFO - Fetching product page: https://www.hippostores.com/post-laminated-plywood-shutter-with-mica-lumber-light-dl5003-model-pl-dl5003/product/6000009276
2024-07-30 16:01:21,061 - INFO - Fetching product page: https://www.hippostores.com/post-laminated-plywood-shutter-with-mica-uber-teak-dl5006-model-pl-dl5006/product/6000009279
2024-07-30 16:01:25,699 - INFO - Fetching product page: https://www.hippostores.com/post-laminated-plywood-shutter-with-mica-rustic-oak-dl5005-model-pl-dl5005/product/6000009278
2024-07-30 16:01:30,411 - INFO - Fetching product page: https://www.hippostores.com/post-laminated-plywood-shutter-with-mica-teak-streak-dl5010-model-pl-dl5010/product/6000009283
2024-07-30 16:01:30,572 - INFO - Page 111 processed successfully
2024-07-30 16:01:30,572 - INFO - Fetching URL: https://www.hippostores.com/k-/productlist?sort=relevance&page=112
2024-07-30 16:01:38,679 - INFO - Fetching product page: https://www.hippostores.com/post-laminated-plywood-shutter-with-mica-wonder-white-hg-dl5018-model-pl-dl5018/product/6000009291
2024-07-30 16:01:43,833 - INFO - Fetching product page: https://www.hippostores.com/post-laminated-plywood-shutter-with-mica-happy-yellow-dl5022-model-pl-dl5022/product/6000009295
2024-07-30 16:01:48,986 - INFO - Fetching product page: https://www.hippostores.com/post-laminated-plywood-shutter-with-mica-subtle-slate-dl5027-model-pl-dl5027/product/6000009300
2024-07-30 16:01:54,740 - INFO - Fetching product page: https://www.hippostores.com/acrylic-shutter-on-mdf-ultra-white-da-101-model-acrylic-da-101/product/6000009303
2024-07-30 16:01:59,233 - INFO - Fetching product page: https://www.hippostores.com/acrylic-shutter-on-mdf-turquoise-da-322-model-acrylic-da-322/product/6000009315
2024-07-30 16:02:03,307 - INFO - Fetching product page: https://www.hippostores.com/acrylic-shutter-on-mdf-white-sparkle-da-304-model-acrylic-da-304/product/6000009313
2024-07-30 16:02:08,013 - INFO - Fetching product page: https://www.hippostores.com/acrylic-shutter-on-mdf-ivory-da-103-model-acrylic-da-103/product/6000009304
2024-07-30 16:02:10,986 - INFO - Fetching product page: https://www.hippostores.com/acrylic-shutter-on-mdf-stone-grey-da-210-model-acrylic-da-210/product/6000009307
2024-07-30 16:02:15,229 - INFO - Fetching product page: https://www.hippostores.com/post-laminated-plywood-shutter-with-mica-marine-blue-dl5026-model-pl-dl5026/product/6000009299
2024-07-30 16:02:20,012 - INFO - Fetching product page: https://www.hippostores.com/acrylic-shutter-on-mdf-capuccino-da-207-model-acrylic-da-207/product/6000009306
2024-07-30 16:02:24,446 - INFO - Fetching product page: https://www.hippostores.com/hindware-ks-marino-neo-36x19x9-ss-sink-model-518724/product/6000012389
2024-07-30 16:02:28,823 - INFO - Fetching product page: https://www.hippostores.com/elica-flexi-dfs-fb-4b-70-tx/product/6000013521
2024-07-30 16:02:33,083 - INFO - Fetching product page: https://www.hippostores.com/acrylic-shutter-on-mdf-silky-matt-beige-met-da-627-model-acrylic-da-627/product/6000009329
2024-07-30 16:02:37,164 - INFO - Fetching product page: https://www.hippostores.com/acrylic-shutter-on-mdf-powder-blue-da-331-model-acrylic-da-331/product/6000009318
2024-07-30 16:02:41,669 - INFO - Fetching product page: https://www.hippostores.com/acrylic-shutter-on-mdf-coral-green-da-332-model-acrylic-da-332/product/6000009319
2024-07-30 16:02:46,537 - INFO - Fetching product page: https://www.hippostores.com/dorset-digital-lock-dg-101-mgm-4-in-1-access-bio-pin-card-key-dg-101-mgm-model-dg-101-mgm/product/6000010879
2024-07-30 16:02:51,735 - INFO - Fetching product page: https://www.hippostores.com/crabtree-5-step-fan-regulator-high-speed-2-module-athena-model-acarfhw005/product/1000001616
2024-07-30 16:02:56,049 - INFO - Fetching product page: https://www.hippostores.com/faber-fbi-mwo-20-sg-bk-model-131-0654-030/product/6000015393
2024-07-30 16:03:01,605 - INFO - Fetching product page: https://www.hippostores.com/atom-cabinet-handle-curve-pvd-rose-gold-10/product/6000018031
2024-07-30 16:03:09,371 - INFO - Fetching product page: https://www.hippostores.com/atom-cabinet-handle-twist-pvd-rose-gold-6/product/6000018027
2024-07-30 16:03:09,466 - INFO - Page 112 processed successfully
2024-07-30 16:03:09,466 - INFO - Fetching URL: https://www.hippostores.com/k-/productlist?sort=relevance&page=113
2024-07-30 16:03:17,912 - INFO - Fetching product page: https://www.hippostores.com/atom-cabinet-handle-curve-pvd-rose-gold-8/product/6000018030
2024-07-30 16:03:22,382 - INFO - Fetching product page: https://www.hippostores.com/atom-cabinet-handle-curve-pvd-rose-gold-4/product/6000018029
2024-07-30 16:03:26,548 - INFO - Fetching product page: https://www.hippostores.com/dorset-morphos-handle-on-rose-pt-lever-handles-model-mororpt/product/6000003583
2024-07-30 16:03:30,883 - INFO - Fetching product page: https://www.hippostores.com/dorset-morphos-handle-on-rose-tm-lever-handles-model-morortm/product/6000003585
2024-07-30 16:03:35,099 - INFO - Fetching product page: https://www.hippostores.com/dorset-flo-handle-on-rose-gmhg-lever-handles-model-fllorgmhg/product/6000003623
2024-07-30 16:03:39,543 - INFO - Fetching product page: https://www.hippostores.com/cera-cutina-wall-hung-with-duroplast-seat-cover-s1044141sn-model-s1044141sn/product/2000004860
2024-07-30 16:03:43,698 - INFO - Fetching product page: https://www.hippostores.com/atom-lock-size-65mm-double-stage-locking-size-200mm-8-805-k-y-b-s-lever-handles-model-805-k-y-b-s/product/6000000859
2024-07-30 16:03:48,197 - INFO - Fetching product page: https://www.hippostores.com/dorset-celisa-handle-on-rose-fe-lever-handles-model-clsorfe/product/6000003621
2024-07-30 16:03:52,359 - INFO - Fetching product page: https://www.hippostores.com/atom-lock-size-65mm-double-stage-locking-size-200mm-8-803k-y-stainlestainless-steel-steell-2-lever-handles-model-803k-y-s-sl-2/product/6000000855
2024-07-30 16:03:56,979 - INFO - Fetching product page: https://www.hippostores.com/atom-lock-size-65mm-double-stage-locking-size-200mm-8-wih803b-a-lever-handles-model-wih803b-a/product/6000000854
2024-07-30 16:04:01,137 - INFO - Fetching product page: https://www.hippostores.com/kohler-escale-ss-quiet-close-slim-seat-uf-model-20192in-ss-0/product/2000004934
2024-07-30 16:04:05,316 - INFO - Fetching product page: https://www.hippostores.com/dorset-infinito-handle-on-rose-gmhg-lever-handles-model-inforgmhg/product/6000003626
2024-07-30 16:04:09,477 - INFO - Fetching product page: https://www.hippostores.com/dorset-phantom-main-door-trio-lock-dead-bolt-with-key-knob-nickel-silver-night-latch-model-pha303ns/product/6000001001
2024-07-30 16:04:14,007 - INFO - Fetching product page: https://www.hippostores.com/atom-lock-size-65mm-double-stage-locking-size-200mm-8-805-k-y-b-a-lever-handles-model-805-k-y-b-a/product/6000000860
2024-07-30 16:04:18,730 - INFO - Fetching product page: https://www.hippostores.com/wipro-garnet-ip65-6-5w-60led-strip-50m-blue-model-dl12880/product/1000005161
2024-07-30 16:04:24,302 - INFO - Fetching product page: https://www.hippostores.com/wipro-garnet-9w-wave-spot-natural-white-model-dg50940/product/1000005148
2024-07-30 16:04:28,554 - INFO - Fetching product page: https://www.hippostores.com/polycab-frlf-optima-1-5sqmm-90mtr-blue-model-ldis09cyuayf001c1-5sb059s-047/product/1000003999
2024-07-30 16:04:32,888 - INFO - Fetching product page: https://www.hippostores.com/panasonic-led-panel-light-al-round-15w-cool-day-light-model-ppam11156-ppam11157/product/1000004586
2024-07-30 16:04:37,300 - INFO - Fetching product page: https://www.hippostores.com/tekson-200-x-3-2-mm-100pcs-nylon-cable-tie/product/1000004303
2024-07-30 16:04:41,488 - INFO - Fetching product page: https://www.hippostores.com/faber-hob-maxus-ht604-crs-br-ci-ai-model-106-0603-550/product/6000015532
2024-07-30 16:04:41,582 - INFO - Page 113 processed successfully
2024-07-30 16:04:41,582 - INFO - Fetching URL: https://www.hippostores.com/k-/productlist?sort=relevance&page=114
2024-07-30 16:04:50,081 - INFO - Fetching product page: https://www.hippostores.com/panasonic-led-panel-light-pc-round-6w-4000k-model-ppam22064/product/1000004061
2024-07-30 16:04:54,400 - INFO - Fetching product page: https://www.hippostores.com/dorset-phantom-maindoor-night-latch-with-key-knob-nickel-silver-night-latch-model-pha101ns/product/6000000999
2024-07-30 16:04:58,743 - INFO - Fetching product page: https://www.hippostores.com/atom-lock-size-65mm-double-stage-locking-size-200mm-8-803-k-y-b-s-lever-handles-model-803-k-y-b-s/product/6000000853
2024-07-30 16:05:03,098 - INFO - Fetching product page: https://www.hippostores.com/tekson-8m-h-9x3-18g-gi-white-metal-box/product/1000005304
2024-07-30 16:05:07,596 - INFO - Fetching product page: https://www.hippostores.com/wipro-garnet-alpha-12w-rd-led-panel-cool-day-light-model-dj21265/product/1000005175
2024-07-30 16:05:12,067 - INFO - Fetching product page: https://www.hippostores.com/tekson-fan-sheet-7-inch-pop/product/1000005310
2024-07-30 16:05:16,534 - INFO - Fetching product page: https://www.hippostores.com/norisys-cube-6a-socket-indian-2m-quartz-grey-matt-cube-model-nc5212-02/product/1000001001
2024-07-30 16:05:20,835 - INFO - Fetching product page: https://www.hippostores.com/norisys-cube-13a-international-socket-2m-glossy-cube-model-nc5532-01/product/1000000972
2024-07-30 16:05:25,550 - INFO - Fetching product page: https://www.hippostores.com/anchor-6-16a-twin-socket-2-module-penta-modular-model-65205/product/1000000549
2024-07-30 16:05:29,797 - INFO - Fetching product page: https://www.hippostores.com/anchor-3-module-plate-penta-modular-model-65903/product/1000000546
2024-07-30 16:05:35,021 - INFO - Fetching product page: https://www.hippostores.com/havells-life-line-sc-fr-6-0-sq-mm-fx-blue-90-meter-52a-wire-model-whffdnba16x0/product/1000000929
2024-07-30 16:05:39,420 - INFO - Fetching product page: https://www.hippostores.com/wipro-garnet-bulkhead-fixture-2700k-10w-model-da11027/product/1000001131
2024-07-30 16:05:43,295 - INFO - Fetching product page: https://www.hippostores.com/anchor-2-module-plate-penta-modular-model-65902/product/1000000545
2024-07-30 16:05:47,671 - INFO - Fetching product page: https://www.hippostores.com/kei-fr-6-00-sq-mm-90-mtr-wire-black-model-1c6f90-black/product/1000000230
2024-07-30 16:05:52,164 - INFO - Fetching product page: https://www.hippostores.com/kei-fr-1-0-sq-mm-90-meter-wire-black-model-1c1f90-black/product/1000000226
2024-07-30 16:05:56,764 - INFO - Fetching product page: https://www.hippostores.com/anchor-100w-dura-step-regulator-2module-model-65302/product/1000000540
2024-07-30 16:06:01,314 - INFO - Fetching product page: https://www.hippostores.com/anchor-1-module-plate-white-penta-modular-model-65901/product/1000000539
2024-07-30 16:06:05,889 - INFO - Fetching product page: https://www.hippostores.com/panasonic-led-rimless-surface-panel-light-square-18w-6500k-refresh-model-ppam17187r1/product/1000004104
2024-07-30 16:06:10,382 - INFO - Fetching product page: https://www.hippostores.com/dorset-cylinder-lock-one-side-key-one-side-knob-70mm-hg-model-cl107hg/product/6000003640
2024-07-30 16:06:15,019 - INFO - Fetching product page: https://www.hippostores.com/tekson-t-cover-4-inch-pop/product/1000005311
2024-07-30 16:06:15,185 - INFO - Page 114 processed successfully
2024-07-30 16:06:15,185 - INFO - Fetching URL: https://www.hippostores.com/k-/productlist?sort=relevance&page=115
2024-07-30 16:06:23,470 - INFO - Fetching product page: https://www.hippostores.com/philips-full-glow-round-rimless-surface-12w-warm-white-model-929003093501-929003637801/product/1000005258
2024-07-30 16:06:27,937 - INFO - Fetching product page: https://www.hippostores.com/tekson-25mm-gi-junction-box/product/1000004292
2024-07-30 16:06:32,370 - INFO - Fetching product page: https://www.hippostores.com/dorset-zara-mortise-lockset-with-60-mm-cylinder-key-knob-10-sc-finish-model-mlzaasc/product/6000011594
2024-07-30 16:06:36,940 - INFO - Fetching product page: https://www.hippostores.com/dorset-tero-pull-handle-w-o-rose-model-psn-finish-pair-12-model-tro12psn/product/6000011704
2024-07-30 16:06:41,716 - INFO - Fetching product page: https://www.hippostores.com/dorset-dash-handle-on-plate-cy-10-ss-ml110-cl201e-model-mldasasc/product/6000007054
2024-07-30 16:06:47,628 - INFO - Fetching product page: https://www.hippostores.com/archis-lever-handle-on-rose-rd-210-ab-model-rd-210-ab/product/6000017383
2024-07-30 16:06:51,881 - INFO - Fetching product page: https://www.hippostores.com/archis-45mm-backset-economic-lockbody-ab-finish-model-alb-4585-y-ab/product/6000011290
2024-07-30 16:06:56,625 - INFO - Fetching product page: https://www.hippostores.com/bosch-gdc-120-blue-matt-model-0-601-393-0f1/product/6000000535
2024-07-30 16:07:01,128 - INFO - Fetching product page: https://www.hippostores.com/hindware-ka-hob-ivana-4b-78-cm-model-523888/product/6000017128
2024-07-30 16:07:05,460 - INFO - Fetching product page: https://www.hippostores.com/archis-cabinet-handle-ah-763-200-bb-gp-model-ah-763-200-bb-gp/product/6000017534
2024-07-30 16:07:10,051 - INFO - Fetching product page: https://www.hippostores.com/wipro-garnet-wave-6w-led-square-slim-panel-4000k-model-d720640-dh20640/product/1000001154
2024-07-30 16:07:14,310 - INFO - Fetching product page: https://www.hippostores.com/hindware-ka-cookerhood-celesia-blk-60-in-model-521458/product/6000011790
2024-07-30 16:07:19,065 - INFO - Fetching product page: https://www.hippostores.com/archis-cabinet-handle-ah-575-160-ab-model-ah-575-160-ab/product/6000011119
2024-07-30 16:07:23,256 - INFO - Fetching product page: https://www.hippostores.com/archis-cabinet-handle-ah-761-300-mb-gp-model-ah-761-300-mb-gp/product/6000017519
2024-07-30 16:07:27,833 - INFO - Fetching product page: https://www.hippostores.com/inox-dish-rack-600mm-ss-model-f2-01-101/product/6000003181
2024-07-30 16:07:32,118 - INFO - Fetching product page: https://www.hippostores.com/kei-fr-1-5-sq-mm-180-meter-wire-blue-model-1c1-5f180-blue/product/1000000255
2024-07-30 16:07:36,950 - INFO - Fetching product page: https://www.hippostores.com/kei-fr-0-75-sq-mm-180-meter-wire-green-model-1c0-75f180-green/product/1000000264
2024-07-30 16:07:41,901 - INFO - Fetching product page: https://www.hippostores.com/kei-fr-1-0-sq-mm-180-meter-wire-green-model-1c1f180-green/product/1000000265
2024-07-30 16:07:46,639 - INFO - Fetching product page: https://www.hippostores.com/kei-fr-4-0-sq-mm-180-meter-wire-yellow-model-1c4f180-yellow/product/1000000246
2024-07-30 16:07:50,994 - INFO - Fetching product page: https://www.hippostores.com/kei-fr-6-00-sq-mm-180-mtr-wire-red-model-1c6f180-red/product/1000000208
2024-07-30 16:07:51,096 - INFO - Page 115 processed successfully
2024-07-30 16:07:51,096 - INFO - Fetching URL: https://www.hippostores.com/k-/productlist?sort=relevance&page=116
2024-07-30 16:08:01,424 - INFO - Fetching product page: https://www.hippostores.com/kei-fr-10-00-sq-mm-100-mtr-wire-red-model-1c10yf-red/product/1000000209
2024-07-30 16:08:05,988 - INFO - Fetching product page: https://www.hippostores.com/kei-fr-1-5-sq-mm-180-meter-wire-black-model-1c1-5f180-black/product/1000000232
2024-07-30 16:08:10,575 - INFO - Fetching product page: https://www.hippostores.com/kei-fr-4-0-sq-mm-180-meter-wire-red-model-1c4f180-red/product/1000000207
2024-07-30 16:08:14,802 - INFO - Fetching product page: https://www.hippostores.com/kei-fr-2-50-sq-mm-180-mtr-wire-black-model-1c2-5f180-black/product/1000000233
2024-07-30 16:08:19,067 - INFO - Fetching product page: https://www.hippostores.com/kei-fr-6-00-sq-mm-180-mtr-wire-black-model-1c6f180-black/product/1000000235
2024-07-30 16:08:23,486 - INFO - Fetching product page: https://www.hippostores.com/kei-fr-4-0-sq-mm-180-meter-wire-black-model-1c4f180-black/product/1000000234
2024-07-30 16:08:27,821 - INFO - Fetching product page: https://www.hippostores.com/kei-fr-1-00-sq-mm-180-mtr-wire-yellow-model-1c1f180-yellow/product/1000000243
2024-07-30 16:08:32,578 - INFO - Fetching product page: https://www.hippostores.com/jaquar-faucet-single-lever-3-inlet-exposed-parts-kit-c-ali-chr-85193k-model-ali-chr-85193k-ali-chr-85193nk/product/2000004145
2024-07-30 16:08:37,216 - INFO - Fetching product page: https://www.hippostores.com/archis-cabinet-handle-ah-604-288-cp-model-ah-604-288-cp/product/6000011153
2024-07-30 16:08:41,690 - INFO - Fetching product page: https://www.hippostores.com/archis-cabinet-handle-ah-734-096-sn-model-ah-734-096-sn/product/6000011198
2024-07-30 16:08:45,812 - INFO - Fetching product page: https://www.hippostores.com/kei-fr-1-0-sq-mm-180-meter-wire-white-model-1c1f180-white/product/1000000266
2024-07-30 16:08:50,208 - INFO - Fetching product page: https://www.hippostores.com/kei-fr-1-5-sq-mm-180-meter-wire-green-model-1c1-5f180-green/product/1000000267
2024-07-30 16:08:54,920 - INFO - Fetching product page: https://www.hippostores.com/kei-fr-4-00-sq-mm-180-mtr-wire-blue/product/1000002497
2024-07-30 16:08:59,390 - INFO - Fetching product page: https://www.hippostores.com/kei-fr-4-00-sq-mm-180-mtr-wire-green/product/1000002496
2024-07-30 16:09:03,749 - INFO - Fetching product page: https://www.hippostores.com/kei-fr-1-5-sq-mm-180-meter-wire-white-model-1c1-5f180-white/product/1000000268
2024-07-30 16:09:08,141 - INFO - Fetching product page: https://www.hippostores.com/archis-cabinet-knob-ah-711-040-cp-model-ah-711-040-cp/product/6000011176
2024-07-30 16:09:14,709 - INFO - Fetching product page: https://www.hippostores.com/archis-cabinet-knob-ah-712-040-bsn-model-ah-712-040-bsn/product/6000011178
2024-07-30 16:09:19,135 - INFO - Fetching product page: https://www.hippostores.com/hafele-wrd-lock-for-30mm-thick-door-ss-model-223-64-013/product/6000001992
2024-07-30 16:09:23,248 - INFO - Fetching product page: https://www.hippostores.com/archis-cabinet-handle-ah-557-160-bsn-model-ah-557-160-bsn/product/6000011109
2024-07-30 16:09:28,342 - INFO - Fetching product page: https://www.hippostores.com/archis-cabinet-handle-ah-739-160-ab-model-ah-739-160-ab/product/6000011217
2024-07-30 16:09:28,482 - INFO - Page 116 processed successfully
2024-07-30 16:09:28,483 - INFO - Fetching URL: https://www.hippostores.com/k-/productlist?sort=relevance&page=117
2024-07-30 16:09:36,878 - INFO - Fetching product page: https://www.hippostores.com/archis-cabinet-handle-ah-575-288-ab-model-ah-575-288-ab/product/6000011121
2024-07-30 16:09:41,295 - INFO - Fetching product page: https://www.hippostores.com/archis-cabinet-handle-ah-593-576-ab-model-ah-593-576-ab/product/6000011145
2024-07-30 16:09:46,392 - INFO - Fetching product page: https://www.hippostores.com/archis-cabinet-handle-ah-734-224-sn-model-ah-734-224-sn/product/6000011200
2024-07-30 16:09:51,303 - INFO - Fetching product page: https://www.hippostores.com/archis-cabinet-handle-ah-593-096-ab-model-ah-593-096-ab/product/6000011142
2024-07-30 16:09:55,873 - INFO - Fetching product page: https://www.hippostores.com/atom-cabinet-handle-femin-pvd-rose-gold-10/product/6000018024
2024-07-30 16:10:00,537 - INFO - Fetching product page: https://www.hippostores.com/jaquar-overhead-shower-250mm-dia-round-shape-si-ohs-chr-1765-model-ohs-chr-1765/product/2000001732
2024-07-30 16:10:05,880 - INFO - Fetching product page: https://www.hippostores.com/panasonic-led-panel-light-pc-round-6w-6500k-model-ppam22067/product/1000004062
2024-07-30 16:10:10,725 - INFO - Fetching product page: https://www.hippostores.com/atom-t-knob-brass-golden-model-t-knob-brass-golden/product/6000016949
2024-07-30 16:10:17,051 - INFO - Fetching product page: https://www.hippostores.com/havells-led-trim-nxt-panel-15w-rd-normal-white-lhebldpdpvnw015-model-lhebldpdpvnw015/product/1000003517
