2024-07-30 11:37:19,716 - INFO - Processing batch from page 1 to 51
2024-07-30 11:37:19,716 - INFO - Fetching URL: https://www.hippostores.com/k-/productlist?sort=relevance&page=1
2024-07-30 11:37:31,736 - INFO - Fetching product page: https://www.hippostores.com/kohler-note-face-plate-flush-plate-brushed-bronze-75891in-m-bv-model-75891in-m-bv/product/2000000858
2024-07-30 11:37:39,959 - INFO - Fetching product page: https://www.hippostores.com/jaquar-faucet-angular-stop-cock-with-wall-flange-ari-chr-39053-model-ari-chr-39053/product/2000003956
2024-07-30 11:37:50,051 - INFO - Fetching product page: https://www.hippostores.com/kohler-health-faucet-jet-spray-w-sdspray-metal-hose-french-gold-glossy-model-12927in-af/product/2000001526
2024-07-30 11:37:53,819 - INFO - Fetching product page: https://www.hippostores.com/wipro-garnet-led-24v-strip-2700k-white-120-meter-model-d412827-df22827/product/1000001094
2024-07-30 11:37:57,646 - INFO - Fetching product page: https://www.hippostores.com/wipro-garnet-led-24v-strip-4000k-white-120-meter-model-d412840-df22840/product/1000001095
2024-07-30 11:38:04,189 - INFO - Fetching product page: https://www.hippostores.com/wipro-garnet-plus-led-batten-cool-day-light-36w-model-d533665/product/1000001108
2024-07-30 11:38:10,821 - INFO - Fetching product page: https://www.hippostores.com/wipro-garnet-led-flood-light-cool-day-light-100w-model-d910065-1/product/1000001125
2024-07-30 11:38:20,633 - INFO - Fetching product page: https://www.hippostores.com/wipro-garnet-3w-led-step-light-2700k-model-dw10327/product/1000001133
2024-07-30 11:38:27,831 - INFO - Fetching product page: https://www.hippostores.com/anchor-smart-6-amp-modular-angle-lamp-holder-model-39935/product/1000002055
2024-07-30 11:38:40,229 - INFO - Fetching product page: https://www.hippostores.com/anchor-smart-16a-3-pin-plug-top-white-model-38637-39583/product/1000002053
2024-07-30 11:38:46,386 - INFO - Fetching product page: https://www.hippostores.com/anchor-smart-angle-holder-fancy-type-white-model-39673/product/1000002054
2024-07-30 11:38:50,669 - INFO - Fetching product page: https://www.hippostores.com/anchor-smart-penta-door-bell-model-38921/product/1000002047
2024-07-30 11:38:54,730 - INFO - Fetching product page: https://www.hippostores.com/jaypee-plus-tiktok-open-dustbin-model-8904121211555/product/6500000053
2024-07-30 11:38:58,539 - INFO - Fetching product page: https://www.hippostores.com/shagun-kitchen-wiper-silicon-rubber-size-l-23-cm-x-w-24-5-cm-model-sw-87/product/6500000148
2024-07-30 11:39:02,374 - INFO - Fetching product page: https://www.hippostores.com/shagun-pochha-100-cotton-fabric-175g-size-28-x-28-inch-model-s-33/product/6500000141
2024-07-30 11:39:06,282 - INFO - Fetching product page: https://www.hippostores.com/shagun-rope-20-m-plastic-coated-iron-wire-model-s-76/product/6500000144
2024-07-30 11:39:10,056 - INFO - Fetching product page: https://www.hippostores.com/shagun-scrub-pad-pack-of-10-size-15-cm-x-10-cm-x-8mm-model-s-7/product/6500000140
2024-07-30 11:39:13,797 - INFO - Fetching product page: https://www.hippostores.com/vsa-ss-ladder-2-step-model-vsa-135/product/6500000582
2024-07-30 11:39:17,596 - INFO - Fetching product page: https://www.hippostores.com/cello-ss-flip-style-flask-1000-ml-model-8901372157427/product/6500000627
2024-07-30 11:39:21,279 - INFO - Fetching product page: https://www.hippostores.com/cello-ss-flip-style-flask-750-ml-model-8901372157410/product/6500000626
2024-07-30 11:39:21,332 - INFO - Page 1 processed successfully
2024-07-30 11:39:21,332 - INFO - Fetching URL: https://www.hippostores.com/k-/productlist?sort=relevance&page=2
2024-07-30 11:39:28,867 - INFO - Fetching product page: https://www.hippostores.com/kohler-towel-ring-5631in-chrome-plated-model-5631in-cp/product/2000000907
2024-07-30 11:39:32,928 - INFO - Fetching product page: https://www.hippostores.com/jaquar-soap-dish-holder-acn-chr-1131n-model-acn-chr-1131n/product/2000001633
2024-07-30 11:39:37,167 - INFO - Fetching product page: https://www.hippostores.com/jaquar-towel-rack-wit-single-rail-with-hooks-ahs-chr-1581h-model-ahs-chr-1581h/product/2000001643
2024-07-30 11:39:40,950 - INFO - Fetching product page: https://www.hippostores.com/jaquar-soap-dispenser-with-glass-bottle-akp-chr-35735p-model-akp-chr-35735p/product/2000001645
2024-07-30 11:39:45,035 - INFO - Fetching product page: https://www.hippostores.com/shagun-premium-quality-car-duster-extendable-handle-model-s-68/product/6500000143
2024-07-30 11:39:49,306 - INFO - Fetching product page: https://www.hippostores.com/shagun-microfiber-duster-with-plastic-handle-190-g-length-67-cm-model-s-94/product/6500000142
2024-07-30 11:39:53,192 - INFO - Fetching product page: https://www.hippostores.com/shagun-dust-pan-with-brush-size-36-x-23-cm-model-s-78/product/6500000146
2024-07-30 11:39:57,087 - INFO - Fetching product page: https://www.hippostores.com/shagun-premium-quality-dust-pan-size-36-x-23-cm-model-s-77/product/6500000145
2024-07-30 11:40:01,041 - INFO - Fetching product page: https://www.hippostores.com/anchor-smart-16a-dyna-flexi-cord-socket-4-meter-model-3381/product/1000002041
2024-07-30 11:40:04,833 - INFO - Fetching product page: https://www.hippostores.com/kohler-600mm-single-towel-bar-25065in-chrome-plated-model-25065in-cp/product/2000000932
2024-07-30 11:40:08,913 - INFO - Fetching product page: https://www.hippostores.com/jaquar-easy-flex-tube-in-chrome-finish-1-5m-lon-sha-chr-571-model-sha-chr-571/product/2000002800
2024-07-30 11:40:12,831 - INFO - Fetching product page: https://www.hippostores.com/jaquar-flexible-tube-8mm-dia-1-5m-long-with-sha-chr-549d8-model-sha-chr-549d8/product/2000001752
2024-07-30 11:40:16,672 - INFO - Fetching product page: https://www.hippostores.com/jaquar-towel-rack-600mm-long-with-lower-hangers-akp-chr-35781ps-model-akp-chr-35781ps/product/2000004513
2024-07-30 11:40:20,501 - INFO - Fetching product page: https://www.hippostores.com/jaquar-faucet-single-towel-rail-600mm-long-stainless-acn-chr-1111sm-model-acn-chr-1111sm/product/2000003999
2024-07-30 11:40:53,045 - INFO - Fetching product page: https://www.hippostores.com/iris-new-lemon-grass-fragrance-ceramic-vapourizer-with-5ml-oil-and-2-tealights-model-infv0217lg/product/6500000007
2024-07-30 11:40:57,008 - INFO - Fetching product page: https://www.hippostores.com/iris-lavender-ceramic-fragrance-vaporizer-set-model-infv0216la/product/6500000006
2024-07-30 11:41:01,559 - INFO - Fetching product page: https://www.hippostores.com/iris-new-apple-cinnamon-fragrance-ceramic-vapourizer-with-5ml-oil-and-2-tealights-model-infv0218ac/product/6500000008
2024-07-30 11:41:05,352 - INFO - Fetching product page: https://www.hippostores.com/kohler-towel-bar-towel-rod-5630in-chrome-plated-model-5630in-cp/product/2000000903
2024-07-30 11:41:09,347 - INFO - Fetching product page: https://www.hippostores.com/kohler-valve-diverter-1-handle-recessed-w-diverter-882in-af-model-882in-af/product/2000000922
2024-07-30 11:41:13,165 - INFO - Fetching product page: https://www.hippostores.com/kohler-towel-rack-towel-shelf-25066in-chrome-plated-model-25066in-cp/product/2000000935
2024-07-30 11:41:13,221 - INFO - Page 2 processed successfully
2024-07-30 11:41:13,222 - INFO - Fetching URL: https://www.hippostores.com/k-/productlist?sort=relevance&page=3
2024-07-30 11:41:20,433 - INFO - Fetching product page: https://www.hippostores.com/kohler-health-faucet-jet-spray-w-sdspray-metal-hose-polished-chrome-glossy-model-12927in-cp/product/2000001541
2024-07-30 11:41:24,254 - INFO - Fetching product page: https://www.hippostores.com/kohler-handshower-bracket-holder-model-9040in-cp/product/2000002841
2024-07-30 11:41:28,313 - INFO - Fetching product page: https://www.hippostores.com/cera-h-type-1485-shine-finish-exposed-white-glossy-model-b1120101/product/2000002752
2024-07-30 11:41:32,143 - INFO - Fetching product page: https://www.hippostores.com/kohler-lynk-pneumatic-faceplate-cp-75890in-p-cp-model-75890in-p-cp/product/2000003052
2024-07-30 11:41:36,199 - INFO - Fetching product page: https://www.hippostores.com/kohler-vive-qc-slim-uf-seat-28781in-0-model-28781in-0/product/2000004797
2024-07-30 11:41:40,025 - INFO - Fetching product page: https://www.hippostores.com/kohler-vive-wall-hung-bowl-28780in-0-model-28780in-0/product/2000004800
2024-07-30 11:41:45,123 - INFO - Fetching product page: https://www.hippostores.com/iris-electric-vaporizer-irfv0259fv-model-irfv0259fv/product/6500000009
2024-07-30 11:41:50,291 - INFO - Fetching product page: https://www.hippostores.com/iris-reed-diffuser-set-lemon-grass-60ml-model-inrd0101lg/product/6500000003
2024-07-30 11:41:54,320 - INFO - Fetching product page: https://www.hippostores.com/iris-ocean-dream-fragrance-vaporizer-oil-15ml-model-infv0222od/product/6500000013
2024-07-30 11:41:58,103 - INFO - Fetching product page: https://www.hippostores.com/iris-home-fragrance-lavender-potpourri-140-gm-model-pt0004la/product/6500000014
2024-07-30 11:42:01,857 - INFO - Fetching product page: https://www.hippostores.com/iris-amber-rose-fragrance-vaporizer-oil-15ml-model-infv0222ar/product/6500000012
2024-07-30 11:42:05,626 - INFO - Fetching product page: https://www.hippostores.com/iris-apple-cinnamon-fragrance-vaporizer-oil-15ml-model-infv0222ac/product/6500000011
2024-07-30 11:42:09,411 - INFO - Fetching product page: https://www.hippostores.com/iris-fragrance-sachet-sandal-model-irfs0951sa/product/6500000017
2024-07-30 11:42:13,573 - INFO - Fetching product page: https://www.hippostores.com/iris-home-fragrance-jasmine-potpourri-140-gm-model-pt0004js/product/6500000015
2024-07-30 11:42:17,394 - INFO - Fetching product page: https://www.hippostores.com/iris-home-fragrance-rose-potpourri-140-gm-model-pt0004rs/product/6500000016
2024-07-30 11:42:21,558 - INFO - Fetching product page: https://www.hippostores.com/kohler-bottle-trap-350mm-75823in-cp-model-75823in-cp/product/2000000888
2024-07-30 11:42:25,820 - INFO - Fetching product page: https://www.hippostores.com/kohler-valve-diverter-1-handle-recessed-w-diverter-882in-chrome-plated-model-882in-cp/product/2000000882
2024-07-30 11:42:29,759 - INFO - Fetching product page: https://www.hippostores.com/kohler-patio-quiet-close-toilet-seat-10614in-0-model-10614in-0/product/2000000840
2024-07-30 11:42:33,671 - INFO - Fetching product page: https://www.hippostores.com/kohler-lynk-pneumatic-face-plate-flush-plate-french-gold-75890in-p-af-model-75890in-p-af/product/2000000855
2024-07-30 11:42:37,514 - INFO - Fetching product page: https://www.hippostores.com/kohler-trace-wall-hung-bowl-20218in-0-model-20218in-0/product/2000000856
2024-07-30 11:42:37,605 - INFO - Page 3 processed successfully
2024-07-30 11:42:37,605 - INFO - Fetching URL: https://www.hippostores.com/k-/productlist?sort=relevance&page=4
2024-07-30 11:43:53,844 - INFO - Fetching product page: https://www.hippostores.com/kohler-sc-wm-valve-diverter-assy-5679in-chrome-plated-model-5679in-cp/product/2000000886
2024-07-30 11:43:57,862 - INFO - Fetching product page: https://www.hippostores.com/kohler-patio-wall-hung-bowl-w-flush-diverter-4187in-wd-0-model-4187in-wd-0/product/2000000843
2024-07-30 11:44:01,637 - INFO - Fetching product page: https://www.hippostores.com/kohler-graph-inwall-tank-face-plate-flush-plate-pneumatic-20189in-p-cp-model-20189in-p-cp/product/2000001059
2024-07-30 11:44:05,575 - INFO - Fetching product page: https://www.hippostores.com/kohler-autosense-235-valve-diverter-20740in-a-na-model-20740in-a-na/product/2000001033
2024-07-30 11:44:10,304 - INFO - Fetching product page: https://www.hippostores.com/kohler-complementary-angle-valve-polished-chrome-glossy-model-80158in-9-cp-80158in-9av-cp/product/2000001540
2024-07-30 11:44:14,235 - INFO - Fetching product page: https://www.hippostores.com/kohler-lynk-pneumatic-faceplate-rosegold-model-75890in-p-rgd/product/2000003935
2024-07-30 11:44:17,980 - INFO - Fetching product page: https://www.hippostores.com/kohler-instafit-nxt-gen-pneu-in-wall-tank-model-26353in-p-na/product/2000004674
2024-07-30 11:44:22,269 - INFO - Fetching product page: https://www.hippostores.com/kohler-instafit-nxt-gen-pneu-in-wall-tank-model-26352in-p-na/product/2000004672
2024-07-30 11:44:25,673 - INFO - Fetching product page: https://www.hippostores.com/kohler-brazn-qc-toilet-seat-washdown-round-model-21128in-0/product/2000005715
2024-07-30 11:44:29,525 - INFO - Fetching product page: https://www.hippostores.com/goeka-classic-12-square-corner-glass-model-gs-04/product/2000004331
2024-07-30 11:44:33,319 - INFO - Fetching product page: https://www.hippostores.com/anchor-200mm-smart-air-ventilation-fan-white-model-13980wh/product/1000005316
2024-07-30 11:44:37,433 - INFO - Fetching product page: https://www.hippostores.com/anchor-150mm-smart-air-ventilation-fan-white-model-13979wh/product/1000005315
2024-07-30 11:44:41,542 - INFO - Fetching product page: https://www.hippostores.com/anchor-250mm-smart-air-ventilation-fan-white-model-13981wh/product/1000005317
2024-07-30 11:44:45,495 - INFO - Fetching product page: https://www.hippostores.com/kohler-hone-recessed-bath-shower-trim-22541in-4fp-af-valve-trim-diverter-trim-model-22541in-4fp-af/product/2000000958
2024-07-30 11:44:49,430 - INFO - Fetching product page: https://www.hippostores.com/schneider-ez9-db-8-way-spn-double-door-model-ez9esnd08/product/1000000717
2024-07-30 11:44:53,238 - INFO - Fetching product page: https://www.hippostores.com/tekson-12m-h-8x6-18g-gi-white-metal-box/product/1000005305
2024-07-30 11:44:57,598 - INFO - Fetching product page: https://www.hippostores.com/amogha-garden-incense-ingi0652ct-model-ingi0652ct/product/6500000041
2024-07-30 11:45:01,507 - INFO - Fetching product page: https://www.hippostores.com/shagun-jala-brush-telescopic-handle-5-ft-model-s-29/product/6500000161
2024-07-30 11:45:05,390 - INFO - Fetching product page: https://www.hippostores.com/shagun-cloth-brush-size-15-x-6-x-7-5-cm-model-s-83/product/6500000160
2024-07-30 11:45:09,616 - INFO - Fetching product page: https://www.hippostores.com/shagun-extendable-mop-handle-with-360-degree-movement-model-s-59/product/6500000169
2024-07-30 11:45:09,726 - INFO - Page 4 processed successfully
2024-07-30 11:45:09,726 - INFO - Fetching URL: https://www.hippostores.com/k-/productlist?sort=relevance&page=5
2024-07-30 11:45:17,289 - INFO - Fetching product page: https://www.hippostores.com/wembley-nitro-cellulose-table-top-clear-1ltr/product/4000000514
2024-07-30 11:45:21,400 - INFO - Fetching product page: https://www.hippostores.com/wembley-sanding-sealer-500ml/product/4000000513
2024-07-30 11:45:25,502 - INFO - Fetching product page: https://www.hippostores.com/wipro-garnet-alpha-7w-rd-led-panel-cool-day-light-model-dj20765/product/1000005169
2024-07-30 11:45:29,267 - INFO - Fetching product page: https://www.hippostores.com/wipro-garnet-linear-cob-10w-warm-white-model-dc71027/product/1000005163
2024-07-30 11:45:33,446 - INFO - Fetching product page: https://www.hippostores.com/wipro-garnet-ip65-6-5w-60led-strip-50m-warm-white-model-dl12827/product/1000005159
2024-07-30 11:45:37,238 - INFO - Fetching product page: https://www.hippostores.com/anchor-penta-uni-switch-socket-combo-with-box-20a-10a-240v-white-model-14310/product/1000003618
2024-07-30 11:45:41,163 - INFO - Fetching product page: https://www.hippostores.com/panasonic-led-panel-light-pc-round-10w-6500k-model-ppam22107/product/1000004065
2024-07-30 11:45:45,371 - INFO - Fetching product page: https://www.hippostores.com/panasonic-led-panel-light-pc-round-6w-3000k-model-ppam22063/product/1000004060
2024-07-30 11:45:49,279 - INFO - Fetching product page: https://www.hippostores.com/panasonic-led-rimless-surface-panel-light-round-12w-4000k-refresh-model-ppam16124r1/product/1000004094
2024-07-30 11:45:53,106 - INFO - Fetching product page: https://www.hippostores.com/panasonic-led-rimless-surface-panel-light-round-12w-6500k-refresh-model-ppam16127r1/product/1000004095
2024-07-30 11:45:56,924 - INFO - Fetching product page: https://www.hippostores.com/wembley-sanding-sealer-1ltr/product/4000000510
2024-07-30 11:46:01,100 - INFO - Fetching product page: https://www.hippostores.com/wembley-sanding-sealer-4ltr/product/4000000511
2024-07-30 11:46:05,019 - INFO - Fetching product page: https://www.hippostores.com/atom-lock-size-60mm-double-stage-locking-size-205mm-8-o-38-satin-black-with-o-lever-handles/product/6000003680
2024-07-30 11:46:09,056 - INFO - Fetching product page: https://www.hippostores.com/atom-lock-size-60mm-double-stage-locking-size-205mm-8-o-40-antique-with-osk-c-lever-handles/product/6000003684
2024-07-30 11:46:13,563 - INFO - Fetching product page: https://www.hippostores.com/archis-cabinet-handle-ah-606-096-ab-model-ah-606-096-ab/product/6000011158
2024-07-30 11:46:17,387 - INFO - Fetching product page: https://www.hippostores.com/atom-tb-002-6-inch-xylo-atom-antique-model-tb-002-6-antique/product/6000017017
2024-07-30 11:46:21,346 - INFO - Fetching product page: https://www.hippostores.com/atom-tb-002-4-inch-xylo-atom-antique-model-tb-002-4-antique/product/6000017016
2024-07-30 11:46:26,042 - INFO - Fetching product page: https://www.hippostores.com/atom-tb-002-6-inch-xylo-atom-ss-model-tb-002-6-ss/product/6000017010
2024-07-30 11:46:30,093 - INFO - Fetching product page: https://www.hippostores.com/atom-tb-002-8-inch-xylo-atom-antique-model-tb-002-8-antique/product/6000017018
2024-07-30 11:46:33,838 - INFO - Fetching product page: https://www.hippostores.com/atom-tb-002-4-inch-xylo-atom-ss-model-tb-002-4-ss/product/6000017009
2024-07-30 11:46:33,921 - INFO - Page 5 processed successfully
2024-07-30 11:46:33,921 - INFO - Fetching URL: https://www.hippostores.com/k-/productlist?sort=relevance&page=6
2024-07-30 11:46:41,136 - INFO - Fetching product page: https://www.hippostores.com/schneider-ez9-db-12-way-tpn-dd-model-ez9etnd12/product/1000000722
2024-07-30 11:46:45,429 - INFO - Fetching product page: https://www.hippostores.com/kohler-grid-drain-waste-coupling-w-o-overflow-45432in-af-model-45432in-af/product/2000000824
2024-07-30 11:46:49,500 - INFO - Fetching product page: https://www.hippostores.com/jaquar-wall-hung-wc-with-in-built-jet-uf-soft-sls-wht-6951jufsm-model-sls-wht-6951jufsm/product/2000003951
2024-07-30 11:46:53,704 - INFO - Fetching product page: https://www.hippostores.com/kohler-instafit-nxt-gen-mech-in-wall-tank-model-26353in-m-na/product/2000004673
2024-07-30 11:46:57,515 - INFO - Fetching product page: https://www.hippostores.com/goldmedal-i-strip-6x1-led-spike-guard-model-205101whit/product/1000002660
2024-07-30 11:47:01,295 - INFO - Fetching product page: https://www.hippostores.com/goldmedal-360-degree-power-strip-model-205100whit/product/1000002652
2024-07-30 11:47:05,271 - INFO - Fetching product page: https://www.hippostores.com/tekson-pvc-tape-mix-colors/product/1000004294
2024-07-30 11:47:09,704 - INFO - Fetching product page: https://www.hippostores.com/wipro-garnet-alpha-12w-rd-led-panel-natural-white-model-dj21240/product/1000005174
2024-07-30 11:47:14,121 - INFO - Fetching product page: https://www.hippostores.com/panasonic-led-panel-light-pc-round-15w-6500k-model-ppam22157/product/1000004068
2024-07-30 11:47:18,143 - INFO - Fetching product page: https://www.hippostores.com/norisys-square-6a-3-2pin-rd-socket-2m-white-model-ns7213-01/product/1000004186
2024-07-30 11:47:23,613 - INFO - Fetching product page: https://www.hippostores.com/panasonic-led-rimless-surface-panel-light-round-18w-4000k-refresh-model-ppam16184r1/product/1000004100
2024-07-30 11:47:27,742 - INFO - Fetching product page: https://www.hippostores.com/panasonic-led-spot-light-pc-2w-3000k-refresh-model-pspm01023r1/product/1000004054
2024-07-30 11:47:32,060 - INFO - Fetching product page: https://www.hippostores.com/goldmedal-g-focus-night-lamp-model-206169whit/product/1000002662
2024-07-30 11:47:35,954 - INFO - Fetching product page: https://www.hippostores.com/jaquar-towel-rack-600mm-long-with-lower-hangers-acn-chr-1181s-model-acn-chr-1181s/product/2000004216
2024-07-30 11:47:39,904 - INFO - Fetching product page: https://www.hippostores.com/goeka-eco-multi-angle-valve-ss-model-av-10/product/2000004309
2024-07-30 11:47:43,841 - INFO - Fetching product page: https://www.hippostores.com/goeka-eco-fusion-angle-valve-ss-model-av-11/product/2000004310
2024-07-30 11:47:47,791 - INFO - Fetching product page: https://www.hippostores.com/philips-marathon-rope-light-accessory-gen-2-model-929001957288-929002329054/product/1000003290
2024-07-30 11:47:52,142 - INFO - Fetching product page: https://www.hippostores.com/norisys-6a-universal-socket-square-graphite-gray-model-ns7213-23/product/1000003298
2024-07-30 11:47:55,989 - INFO - Fetching product page: https://www.hippostores.com/norisys-square-16a-socket-2m-shyne-square-model-ns7332-01/product/1000001027
2024-07-30 11:48:00,066 - INFO - Fetching product page: https://www.hippostores.com/wipro-2a-led-driver-model-h43520-hd1200/product/1000001259
2024-07-30 11:48:00,186 - INFO - Page 6 processed successfully
2024-07-30 11:48:00,187 - INFO - Fetching URL: https://www.hippostores.com/k-/productlist?sort=relevance&page=7
2024-07-30 11:48:07,746 - INFO - Fetching product page: https://www.hippostores.com/jaquar-sanitaryware-rimless-wall-hung-wc-with-uf-soft-close-cns-wht-963ufsm-model-cns-wht-963ufsm/product/2000003710
2024-07-30 11:48:12,262 - INFO - Fetching product page: https://www.hippostores.com/jaquar-single-lever-exposed-parts-kit-of-hi-flo-kup-chr-35079nkpm-model-kup-chr-35079nkpm/product/2000003947
2024-07-30 11:48:16,243 - INFO - Fetching product page: https://www.hippostores.com/jaquar-sink-mixer-w-m-with-extended-spout-flr-chr-5309nd-model-flr-chr-5309nd/product/2000003946
2024-07-30 11:48:20,085 - INFO - Fetching product page: https://www.hippostores.com/jaquar-sanitaryware-rimless-blind-installation-wall-hung-wc-ars-wht-39953biufsm-model-ars-wht-39953biufsm/product/2000003709
2024-07-30 11:48:24,114 - INFO - Fetching product page: https://www.hippostores.com/hafele-matrixbox-premium-soft-close-metallic-silver-35kg-nominal-length-500mm-model-513-24-905/product/6000013118
2024-07-30 11:48:27,992 - INFO - Fetching product page: https://www.hippostores.com/havells-flexion-ac-rope-strip-144led-20mtr-3000k-model-lhehbqp5tn6f130/product/1000006159
2024-07-30 11:48:32,169 - INFO - Fetching product page: https://www.hippostores.com/hettich-ka-4532-35-kg-silent-system-450-mm-model-9114275/product/6000001777
2024-07-30 11:48:36,596 - INFO - Fetching product page: https://www.hippostores.com/hettich-ka-4532-35-kg-silent-system-500-mm-model-9114276/product/6000001778
2024-07-30 11:48:40,377 - INFO - Fetching product page: https://www.hippostores.com/hettich-soft-close-sensys-8645i-hinge-for-15-24mm-thick-doors-opening-angle-110-9-5crank-model-9242923/product/6000001736
2024-07-30 11:48:44,160 - INFO - Fetching product page: https://www.hippostores.com/hettich-soft-close-onsys-4447i-hinge-for-14-25mm-thick-door-opening-angle-105-9-5crank-model-9281434/product/6000001739
2024-07-30 11:48:48,135 - INFO - Fetching product page: https://www.hippostores.com/hettich-ka-4532-35-kg-silent-system-300mm-model-9114271/product/6000001774
2024-07-30 11:48:52,220 - INFO - Fetching product page: https://www.hippostores.com/hettich-sl-16-fitting-set-model-9226025/product/6000001761
2024-07-30 11:48:56,029 - INFO - Fetching product page: https://www.hippostores.com/hettich-ka-5632-45-kg-zinc-black-500-mm-model-73281-9193319/product/6000001769
2024-07-30 11:48:59,949 - INFO - Fetching product page: https://www.hippostores.com/jaypee-plus-moondrops-liquid-soap-dispenser-375ml-model-8904121211388/product/6500000056
2024-07-30 11:49:04,584 - INFO - Fetching product page: https://www.hippostores.com/jaypee-plus-hangsmart-hanger-model-8904121209897/product/6500000054
2024-07-30 11:49:08,593 - INFO - Fetching product page: https://www.hippostores.com/jaypee-plus-optima-liquid-soap-dispenser-275ml-model-8904121215355/product/6500000057
2024-07-30 11:49:12,548 - INFO - Fetching product page: https://www.hippostores.com/shagun-grass-broom-425g-size-44-inch-model-khetan/product/6500000147
2024-07-30 11:49:16,437 - INFO - Fetching product page: https://www.hippostores.com/jaypee-plus-rib-padel-dustbin-small-model-8904121211920/product/6500000049
2024-07-30 11:49:20,626 - INFO - Fetching product page: https://www.hippostores.com/jaypee-plus-rib-padel-dustbin-large-model-8904121211937/product/6500000050
2024-07-30 11:49:24,424 - INFO - Fetching product page: https://www.hippostores.com/jaypee-plus-rib-lucent-bath-stool-model-8904121212118/product/6500000048
2024-07-30 11:49:24,493 - INFO - Page 7 processed successfully
2024-07-30 11:49:24,493 - INFO - Fetching URL: https://www.hippostores.com/k-/productlist?sort=relevance&page=8
2024-07-30 11:49:31,866 - INFO - Fetching product page: https://www.hippostores.com/jaypee-plus-rib-lucent-bath-tub-model-8904121212101/product/6500000047
2024-07-30 11:49:35,663 - INFO - Fetching product page: https://www.hippostores.com/jaypee-plus-laundry-basket-drop-all-65l-model-8904121205202/product/6500000051
2024-07-30 11:49:39,410 - INFO - Fetching product page: https://www.hippostores.com/jaypee-plus-laundry-basket-drop-all-45l-model-8904121206674/product/6500000052
2024-07-30 11:49:43,254 - INFO - Fetching product page: https://www.hippostores.com/jaypee-plus-rib-lucent-bucket-20l-model-8904121212415/product/6500000044
2024-07-30 11:49:47,188 - INFO - Fetching product page: https://www.hippostores.com/jaypee-plus-rib-lucent-bath-mug-1-5l-model-8904121212057/product/6500000045
2024-07-30 11:49:51,221 - INFO - Fetching product page: https://www.hippostores.com/anchor-round-plate-4-25-white-model-ca4rpwhn/product/1000001925
2024-07-30 11:49:55,150 - INFO - Fetching product page: https://www.hippostores.com/anchor-smart-spike-guard-4-universal-socket-with-individual-switch-indicator-grey-bas-model-22637/product/1000002045
2024-07-30 11:49:59,203 - INFO - Fetching product page: https://www.hippostores.com/wipro-garnet-led-flood-light-cool-day-light-50w-model-d915065-1/product/1000001128
2024-07-30 11:50:03,376 - INFO - Fetching product page: https://www.hippostores.com/norisys-square-blank-switch-1m-shyne-square-model-ns7700-01/product/1000001033
2024-07-30 11:50:07,233 - INFO - Fetching product page: https://www.hippostores.com/anchor-rigid-pvc-conduit-pipe-20mm-mms-socket-type-model-cp20smivn/product/1000001909
2024-07-30 11:50:11,240 - INFO - Fetching product page: https://www.hippostores.com/norisys-cube-6m-flat-5-quartz-grey-plate-8x3-size-matt-cube-model-nc6406-02/product/1000001013
2024-07-30 11:50:15,517 - INFO - Fetching product page: https://www.hippostores.com/norisys-6amp-1way-switch-square-graphite-grey-model-ns7110-23/product/1000003190
2024-07-30 11:50:19,424 - INFO - Fetching product page: https://www.hippostores.com/goeka-ext-nipple-1-model-al-33a/product/2000004382
2024-07-30 11:50:23,447 - INFO - Fetching product page: https://www.hippostores.com/goeka-ext-nipple-2-model-al-33c/product/2000004384
2024-07-30 11:50:27,761 - INFO - Fetching product page: https://www.hippostores.com/goeka-ext-nipple-1-5-model-al-33b/product/2000004383
2024-07-30 11:50:31,659 - INFO - Fetching product page: https://www.hippostores.com/jaquar-toilet-roll-holder-with-stainless-steel-akp-chr-35753ps-model-akp-chr-35753ps/product/2000004511
2024-07-30 11:50:35,504 - INFO - Fetching product page: https://www.hippostores.com/havells-life-line-sc-fr-1-5-sq-mm-flex-black-90-meter-22a-wire-model-whffdnka11x5/product/1000000917
2024-07-30 11:50:39,730 - INFO - Fetching product page: https://www.hippostores.com/havells-life-line-sc-fr-1-5-sq-mm-fx-red-90-meter-22a-wire-model-whffdnra11x5/product/1000000918
2024-07-30 11:50:43,726 - INFO - Fetching product page: https://www.hippostores.com/hafele-matrixbox-premium-soft-close-anthracite-35kg-nominal-length-500mm-model-513-24-306/product/6000011831
2024-07-30 11:50:47,762 - INFO - Fetching product page: https://www.hippostores.com/havells-life-line-sc-fr-2-5-sq-mm-flex-black-90-meter-28a-wire-model-whffdnka12x5/product/1000000922
2024-07-30 11:50:47,874 - INFO - Page 8 processed successfully
2024-07-30 11:50:47,874 - INFO - Fetching URL: https://www.hippostores.com/k-/productlist?sort=relevance&page=9
2024-07-30 11:50:56,049 - INFO - Fetching product page: https://www.hippostores.com/havells-life-line-sc-fr-2-5-sq-mm-fx-red-90-meter-28a-wire-model-whffdnra12x5/product/1000000923
2024-07-30 11:51:00,827 - INFO - Fetching product page: https://www.hippostores.com/havells-fr-sc-fr-1-5-sq-mm-extra-fx-blue-180-meter-20a-wire-model-whffdnbl11x57/product/1000000940
2024-07-30 11:51:05,046 - INFO - Fetching product page: https://www.hippostores.com/norisys-square-6a-collarless-switch-shyne-square-model-ns7110-01/product/1000001024
2024-07-30 11:51:08,967 - INFO - Fetching product page: https://www.hippostores.com/norisys-cube-6a-switch-1m-white-glossy-cube-model-nc5110-01/product/1000000970
2024-07-30 11:51:12,765 - INFO - Fetching product page: https://www.hippostores.com/norisys-cube-8m-flat-5-quartz-grey-plate-9x3-size-matt-model-nc6408-02/product/1000001014
2024-07-30 11:51:16,753 - INFO - Fetching product page: https://www.hippostores.com/jaquar-double-robe-hook-acn-chr-1161n-model-acn-chr-1161n/product/2000001636
2024-07-30 11:51:20,917 - INFO - Fetching product page: https://www.hippostores.com/jaquar-control-flush-plate-plate-aria-jcp-chr-392415-model-jcp-chr-392415/product/2000001629
2024-07-30 11:51:24,734 - INFO - Fetching product page: https://www.hippostores.com/jaquar-control-flush-plate-plate-vignette-prime-k5140-jcp-chr-812415-model-jcp-chr-812415/product/2000001630
2024-07-30 11:51:28,607 - INFO - Fetching product page: https://www.hippostores.com/jaquar-control-flush-plate-plate-kubix-jcp-chr-352415-model-jcp-chr-352415/product/2000001627
2024-07-30 11:51:32,491 - INFO - Fetching product page: https://www.hippostores.com/jaquar-control-flush-plate-plate-opal-jcp-chr-152415-model-jcp-chr-152415/product/2000001626
2024-07-30 11:51:36,496 - INFO - Fetching product page: https://www.hippostores.com/zerob-kitchenmate-ro-model-4420-4200/product/2000000725
2024-07-30 11:51:40,417 - INFO - Fetching product page: https://www.hippostores.com/jaquar-concealed-body-valve-diverter-for-s-l-high-flow-diverte-ald-chr-079-model-ald-chr-079n/product/2000001654
2024-07-30 11:51:44,363 - INFO - Fetching product page: https://www.hippostores.com/jaquar-concealed-body-valve-diverter-for-single-lever-basin-mi-ald-chr-233n-model-ald-chr-233n/product/2000001657
2024-07-30 11:51:48,574 - INFO - Fetching product page: https://www.hippostores.com/jaquar-towel-ring-round-with-round-flange-acn-chr-1121bn-model-acn-chr-1121bn/product/2000001632
2024-07-30 11:51:53,024 - INFO - Fetching product page: https://www.hippostores.com/jaquar-wall-hung-wc-kus-white-35953biufsm-model-kus-wht-35953biufsm/product/2000001846
2024-07-30 11:51:57,090 - INFO - Fetching product page: https://www.hippostores.com/jaquar-rimless-wall-hung-wc-with-slim-seat-cove-sls-white-6953biufsm-6953bippsm-model-sls-wht-6953biufsm-6953bippsm/product/2000001865
2024-07-30 11:52:01,276 - INFO - Fetching product page: https://www.hippostores.com/jaquar-exposed-part-kit-of-single-lever-basin-wm-lav-faucet-basin-mixer-m-ari-chr-39233nk-model-ari-chr-39233nk/product/2000001671
2024-07-30 11:52:05,148 - INFO - Fetching product page: https://www.hippostores.com/jaquar-aquamax-concealed-body-valve-diverter-of-single-lever-s-ald-chr-783-model-ald-chr-783-ald-chr-783n/product/2000001661
2024-07-30 11:52:09,132 - INFO - Fetching product page: https://www.hippostores.com/jaquar-alive-maze-overhead-shower-200x300mm-rou-ohs-chr-85859m-model-ohs-chr-85859m/product/2000001726
2024-07-30 11:52:12,391 - INFO - Fetching product page: https://www.hippostores.com/jaquar-overhead-shower-200x200mm-square-shape-s-ohs-chr-35497-model-ohs-chr-35497/product/2000001737
2024-07-30 11:52:12,494 - INFO - Page 9 processed successfully
2024-07-30 11:52:12,494 - INFO - Fetching URL: https://www.hippostores.com/k-/productlist?sort=relevance&page=10
2024-07-30 11:52:20,301 - INFO - Fetching product page: https://www.hippostores.com/jaquar-angular-stop-cock-with-wall-flange-ali-chr-85053-model-ali-chr-85053/product/2000003224
2024-07-30 11:52:24,333 - INFO - Fetching product page: https://www.hippostores.com/jaquar-control-plate-alive-k5139-jcp-chr-852415-model-jcp-chr-852415/product/2000003223
2024-07-30 11:52:28,653 - INFO - Fetching product page: https://www.hippostores.com/jaquar-angular-stop-cock-with-wall-flange-opp-chr-15053pm-model-opp-chr-15053pm/product/2000003231
2024-07-30 11:52:32,522 - INFO - Fetching product page: https://www.hippostores.com/jaquar-waste-coupling-32mm-f-thread-130mm-ht-ald-chr-705l130-model-ald-chr-705l130/product/2000003226
2024-07-30 11:52:36,569 - INFO - Fetching product page: https://www.hippostores.com/jaquar-angular-stop-cock-with-wall-flange-vgp-chr-81053-model-vgp-chr-81053/product/2000003237
2024-07-30 11:52:40,502 - INFO - Fetching product page: https://www.hippostores.com/jaquar-hand-shower-health-faucet-with-1-2-met-ald-chr-563-model-ald-chr-563/product/2000002774
2024-07-30 11:52:44,445 - INFO - Fetching product page: https://www.hippostores.com/jaquar-exposed-part-kit-of-single-lever-basin-m-ali-chr-85233nk-valve-trim-diverter-trim-model-ali-chr-85233nk/product/2000002770
2024-07-30 11:52:48,462 - INFO - Fetching product page: https://www.hippostores.com/jaquar-concealed-stop-cock-regular-body-for-15-ald-chr-083-model-ald-chr-083/product/2000003630
2024-07-30 11:52:52,446 - INFO - Fetching product page: https://www.hippostores.com/norisys-6a-socket-model-nc5213-02/product/1000003615
2024-07-30 11:52:56,731 - INFO - Fetching product page: https://www.hippostores.com/dorset-door-closer-dc-60-sm-model-dc-60-sm/product/6000001037
2024-07-30 11:53:00,966 - INFO - Fetching product page: https://www.hippostores.com/dorset-door-closer-80kg-with-palmet-arm-model-dc-80-ext-wp/product/6000000953
2024-07-30 11:53:04,767 - INFO - Fetching product page: https://www.hippostores.com/dorset-cylindrical-lock-entrance-silver-satin-model-ettoss/product/6000000991
2024-07-30 11:53:09,019 - INFO - Fetching product page: https://www.hippostores.com/vsa-ss-ladder-3-step-model-vsa-136/product/6500000583
2024-07-30 11:53:13,095 - INFO - Fetching product page: https://www.hippostores.com/havells-led-trim-nxt-panel-10w-rd-cool-day-light-lhebldpfpvnw010-model-lhebldpfpvnw010/product/1000003521
2024-07-30 11:53:17,195 - INFO - Fetching product page: https://www.hippostores.com/yale-ydme-50-nxt-with-4-in-1-access-black-model-ydme-50-nxt/product/6000010759
2024-07-30 11:53:21,555 - INFO - Fetching product page: https://www.hippostores.com/hettich-innotech-lengthwise-railing-for-wooden-rear-panel-add-on-kit-for-8-drawer-1081333-ratio-1-9002503-ratio-2-model-1081333-9002503/product/6000010808
2024-07-30 11:53:25,350 - INFO - Fetching product page: https://www.hippostores.com/yale-digital-lock-ydme-100-nxt-model-ydme-100-nxt/product/6000010750
2024-07-30 11:53:29,153 - INFO - Fetching product page: https://www.hippostores.com/dorset-cylinder-lock-key-knob-60mm-ss-cl101ss-model-cl101ss/product/6000010486
2024-07-30 11:53:33,521 - INFO - Fetching product page: https://www.hippostores.com/shagun-floor-wiper-eva-rubber-21-inch-size-l-49-inch-dia-25-mm-model-sw-122/product/6500000149
2024-07-30 11:53:37,351 - INFO - Fetching product page: https://www.hippostores.com/shagun-floor-wiper-eva-rubber-16-inch-size-l-42-inch-dia-22-mm-model-sw-125/product/6500000150
2024-07-30 11:53:37,466 - INFO - Page 10 processed successfully
2024-07-30 11:53:37,466 - INFO - Fetching URL: https://www.hippostores.com/k-/productlist?sort=relevance&page=11
2024-07-30 11:53:45,108 - INFO - Fetching product page: https://www.hippostores.com/shagun-toilet-brush-round-with-stand-length-18-inch-model-st-112/product/6500000156
2024-07-30 11:53:49,163 - INFO - Fetching product page: https://www.hippostores.com/shagun-toilet-brush-double-hockey-length-19-inch-model-st-110/product/6500000155
2024-07-30 11:53:53,579 - INFO - Fetching product page: https://www.hippostores.com/shagun-toilet-brush-double-hockey-with-stand-length-18-5-inch-model-st-114/product/6500000157
2024-07-30 11:53:58,528 - INFO - Fetching product page: https://www.hippostores.com/vsa-iron-table/product/6500000184
2024-07-30 11:54:02,443 - INFO - Fetching product page: https://www.hippostores.com/vsa-regular-cloth-dryer-stand-model-vsa-172/product/6500000185
2024-07-30 11:54:06,583 - INFO - Fetching product page: https://www.hippostores.com/vsa-jumbo-modular-cloth-dryer-stand-model-vsa-177/product/6500000186
2024-07-30 11:54:10,390 - INFO - Fetching product page: https://www.hippostores.com/vsa-ss-ladder-5-step-model-vsa-138/product/6500000178
2024-07-30 11:54:14,480 - INFO - Fetching product page: https://www.hippostores.com/shagun-tile-brush-triangle-shape-size-13-x-11-x-2-cm-model-s-85/product/6500000159
2024-07-30 11:54:18,722 - INFO - Fetching product page: https://www.hippostores.com/nerolac-nse-oxford-blue-1ltr-model-1000932/product/4000000679
2024-07-30 11:54:22,822 - INFO - Fetching product page: https://www.hippostores.com/nerolac-nse-brown-4ltr-model-1001006/product/4000000657
2024-07-30 11:54:26,315 - WARNING - Retrying (Retry(total=2, connect=None, read=None, redirect=None, status=None)) after connection broken by 'NewConnectionError('<urllib3.connection.HTTPConnection object at 0x70040750f470>: Failed to establish a new connection: [Errno 111] Connection refused')': /session/1fe64991-b4ed-40dd-81d3-71e17e5efbac
2024-07-30 11:54:26,317 - WARNING - Retrying (Retry(total=1, connect=None, read=None, redirect=None, status=None)) after connection broken by 'NewConnectionError('<urllib3.connection.HTTPConnection object at 0x70040750e9f0>: Failed to establish a new connection: [Errno 111] Connection refused')': /session/1fe64991-b4ed-40dd-81d3-71e17e5efbac
2024-07-30 11:54:26,318 - WARNING - Retrying (Retry(total=0, connect=None, read=None, redirect=None, status=None)) after connection broken by 'NewConnectionError('<urllib3.connection.HTTPConnection object at 0x70040750ec30>: Failed to establish a new connection: [Errno 111] Connection refused')': /session/1fe64991-b4ed-40dd-81d3-71e17e5efbac
2024-07-30 11:54:26,354 - INFO - Finalized and closed WebDriver
