2024-07-30 13:30:54,615 - INFO - Processing batch from page 1 to 51
2024-07-30 13:30:54,615 - INFO - Fetching URL: https://www.hippostores.com/k-/productlist?sort=relevance&page=1
2024-07-30 13:31:08,597 - INFO - Fetching product page: https://www.hippostores.com/kohler-note-face-plate-flush-plate-brushed-bronze-75891in-m-bv-model-75891in-m-bv/product/2000000858
2024-07-30 13:31:17,004 - INFO - Fetching product page: https://www.hippostores.com/jaquar-faucet-angular-stop-cock-with-wall-flange-ari-chr-39053-model-ari-chr-39053/product/2000003956
2024-07-30 13:31:25,419 - INFO - Fetching product page: https://www.hippostores.com/kohler-health-faucet-jet-spray-w-sdspray-metal-hose-french-gold-glossy-model-12927in-af/product/2000001526
2024-07-30 13:31:31,929 - INFO - Fetching product page: https://www.hippostores.com/wipro-garnet-led-24v-strip-2700k-white-120-meter-model-d412827-df22827/product/1000001094
2024-07-30 13:31:36,103 - INFO - Fetching product page: https://www.hippostores.com/wipro-garnet-led-24v-strip-4000k-white-120-meter-model-d412840-df22840/product/1000001095
2024-07-30 13:31:40,140 - INFO - Fetching product page: https://www.hippostores.com/wipro-garnet-plus-led-batten-cool-day-light-36w-model-d533665/product/1000001108
2024-07-30 13:31:47,696 - INFO - Fetching product page: https://www.hippostores.com/wipro-garnet-led-flood-light-cool-day-light-100w-model-d910065-1/product/1000001125
2024-07-30 13:31:58,157 - INFO - Fetching product page: https://www.hippostores.com/wipro-garnet-3w-led-step-light-2700k-model-dw10327/product/1000001133
2024-07-30 13:32:04,675 - INFO - Fetching product page: https://www.hippostores.com/anchor-smart-6-amp-modular-angle-lamp-holder-model-39935/product/1000002055
2024-07-30 13:32:13,251 - INFO - Fetching product page: https://www.hippostores.com/anchor-smart-16a-3-pin-plug-top-white-model-38637-39583/product/1000002053
2024-07-30 13:32:18,963 - INFO - Fetching product page: https://www.hippostores.com/anchor-smart-angle-holder-fancy-type-white-model-39673/product/1000002054
2024-07-30 13:32:23,279 - INFO - Fetching product page: https://www.hippostores.com/anchor-smart-penta-door-bell-model-38921/product/1000002047
2024-07-30 13:32:27,719 - INFO - Fetching product page: https://www.hippostores.com/jaypee-plus-tiktok-open-dustbin-model-8904121211555/product/6500000053
2024-07-30 13:32:33,011 - INFO - Fetching product page: https://www.hippostores.com/shagun-kitchen-wiper-silicon-rubber-size-l-23-cm-x-w-24-5-cm-model-sw-87/product/6500000148
2024-07-30 13:32:37,060 - INFO - Fetching product page: https://www.hippostores.com/shagun-pochha-100-cotton-fabric-175g-size-28-x-28-inch-model-s-33/product/6500000141
2024-07-30 13:32:41,042 - INFO - Fetching product page: https://www.hippostores.com/shagun-rope-20-m-plastic-coated-iron-wire-model-s-76/product/6500000144
2024-07-30 13:32:45,006 - INFO - Fetching product page: https://www.hippostores.com/shagun-scrub-pad-pack-of-10-size-15-cm-x-10-cm-x-8mm-model-s-7/product/6500000140
2024-07-30 13:32:49,153 - INFO - Fetching product page: https://www.hippostores.com/vsa-ss-ladder-2-step-model-vsa-135/product/6500000582
2024-07-30 13:32:53,294 - INFO - Fetching product page: https://www.hippostores.com/cello-ss-flip-style-flask-1000-ml-model-8901372157427/product/6500000627
2024-07-30 13:32:56,925 - INFO - Fetching product page: https://www.hippostores.com/cello-ss-flip-style-flask-750-ml-model-8901372157410/product/6500000626
2024-07-30 13:32:56,977 - INFO - Page 1 processed successfully
2024-07-30 13:32:56,977 - INFO - Fetching URL: https://www.hippostores.com/k-/productlist?sort=relevance&page=2
2024-07-30 13:33:04,479 - INFO - Fetching product page: https://www.hippostores.com/kohler-towel-ring-5631in-chrome-plated-model-5631in-cp/product/2000000907
2024-07-30 13:33:08,264 - INFO - Fetching product page: https://www.hippostores.com/jaquar-soap-dish-holder-acn-chr-1131n-model-acn-chr-1131n/product/2000001633
2024-07-30 13:33:17,157 - INFO - Fetching product page: https://www.hippostores.com/jaquar-towel-rack-wit-single-rail-with-hooks-ahs-chr-1581h-model-ahs-chr-1581h/product/2000001643
2024-07-30 13:33:21,231 - INFO - Fetching product page: https://www.hippostores.com/jaquar-soap-dispenser-with-glass-bottle-akp-chr-35735p-model-akp-chr-35735p/product/2000001645
2024-07-30 13:33:25,497 - INFO - Fetching product page: https://www.hippostores.com/shagun-premium-quality-car-duster-extendable-handle-model-s-68/product/6500000143
2024-07-30 13:33:29,345 - INFO - Fetching product page: https://www.hippostores.com/shagun-microfiber-duster-with-plastic-handle-190-g-length-67-cm-model-s-94/product/6500000142
2024-07-30 13:33:33,317 - INFO - Fetching product page: https://www.hippostores.com/shagun-dust-pan-with-brush-size-36-x-23-cm-model-s-78/product/6500000146
2024-07-30 13:33:37,052 - INFO - Fetching product page: https://www.hippostores.com/shagun-premium-quality-dust-pan-size-36-x-23-cm-model-s-77/product/6500000145
2024-07-30 13:33:40,821 - INFO - Fetching product page: https://www.hippostores.com/anchor-smart-16a-dyna-flexi-cord-socket-4-meter-model-3381/product/1000002041
2024-07-30 13:33:44,616 - INFO - Fetching product page: https://www.hippostores.com/kohler-600mm-single-towel-bar-25065in-chrome-plated-model-25065in-cp/product/2000000932
2024-07-30 13:33:48,497 - INFO - Fetching product page: https://www.hippostores.com/jaquar-easy-flex-tube-in-chrome-finish-1-5m-lon-sha-chr-571-model-sha-chr-571/product/2000002800
2024-07-30 13:33:54,403 - INFO - Fetching product page: https://www.hippostores.com/jaquar-flexible-tube-8mm-dia-1-5m-long-with-sha-chr-549d8-model-sha-chr-549d8/product/2000001752
2024-07-30 13:33:59,519 - INFO - Fetching product page: https://www.hippostores.com/jaquar-towel-rack-600mm-long-with-lower-hangers-akp-chr-35781ps-model-akp-chr-35781ps/product/2000004513
2024-07-30 13:34:03,320 - INFO - Fetching product page: https://www.hippostores.com/jaquar-faucet-single-towel-rail-600mm-long-stainless-acn-chr-1111sm-model-acn-chr-1111sm/product/2000003999
2024-07-30 13:34:09,938 - INFO - Fetching product page: https://www.hippostores.com/iris-new-lemon-grass-fragrance-ceramic-vapourizer-with-5ml-oil-and-2-tealights-model-infv0217lg/product/6500000007
2024-07-30 13:34:13,647 - INFO - Fetching product page: https://www.hippostores.com/iris-lavender-ceramic-fragrance-vaporizer-set-model-infv0216la/product/6500000006
2024-07-30 13:34:17,473 - INFO - Fetching product page: https://www.hippostores.com/iris-new-apple-cinnamon-fragrance-ceramic-vapourizer-with-5ml-oil-and-2-tealights-model-infv0218ac/product/6500000008
2024-07-30 13:34:21,460 - INFO - Fetching product page: https://www.hippostores.com/kohler-towel-bar-towel-rod-5630in-chrome-plated-model-5630in-cp/product/2000000903
2024-07-30 13:34:25,359 - INFO - Fetching product page: https://www.hippostores.com/kohler-valve-diverter-1-handle-recessed-w-diverter-882in-af-model-882in-af/product/2000000922
2024-07-30 13:34:29,192 - INFO - Fetching product page: https://www.hippostores.com/kohler-towel-rack-towel-shelf-25066in-chrome-plated-model-25066in-cp/product/2000000935
2024-07-30 13:34:29,265 - INFO - Page 2 processed successfully
2024-07-30 13:34:29,265 - INFO - Fetching URL: https://www.hippostores.com/k-/productlist?sort=relevance&page=3
2024-07-30 13:34:36,869 - INFO - Fetching product page: https://www.hippostores.com/kohler-health-faucet-jet-spray-w-sdspray-metal-hose-polished-chrome-glossy-model-12927in-cp/product/2000001541
2024-07-30 13:34:40,740 - INFO - Fetching product page: https://www.hippostores.com/kohler-handshower-bracket-holder-model-9040in-cp/product/2000002841
2024-07-30 13:34:44,702 - INFO - Fetching product page: https://www.hippostores.com/cera-h-type-1485-shine-finish-exposed-white-glossy-model-b1120101/product/2000002752
2024-07-30 13:34:48,649 - INFO - Fetching product page: https://www.hippostores.com/kohler-lynk-pneumatic-faceplate-cp-75890in-p-cp-model-75890in-p-cp/product/2000003052
2024-07-30 13:34:52,518 - INFO - Fetching product page: https://www.hippostores.com/kohler-vive-qc-slim-uf-seat-28781in-0-model-28781in-0/product/2000004797
2024-07-30 13:34:56,492 - INFO - Fetching product page: https://www.hippostores.com/kohler-vive-wall-hung-bowl-28780in-0-model-28780in-0/product/2000004800
2024-07-30 13:35:04,417 - INFO - Fetching product page: https://www.hippostores.com/iris-electric-vaporizer-irfv0259fv-model-irfv0259fv/product/6500000009
2024-07-30 13:35:09,178 - INFO - Fetching product page: https://www.hippostores.com/iris-reed-diffuser-set-lemon-grass-60ml-model-inrd0101lg/product/6500000003
2024-07-30 13:35:12,915 - INFO - Fetching product page: https://www.hippostores.com/iris-ocean-dream-fragrance-vaporizer-oil-15ml-model-infv0222od/product/6500000013
2024-07-30 13:35:16,784 - INFO - Fetching product page: https://www.hippostores.com/iris-home-fragrance-lavender-potpourri-140-gm-model-pt0004la/product/6500000014
2024-07-30 13:35:20,777 - INFO - Fetching product page: https://www.hippostores.com/iris-amber-rose-fragrance-vaporizer-oil-15ml-model-infv0222ar/product/6500000012
2024-07-30 13:35:24,512 - INFO - Fetching product page: https://www.hippostores.com/iris-apple-cinnamon-fragrance-vaporizer-oil-15ml-model-infv0222ac/product/6500000011
2024-07-30 13:35:28,378 - INFO - Fetching product page: https://www.hippostores.com/iris-fragrance-sachet-sandal-model-irfs0951sa/product/6500000017
2024-07-30 13:35:32,555 - INFO - Fetching product page: https://www.hippostores.com/iris-home-fragrance-jasmine-potpourri-140-gm-model-pt0004js/product/6500000015
2024-07-30 13:35:36,552 - INFO - Fetching product page: https://www.hippostores.com/iris-home-fragrance-rose-potpourri-140-gm-model-pt0004rs/product/6500000016
2024-07-30 13:35:40,547 - INFO - Fetching product page: https://www.hippostores.com/kohler-bottle-trap-350mm-75823in-cp-model-75823in-cp/product/2000000888
2024-07-30 13:35:44,359 - INFO - Fetching product page: https://www.hippostores.com/kohler-valve-diverter-1-handle-recessed-w-diverter-882in-chrome-plated-model-882in-cp/product/2000000882
2024-07-30 13:35:48,239 - INFO - Fetching product page: https://www.hippostores.com/kohler-patio-quiet-close-toilet-seat-10614in-0-model-10614in-0/product/2000000840
2024-07-30 13:35:52,219 - INFO - Fetching product page: https://www.hippostores.com/kohler-lynk-pneumatic-face-plate-flush-plate-french-gold-75890in-p-af-model-75890in-p-af/product/2000000855
2024-07-30 13:35:56,103 - INFO - Fetching product page: https://www.hippostores.com/kohler-trace-wall-hung-bowl-20218in-0-model-20218in-0/product/2000000856
2024-07-30 13:35:56,217 - INFO - Page 3 processed successfully
2024-07-30 13:35:56,218 - INFO - Fetching URL: https://www.hippostores.com/k-/productlist?sort=relevance&page=4
2024-07-30 13:36:04,611 - INFO - Fetching product page: https://www.hippostores.com/kohler-sc-wm-valve-diverter-assy-5679in-chrome-plated-model-5679in-cp/product/2000000886
2024-07-30 13:36:08,635 - INFO - Fetching product page: https://www.hippostores.com/kohler-patio-wall-hung-bowl-w-flush-diverter-4187in-wd-0-model-4187in-wd-0/product/2000000843
2024-07-30 13:36:12,597 - INFO - Fetching product page: https://www.hippostores.com/kohler-graph-inwall-tank-face-plate-flush-plate-pneumatic-20189in-p-cp-model-20189in-p-cp/product/2000001059
2024-07-30 13:36:16,789 - INFO - Fetching product page: https://www.hippostores.com/kohler-autosense-235-valve-diverter-20740in-a-na-model-20740in-a-na/product/2000001033
2024-07-30 13:36:20,481 - INFO - Fetching product page: https://www.hippostores.com/kohler-complementary-angle-valve-polished-chrome-glossy-model-80158in-9-cp-80158in-9av-cp/product/2000001540
2024-07-30 13:36:24,426 - INFO - Fetching product page: https://www.hippostores.com/kohler-lynk-pneumatic-faceplate-rosegold-model-75890in-p-rgd/product/2000003935
2024-07-30 13:36:28,319 - INFO - Fetching product page: https://www.hippostores.com/kohler-instafit-nxt-gen-pneu-in-wall-tank-model-26353in-p-na/product/2000004674
2024-07-30 13:36:32,123 - INFO - Fetching product page: https://www.hippostores.com/kohler-instafit-nxt-gen-pneu-in-wall-tank-model-26352in-p-na/product/2000004672
2024-07-30 13:36:37,511 - INFO - Fetching product page: https://www.hippostores.com/kohler-brazn-qc-toilet-seat-washdown-round-model-21128in-0/product/2000005715
2024-07-30 13:38:13,108 - INFO - Fetching product page: https://www.hippostores.com/goeka-classic-12-square-corner-glass-model-gs-04/product/2000004331
2024-07-30 13:38:29,001 - INFO - Fetching product page: https://www.hippostores.com/anchor-200mm-smart-air-ventilation-fan-white-model-13980wh/product/1000005316
