2024-07-30 14:50:30,724 - INFO - Processing batch from page 1 to 51
2024-07-30 14:50:30,724 - INFO - Fetching URL: https://www.hippostores.com/k-/productlist?sort=relevance&page=1
2024-07-30 14:50:44,174 - INFO - Fetching product page: https://www.hippostores.com/kohler-note-face-plate-flush-plate-brushed-bronze-75891in-m-bv-model-75891in-m-bv/product/2000000858
2024-07-30 14:50:50,311 - INFO - Fetching product page: https://www.hippostores.com/jaquar-faucet-angular-stop-cock-with-wall-flange-ari-chr-39053-model-ari-chr-39053/product/2000003956
2024-07-30 14:50:58,876 - INFO - Fetching product page: https://www.hippostores.com/kohler-health-faucet-jet-spray-w-sdspray-metal-hose-french-gold-glossy-model-12927in-af/product/2000001526
2024-07-30 14:51:05,080 - INFO - Fetching product page: https://www.hippostores.com/wipro-garnet-led-24v-strip-2700k-white-120-meter-model-d412827-df22827/product/1000001094
2024-07-30 14:51:10,414 - INFO - Fetching product page: https://www.hippostores.com/wipro-garnet-led-24v-strip-4000k-white-120-meter-model-d412840-df22840/product/1000001095
2024-07-30 14:51:14,294 - INFO - Fetching product page: https://www.hippostores.com/wipro-garnet-plus-led-batten-cool-day-light-36w-model-d533665/product/1000001108
2024-07-30 14:51:18,134 - INFO - Fetching product page: https://www.hippostores.com/wipro-garnet-led-flood-light-cool-day-light-100w-model-d910065-1/product/1000001125
2024-07-30 14:51:25,837 - INFO - Fetching product page: https://www.hippostores.com/wipro-garnet-3w-led-step-light-2700k-model-dw10327/product/1000001133
2024-07-30 14:51:33,176 - INFO - Fetching product page: https://www.hippostores.com/anchor-smart-6-amp-modular-angle-lamp-holder-model-39935/product/1000002055
2024-07-30 14:51:40,720 - INFO - Fetching product page: https://www.hippostores.com/anchor-smart-16a-3-pin-plug-top-white-model-38637-39583/product/1000002053
2024-07-30 14:51:50,431 - INFO - Fetching product page: https://www.hippostores.com/anchor-smart-angle-holder-fancy-type-white-model-39673/product/1000002054
2024-07-30 14:51:57,919 - INFO - Fetching product page: https://www.hippostores.com/anchor-smart-penta-door-bell-model-38921/product/1000002047
2024-07-30 14:52:02,062 - INFO - Fetching product page: https://www.hippostores.com/jaypee-plus-tiktok-open-dustbin-model-8904121211555/product/6500000053
2024-07-30 14:52:05,836 - INFO - Fetching product page: https://www.hippostores.com/shagun-kitchen-wiper-silicon-rubber-size-l-23-cm-x-w-24-5-cm-model-sw-87/product/6500000148
2024-07-30 14:52:09,774 - INFO - Fetching product page: https://www.hippostores.com/shagun-pochha-100-cotton-fabric-175g-size-28-x-28-inch-model-s-33/product/6500000141
2024-07-30 14:52:13,687 - INFO - Fetching product page: https://www.hippostores.com/shagun-rope-20-m-plastic-coated-iron-wire-model-s-76/product/6500000144
2024-07-30 14:52:17,698 - INFO - Fetching product page: https://www.hippostores.com/shagun-scrub-pad-pack-of-10-size-15-cm-x-10-cm-x-8mm-model-s-7/product/6500000140
2024-07-30 14:52:21,626 - INFO - Fetching product page: https://www.hippostores.com/vsa-ss-ladder-2-step-model-vsa-135/product/6500000582
2024-07-30 14:52:25,337 - INFO - Fetching product page: https://www.hippostores.com/cello-ss-flip-style-flask-1000-ml-model-8901372157427/product/6500000627
2024-07-30 14:52:29,277 - INFO - Fetching product page: https://www.hippostores.com/cello-ss-flip-style-flask-750-ml-model-8901372157410/product/6500000626
2024-07-30 14:52:29,334 - INFO - Page 1 processed successfully
2024-07-30 14:52:29,334 - INFO - Fetching URL: https://www.hippostores.com/k-/productlist?sort=relevance&page=2
2024-07-30 14:52:36,907 - INFO - Fetching product page: https://www.hippostores.com/kohler-towel-ring-5631in-chrome-plated-model-5631in-cp/product/2000000907
2024-07-30 14:52:40,861 - INFO - Fetching product page: https://www.hippostores.com/jaquar-soap-dish-holder-acn-chr-1131n-model-acn-chr-1131n/product/2000001633
2024-07-30 14:52:44,962 - INFO - Fetching product page: https://www.hippostores.com/jaquar-towel-rack-wit-single-rail-with-hooks-ahs-chr-1581h-model-ahs-chr-1581h/product/2000001643
2024-07-30 14:52:49,246 - INFO - Fetching product page: https://www.hippostores.com/jaquar-soap-dispenser-with-glass-bottle-akp-chr-35735p-model-akp-chr-35735p/product/2000001645
2024-07-30 14:52:52,922 - INFO - Fetching product page: https://www.hippostores.com/shagun-premium-quality-car-duster-extendable-handle-model-s-68/product/6500000143
2024-07-30 14:52:56,551 - INFO - Fetching product page: https://www.hippostores.com/shagun-microfiber-duster-with-plastic-handle-190-g-length-67-cm-model-s-94/product/6500000142
2024-07-30 14:53:00,785 - INFO - Fetching product page: https://www.hippostores.com/shagun-dust-pan-with-brush-size-36-x-23-cm-model-s-78/product/6500000146
2024-07-30 14:53:04,574 - INFO - Fetching product page: https://www.hippostores.com/shagun-premium-quality-dust-pan-size-36-x-23-cm-model-s-77/product/6500000145
2024-07-30 14:53:08,345 - INFO - Fetching product page: https://www.hippostores.com/anchor-smart-16a-dyna-flexi-cord-socket-4-meter-model-3381/product/1000002041
2024-07-30 14:53:12,359 - INFO - Fetching product page: https://www.hippostores.com/kohler-600mm-single-towel-bar-25065in-chrome-plated-model-25065in-cp/product/2000000932
2024-07-30 14:53:16,677 - INFO - Fetching product page: https://www.hippostores.com/jaquar-easy-flex-tube-in-chrome-finish-1-5m-lon-sha-chr-571-model-sha-chr-571/product/2000002800
2024-07-30 14:53:21,663 - INFO - Fetching product page: https://www.hippostores.com/jaquar-flexible-tube-8mm-dia-1-5m-long-with-sha-chr-549d8-model-sha-chr-549d8/product/2000001752
2024-07-30 14:53:25,367 - INFO - Fetching product page: https://www.hippostores.com/jaquar-towel-rack-600mm-long-with-lower-hangers-akp-chr-35781ps-model-akp-chr-35781ps/product/2000004513
2024-07-30 14:53:29,318 - INFO - Fetching product page: https://www.hippostores.com/jaquar-faucet-single-towel-rail-600mm-long-stainless-acn-chr-1111sm-model-acn-chr-1111sm/product/2000003999
2024-07-30 14:53:36,167 - INFO - Fetching product page: https://www.hippostores.com/iris-new-lemon-grass-fragrance-ceramic-vapourizer-with-5ml-oil-and-2-tealights-model-infv0217lg/product/6500000007
2024-07-30 14:53:40,072 - INFO - Fetching product page: https://www.hippostores.com/iris-lavender-ceramic-fragrance-vaporizer-set-model-infv0216la/product/6500000006
2024-07-30 14:53:44,080 - INFO - Fetching product page: https://www.hippostores.com/iris-new-apple-cinnamon-fragrance-ceramic-vapourizer-with-5ml-oil-and-2-tealights-model-infv0218ac/product/6500000008
2024-07-30 14:53:48,331 - INFO - Fetching product page: https://www.hippostores.com/kohler-towel-bar-towel-rod-5630in-chrome-plated-model-5630in-cp/product/2000000903
2024-07-30 14:53:52,451 - INFO - Fetching product page: https://www.hippostores.com/kohler-valve-diverter-1-handle-recessed-w-diverter-882in-af-model-882in-af/product/2000000922
2024-07-30 14:53:56,377 - INFO - Fetching product page: https://www.hippostores.com/kohler-towel-rack-towel-shelf-25066in-chrome-plated-model-25066in-cp/product/2000000935
2024-07-30 14:53:56,436 - INFO - Page 2 processed successfully
2024-07-30 14:53:56,436 - INFO - Fetching URL: https://www.hippostores.com/k-/productlist?sort=relevance&page=3
2024-07-30 14:54:03,880 - INFO - Fetching product page: https://www.hippostores.com/kohler-health-faucet-jet-spray-w-sdspray-metal-hose-polished-chrome-glossy-model-12927in-cp/product/2000001541
2024-07-30 14:54:07,728 - INFO - Fetching product page: https://www.hippostores.com/kohler-handshower-bracket-holder-model-9040in-cp/product/2000002841
2024-07-30 14:54:11,688 - INFO - Fetching product page: https://www.hippostores.com/cera-h-type-1485-shine-finish-exposed-white-glossy-model-b1120101/product/2000002752
2024-07-30 14:54:15,690 - INFO - Fetching product page: https://www.hippostores.com/kohler-lynk-pneumatic-faceplate-cp-75890in-p-cp-model-75890in-p-cp/product/2000003052
2024-07-30 14:54:19,471 - INFO - Fetching product page: https://www.hippostores.com/kohler-vive-qc-slim-uf-seat-28781in-0-model-28781in-0/product/2000004797
2024-07-30 14:54:23,273 - INFO - Fetching product page: https://www.hippostores.com/kohler-vive-wall-hung-bowl-28780in-0-model-28780in-0/product/2000004800
2024-07-30 14:54:27,473 - INFO - Fetching product page: https://www.hippostores.com/iris-electric-vaporizer-irfv0259fv-model-irfv0259fv/product/6500000009
2024-07-30 14:54:32,628 - INFO - Fetching product page: https://www.hippostores.com/iris-reed-diffuser-set-lemon-grass-60ml-model-inrd0101lg/product/6500000003
2024-07-30 14:54:36,703 - INFO - Fetching product page: https://www.hippostores.com/iris-ocean-dream-fragrance-vaporizer-oil-15ml-model-infv0222od/product/6500000013
2024-07-30 14:54:40,399 - INFO - Fetching product page: https://www.hippostores.com/iris-home-fragrance-lavender-potpourri-140-gm-model-pt0004la/product/6500000014
2024-07-30 14:54:44,265 - INFO - Fetching product page: https://www.hippostores.com/iris-amber-rose-fragrance-vaporizer-oil-15ml-model-infv0222ar/product/6500000012
2024-07-30 14:54:48,024 - INFO - Fetching product page: https://www.hippostores.com/iris-apple-cinnamon-fragrance-vaporizer-oil-15ml-model-infv0222ac/product/6500000011
2024-07-30 14:54:52,033 - INFO - Fetching product page: https://www.hippostores.com/iris-fragrance-sachet-sandal-model-irfs0951sa/product/6500000017
2024-07-30 14:54:55,842 - INFO - Fetching product page: https://www.hippostores.com/iris-home-fragrance-jasmine-potpourri-140-gm-model-pt0004js/product/6500000015
2024-07-30 14:54:59,974 - INFO - Fetching product page: https://www.hippostores.com/iris-home-fragrance-rose-potpourri-140-gm-model-pt0004rs/product/6500000016
2024-07-30 14:55:03,902 - INFO - Fetching product page: https://www.hippostores.com/kohler-bottle-trap-350mm-75823in-cp-model-75823in-cp/product/2000000888
2024-07-30 14:55:08,378 - INFO - Fetching product page: https://www.hippostores.com/kohler-valve-diverter-1-handle-recessed-w-diverter-882in-chrome-plated-model-882in-cp/product/2000000882
2024-07-30 14:55:12,583 - INFO - Fetching product page: https://www.hippostores.com/kohler-patio-quiet-close-toilet-seat-10614in-0-model-10614in-0/product/2000000840
2024-07-30 14:55:16,742 - INFO - Fetching product page: https://www.hippostores.com/kohler-lynk-pneumatic-face-plate-flush-plate-french-gold-75890in-p-af-model-75890in-p-af/product/2000000855
2024-07-30 14:55:20,654 - INFO - Fetching product page: https://www.hippostores.com/kohler-trace-wall-hung-bowl-20218in-0-model-20218in-0/product/2000000856
2024-07-30 14:55:20,757 - INFO - Page 3 processed successfully
2024-07-30 14:55:20,757 - INFO - Fetching URL: https://www.hippostores.com/k-/productlist?sort=relevance&page=4
2024-07-30 14:55:28,215 - INFO - Fetching product page: https://www.hippostores.com/kohler-sc-wm-valve-diverter-assy-5679in-chrome-plated-model-5679in-cp/product/2000000886
2024-07-30 14:55:32,184 - INFO - Fetching product page: https://www.hippostores.com/kohler-patio-wall-hung-bowl-w-flush-diverter-4187in-wd-0-model-4187in-wd-0/product/2000000843
2024-07-30 14:55:35,953 - INFO - Fetching product page: https://www.hippostores.com/kohler-graph-inwall-tank-face-plate-flush-plate-pneumatic-20189in-p-cp-model-20189in-p-cp/product/2000001059
2024-07-30 14:55:39,943 - INFO - Fetching product page: https://www.hippostores.com/kohler-autosense-235-valve-diverter-20740in-a-na-model-20740in-a-na/product/2000001033
2024-07-30 14:55:44,341 - INFO - Fetching product page: https://www.hippostores.com/kohler-complementary-angle-valve-polished-chrome-glossy-model-80158in-9-cp-80158in-9av-cp/product/2000001540
2024-07-30 14:55:48,357 - INFO - Fetching product page: https://www.hippostores.com/kohler-lynk-pneumatic-faceplate-rosegold-model-75890in-p-rgd/product/2000003935
2024-07-30 14:55:52,317 - INFO - Fetching product page: https://www.hippostores.com/kohler-instafit-nxt-gen-pneu-in-wall-tank-model-26353in-p-na/product/2000004674
2024-07-30 14:55:56,280 - INFO - Fetching product page: https://www.hippostores.com/kohler-instafit-nxt-gen-pneu-in-wall-tank-model-26352in-p-na/product/2000004672
2024-07-30 14:56:00,096 - INFO - Fetching product page: https://www.hippostores.com/kohler-brazn-qc-toilet-seat-washdown-round-model-21128in-0/product/2000005715
2024-07-30 14:56:03,859 - INFO - Fetching product page: https://www.hippostores.com/goeka-classic-12-square-corner-glass-model-gs-04/product/2000004331
2024-07-30 14:56:07,682 - INFO - Fetching product page: https://www.hippostores.com/anchor-200mm-smart-air-ventilation-fan-white-model-13980wh/product/1000005316
2024-07-30 14:56:11,370 - INFO - Fetching product page: https://www.hippostores.com/anchor-150mm-smart-air-ventilation-fan-white-model-13979wh/product/1000005315
2024-07-30 14:56:15,587 - INFO - Fetching product page: https://www.hippostores.com/anchor-250mm-smart-air-ventilation-fan-white-model-13981wh/product/1000005317
2024-07-30 14:56:19,402 - INFO - Fetching product page: https://www.hippostores.com/kohler-hone-recessed-bath-shower-trim-22541in-4fp-af-valve-trim-diverter-trim-model-22541in-4fp-af/product/2000000958
2024-07-30 14:56:23,193 - INFO - Fetching product page: https://www.hippostores.com/schneider-ez9-db-8-way-spn-double-door-model-ez9esnd08/product/1000000717
2024-07-30 14:56:27,075 - INFO - Fetching product page: https://www.hippostores.com/tekson-12m-h-8x6-18g-gi-white-metal-box/product/1000005305
2024-07-30 14:56:31,090 - INFO - Fetching product page: https://www.hippostores.com/amogha-garden-incense-ingi0652ct-model-ingi0652ct/product/6500000041
2024-07-30 14:56:35,095 - INFO - Fetching product page: https://www.hippostores.com/shagun-jala-brush-telescopic-handle-5-ft-model-s-29/product/6500000161
2024-07-30 14:56:38,865 - INFO - Fetching product page: https://www.hippostores.com/shagun-cloth-brush-size-15-x-6-x-7-5-cm-model-s-83/product/6500000160
2024-07-30 14:56:42,609 - INFO - Fetching product page: https://www.hippostores.com/shagun-extendable-mop-handle-with-360-degree-movement-model-s-59/product/6500000169
2024-07-30 14:56:42,710 - INFO - Page 4 processed successfully
2024-07-30 14:56:42,710 - INFO - Fetching URL: https://www.hippostores.com/k-/productlist?sort=relevance&page=5
2024-07-30 14:56:50,569 - INFO - Fetching product page: https://www.hippostores.com/wembley-nitro-cellulose-table-top-clear-1ltr/product/4000000514
2024-07-30 14:56:54,481 - INFO - Fetching product page: https://www.hippostores.com/wembley-sanding-sealer-500ml/product/4000000513
2024-07-30 14:56:58,741 - INFO - Fetching product page: https://www.hippostores.com/wipro-garnet-alpha-7w-rd-led-panel-cool-day-light-model-dj20765/product/1000005169
2024-07-30 14:57:02,562 - INFO - Fetching product page: https://www.hippostores.com/wipro-garnet-linear-cob-10w-warm-white-model-dc71027/product/1000005163
2024-07-30 14:57:06,727 - INFO - Fetching product page: https://www.hippostores.com/wipro-garnet-ip65-6-5w-60led-strip-50m-warm-white-model-dl12827/product/1000005159
2024-07-30 14:57:10,596 - INFO - Fetching product page: https://www.hippostores.com/anchor-penta-uni-switch-socket-combo-with-box-20a-10a-240v-white-model-14310/product/1000003618
2024-07-30 14:57:14,763 - INFO - Fetching product page: https://www.hippostores.com/panasonic-led-panel-light-pc-round-10w-6500k-model-ppam22107/product/1000004065
2024-07-30 14:57:18,835 - INFO - Fetching product page: https://www.hippostores.com/panasonic-led-panel-light-pc-round-6w-3000k-model-ppam22063/product/1000004060
2024-07-30 14:57:22,930 - INFO - Fetching product page: https://www.hippostores.com/panasonic-led-rimless-surface-panel-light-round-12w-4000k-refresh-model-ppam16124r1/product/1000004094
2024-07-30 14:57:27,008 - INFO - Fetching product page: https://www.hippostores.com/panasonic-led-rimless-surface-panel-light-round-12w-6500k-refresh-model-ppam16127r1/product/1000004095
2024-07-30 14:57:30,894 - INFO - Fetching product page: https://www.hippostores.com/wembley-sanding-sealer-1ltr/product/4000000510
2024-07-30 14:57:35,264 - INFO - Fetching product page: https://www.hippostores.com/wembley-sanding-sealer-4ltr/product/4000000511
2024-07-30 14:57:39,227 - INFO - Fetching product page: https://www.hippostores.com/atom-lock-size-60mm-double-stage-locking-size-205mm-8-o-38-satin-black-with-o-lever-handles/product/6000003680
2024-07-30 14:57:43,608 - INFO - Fetching product page: https://www.hippostores.com/atom-lock-size-60mm-double-stage-locking-size-205mm-8-o-40-antique-with-osk-c-lever-handles/product/6000003684
2024-07-30 14:57:47,706 - INFO - Fetching product page: https://www.hippostores.com/archis-cabinet-handle-ah-606-096-ab-model-ah-606-096-ab/product/6000011158
2024-07-30 14:57:51,564 - INFO - Fetching product page: https://www.hippostores.com/atom-tb-002-6-inch-xylo-atom-antique-model-tb-002-6-antique/product/6000017017
2024-07-30 14:57:55,571 - INFO - Fetching product page: https://www.hippostores.com/atom-tb-002-4-inch-xylo-atom-antique-model-tb-002-4-antique/product/6000017016
2024-07-30 14:57:59,498 - INFO - Fetching product page: https://www.hippostores.com/atom-tb-002-6-inch-xylo-atom-ss-model-tb-002-6-ss/product/6000017010
2024-07-30 14:58:03,548 - INFO - Fetching product page: https://www.hippostores.com/atom-tb-002-8-inch-xylo-atom-antique-model-tb-002-8-antique/product/6000017018
2024-07-30 14:58:07,456 - INFO - Fetching product page: https://www.hippostores.com/atom-tb-002-4-inch-xylo-atom-ss-model-tb-002-4-ss/product/6000017009
2024-07-30 14:58:07,514 - INFO - Page 5 processed successfully
2024-07-30 14:58:07,514 - INFO - Fetching URL: https://www.hippostores.com/k-/productlist?sort=relevance&page=6
2024-07-30 14:58:14,788 - INFO - Fetching product page: https://www.hippostores.com/schneider-ez9-db-12-way-tpn-dd-model-ez9etnd12/product/1000000722
2024-07-30 14:58:18,842 - INFO - Fetching product page: https://www.hippostores.com/kohler-grid-drain-waste-coupling-w-o-overflow-45432in-af-model-45432in-af/product/2000000824
2024-07-30 14:58:22,894 - INFO - Fetching product page: https://www.hippostores.com/jaquar-wall-hung-wc-with-in-built-jet-uf-soft-sls-wht-6951jufsm-model-sls-wht-6951jufsm/product/2000003951
2024-07-30 14:58:26,809 - INFO - Fetching product page: https://www.hippostores.com/kohler-instafit-nxt-gen-mech-in-wall-tank-model-26353in-m-na/product/2000004673
2024-07-30 14:58:30,896 - INFO - Fetching product page: https://www.hippostores.com/goldmedal-i-strip-6x1-led-spike-guard-model-205101whit/product/1000002660
2024-07-30 14:58:34,706 - INFO - Fetching product page: https://www.hippostores.com/goldmedal-360-degree-power-strip-model-205100whit/product/1000002652
2024-07-30 14:58:38,714 - INFO - Fetching product page: https://www.hippostores.com/tekson-pvc-tape-mix-colors/product/1000004294
2024-07-30 14:58:43,034 - INFO - Fetching product page: https://www.hippostores.com/wipro-garnet-alpha-12w-rd-led-panel-natural-white-model-dj21240/product/1000005174
2024-07-30 14:58:46,992 - INFO - Fetching product page: https://www.hippostores.com/panasonic-led-panel-light-pc-round-15w-6500k-model-ppam22157/product/1000004068
2024-07-30 14:58:52,125 - INFO - Fetching product page: https://www.hippostores.com/norisys-square-6a-3-2pin-rd-socket-2m-white-model-ns7213-01/product/1000004186
2024-07-30 14:58:56,081 - INFO - Fetching product page: https://www.hippostores.com/panasonic-led-rimless-surface-panel-light-round-18w-4000k-refresh-model-ppam16184r1/product/1000004100
2024-07-30 14:59:00,182 - INFO - Fetching product page: https://www.hippostores.com/panasonic-led-spot-light-pc-2w-3000k-refresh-model-pspm01023r1/product/1000004054
2024-07-30 14:59:03,957 - INFO - Fetching product page: https://www.hippostores.com/goldmedal-g-focus-night-lamp-model-206169whit/product/1000002662
2024-07-30 14:59:07,884 - INFO - Fetching product page: https://www.hippostores.com/jaquar-towel-rack-600mm-long-with-lower-hangers-acn-chr-1181s-model-acn-chr-1181s/product/2000004216
2024-07-30 14:59:12,045 - INFO - Fetching product page: https://www.hippostores.com/goeka-eco-multi-angle-valve-ss-model-av-10/product/2000004309
2024-07-30 14:59:16,141 - INFO - Fetching product page: https://www.hippostores.com/goeka-eco-fusion-angle-valve-ss-model-av-11/product/2000004310
2024-07-30 14:59:20,175 - INFO - Fetching product page: https://www.hippostores.com/philips-marathon-rope-light-accessory-gen-2-model-929001957288-929002329054/product/1000003290
2024-07-30 14:59:24,130 - INFO - Fetching product page: https://www.hippostores.com/norisys-6a-universal-socket-square-graphite-gray-model-ns7213-23/product/1000003298
2024-07-30 14:59:27,994 - INFO - Fetching product page: https://www.hippostores.com/norisys-square-16a-socket-2m-shyne-square-model-ns7332-01/product/1000001027
2024-07-30 14:59:32,026 - INFO - Fetching product page: https://www.hippostores.com/wipro-2a-led-driver-model-h43520-hd1200/product/1000001259
2024-07-30 14:59:32,100 - INFO - Page 6 processed successfully
2024-07-30 14:59:32,100 - INFO - Fetching URL: https://www.hippostores.com/k-/productlist?sort=relevance&page=7
2024-07-30 14:59:40,089 - INFO - Fetching product page: https://www.hippostores.com/jaquar-sanitaryware-rimless-wall-hung-wc-with-uf-soft-close-cns-wht-963ufsm-model-cns-wht-963ufsm/product/2000003710
2024-07-30 14:59:44,163 - INFO - Fetching product page: https://www.hippostores.com/jaquar-single-lever-exposed-parts-kit-of-hi-flo-kup-chr-35079nkpm-model-kup-chr-35079nkpm/product/2000003947
2024-07-30 14:59:47,590 - INFO - Fetching product page: https://www.hippostores.com/jaquar-sink-mixer-w-m-with-extended-spout-flr-chr-5309nd-model-flr-chr-5309nd/product/2000003946
2024-07-30 14:59:51,729 - INFO - Fetching product page: https://www.hippostores.com/jaquar-sanitaryware-rimless-blind-installation-wall-hung-wc-ars-wht-39953biufsm-model-ars-wht-39953biufsm/product/2000003709
2024-07-30 14:59:55,454 - INFO - Fetching product page: https://www.hippostores.com/hafele-matrixbox-premium-soft-close-metallic-silver-35kg-nominal-length-500mm-model-513-24-905/product/6000013118
2024-07-30 14:59:59,464 - INFO - Fetching product page: https://www.hippostores.com/havells-flexion-ac-rope-strip-144led-20mtr-3000k-model-lhehbqp5tn6f130/product/1000006159
2024-07-30 15:00:03,706 - INFO - Fetching product page: https://www.hippostores.com/hettich-ka-4532-35-kg-silent-system-450-mm-model-9114275/product/6000001777
2024-07-30 15:00:07,604 - INFO - Fetching product page: https://www.hippostores.com/hettich-ka-4532-35-kg-silent-system-500-mm-model-9114276/product/6000001778
2024-07-30 15:00:11,379 - INFO - Fetching product page: https://www.hippostores.com/hettich-soft-close-sensys-8645i-hinge-for-15-24mm-thick-doors-opening-angle-110-9-5crank-model-9242923/product/6000001736
2024-07-30 15:00:15,267 - INFO - Fetching product page: https://www.hippostores.com/hettich-soft-close-onsys-4447i-hinge-for-14-25mm-thick-door-opening-angle-105-9-5crank-model-9281434/product/6000001739
2024-07-30 15:00:19,184 - INFO - Fetching product page: https://www.hippostores.com/hettich-ka-4532-35-kg-silent-system-300mm-model-9114271/product/6000001774
2024-07-30 15:00:23,337 - INFO - Fetching product page: https://www.hippostores.com/hettich-sl-16-fitting-set-model-9226025/product/6000001761
2024-07-30 15:00:27,488 - INFO - Fetching product page: https://www.hippostores.com/hettich-ka-5632-45-kg-zinc-black-500-mm-model-73281-9193319/product/6000001769
2024-07-30 15:00:31,337 - INFO - Fetching product page: https://www.hippostores.com/jaypee-plus-moondrops-liquid-soap-dispenser-375ml-model-8904121211388/product/6500000056
2024-07-30 15:00:35,712 - INFO - Fetching product page: https://www.hippostores.com/jaypee-plus-hangsmart-hanger-model-8904121209897/product/6500000054
2024-07-30 15:00:39,921 - INFO - Fetching product page: https://www.hippostores.com/jaypee-plus-optima-liquid-soap-dispenser-275ml-model-8904121215355/product/6500000057
2024-07-30 15:00:43,903 - INFO - Fetching product page: https://www.hippostores.com/shagun-grass-broom-425g-size-44-inch-model-khetan/product/6500000147
2024-07-30 15:00:47,644 - INFO - Fetching product page: https://www.hippostores.com/jaypee-plus-rib-padel-dustbin-small-model-8904121211920/product/6500000049
2024-07-30 15:00:51,445 - INFO - Fetching product page: https://www.hippostores.com/jaypee-plus-rib-padel-dustbin-large-model-8904121211937/product/6500000050
2024-07-30 15:00:55,539 - INFO - Fetching product page: https://www.hippostores.com/jaypee-plus-rib-lucent-bath-stool-model-8904121212118/product/6500000048
2024-07-30 15:00:55,647 - INFO - Page 7 processed successfully
2024-07-30 15:00:55,647 - INFO - Fetching URL: https://www.hippostores.com/k-/productlist?sort=relevance&page=8
2024-07-30 15:01:03,273 - INFO - Fetching product page: https://www.hippostores.com/jaypee-plus-rib-lucent-bath-tub-model-8904121212101/product/6500000047
2024-07-30 15:01:08,198 - INFO - Fetching product page: https://www.hippostores.com/jaypee-plus-laundry-basket-drop-all-65l-model-8904121205202/product/6500000051
2024-07-30 15:01:12,135 - INFO - Fetching product page: https://www.hippostores.com/jaypee-plus-laundry-basket-drop-all-45l-model-8904121206674/product/6500000052
2024-07-30 15:01:16,520 - INFO - Fetching product page: https://www.hippostores.com/jaypee-plus-rib-lucent-bucket-20l-model-8904121212415/product/6500000044
2024-07-30 15:01:20,334 - INFO - Fetching product page: https://www.hippostores.com/jaypee-plus-rib-lucent-bath-mug-1-5l-model-8904121212057/product/6500000045
2024-07-30 15:01:24,181 - INFO - Fetching product page: https://www.hippostores.com/anchor-round-plate-4-25-white-model-ca4rpwhn/product/1000001925
2024-07-30 15:01:26,197 - WARNING - Retrying (Retry(total=2, connect=None, read=None, redirect=None, status=None)) after connection broken by 'NewConnectionError('<urllib3.connection.HTTPConnection object at 0x75bbde1c5700>: Failed to establish a new connection: [Errno 111] Connection refused')': /session/3b084add-6d77-485e-9627-f3d7d42d809b
2024-07-30 15:01:26,198 - WARNING - Retrying (Retry(total=1, connect=None, read=None, redirect=None, status=None)) after connection broken by 'NewConnectionError('<urllib3.connection.HTTPConnection object at 0x75bbde1c4740>: Failed to establish a new connection: [Errno 111] Connection refused')': /session/3b084add-6d77-485e-9627-f3d7d42d809b
2024-07-30 15:01:26,198 - WARNING - Retrying (Retry(total=0, connect=None, read=None, redirect=None, status=None)) after connection broken by 'NewConnectionError('<urllib3.connection.HTTPConnection object at 0x75bbde1c5400>: Failed to establish a new connection: [Errno 111] Connection refused')': /session/3b084add-6d77-485e-9627-f3d7d42d809b
2024-07-30 15:01:26,207 - INFO - Finalized and closed WebDriver
