2024-07-29 10:13:41,105 - ERROR - Error processing page 1: module 'selenium.webdriver' has no attribute 'find_elements'
2024-07-29 10:13:45,808 - ERROR - Error processing page 2: module 'selenium.webdriver' has no attribute 'find_elements'
2024-07-29 10:13:50,003 - ERROR - Error processing page 3: module 'selenium.webdriver' has no attribute 'find_elements'
2024-07-29 10:13:54,851 - ERROR - Error processing page 4: module 'selenium.webdriver' has no attribute 'find_elements'
2024-07-29 10:13:59,174 - ERROR - Error processing page 5: module 'selenium.webdriver' has no attribute 'find_elements'
2024-07-29 10:14:02,888 - ERROR - Error processing page 6: module 'selenium.webdriver' has no attribute 'find_elements'
2024-07-29 10:14:05,251 - ERROR - Error processing page 7: module 'selenium.webdriver' has no attribute 'find_elements'
2024-07-29 10:14:07,535 - ERROR - Error processing page 8: module 'selenium.webdriver' has no attribute 'find_elements'
2024-07-29 10:14:10,064 - ERROR - Error processing page 9: module 'selenium.webdriver' has no attribute 'find_elements'
2024-07-29 10:14:12,689 - ERROR - Error processing page 10: module 'selenium.webdriver' has no attribute 'find_elements'
2024-07-29 10:14:16,716 - ERROR - Error processing page 11: module 'selenium.webdriver' has no attribute 'find_elements'
2024-07-29 10:14:21,137 - ERROR - Error processing page 12: module 'selenium.webdriver' has no attribute 'find_elements'
2024-07-29 10:14:25,092 - ERROR - Error processing page 13: module 'selenium.webdriver' has no attribute 'find_elements'
2024-07-29 10:14:29,085 - ERROR - Error processing page 14: module 'selenium.webdriver' has no attribute 'find_elements'
2024-07-29 10:14:33,024 - ERROR - Error processing page 15: module 'selenium.webdriver' has no attribute 'find_elements'
2024-07-29 10:14:37,556 - ERROR - Error processing page 16: module 'selenium.webdriver' has no attribute 'find_elements'
2024-07-29 10:14:41,829 - ERROR - Error processing page 17: module 'selenium.webdriver' has no attribute 'find_elements'
2024-07-29 10:14:45,352 - ERROR - Error processing page 18: module 'selenium.webdriver' has no attribute 'find_elements'
2024-07-29 10:14:48,703 - ERROR - Error processing page 19: module 'selenium.webdriver' has no attribute 'find_elements'
2024-07-29 10:14:52,296 - ERROR - Error processing page 20: module 'selenium.webdriver' has no attribute 'find_elements'
2024-07-29 10:15:18,209 - ERROR - Error processing page 21: module 'selenium.webdriver' has no attribute 'find_elements'
2024-07-29 10:15:18,605 - ERROR - Error processing page 22: Message: Browsing context has been discarded
Stacktrace:
RemoteError@chrome://remote/content/shared/RemoteError.sys.mjs:8:8
WebDriverError@chrome://remote/content/shared/webdriver/Errors.sys.mjs:193:5
NoSuchWindowError@chrome://remote/content/shared/webdriver/Errors.sys.mjs:679:5
assert.that/<@chrome://remote/content/shared/webdriver/Assert.sys.mjs:515:13
assert.open@chrome://remote/content/shared/webdriver/Assert.sys.mjs:147:4
GeckoDriver.prototype.navigateTo@chrome://remote/content/marionette/driver.sys.mjs:847:39
despatch@chrome://remote/content/marionette/server.sys.mjs:318:40
execute@chrome://remote/content/marionette/server.sys.mjs:289:16
onPacket/<@chrome://remote/content/marionette/server.sys.mjs:262:20
onPacket@chrome://remote/content/marionette/server.sys.mjs:263:9
_onJSONObjectReady/<@chrome://remote/content/marionette/transport.sys.mjs:494:20

2024-07-29 10:15:18,607 - ERROR - Error processing page 23: Message: WebDriver session does not exist, or is not active
Stacktrace:
RemoteError@chrome://remote/content/shared/RemoteError.sys.mjs:8:8
WebDriverError@chrome://remote/content/shared/webdriver/Errors.sys.mjs:193:5
InvalidSessionIDError@chrome://remote/content/shared/webdriver/Errors.sys.mjs:448:5
assert.that/<@chrome://remote/content/shared/webdriver/Assert.sys.mjs:515:13
assert.session@chrome://remote/content/shared/webdriver/Assert.sys.mjs:37:4
despatch@chrome://remote/content/marionette/server.sys.mjs:315:19
execute@chrome://remote/content/marionette/server.sys.mjs:289:16
onPacket/<@chrome://remote/content/marionette/server.sys.mjs:262:20
onPacket@chrome://remote/content/marionette/server.sys.mjs:263:9
_onJSONObjectReady/<@chrome://remote/content/marionette/transport.sys.mjs:494:20

2024-07-29 10:15:18,610 - ERROR - Error processing page 24: Message: WebDriver session does not exist, or is not active
Stacktrace:
RemoteError@chrome://remote/content/shared/RemoteError.sys.mjs:8:8
WebDriverError@chrome://remote/content/shared/webdriver/Errors.sys.mjs:193:5
InvalidSessionIDError@chrome://remote/content/shared/webdriver/Errors.sys.mjs:448:5
assert.that/<@chrome://remote/content/shared/webdriver/Assert.sys.mjs:515:13
assert.session@chrome://remote/content/shared/webdriver/Assert.sys.mjs:37:4
despatch@chrome://remote/content/marionette/server.sys.mjs:315:19
execute@chrome://remote/content/marionette/server.sys.mjs:289:16
onPacket/<@chrome://remote/content/marionette/server.sys.mjs:262:20
onPacket@chrome://remote/content/marionette/server.sys.mjs:263:9
_onJSONObjectReady/<@chrome://remote/content/marionette/transport.sys.mjs:494:20

2024-07-29 10:15:18,624 - ERROR - Error processing page 25: Message: Failed to decode response from marionette

2024-07-29 10:15:18,625 - ERROR - Error processing page 26: Message: Tried to run command without establishing a connection

2024-07-29 10:15:18,625 - ERROR - Error processing page 27: Message: Tried to run command without establishing a connection

2024-07-29 10:15:18,626 - ERROR - Error processing page 28: Message: Tried to run command without establishing a connection

2024-07-29 10:15:18,627 - ERROR - Error processing page 29: Message: Tried to run command without establishing a connection

2024-07-29 10:15:18,627 - ERROR - Error processing page 30: Message: Tried to run command without establishing a connection

2024-07-29 10:15:18,628 - ERROR - Error processing page 31: Message: Tried to run command without establishing a connection

2024-07-29 10:15:18,629 - ERROR - Error processing page 32: Message: Tried to run command without establishing a connection

2024-07-29 10:15:18,629 - ERROR - Error processing page 33: Message: Tried to run command without establishing a connection

2024-07-29 10:15:18,630 - ERROR - Error processing page 34: Message: Tried to run command without establishing a connection

2024-07-29 10:15:18,631 - ERROR - Error processing page 35: Message: Tried to run command without establishing a connection

2024-07-29 10:15:18,631 - ERROR - Error processing page 36: Message: Tried to run command without establishing a connection

2024-07-29 10:15:18,632 - ERROR - Error processing page 37: Message: Tried to run command without establishing a connection

2024-07-29 10:15:18,632 - ERROR - Error processing page 38: Message: Tried to run command without establishing a connection

2024-07-29 10:15:18,633 - ERROR - Error processing page 39: Message: Tried to run command without establishing a connection

2024-07-29 10:15:18,633 - ERROR - Error processing page 40: Message: Tried to run command without establishing a connection

2024-07-29 10:15:18,634 - ERROR - Error processing page 41: Message: Tried to run command without establishing a connection

2024-07-29 10:15:18,634 - ERROR - Error processing page 42: Message: Tried to run command without establishing a connection

2024-07-29 10:15:18,635 - ERROR - Error processing page 43: Message: Tried to run command without establishing a connection

2024-07-29 10:15:18,636 - ERROR - Error processing page 44: Message: Tried to run command without establishing a connection

2024-07-29 10:15:18,636 - ERROR - Error processing page 45: Message: Tried to run command without establishing a connection

2024-07-29 10:15:18,637 - ERROR - Error processing page 46: Message: Tried to run command without establishing a connection

2024-07-29 10:15:18,637 - ERROR - Error processing page 47: Message: Tried to run command without establishing a connection

2024-07-29 10:15:18,638 - ERROR - Error processing page 48: Message: Tried to run command without establishing a connection

2024-07-29 10:15:18,638 - ERROR - Error processing page 49: Message: Tried to run command without establishing a connection

2024-07-29 10:15:18,639 - ERROR - Error processing page 50: Message: Tried to run command without establishing a connection

2024-07-29 10:15:25,747 - ERROR - Error processing page 51: module 'selenium.webdriver' has no attribute 'find_elements'
2024-07-29 10:15:28,402 - ERROR - Error processing page 52: module 'selenium.webdriver' has no attribute 'find_elements'
2024-07-29 10:15:32,739 - ERROR - Error processing page 53: module 'selenium.webdriver' has no attribute 'find_elements'
2024-07-29 10:15:38,092 - ERROR - Error processing page 54: module 'selenium.webdriver' has no attribute 'find_elements'
2024-07-29 10:15:42,991 - ERROR - Error processing page 55: module 'selenium.webdriver' has no attribute 'find_elements'
2024-07-29 10:15:47,684 - ERROR - Error processing page 56: module 'selenium.webdriver' has no attribute 'find_elements'
2024-07-29 10:15:50,996 - ERROR - Error processing page 57: module 'selenium.webdriver' has no attribute 'find_elements'
2024-07-29 10:15:55,955 - ERROR - Error processing page 58: module 'selenium.webdriver' has no attribute 'find_elements'
2024-07-29 10:15:58,273 - ERROR - Error processing page 59: module 'selenium.webdriver' has no attribute 'find_elements'
2024-07-29 10:16:00,875 - ERROR - Error processing page 60: module 'selenium.webdriver' has no attribute 'find_elements'
2024-07-29 10:16:03,161 - ERROR - Error processing page 61: module 'selenium.webdriver' has no attribute 'find_elements'
2024-07-29 10:16:05,712 - ERROR - Error processing page 62: module 'selenium.webdriver' has no attribute 'find_elements'
2024-07-29 10:16:09,378 - ERROR - Error processing page 63: module 'selenium.webdriver' has no attribute 'find_elements'
2024-07-29 10:16:12,860 - ERROR - Error processing page 64: module 'selenium.webdriver' has no attribute 'find_elements'
2024-07-29 10:16:18,289 - ERROR - Error processing page 65: module 'selenium.webdriver' has no attribute 'find_elements'
2024-07-29 10:16:24,554 - ERROR - Error processing page 66: module 'selenium.webdriver' has no attribute 'find_elements'
2024-07-29 10:16:28,681 - ERROR - Error processing page 67: module 'selenium.webdriver' has no attribute 'find_elements'
2024-07-29 10:16:34,119 - ERROR - Error processing page 68: module 'selenium.webdriver' has no attribute 'find_elements'
2024-07-29 10:16:38,910 - ERROR - Error processing page 69: module 'selenium.webdriver' has no attribute 'find_elements'
2024-07-29 10:16:41,080 - ERROR - Error processing page 70: module 'selenium.webdriver' has no attribute 'find_elements'
2024-07-29 10:16:44,577 - ERROR - Error processing page 71: module 'selenium.webdriver' has no attribute 'find_elements'
2024-07-29 10:16:47,883 - ERROR - Error processing page 72: module 'selenium.webdriver' has no attribute 'find_elements'
2024-07-29 10:16:51,178 - ERROR - Error processing page 73: module 'selenium.webdriver' has no attribute 'find_elements'
2024-07-29 10:16:54,519 - ERROR - Error processing page 74: module 'selenium.webdriver' has no attribute 'find_elements'
2024-07-29 10:16:57,922 - ERROR - Error processing page 75: module 'selenium.webdriver' has no attribute 'find_elements'
2024-07-29 10:17:01,268 - ERROR - Error processing page 76: module 'selenium.webdriver' has no attribute 'find_elements'
2024-07-29 10:17:04,724 - ERROR - Error processing page 77: module 'selenium.webdriver' has no attribute 'find_elements'
2024-07-29 10:17:08,062 - ERROR - Error processing page 78: module 'selenium.webdriver' has no attribute 'find_elements'
2024-07-29 10:17:11,286 - ERROR - Error processing page 79: module 'selenium.webdriver' has no attribute 'find_elements'
2024-07-29 10:17:14,594 - ERROR - Error processing page 80: module 'selenium.webdriver' has no attribute 'find_elements'
2024-07-29 10:17:17,914 - ERROR - Error processing page 81: module 'selenium.webdriver' has no attribute 'find_elements'
2024-07-29 10:17:21,364 - ERROR - Error processing page 82: module 'selenium.webdriver' has no attribute 'find_elements'
2024-07-29 10:17:24,822 - ERROR - Error processing page 83: module 'selenium.webdriver' has no attribute 'find_elements'
2024-07-29 10:17:28,236 - ERROR - Error processing page 84: module 'selenium.webdriver' has no attribute 'find_elements'
2024-07-29 10:17:31,681 - ERROR - Error processing page 85: module 'selenium.webdriver' has no attribute 'find_elements'
2024-07-29 10:17:35,094 - ERROR - Error processing page 86: module 'selenium.webdriver' has no attribute 'find_elements'
2024-07-29 10:17:38,449 - ERROR - Error processing page 87: module 'selenium.webdriver' has no attribute 'find_elements'
2024-07-29 10:17:42,033 - ERROR - Error processing page 88: module 'selenium.webdriver' has no attribute 'find_elements'
2024-07-29 10:17:44,838 - ERROR - Error processing page 89: module 'selenium.webdriver' has no attribute 'find_elements'
2024-07-29 10:17:48,051 - ERROR - Error processing page 90: module 'selenium.webdriver' has no attribute 'find_elements'
2024-07-29 10:17:51,442 - ERROR - Error processing page 91: module 'selenium.webdriver' has no attribute 'find_elements'
2024-07-29 10:17:54,795 - ERROR - Error processing page 92: module 'selenium.webdriver' has no attribute 'find_elements'
2024-07-29 10:17:58,094 - ERROR - Error processing page 93: module 'selenium.webdriver' has no attribute 'find_elements'
2024-07-29 10:18:01,375 - ERROR - Error processing page 94: module 'selenium.webdriver' has no attribute 'find_elements'
2024-07-29 10:18:04,982 - ERROR - Error processing page 95: module 'selenium.webdriver' has no attribute 'find_elements'
2024-07-29 10:18:08,343 - ERROR - Error processing page 96: module 'selenium.webdriver' has no attribute 'find_elements'
2024-07-29 10:18:11,774 - ERROR - Error processing page 97: module 'selenium.webdriver' has no attribute 'find_elements'
2024-07-29 10:18:15,188 - ERROR - Error processing page 98: module 'selenium.webdriver' has no attribute 'find_elements'
2024-07-29 10:18:18,787 - ERROR - Error processing page 99: module 'selenium.webdriver' has no attribute 'find_elements'
2024-07-29 10:18:22,245 - ERROR - Error processing page 100: module 'selenium.webdriver' has no attribute 'find_elements'
2024-07-29 10:18:29,587 - ERROR - Error processing page 101: module 'selenium.webdriver' has no attribute 'find_elements'
2024-07-29 10:18:32,428 - ERROR - Error processing page 102: module 'selenium.webdriver' has no attribute 'find_elements'
2024-07-29 10:18:36,078 - ERROR - Error processing page 103: module 'selenium.webdriver' has no attribute 'find_elements'
2024-07-29 10:18:40,299 - ERROR - Error processing page 104: module 'selenium.webdriver' has no attribute 'find_elements'
2024-07-29 10:18:46,309 - ERROR - Error processing page 105: module 'selenium.webdriver' has no attribute 'find_elements'
2024-07-29 10:18:48,988 - ERROR - Error processing page 106: module 'selenium.webdriver' has no attribute 'find_elements'
2024-07-29 10:18:51,375 - ERROR - Error processing page 107: module 'selenium.webdriver' has no attribute 'find_elements'
2024-07-29 10:18:53,611 - ERROR - Error processing page 108: module 'selenium.webdriver' has no attribute 'find_elements'
2024-07-29 10:18:55,922 - ERROR - Error processing page 109: module 'selenium.webdriver' has no attribute 'find_elements'
2024-07-29 10:18:58,552 - ERROR - Error processing page 110: module 'selenium.webdriver' has no attribute 'find_elements'
2024-07-29 10:19:03,650 - ERROR - Error processing page 111: module 'selenium.webdriver' has no attribute 'find_elements'
2024-07-29 10:19:08,714 - ERROR - Error processing page 112: module 'selenium.webdriver' has no attribute 'find_elements'
2024-07-29 10:19:14,441 - ERROR - Error processing page 113: module 'selenium.webdriver' has no attribute 'find_elements'
2024-07-29 10:19:20,128 - ERROR - Error processing page 114: module 'selenium.webdriver' has no attribute 'find_elements'
2024-07-29 10:19:24,535 - ERROR - Error processing page 115: module 'selenium.webdriver' has no attribute 'find_elements'
2024-07-29 10:19:28,567 - ERROR - Error processing page 116: module 'selenium.webdriver' has no attribute 'find_elements'
2024-07-29 10:19:32,000 - ERROR - Error processing page 117: module 'selenium.webdriver' has no attribute 'find_elements'
2024-07-29 10:19:35,431 - ERROR - Error processing page 118: module 'selenium.webdriver' has no attribute 'find_elements'
2024-07-29 10:19:38,888 - ERROR - Error processing page 119: module 'selenium.webdriver' has no attribute 'find_elements'
2024-07-29 10:19:42,537 - ERROR - Error processing page 120: module 'selenium.webdriver' has no attribute 'find_elements'
2024-07-29 10:19:46,316 - ERROR - Error processing page 121: module 'selenium.webdriver' has no attribute 'find_elements'
2024-07-29 10:19:49,884 - ERROR - Error processing page 122: module 'selenium.webdriver' has no attribute 'find_elements'
2024-07-29 10:19:53,336 - ERROR - Error processing page 123: module 'selenium.webdriver' has no attribute 'find_elements'
2024-07-29 10:19:56,713 - ERROR - Error processing page 124: module 'selenium.webdriver' has no attribute 'find_elements'
2024-07-29 10:20:00,492 - ERROR - Error processing page 125: module 'selenium.webdriver' has no attribute 'find_elements'
2024-07-29 10:20:04,145 - ERROR - Error processing page 126: module 'selenium.webdriver' has no attribute 'find_elements'
2024-07-29 10:20:07,564 - ERROR - Error processing page 127: module 'selenium.webdriver' has no attribute 'find_elements'
2024-07-29 10:20:10,885 - ERROR - Error processing page 128: module 'selenium.webdriver' has no attribute 'find_elements'
2024-07-29 10:20:14,290 - ERROR - Error processing page 129: module 'selenium.webdriver' has no attribute 'find_elements'
2024-07-29 10:20:17,648 - ERROR - Error processing page 130: module 'selenium.webdriver' has no attribute 'find_elements'
2024-07-29 10:20:20,934 - ERROR - Error processing page 131: module 'selenium.webdriver' has no attribute 'find_elements'
2024-07-29 10:20:24,562 - ERROR - Error processing page 132: module 'selenium.webdriver' has no attribute 'find_elements'
2024-07-29 10:20:28,128 - ERROR - Error processing page 133: module 'selenium.webdriver' has no attribute 'find_elements'
2024-07-29 10:20:31,408 - ERROR - Error processing page 134: module 'selenium.webdriver' has no attribute 'find_elements'
2024-07-29 10:20:34,784 - ERROR - Error processing page 135: module 'selenium.webdriver' has no attribute 'find_elements'
2024-07-29 10:20:38,103 - ERROR - Error processing page 136: module 'selenium.webdriver' has no attribute 'find_elements'
2024-07-29 10:20:41,550 - ERROR - Error processing page 137: module 'selenium.webdriver' has no attribute 'find_elements'
2024-07-29 10:20:44,903 - ERROR - Error processing page 138: module 'selenium.webdriver' has no attribute 'find_elements'
2024-07-29 10:20:48,392 - ERROR - Error processing page 139: module 'selenium.webdriver' has no attribute 'find_elements'
2024-07-29 10:20:51,857 - ERROR - Error processing page 140: module 'selenium.webdriver' has no attribute 'find_elements'
2024-07-29 10:20:55,306 - ERROR - Error processing page 141: module 'selenium.webdriver' has no attribute 'find_elements'
2024-07-29 10:20:58,759 - ERROR - Error processing page 142: module 'selenium.webdriver' has no attribute 'find_elements'
2024-07-29 10:21:02,761 - ERROR - Error processing page 143: module 'selenium.webdriver' has no attribute 'find_elements'
2024-07-29 10:21:02,792 - ERROR - Error processing page 144: Message: Browsing context has been discarded
Stacktrace:
RemoteError@chrome://remote/content/shared/RemoteError.sys.mjs:8:8
WebDriverError@chrome://remote/content/shared/webdriver/Errors.sys.mjs:193:5
NoSuchWindowError@chrome://remote/content/shared/webdriver/Errors.sys.mjs:679:5
assert.that/<@chrome://remote/content/shared/webdriver/Assert.sys.mjs:515:13
assert.open@chrome://remote/content/shared/webdriver/Assert.sys.mjs:147:4
GeckoDriver.prototype.navigateTo@chrome://remote/content/marionette/driver.sys.mjs:847:39
despatch@chrome://remote/content/marionette/server.sys.mjs:318:40
execute@chrome://remote/content/marionette/server.sys.mjs:289:16
onPacket/<@chrome://remote/content/marionette/server.sys.mjs:262:20
onPacket@chrome://remote/content/marionette/server.sys.mjs:263:9
_onJSONObjectReady/<@chrome://remote/content/marionette/transport.sys.mjs:494:20

2024-07-29 10:21:02,794 - ERROR - Error processing page 145: Message: WebDriver session does not exist, or is not active
Stacktrace:
RemoteError@chrome://remote/content/shared/RemoteError.sys.mjs:8:8
WebDriverError@chrome://remote/content/shared/webdriver/Errors.sys.mjs:193:5
InvalidSessionIDError@chrome://remote/content/shared/webdriver/Errors.sys.mjs:448:5
assert.that/<@chrome://remote/content/shared/webdriver/Assert.sys.mjs:515:13
assert.session@chrome://remote/content/shared/webdriver/Assert.sys.mjs:37:4
despatch@chrome://remote/content/marionette/server.sys.mjs:315:19
execute@chrome://remote/content/marionette/server.sys.mjs:289:16
onPacket/<@chrome://remote/content/marionette/server.sys.mjs:262:20
onPacket@chrome://remote/content/marionette/server.sys.mjs:263:9
_onJSONObjectReady/<@chrome://remote/content/marionette/transport.sys.mjs:494:20

2024-07-29 10:21:02,796 - ERROR - Error processing page 146: Message: WebDriver session does not exist, or is not active
Stacktrace:
RemoteError@chrome://remote/content/shared/RemoteError.sys.mjs:8:8
WebDriverError@chrome://remote/content/shared/webdriver/Errors.sys.mjs:193:5
InvalidSessionIDError@chrome://remote/content/shared/webdriver/Errors.sys.mjs:448:5
assert.that/<@chrome://remote/content/shared/webdriver/Assert.sys.mjs:515:13
assert.session@chrome://remote/content/shared/webdriver/Assert.sys.mjs:37:4
despatch@chrome://remote/content/marionette/server.sys.mjs:315:19
execute@chrome://remote/content/marionette/server.sys.mjs:289:16
onPacket/<@chrome://remote/content/marionette/server.sys.mjs:262:20
onPacket@chrome://remote/content/marionette/server.sys.mjs:263:9
_onJSONObjectReady/<@chrome://remote/content/marionette/transport.sys.mjs:494:20

2024-07-29 10:21:02,799 - ERROR - Error processing page 147: Message: WebDriver session does not exist, or is not active
Stacktrace:
RemoteError@chrome://remote/content/shared/RemoteError.sys.mjs:8:8
WebDriverError@chrome://remote/content/shared/webdriver/Errors.sys.mjs:193:5
InvalidSessionIDError@chrome://remote/content/shared/webdriver/Errors.sys.mjs:448:5
assert.that/<@chrome://remote/content/shared/webdriver/Assert.sys.mjs:515:13
assert.session@chrome://remote/content/shared/webdriver/Assert.sys.mjs:37:4
despatch@chrome://remote/content/marionette/server.sys.mjs:315:19
execute@chrome://remote/content/marionette/server.sys.mjs:289:16
onPacket/<@chrome://remote/content/marionette/server.sys.mjs:262:20
onPacket@chrome://remote/content/marionette/server.sys.mjs:263:9
_onJSONObjectReady/<@chrome://remote/content/marionette/transport.sys.mjs:494:20

2024-07-29 10:21:02,826 - ERROR - Error processing page 148: Message: Failed to decode response from marionette

2024-07-29 10:21:02,827 - ERROR - Error processing page 149: Message: Tried to run command without establishing a connection

2024-07-29 10:21:02,827 - ERROR - Error processing page 150: Message: Tried to run command without establishing a connection

2024-07-29 10:21:05,979 - ERROR - Error processing page 151: module 'selenium.webdriver' has no attribute 'find_elements'
2024-07-29 10:21:06,006 - ERROR - Error processing page 152: Message: Browsing context has been discarded
Stacktrace:
RemoteError@chrome://remote/content/shared/RemoteError.sys.mjs:8:8
WebDriverError@chrome://remote/content/shared/webdriver/Errors.sys.mjs:193:5
NoSuchWindowError@chrome://remote/content/shared/webdriver/Errors.sys.mjs:679:5
assert.that/<@chrome://remote/content/shared/webdriver/Assert.sys.mjs:515:13
assert.open@chrome://remote/content/shared/webdriver/Assert.sys.mjs:147:4
GeckoDriver.prototype.navigateTo@chrome://remote/content/marionette/driver.sys.mjs:847:39
despatch@chrome://remote/content/marionette/server.sys.mjs:318:40
execute@chrome://remote/content/marionette/server.sys.mjs:289:16
onPacket/<@chrome://remote/content/marionette/server.sys.mjs:262:20
onPacket@chrome://remote/content/marionette/server.sys.mjs:263:9
_onJSONObjectReady/<@chrome://remote/content/marionette/transport.sys.mjs:494:20

2024-07-29 10:21:06,009 - ERROR - Error processing page 153: Message: WebDriver session does not exist, or is not active
Stacktrace:
RemoteError@chrome://remote/content/shared/RemoteError.sys.mjs:8:8
WebDriverError@chrome://remote/content/shared/webdriver/Errors.sys.mjs:193:5
InvalidSessionIDError@chrome://remote/content/shared/webdriver/Errors.sys.mjs:448:5
assert.that/<@chrome://remote/content/shared/webdriver/Assert.sys.mjs:515:13
assert.session@chrome://remote/content/shared/webdriver/Assert.sys.mjs:37:4
despatch@chrome://remote/content/marionette/server.sys.mjs:315:19
execute@chrome://remote/content/marionette/server.sys.mjs:289:16
onPacket/<@chrome://remote/content/marionette/server.sys.mjs:262:20
onPacket@chrome://remote/content/marionette/server.sys.mjs:263:9
_onJSONObjectReady/<@chrome://remote/content/marionette/transport.sys.mjs:494:20

2024-07-29 10:21:06,011 - ERROR - Error processing page 154: Message: Failed to decode response from marionette

2024-07-29 10:21:06,012 - ERROR - Error processing page 155: Message: Tried to run command without establishing a connection

2024-07-29 10:21:06,013 - ERROR - Error processing page 156: Message: Tried to run command without establishing a connection

2024-07-29 10:21:06,014 - ERROR - Error processing page 157: Message: Tried to run command without establishing a connection

2024-07-29 10:21:06,015 - ERROR - Error processing page 158: Message: Tried to run command without establishing a connection

2024-07-29 10:21:06,016 - ERROR - Error processing page 159: Message: Tried to run command without establishing a connection

2024-07-29 10:21:06,017 - ERROR - Error processing page 160: Message: Tried to run command without establishing a connection

2024-07-29 10:21:06,018 - ERROR - Error processing page 161: Message: Tried to run command without establishing a connection

2024-07-29 10:21:06,019 - ERROR - Error processing page 162: Message: Tried to run command without establishing a connection

2024-07-29 10:21:06,020 - ERROR - Error processing page 163: Message: Tried to run command without establishing a connection

2024-07-29 10:21:06,021 - ERROR - Error processing page 164: Message: Tried to run command without establishing a connection

2024-07-29 10:21:06,021 - ERROR - Error processing page 165: Message: Tried to run command without establishing a connection

2024-07-29 10:21:06,022 - ERROR - Error processing page 166: Message: Tried to run command without establishing a connection

2024-07-29 10:21:06,023 - ERROR - Error processing page 167: Message: Tried to run command without establishing a connection

2024-07-29 10:21:06,024 - ERROR - Error processing page 168: Message: Tried to run command without establishing a connection

2024-07-29 10:21:06,024 - ERROR - Error processing page 169: Message: Tried to run command without establishing a connection

2024-07-29 10:21:06,025 - ERROR - Error processing page 170: Message: Tried to run command without establishing a connection

2024-07-29 10:21:06,026 - ERROR - Error processing page 171: Message: Tried to run command without establishing a connection

2024-07-29 10:21:06,027 - ERROR - Error processing page 172: Message: Tried to run command without establishing a connection

2024-07-29 10:21:06,027 - ERROR - Error processing page 173: Message: Tried to run command without establishing a connection

2024-07-29 10:21:06,028 - ERROR - Error processing page 174: Message: Tried to run command without establishing a connection

2024-07-29 10:21:06,029 - ERROR - Error processing page 175: Message: Tried to run command without establishing a connection

2024-07-29 10:21:06,030 - ERROR - Error processing page 176: Message: Tried to run command without establishing a connection

2024-07-29 10:21:06,031 - ERROR - Error processing page 177: Message: Tried to run command without establishing a connection

2024-07-29 10:21:06,032 - ERROR - Error processing page 178: Message: Tried to run command without establishing a connection

2024-07-29 10:21:06,032 - ERROR - Error processing page 179: Message: Tried to run command without establishing a connection

2024-07-29 10:21:06,033 - ERROR - Error processing page 180: Message: Tried to run command without establishing a connection

2024-07-29 10:21:06,034 - ERROR - Error processing page 181: Message: Tried to run command without establishing a connection

2024-07-29 10:21:06,035 - ERROR - Error processing page 182: Message: Tried to run command without establishing a connection

2024-07-29 10:21:06,035 - ERROR - Error processing page 183: Message: Tried to run command without establishing a connection

2024-07-29 10:21:06,036 - ERROR - Error processing page 184: Message: Tried to run command without establishing a connection

2024-07-29 10:21:06,037 - ERROR - Error processing page 185: Message: Tried to run command without establishing a connection

2024-07-29 10:21:06,037 - ERROR - Error processing page 186: Message: Tried to run command without establishing a connection

2024-07-29 10:21:06,038 - ERROR - Error processing page 187: Message: Tried to run command without establishing a connection

2024-07-29 10:21:06,039 - ERROR - Error processing page 188: Message: Tried to run command without establishing a connection

2024-07-29 10:21:06,039 - ERROR - Error processing page 189: Message: Tried to run command without establishing a connection

2024-07-29 10:21:06,040 - ERROR - Error processing page 190: Message: Tried to run command without establishing a connection

2024-07-29 10:21:06,041 - ERROR - Error processing page 191: Message: Tried to run command without establishing a connection

2024-07-29 10:21:06,041 - ERROR - Error processing page 192: Message: Tried to run command without establishing a connection

2024-07-29 10:21:06,042 - ERROR - Error processing page 193: Message: Tried to run command without establishing a connection

2024-07-29 10:21:06,042 - ERROR - Error processing page 194: Message: Tried to run command without establishing a connection

2024-07-29 10:21:06,043 - ERROR - Error processing page 195: Message: Tried to run command without establishing a connection

2024-07-29 10:21:06,043 - ERROR - Error processing page 196: Message: Tried to run command without establishing a connection

2024-07-29 10:21:06,044 - ERROR - Error processing page 197: Message: Tried to run command without establishing a connection

2024-07-29 10:21:06,045 - ERROR - Error processing page 198: Message: Tried to run command without establishing a connection

2024-07-29 10:21:06,045 - ERROR - Error processing page 199: Message: Tried to run command without establishing a connection

2024-07-29 10:21:06,046 - ERROR - Error processing page 200: Message: Tried to run command without establishing a connection

2024-07-29 10:21:09,027 - ERROR - Error processing page 201: module 'selenium.webdriver' has no attribute 'find_elements'
2024-07-29 10:21:09,055 - ERROR - Error processing page 202: Message: Browsing context has been discarded
Stacktrace:
RemoteError@chrome://remote/content/shared/RemoteError.sys.mjs:8:8
WebDriverError@chrome://remote/content/shared/webdriver/Errors.sys.mjs:193:5
NoSuchWindowError@chrome://remote/content/shared/webdriver/Errors.sys.mjs:679:5
assert.that/<@chrome://remote/content/shared/webdriver/Assert.sys.mjs:515:13
assert.open@chrome://remote/content/shared/webdriver/Assert.sys.mjs:147:4
GeckoDriver.prototype.navigateTo@chrome://remote/content/marionette/driver.sys.mjs:847:39
despatch@chrome://remote/content/marionette/server.sys.mjs:318:40
execute@chrome://remote/content/marionette/server.sys.mjs:289:16
onPacket/<@chrome://remote/content/marionette/server.sys.mjs:262:20
onPacket@chrome://remote/content/marionette/server.sys.mjs:263:9
_onJSONObjectReady/<@chrome://remote/content/marionette/transport.sys.mjs:494:20

2024-07-29 10:21:09,057 - ERROR - Error processing page 203: Message: WebDriver session does not exist, or is not active
Stacktrace:
RemoteError@chrome://remote/content/shared/RemoteError.sys.mjs:8:8
WebDriverError@chrome://remote/content/shared/webdriver/Errors.sys.mjs:193:5
InvalidSessionIDError@chrome://remote/content/shared/webdriver/Errors.sys.mjs:448:5
assert.that/<@chrome://remote/content/shared/webdriver/Assert.sys.mjs:515:13
assert.session@chrome://remote/content/shared/webdriver/Assert.sys.mjs:37:4
despatch@chrome://remote/content/marionette/server.sys.mjs:315:19
execute@chrome://remote/content/marionette/server.sys.mjs:289:16
onPacket/<@chrome://remote/content/marionette/server.sys.mjs:262:20
onPacket@chrome://remote/content/marionette/server.sys.mjs:263:9
_onJSONObjectReady/<@chrome://remote/content/marionette/transport.sys.mjs:494:20

2024-07-29 10:21:09,059 - ERROR - Error processing page 204: Message: Failed to decode response from marionette

2024-07-29 10:21:09,060 - ERROR - Error processing page 205: Message: Tried to run command without establishing a connection

2024-07-29 10:21:09,061 - ERROR - Error processing page 206: Message: Tried to run command without establishing a connection

2024-07-29 10:21:09,062 - ERROR - Error processing page 207: Message: Tried to run command without establishing a connection

2024-07-29 10:21:09,063 - ERROR - Error processing page 208: Message: Tried to run command without establishing a connection

2024-07-29 10:21:09,063 - ERROR - Error processing page 209: Message: Tried to run command without establishing a connection

2024-07-29 10:21:09,064 - ERROR - Error processing page 210: Message: Tried to run command without establishing a connection

2024-07-29 10:21:09,065 - ERROR - Error processing page 211: Message: Tried to run command without establishing a connection

2024-07-29 10:21:09,066 - ERROR - Error processing page 212: Message: Tried to run command without establishing a connection

2024-07-29 10:21:09,067 - ERROR - Error processing page 213: Message: Tried to run command without establishing a connection

2024-07-29 10:21:09,068 - ERROR - Error processing page 214: Message: Tried to run command without establishing a connection

2024-07-29 10:21:09,068 - ERROR - Error processing page 215: Message: Tried to run command without establishing a connection

2024-07-29 10:21:09,069 - ERROR - Error processing page 216: Message: Tried to run command without establishing a connection

2024-07-29 10:21:09,070 - ERROR - Error processing page 217: Message: Tried to run command without establishing a connection

2024-07-29 10:21:09,071 - ERROR - Error processing page 218: Message: Tried to run command without establishing a connection

2024-07-29 10:21:09,071 - ERROR - Error processing page 219: Message: Tried to run command without establishing a connection

2024-07-29 10:21:09,072 - ERROR - Error processing page 220: Message: Tried to run command without establishing a connection

2024-07-29 10:21:09,072 - ERROR - Error processing page 221: Message: Tried to run command without establishing a connection

2024-07-29 10:21:09,073 - ERROR - Error processing page 222: Message: Tried to run command without establishing a connection

2024-07-29 10:21:09,073 - ERROR - Error processing page 223: Message: Tried to run command without establishing a connection

2024-07-29 10:21:09,074 - ERROR - Error processing page 224: Message: Tried to run command without establishing a connection

2024-07-29 10:21:09,075 - ERROR - Error processing page 225: Message: Tried to run command without establishing a connection

2024-07-29 10:21:09,075 - ERROR - Error processing page 226: Message: Tried to run command without establishing a connection

2024-07-29 10:21:09,076 - ERROR - Error processing page 227: Message: Tried to run command without establishing a connection

2024-07-29 10:21:09,076 - ERROR - Error processing page 228: Message: Tried to run command without establishing a connection

2024-07-29 10:21:09,077 - ERROR - Error processing page 229: Message: Tried to run command without establishing a connection

2024-07-29 10:21:09,077 - ERROR - Error processing page 230: Message: Tried to run command without establishing a connection

2024-07-29 10:21:09,078 - ERROR - Error processing page 231: Message: Tried to run command without establishing a connection

2024-07-29 10:21:09,079 - ERROR - Error processing page 232: Message: Tried to run command without establishing a connection

2024-07-29 10:21:09,079 - ERROR - Error processing page 233: Message: Tried to run command without establishing a connection

2024-07-29 10:21:09,080 - ERROR - Error processing page 234: Message: Tried to run command without establishing a connection

2024-07-29 10:21:09,080 - ERROR - Error processing page 235: Message: Tried to run command without establishing a connection

2024-07-29 10:21:09,081 - ERROR - Error processing page 236: Message: Tried to run command without establishing a connection

2024-07-29 10:21:09,081 - ERROR - Error processing page 237: Message: Tried to run command without establishing a connection

2024-07-29 10:21:09,082 - ERROR - Error processing page 238: Message: Tried to run command without establishing a connection

2024-07-29 10:21:09,082 - ERROR - Error processing page 239: Message: Tried to run command without establishing a connection

2024-07-29 10:21:09,083 - ERROR - Error processing page 240: Message: Tried to run command without establishing a connection

2024-07-29 10:21:09,084 - ERROR - Error processing page 241: Message: Tried to run command without establishing a connection

2024-07-29 10:21:09,084 - ERROR - Error processing page 242: Message: Tried to run command without establishing a connection

2024-07-29 10:21:09,085 - ERROR - Error processing page 243: Message: Tried to run command without establishing a connection

2024-07-29 10:21:09,085 - ERROR - Error processing page 244: Message: Tried to run command without establishing a connection

2024-07-29 10:21:09,086 - ERROR - Error processing page 245: Message: Tried to run command without establishing a connection

2024-07-29 10:21:09,086 - ERROR - Error processing page 246: Message: Tried to run command without establishing a connection

2024-07-29 10:21:09,087 - ERROR - Error processing page 247: Message: Tried to run command without establishing a connection

2024-07-29 10:21:09,087 - ERROR - Error processing page 248: Message: Tried to run command without establishing a connection

2024-07-29 10:21:09,088 - ERROR - Error processing page 249: Message: Tried to run command without establishing a connection

2024-07-29 10:21:09,089 - ERROR - Error processing page 250: Message: Tried to run command without establishing a connection

2024-07-29 10:21:11,302 - ERROR - Error processing page 251: module 'selenium.webdriver' has no attribute 'find_elements'
2024-07-29 10:21:11,327 - ERROR - Error processing page 252: Message: Browsing context has been discarded
Stacktrace:
RemoteError@chrome://remote/content/shared/RemoteError.sys.mjs:8:8
WebDriverError@chrome://remote/content/shared/webdriver/Errors.sys.mjs:193:5
NoSuchWindowError@chrome://remote/content/shared/webdriver/Errors.sys.mjs:679:5
assert.that/<@chrome://remote/content/shared/webdriver/Assert.sys.mjs:515:13
assert.open@chrome://remote/content/shared/webdriver/Assert.sys.mjs:147:4
GeckoDriver.prototype.navigateTo@chrome://remote/content/marionette/driver.sys.mjs:847:39
despatch@chrome://remote/content/marionette/server.sys.mjs:318:40
execute@chrome://remote/content/marionette/server.sys.mjs:289:16
onPacket/<@chrome://remote/content/marionette/server.sys.mjs:262:20
onPacket@chrome://remote/content/marionette/server.sys.mjs:263:9
_onJSONObjectReady/<@chrome://remote/content/marionette/transport.sys.mjs:494:20

2024-07-29 10:21:11,328 - ERROR - Error processing page 253: Message: WebDriver session does not exist, or is not active
Stacktrace:
RemoteError@chrome://remote/content/shared/RemoteError.sys.mjs:8:8
WebDriverError@chrome://remote/content/shared/webdriver/Errors.sys.mjs:193:5
InvalidSessionIDError@chrome://remote/content/shared/webdriver/Errors.sys.mjs:448:5
assert.that/<@chrome://remote/content/shared/webdriver/Assert.sys.mjs:515:13
assert.session@chrome://remote/content/shared/webdriver/Assert.sys.mjs:37:4
despatch@chrome://remote/content/marionette/server.sys.mjs:315:19
execute@chrome://remote/content/marionette/server.sys.mjs:289:16
onPacket/<@chrome://remote/content/marionette/server.sys.mjs:262:20
onPacket@chrome://remote/content/marionette/server.sys.mjs:263:9
_onJSONObjectReady/<@chrome://remote/content/marionette/transport.sys.mjs:494:20

2024-07-29 10:21:11,330 - ERROR - Error processing page 254: Message: WebDriver session does not exist, or is not active
Stacktrace:
RemoteError@chrome://remote/content/shared/RemoteError.sys.mjs:8:8
WebDriverError@chrome://remote/content/shared/webdriver/Errors.sys.mjs:193:5
InvalidSessionIDError@chrome://remote/content/shared/webdriver/Errors.sys.mjs:448:5
assert.that/<@chrome://remote/content/shared/webdriver/Assert.sys.mjs:515:13
assert.session@chrome://remote/content/shared/webdriver/Assert.sys.mjs:37:4
despatch@chrome://remote/content/marionette/server.sys.mjs:315:19
execute@chrome://remote/content/marionette/server.sys.mjs:289:16
onPacket/<@chrome://remote/content/marionette/server.sys.mjs:262:20
onPacket@chrome://remote/content/marionette/server.sys.mjs:263:9
_onJSONObjectReady/<@chrome://remote/content/marionette/transport.sys.mjs:494:20

2024-07-29 10:21:11,332 - ERROR - Error processing page 255: Message: Failed to decode response from marionette

2024-07-29 10:21:11,333 - ERROR - Error processing page 256: Message: Tried to run command without establishing a connection

2024-07-29 10:21:11,333 - ERROR - Error processing page 257: Message: Tried to run command without establishing a connection

2024-07-29 10:21:11,334 - ERROR - Error processing page 258: Message: Tried to run command without establishing a connection

2024-07-29 10:21:11,335 - ERROR - Error processing page 259: Message: Tried to run command without establishing a connection

2024-07-29 10:21:11,335 - ERROR - Error processing page 260: Message: Tried to run command without establishing a connection

2024-07-29 10:21:11,336 - ERROR - Error processing page 261: Message: Tried to run command without establishing a connection

2024-07-29 10:21:11,336 - ERROR - Error processing page 262: Message: Tried to run command without establishing a connection

2024-07-29 10:21:11,337 - ERROR - Error processing page 263: Message: Tried to run command without establishing a connection

2024-07-29 10:21:11,338 - ERROR - Error processing page 264: Message: Tried to run command without establishing a connection

2024-07-29 10:21:11,338 - ERROR - Error processing page 265: Message: Tried to run command without establishing a connection

2024-07-29 10:21:11,339 - ERROR - Error processing page 266: Message: Tried to run command without establishing a connection

2024-07-29 10:21:11,339 - ERROR - Error processing page 267: Message: Tried to run command without establishing a connection

2024-07-29 10:21:11,340 - ERROR - Error processing page 268: Message: Tried to run command without establishing a connection

2024-07-29 10:21:11,341 - ERROR - Error processing page 269: Message: Tried to run command without establishing a connection

2024-07-29 10:21:11,342 - ERROR - Error processing page 270: Message: Tried to run command without establishing a connection

2024-07-29 10:21:11,342 - ERROR - Error processing page 271: Message: Tried to run command without establishing a connection

2024-07-29 10:21:11,343 - ERROR - Error processing page 272: Message: Tried to run command without establishing a connection

2024-07-29 10:21:11,343 - ERROR - Error processing page 273: Message: Tried to run command without establishing a connection

2024-07-29 10:21:11,344 - ERROR - Error processing page 274: Message: Tried to run command without establishing a connection

2024-07-29 10:21:11,345 - ERROR - Error processing page 275: Message: Tried to run command without establishing a connection

2024-07-29 10:21:11,345 - ERROR - Error processing page 276: Message: Tried to run command without establishing a connection

2024-07-29 10:21:11,346 - ERROR - Error processing page 277: Message: Tried to run command without establishing a connection

2024-07-29 10:21:11,346 - ERROR - Error processing page 278: Message: Tried to run command without establishing a connection

2024-07-29 10:21:11,347 - ERROR - Error processing page 279: Message: Tried to run command without establishing a connection

2024-07-29 10:21:11,347 - ERROR - Error processing page 280: Message: Tried to run command without establishing a connection

2024-07-29 10:21:11,348 - ERROR - Error processing page 281: Message: Tried to run command without establishing a connection

2024-07-29 10:21:11,348 - ERROR - Error processing page 282: Message: Tried to run command without establishing a connection

2024-07-29 10:21:11,349 - ERROR - Error processing page 283: Message: Tried to run command without establishing a connection

2024-07-29 10:21:11,349 - ERROR - Error processing page 284: Message: Tried to run command without establishing a connection

2024-07-29 10:21:11,350 - ERROR - Error processing page 285: Message: Tried to run command without establishing a connection

2024-07-29 10:21:11,350 - ERROR - Error processing page 286: Message: Tried to run command without establishing a connection

2024-07-29 10:21:11,351 - ERROR - Error processing page 287: Message: Tried to run command without establishing a connection

2024-07-29 10:21:11,351 - ERROR - Error processing page 288: Message: Tried to run command without establishing a connection

2024-07-29 10:21:11,352 - ERROR - Error processing page 289: Message: Tried to run command without establishing a connection

2024-07-29 10:21:11,353 - ERROR - Error processing page 290: Message: Tried to run command without establishing a connection

2024-07-29 10:21:11,353 - ERROR - Error processing page 291: Message: Tried to run command without establishing a connection

2024-07-29 10:21:11,354 - ERROR - Error processing page 292: Message: Tried to run command without establishing a connection

2024-07-29 10:21:11,354 - ERROR - Error processing page 293: Message: Tried to run command without establishing a connection

2024-07-29 10:21:11,355 - ERROR - Error processing page 294: Message: Tried to run command without establishing a connection

2024-07-29 10:21:11,355 - ERROR - Error processing page 295: Message: Tried to run command without establishing a connection

2024-07-29 10:21:11,356 - ERROR - Error processing page 296: Message: Tried to run command without establishing a connection

2024-07-29 10:21:11,356 - ERROR - Error processing page 297: Message: Tried to run command without establishing a connection

2024-07-29 10:21:11,357 - ERROR - Error processing page 298: Message: Tried to run command without establishing a connection

2024-07-29 10:21:11,358 - ERROR - Error processing page 299: Message: Tried to run command without establishing a connection

2024-07-29 10:21:11,358 - ERROR - Error processing page 300: Message: Tried to run command without establishing a connection

