2024-07-29 09:33:33,838 - ERROR - Error processing product: Message: 
Stacktrace:
RemoteError@chrome://remote/content/shared/RemoteError.sys.mjs:8:8
WebDriverError@chrome://remote/content/shared/webdriver/Errors.sys.mjs:193:5
NoSuchElementError@chrome://remote/content/shared/webdriver/Errors.sys.mjs:511:5
dom.find/</<@chrome://remote/content/shared/DOM.sys.mjs:136:16

2024-07-29 09:37:37,766 - ERROR - Error processing product: Message: 
Stacktrace:
RemoteError@chrome://remote/content/shared/RemoteError.sys.mjs:8:8
WebDriverError@chrome://remote/content/shared/webdriver/Errors.sys.mjs:193:5
NoSuchElementError@chrome://remote/content/shared/webdriver/Errors.sys.mjs:511:5
dom.find/</<@chrome://remote/content/shared/DOM.sys.mjs:136:16

2024-07-29 10:00:18,288 - ERROR - Error processing product: Message: Browsing context has been discarded
Stacktrace:
RemoteError@chrome://remote/content/shared/RemoteError.sys.mjs:8:8
WebDriverError@chrome://remote/content/shared/webdriver/Errors.sys.mjs:193:5
NoSuchWindowError@chrome://remote/content/shared/webdriver/Errors.sys.mjs:679:5
assert.that/<@chrome://remote/content/shared/webdriver/Assert.sys.mjs:515:13
assert.open@chrome://remote/content/shared/webdriver/Assert.sys.mjs:147:4
GeckoDriver.prototype.findElement@chrome://remote/content/marionette/driver.sys.mjs:1515:15
despatch@chrome://remote/content/marionette/server.sys.mjs:318:40
execute@chrome://remote/content/marionette/server.sys.mjs:289:16
onPacket/<@chrome://remote/content/marionette/server.sys.mjs:262:20
onPacket@chrome://remote/content/marionette/server.sys.mjs:263:9
_onJSONObjectReady/<@chrome://remote/content/marionette/transport.sys.mjs:494:20

2024-07-29 10:00:18,294 - ERROR - Error processing product: Message: WebDriver session does not exist, or is not active
Stacktrace:
RemoteError@chrome://remote/content/shared/RemoteError.sys.mjs:8:8
WebDriverError@chrome://remote/content/shared/webdriver/Errors.sys.mjs:193:5
InvalidSessionIDError@chrome://remote/content/shared/webdriver/Errors.sys.mjs:448:5
assert.that/<@chrome://remote/content/shared/webdriver/Assert.sys.mjs:515:13
assert.session@chrome://remote/content/shared/webdriver/Assert.sys.mjs:37:4
despatch@chrome://remote/content/marionette/server.sys.mjs:315:19
execute@chrome://remote/content/marionette/server.sys.mjs:289:16
onPacket/<@chrome://remote/content/marionette/server.sys.mjs:262:20
onPacket@chrome://remote/content/marionette/server.sys.mjs:263:9
_onJSONObjectReady/<@chrome://remote/content/marionette/transport.sys.mjs:494:20

2024-07-29 10:00:18,297 - ERROR - Error processing product: Message: WebDriver session does not exist, or is not active
Stacktrace:
RemoteError@chrome://remote/content/shared/RemoteError.sys.mjs:8:8
WebDriverError@chrome://remote/content/shared/webdriver/Errors.sys.mjs:193:5
InvalidSessionIDError@chrome://remote/content/shared/webdriver/Errors.sys.mjs:448:5
assert.that/<@chrome://remote/content/shared/webdriver/Assert.sys.mjs:515:13
assert.session@chrome://remote/content/shared/webdriver/Assert.sys.mjs:37:4
despatch@chrome://remote/content/marionette/server.sys.mjs:315:19
execute@chrome://remote/content/marionette/server.sys.mjs:289:16
onPacket/<@chrome://remote/content/marionette/server.sys.mjs:262:20
onPacket@chrome://remote/content/marionette/server.sys.mjs:263:9
_onJSONObjectReady/<@chrome://remote/content/marionette/transport.sys.mjs:494:20

2024-07-29 10:00:18,404 - ERROR - Error processing product: Message: Failed to decode response from marionette

2024-07-29 10:00:18,405 - ERROR - Error processing product: Message: Tried to run command without establishing a connection

2024-07-29 10:00:18,406 - ERROR - Error processing product: Message: Tried to run command without establishing a connection

2024-07-29 10:00:18,407 - ERROR - Error processing product: Message: Tried to run command without establishing a connection

2024-07-29 10:00:18,408 - ERROR - Error processing product: Message: Tried to run command without establishing a connection

2024-07-29 10:00:18,409 - ERROR - Error processing product: Message: Tried to run command without establishing a connection

2024-07-29 10:00:18,410 - ERROR - Error processing product: Message: Tried to run command without establishing a connection

2024-07-29 10:00:18,411 - ERROR - Error processing product: Message: Tried to run command without establishing a connection

2024-07-29 10:00:18,412 - ERROR - Error processing product: Message: Tried to run command without establishing a connection

2024-07-29 10:00:18,413 - ERROR - Error processing product: Message: Tried to run command without establishing a connection

2024-07-29 10:00:18,414 - ERROR - Error processing product: Message: Tried to run command without establishing a connection

2024-07-29 10:00:18,415 - ERROR - Error processing page 25: Message: Tried to run command without establishing a connection

2024-07-29 10:00:18,416 - ERROR - Error processing page 26: Message: Tried to run command without establishing a connection

2024-07-29 10:00:18,416 - ERROR - Error processing page 27: Message: Tried to run command without establishing a connection

2024-07-29 10:00:18,417 - ERROR - Error processing page 28: Message: Tried to run command without establishing a connection

2024-07-29 10:00:18,418 - ERROR - Error processing page 29: Message: Tried to run command without establishing a connection

2024-07-29 10:00:18,419 - ERROR - Error processing page 30: Message: Tried to run command without establishing a connection

2024-07-29 10:00:18,419 - ERROR - Error processing page 31: Message: Tried to run command without establishing a connection

2024-07-29 10:00:18,420 - ERROR - Error processing page 32: Message: Tried to run command without establishing a connection

2024-07-29 10:00:18,421 - ERROR - Error processing page 33: Message: Tried to run command without establishing a connection

2024-07-29 10:00:18,421 - ERROR - Error processing page 34: Message: Tried to run command without establishing a connection

2024-07-29 10:00:18,422 - ERROR - Error processing page 35: Message: Tried to run command without establishing a connection

2024-07-29 10:00:18,423 - ERROR - Error processing page 36: Message: Tried to run command without establishing a connection

2024-07-29 10:00:18,423 - ERROR - Error processing page 37: Message: Tried to run command without establishing a connection

2024-07-29 10:00:18,424 - ERROR - Error processing page 38: Message: Tried to run command without establishing a connection

2024-07-29 10:00:18,425 - ERROR - Error processing page 39: Message: Tried to run command without establishing a connection

2024-07-29 10:00:18,425 - ERROR - Error processing page 40: Message: Tried to run command without establishing a connection

2024-07-29 10:00:18,426 - ERROR - Error processing page 41: Message: Tried to run command without establishing a connection

2024-07-29 10:00:18,427 - ERROR - Error processing page 42: Message: Tried to run command without establishing a connection

2024-07-29 10:00:18,427 - ERROR - Error processing page 43: Message: Tried to run command without establishing a connection

2024-07-29 10:00:18,428 - ERROR - Error processing page 44: Message: Tried to run command without establishing a connection

2024-07-29 10:00:18,429 - ERROR - Error processing page 45: Message: Tried to run command without establishing a connection

2024-07-29 10:00:18,430 - ERROR - Error processing page 46: Message: Tried to run command without establishing a connection

2024-07-29 10:00:18,430 - ERROR - Error processing page 47: Message: Tried to run command without establishing a connection

2024-07-29 10:00:18,431 - ERROR - Error processing page 48: Message: Tried to run command without establishing a connection

2024-07-29 10:00:18,432 - ERROR - Error processing page 49: Message: Tried to run command without establishing a connection

2024-07-29 10:00:18,432 - ERROR - Error processing page 50: Message: Tried to run command without establishing a connection

2024-07-29 10:00:18,433 - ERROR - Error processing page 51: Message: Tried to run command without establishing a connection

2024-07-29 10:00:18,433 - ERROR - Error processing page 52: Message: Tried to run command without establishing a connection

2024-07-29 10:00:18,434 - ERROR - Error processing page 53: Message: Tried to run command without establishing a connection

2024-07-29 10:00:18,435 - ERROR - Error processing page 54: Message: Tried to run command without establishing a connection

2024-07-29 10:00:18,435 - ERROR - Error processing page 55: Message: Tried to run command without establishing a connection

2024-07-29 10:00:18,436 - ERROR - Error processing page 56: Message: Tried to run command without establishing a connection

2024-07-29 10:00:18,436 - ERROR - Error processing page 57: Message: Tried to run command without establishing a connection

2024-07-29 10:00:18,437 - ERROR - Error processing page 58: Message: Tried to run command without establishing a connection

2024-07-29 10:00:18,438 - ERROR - Error processing page 59: Message: Tried to run command without establishing a connection

2024-07-29 10:00:18,438 - ERROR - Error processing page 60: Message: Tried to run command without establishing a connection

2024-07-29 10:00:18,439 - ERROR - Error processing page 61: Message: Tried to run command without establishing a connection

2024-07-29 10:00:18,440 - ERROR - Error processing page 62: Message: Tried to run command without establishing a connection

2024-07-29 10:00:18,440 - ERROR - Error processing page 63: Message: Tried to run command without establishing a connection

2024-07-29 10:00:18,441 - ERROR - Error processing page 64: Message: Tried to run command without establishing a connection

2024-07-29 10:00:18,444 - ERROR - Error processing page 65: Message: Tried to run command without establishing a connection

2024-07-29 10:00:18,445 - ERROR - Error processing page 66: Message: Tried to run command without establishing a connection

2024-07-29 10:00:18,445 - ERROR - Error processing page 67: Message: Tried to run command without establishing a connection

2024-07-29 10:00:18,446 - ERROR - Error processing page 68: Message: Tried to run command without establishing a connection

2024-07-29 10:00:18,447 - ERROR - Error processing page 69: Message: Tried to run command without establishing a connection

2024-07-29 10:00:18,448 - ERROR - Error processing page 70: Message: Tried to run command without establishing a connection

2024-07-29 10:00:18,448 - ERROR - Error processing page 71: Message: Tried to run command without establishing a connection

2024-07-29 10:00:18,449 - ERROR - Error processing page 72: Message: Tried to run command without establishing a connection

2024-07-29 10:00:18,450 - ERROR - Error processing page 73: Message: Tried to run command without establishing a connection

2024-07-29 10:00:18,450 - ERROR - Error processing page 74: Message: Tried to run command without establishing a connection

2024-07-29 10:00:18,451 - ERROR - Error processing page 75: Message: Tried to run command without establishing a connection

2024-07-29 10:00:18,451 - ERROR - Error processing page 76: Message: Tried to run command without establishing a connection

2024-07-29 10:00:18,452 - ERROR - Error processing page 77: Message: Tried to run command without establishing a connection

2024-07-29 10:00:18,452 - ERROR - Error processing page 78: Message: Tried to run command without establishing a connection

2024-07-29 10:00:18,453 - ERROR - Error processing page 79: Message: Tried to run command without establishing a connection

2024-07-29 10:00:18,454 - ERROR - Error processing page 80: Message: Tried to run command without establishing a connection

2024-07-29 10:00:18,455 - ERROR - Error processing page 81: Message: Tried to run command without establishing a connection

2024-07-29 10:00:18,455 - ERROR - Error processing page 82: Message: Tried to run command without establishing a connection

2024-07-29 10:00:18,456 - ERROR - Error processing page 83: Message: Tried to run command without establishing a connection

2024-07-29 10:00:18,456 - ERROR - Error processing page 84: Message: Tried to run command without establishing a connection

2024-07-29 10:00:18,457 - ERROR - Error processing page 85: Message: Tried to run command without establishing a connection

2024-07-29 10:00:18,458 - ERROR - Error processing page 86: Message: Tried to run command without establishing a connection

2024-07-29 10:00:18,459 - ERROR - Error processing page 87: Message: Tried to run command without establishing a connection

2024-07-29 10:00:18,459 - ERROR - Error processing page 88: Message: Tried to run command without establishing a connection

2024-07-29 10:00:18,460 - ERROR - Error processing page 89: Message: Tried to run command without establishing a connection

2024-07-29 10:00:18,460 - ERROR - Error processing page 90: Message: Tried to run command without establishing a connection

2024-07-29 10:00:18,461 - ERROR - Error processing page 91: Message: Tried to run command without establishing a connection

2024-07-29 10:00:18,461 - ERROR - Error processing page 92: Message: Tried to run command without establishing a connection

2024-07-29 10:00:18,462 - ERROR - Error processing page 93: Message: Tried to run command without establishing a connection

2024-07-29 10:00:18,463 - ERROR - Error processing page 94: Message: Tried to run command without establishing a connection

2024-07-29 10:00:18,463 - ERROR - Error processing page 95: Message: Tried to run command without establishing a connection

2024-07-29 10:00:18,464 - ERROR - Error processing page 96: Message: Tried to run command without establishing a connection

2024-07-29 10:00:18,464 - ERROR - Error processing page 97: Message: Tried to run command without establishing a connection

2024-07-29 10:00:18,465 - ERROR - Error processing page 98: Message: Tried to run command without establishing a connection

2024-07-29 10:00:18,465 - ERROR - Error processing page 99: Message: Tried to run command without establishing a connection

2024-07-29 10:00:18,466 - ERROR - Error processing page 100: Message: Tried to run command without establishing a connection

2024-07-29 10:00:18,466 - ERROR - Error processing page 101: Message: Tried to run command without establishing a connection

2024-07-29 10:00:18,467 - ERROR - Error processing page 102: Message: Tried to run command without establishing a connection

2024-07-29 10:00:18,467 - ERROR - Error processing page 103: Message: Tried to run command without establishing a connection

2024-07-29 10:00:18,468 - ERROR - Error processing page 104: Message: Tried to run command without establishing a connection

2024-07-29 10:00:18,468 - ERROR - Error processing page 105: Message: Tried to run command without establishing a connection

2024-07-29 10:00:18,469 - ERROR - Error processing page 106: Message: Tried to run command without establishing a connection

2024-07-29 10:00:18,469 - ERROR - Error processing page 107: Message: Tried to run command without establishing a connection

2024-07-29 10:00:18,470 - ERROR - Error processing page 108: Message: Tried to run command without establishing a connection

2024-07-29 10:00:18,470 - ERROR - Error processing page 109: Message: Tried to run command without establishing a connection

2024-07-29 10:00:18,471 - ERROR - Error processing page 110: Message: Tried to run command without establishing a connection

2024-07-29 10:00:18,471 - ERROR - Error processing page 111: Message: Tried to run command without establishing a connection

2024-07-29 10:00:18,472 - ERROR - Error processing page 112: Message: Tried to run command without establishing a connection

2024-07-29 10:00:18,472 - ERROR - Error processing page 113: Message: Tried to run command without establishing a connection

2024-07-29 10:00:18,473 - ERROR - Error processing page 114: Message: Tried to run command without establishing a connection

2024-07-29 10:00:18,474 - ERROR - Error processing page 115: Message: Tried to run command without establishing a connection

2024-07-29 10:00:18,474 - ERROR - Error processing page 116: Message: Tried to run command without establishing a connection

2024-07-29 10:00:18,475 - ERROR - Error processing page 117: Message: Tried to run command without establishing a connection

2024-07-29 10:00:18,475 - ERROR - Error processing page 118: Message: Tried to run command without establishing a connection

2024-07-29 10:00:18,476 - ERROR - Error processing page 119: Message: Tried to run command without establishing a connection

2024-07-29 10:00:18,476 - ERROR - Error processing page 120: Message: Tried to run command without establishing a connection

2024-07-29 10:00:18,477 - ERROR - Error processing page 121: Message: Tried to run command without establishing a connection

2024-07-29 10:00:18,477 - ERROR - Error processing page 122: Message: Tried to run command without establishing a connection

2024-07-29 10:00:18,478 - ERROR - Error processing page 123: Message: Tried to run command without establishing a connection

2024-07-29 10:00:18,478 - ERROR - Error processing page 124: Message: Tried to run command without establishing a connection

2024-07-29 10:00:18,479 - ERROR - Error processing page 125: Message: Tried to run command without establishing a connection

2024-07-29 10:00:18,479 - ERROR - Error processing page 126: Message: Tried to run command without establishing a connection

2024-07-29 10:00:18,480 - ERROR - Error processing page 127: Message: Tried to run command without establishing a connection

2024-07-29 10:00:18,480 - ERROR - Error processing page 128: Message: Tried to run command without establishing a connection

2024-07-29 10:00:18,481 - ERROR - Error processing page 129: Message: Tried to run command without establishing a connection

2024-07-29 10:00:18,481 - ERROR - Error processing page 130: Message: Tried to run command without establishing a connection

2024-07-29 10:00:18,482 - ERROR - Error processing page 131: Message: Tried to run command without establishing a connection

2024-07-29 10:00:18,482 - ERROR - Error processing page 132: Message: Tried to run command without establishing a connection

2024-07-29 10:00:18,483 - ERROR - Error processing page 133: Message: Tried to run command without establishing a connection

2024-07-29 10:00:18,483 - ERROR - Error processing page 134: Message: Tried to run command without establishing a connection

2024-07-29 10:00:18,484 - ERROR - Error processing page 135: Message: Tried to run command without establishing a connection

2024-07-29 10:00:18,484 - ERROR - Error processing page 136: Message: Tried to run command without establishing a connection

2024-07-29 10:00:18,485 - ERROR - Error processing page 137: Message: Tried to run command without establishing a connection

2024-07-29 10:00:18,485 - ERROR - Error processing page 138: Message: Tried to run command without establishing a connection

2024-07-29 10:00:18,486 - ERROR - Error processing page 139: Message: Tried to run command without establishing a connection

2024-07-29 10:00:18,486 - ERROR - Error processing page 140: Message: Tried to run command without establishing a connection

2024-07-29 10:00:18,487 - ERROR - Error processing page 141: Message: Tried to run command without establishing a connection

2024-07-29 10:00:18,488 - ERROR - Error processing page 142: Message: Tried to run command without establishing a connection

2024-07-29 10:00:18,488 - ERROR - Error processing page 143: Message: Tried to run command without establishing a connection

2024-07-29 10:00:18,489 - ERROR - Error processing page 144: Message: Tried to run command without establishing a connection

2024-07-29 10:00:18,490 - ERROR - Error processing page 145: Message: Tried to run command without establishing a connection

2024-07-29 10:00:18,490 - ERROR - Error processing page 146: Message: Tried to run command without establishing a connection

2024-07-29 10:00:18,491 - ERROR - Error processing page 147: Message: Tried to run command without establishing a connection

2024-07-29 10:00:18,492 - ERROR - Error processing page 148: Message: Tried to run command without establishing a connection

2024-07-29 10:00:18,492 - ERROR - Error processing page 149: Message: Tried to run command without establishing a connection

2024-07-29 10:00:18,493 - ERROR - Error processing page 150: Message: Tried to run command without establishing a connection

2024-07-29 10:00:18,493 - ERROR - Error processing page 151: Message: Tried to run command without establishing a connection

2024-07-29 10:00:18,494 - ERROR - Error processing page 152: Message: Tried to run command without establishing a connection

2024-07-29 10:00:18,495 - ERROR - Error processing page 153: Message: Tried to run command without establishing a connection

2024-07-29 10:00:18,495 - ERROR - Error processing page 154: Message: Tried to run command without establishing a connection

2024-07-29 10:00:18,496 - ERROR - Error processing page 155: Message: Tried to run command without establishing a connection

2024-07-29 10:00:18,497 - ERROR - Error processing page 156: Message: Tried to run command without establishing a connection

2024-07-29 10:00:18,498 - ERROR - Error processing page 157: Message: Tried to run command without establishing a connection

2024-07-29 10:00:18,498 - ERROR - Error processing page 158: Message: Tried to run command without establishing a connection

2024-07-29 10:00:18,499 - ERROR - Error processing page 159: Message: Tried to run command without establishing a connection

2024-07-29 10:00:18,500 - ERROR - Error processing page 160: Message: Tried to run command without establishing a connection

2024-07-29 10:00:18,500 - ERROR - Error processing page 161: Message: Tried to run command without establishing a connection

2024-07-29 10:00:18,501 - ERROR - Error processing page 162: Message: Tried to run command without establishing a connection

2024-07-29 10:00:18,502 - ERROR - Error processing page 163: Message: Tried to run command without establishing a connection

2024-07-29 10:00:18,503 - ERROR - Error processing page 164: Message: Tried to run command without establishing a connection

2024-07-29 10:00:18,503 - ERROR - Error processing page 165: Message: Tried to run command without establishing a connection

2024-07-29 10:00:18,504 - ERROR - Error processing page 166: Message: Tried to run command without establishing a connection

2024-07-29 10:00:18,505 - ERROR - Error processing page 167: Message: Tried to run command without establishing a connection

2024-07-29 10:00:18,505 - ERROR - Error processing page 168: Message: Tried to run command without establishing a connection

2024-07-29 10:00:18,506 - ERROR - Error processing page 169: Message: Tried to run command without establishing a connection

2024-07-29 10:00:18,507 - ERROR - Error processing page 170: Message: Tried to run command without establishing a connection

2024-07-29 10:00:18,507 - ERROR - Error processing page 171: Message: Tried to run command without establishing a connection

2024-07-29 10:00:18,508 - ERROR - Error processing page 172: Message: Tried to run command without establishing a connection

2024-07-29 10:00:18,508 - ERROR - Error processing page 173: Message: Tried to run command without establishing a connection

2024-07-29 10:00:18,509 - ERROR - Error processing page 174: Message: Tried to run command without establishing a connection

2024-07-29 10:00:18,510 - ERROR - Error processing page 175: Message: Tried to run command without establishing a connection

2024-07-29 10:00:18,511 - ERROR - Error processing page 176: Message: Tried to run command without establishing a connection

2024-07-29 10:00:18,511 - ERROR - Error processing page 177: Message: Tried to run command without establishing a connection

2024-07-29 10:00:18,512 - ERROR - Error processing page 178: Message: Tried to run command without establishing a connection

2024-07-29 10:00:18,513 - ERROR - Error processing page 179: Message: Tried to run command without establishing a connection

2024-07-29 10:00:18,513 - ERROR - Error processing page 180: Message: Tried to run command without establishing a connection

2024-07-29 10:00:18,514 - ERROR - Error processing page 181: Message: Tried to run command without establishing a connection

2024-07-29 10:00:18,514 - ERROR - Error processing page 182: Message: Tried to run command without establishing a connection

2024-07-29 10:00:18,515 - ERROR - Error processing page 183: Message: Tried to run command without establishing a connection

2024-07-29 10:00:18,516 - ERROR - Error processing page 184: Message: Tried to run command without establishing a connection

2024-07-29 10:00:18,516 - ERROR - Error processing page 185: Message: Tried to run command without establishing a connection

2024-07-29 10:00:18,517 - ERROR - Error processing page 186: Message: Tried to run command without establishing a connection

2024-07-29 10:00:18,517 - ERROR - Error processing page 187: Message: Tried to run command without establishing a connection

2024-07-29 10:00:18,518 - ERROR - Error processing page 188: Message: Tried to run command without establishing a connection

2024-07-29 10:00:18,519 - ERROR - Error processing page 189: Message: Tried to run command without establishing a connection

2024-07-29 10:00:18,519 - ERROR - Error processing page 190: Message: Tried to run command without establishing a connection

2024-07-29 10:00:18,520 - ERROR - Error processing page 191: Message: Tried to run command without establishing a connection

2024-07-29 10:00:18,520 - ERROR - Error processing page 192: Message: Tried to run command without establishing a connection

2024-07-29 10:00:18,521 - ERROR - Error processing page 193: Message: Tried to run command without establishing a connection

2024-07-29 10:00:18,522 - ERROR - Error processing page 194: Message: Tried to run command without establishing a connection

2024-07-29 10:00:18,522 - ERROR - Error processing page 195: Message: Tried to run command without establishing a connection

2024-07-29 10:00:18,523 - ERROR - Error processing page 196: Message: Tried to run command without establishing a connection

2024-07-29 10:00:18,524 - ERROR - Error processing page 197: Message: Tried to run command without establishing a connection

2024-07-29 10:00:18,524 - ERROR - Error processing page 198: Message: Tried to run command without establishing a connection

2024-07-29 10:00:18,525 - ERROR - Error processing page 199: Message: Tried to run command without establishing a connection

