2024-07-27 10:03:13,409 - ERROR - Error processing product: Message: 
Stacktrace:
RemoteError@chrome://remote/content/shared/RemoteError.sys.mjs:8:8
WebDriverError@chrome://remote/content/shared/webdriver/Errors.sys.mjs:193:5
NoSuchElementError@chrome://remote/content/shared/webdriver/Errors.sys.mjs:511:5
dom.find/</<@chrome://remote/content/shared/DOM.sys.mjs:136:16

2024-07-27 10:27:44,658 - ERROR - Error processing product: Message: 
Stacktrace:
RemoteError@chrome://remote/content/shared/RemoteError.sys.mjs:8:8
WebDriverError@chrome://remote/content/shared/webdriver/Errors.sys.mjs:193:5
NoSuchElementError@chrome://remote/content/shared/webdriver/Errors.sys.mjs:511:5
dom.find/</<@chrome://remote/content/shared/DOM.sys.mjs:136:16

2024-07-27 10:32:16,227 - ERROR - Error processing product: Message: 
Stacktrace:
RemoteError@chrome://remote/content/shared/RemoteError.sys.mjs:8:8
WebDriverError@chrome://remote/content/shared/webdriver/Errors.sys.mjs:193:5
NoSuchElementError@chrome://remote/content/shared/webdriver/Errors.sys.mjs:511:5
dom.find/</<@chrome://remote/content/shared/DOM.sys.mjs:136:16

2024-07-27 10:32:53,176 - ERROR - Error processing product: Message: 
Stacktrace:
RemoteError@chrome://remote/content/shared/RemoteError.sys.mjs:8:8
WebDriverError@chrome://remote/content/shared/webdriver/Errors.sys.mjs:193:5
NoSuchElementError@chrome://remote/content/shared/webdriver/Errors.sys.mjs:511:5
dom.find/</<@chrome://remote/content/shared/DOM.sys.mjs:136:16

2024-07-28 02:17:25,374 - ERROR - Error processing product: Message: Navigation timed out after 300000 ms
Stacktrace:
RemoteError@chrome://remote/content/shared/RemoteError.sys.mjs:8:8
WebDriverError@chrome://remote/content/shared/webdriver/Errors.sys.mjs:193:5
TimeoutError@chrome://remote/content/shared/webdriver/Errors.sys.mjs:740:5
bail@chrome://remote/content/marionette/sync.sys.mjs:211:19

2024-07-28 11:32:26,308 - ERROR - Error processing product: Message: 
Stacktrace:
RemoteError@chrome://remote/content/shared/RemoteError.sys.mjs:8:8
WebDriverError@chrome://remote/content/shared/webdriver/Errors.sys.mjs:193:5
NoSuchElementError@chrome://remote/content/shared/webdriver/Errors.sys.mjs:511:5
dom.find/</<@chrome://remote/content/shared/DOM.sys.mjs:136:16

2024-07-29 10:31:10,923 - ERROR - Error processing product: Message: Browsing context has been discarded
Stacktrace:
RemoteError@chrome://remote/content/shared/RemoteError.sys.mjs:8:8
WebDriverError@chrome://remote/content/shared/webdriver/Errors.sys.mjs:193:5
NoSuchWindowError@chrome://remote/content/shared/webdriver/Errors.sys.mjs:679:5
assert.that/<@chrome://remote/content/shared/webdriver/Assert.sys.mjs:515:13
assert.open@chrome://remote/content/shared/webdriver/Assert.sys.mjs:147:4
GeckoDriver.prototype.findElement@chrome://remote/content/marionette/driver.sys.mjs:1515:15
despatch@chrome://remote/content/marionette/server.sys.mjs:318:40
execute@chrome://remote/content/marionette/server.sys.mjs:289:16
onPacket/<@chrome://remote/content/marionette/server.sys.mjs:262:20
onPacket@chrome://remote/content/marionette/server.sys.mjs:263:9
_onJSONObjectReady/<@chrome://remote/content/marionette/transport.sys.mjs:494:20

2024-07-29 10:31:10,926 - ERROR - Error processing product: Message: WebDriver session does not exist, or is not active
Stacktrace:
RemoteError@chrome://remote/content/shared/RemoteError.sys.mjs:8:8
WebDriverError@chrome://remote/content/shared/webdriver/Errors.sys.mjs:193:5
InvalidSessionIDError@chrome://remote/content/shared/webdriver/Errors.sys.mjs:448:5
assert.that/<@chrome://remote/content/shared/webdriver/Assert.sys.mjs:515:13
assert.session@chrome://remote/content/shared/webdriver/Assert.sys.mjs:37:4
despatch@chrome://remote/content/marionette/server.sys.mjs:315:19
execute@chrome://remote/content/marionette/server.sys.mjs:289:16
onPacket/<@chrome://remote/content/marionette/server.sys.mjs:262:20
onPacket@chrome://remote/content/marionette/server.sys.mjs:263:9
_onJSONObjectReady/<@chrome://remote/content/marionette/transport.sys.mjs:494:20

2024-07-29 10:31:10,928 - ERROR - Error processing product: Message: WebDriver session does not exist, or is not active
Stacktrace:
RemoteError@chrome://remote/content/shared/RemoteError.sys.mjs:8:8
WebDriverError@chrome://remote/content/shared/webdriver/Errors.sys.mjs:193:5
InvalidSessionIDError@chrome://remote/content/shared/webdriver/Errors.sys.mjs:448:5
assert.that/<@chrome://remote/content/shared/webdriver/Assert.sys.mjs:515:13
assert.session@chrome://remote/content/shared/webdriver/Assert.sys.mjs:37:4
despatch@chrome://remote/content/marionette/server.sys.mjs:315:19
execute@chrome://remote/content/marionette/server.sys.mjs:289:16
onPacket/<@chrome://remote/content/marionette/server.sys.mjs:262:20
onPacket@chrome://remote/content/marionette/server.sys.mjs:263:9
_onJSONObjectReady/<@chrome://remote/content/marionette/transport.sys.mjs:494:20

2024-07-29 10:31:10,944 - ERROR - Error processing product: Message: Failed to decode response from marionette

2024-07-29 10:31:10,945 - ERROR - Error processing product: Message: Tried to run command without establishing a connection

2024-07-29 10:31:10,946 - ERROR - Error processing product: Message: Tried to run command without establishing a connection

2024-07-29 10:31:10,947 - ERROR - Error processing product: Message: Tried to run command without establishing a connection

2024-07-29 10:31:10,948 - ERROR - Error processing product: Message: Tried to run command without establishing a connection

2024-07-29 10:31:10,949 - ERROR - Error processing product: Message: Tried to run command without establishing a connection

2024-07-29 10:31:10,950 - ERROR - Error processing product: Message: Tried to run command without establishing a connection

2024-07-29 10:31:10,951 - ERROR - Error processing product: Message: Tried to run command without establishing a connection

2024-07-29 10:31:10,952 - ERROR - Error processing product: Message: Tried to run command without establishing a connection

2024-07-29 10:31:10,953 - ERROR - Error processing product: Message: Tried to run command without establishing a connection

2024-07-29 10:31:10,954 - ERROR - Error processing product: Message: Tried to run command without establishing a connection

2024-07-29 10:31:10,955 - ERROR - Error processing page 2: Message: Tried to run command without establishing a connection

2024-07-29 10:31:10,955 - ERROR - Error processing page 3: Message: Tried to run command without establishing a connection

2024-07-29 10:31:10,956 - ERROR - Error processing page 4: Message: Tried to run command without establishing a connection

2024-07-29 10:31:10,957 - ERROR - Error processing page 5: Message: Tried to run command without establishing a connection

2024-07-29 10:31:10,957 - ERROR - Error processing page 6: Message: Tried to run command without establishing a connection

2024-07-29 10:31:10,958 - ERROR - Error processing page 7: Message: Tried to run command without establishing a connection

2024-07-29 10:31:10,959 - ERROR - Error processing page 8: Message: Tried to run command without establishing a connection

2024-07-29 10:31:10,959 - ERROR - Error processing page 9: Message: Tried to run command without establishing a connection

2024-07-29 10:31:10,960 - ERROR - Error processing page 10: Message: Tried to run command without establishing a connection

2024-07-29 10:31:10,960 - ERROR - Error processing page 11: Message: Tried to run command without establishing a connection

2024-07-29 10:31:10,961 - ERROR - Error processing page 12: Message: Tried to run command without establishing a connection

2024-07-29 10:31:10,962 - ERROR - Error processing page 13: Message: Tried to run command without establishing a connection

2024-07-29 10:31:10,962 - ERROR - Error processing page 14: Message: Tried to run command without establishing a connection

2024-07-29 10:31:10,963 - ERROR - Error processing page 15: Message: Tried to run command without establishing a connection

2024-07-29 10:31:10,963 - ERROR - Error processing page 16: Message: Tried to run command without establishing a connection

2024-07-29 10:31:10,964 - ERROR - Error processing page 17: Message: Tried to run command without establishing a connection

2024-07-29 10:31:10,965 - ERROR - Error processing page 18: Message: Tried to run command without establishing a connection

2024-07-29 10:31:10,965 - ERROR - Error processing page 19: Message: Tried to run command without establishing a connection

2024-07-29 10:31:10,966 - ERROR - Error processing page 20: Message: Tried to run command without establishing a connection

2024-07-29 10:31:10,966 - ERROR - Error processing page 21: Message: Tried to run command without establishing a connection

2024-07-29 10:31:10,967 - ERROR - Error processing page 22: Message: Tried to run command without establishing a connection

2024-07-29 10:31:10,967 - ERROR - Error processing page 23: Message: Tried to run command without establishing a connection

2024-07-29 10:31:10,968 - ERROR - Error processing page 24: Message: Tried to run command without establishing a connection

2024-07-29 10:31:10,969 - ERROR - Error processing page 25: Message: Tried to run command without establishing a connection

2024-07-29 10:31:10,969 - ERROR - Error processing page 26: Message: Tried to run command without establishing a connection

2024-07-29 10:31:10,970 - ERROR - Error processing page 27: Message: Tried to run command without establishing a connection

2024-07-29 10:31:10,971 - ERROR - Error processing page 28: Message: Tried to run command without establishing a connection

2024-07-29 10:31:10,971 - ERROR - Error processing page 29: Message: Tried to run command without establishing a connection

2024-07-29 10:31:10,972 - ERROR - Error processing page 30: Message: Tried to run command without establishing a connection

2024-07-29 10:31:10,973 - ERROR - Error processing page 31: Message: Tried to run command without establishing a connection

2024-07-29 10:31:10,973 - ERROR - Error processing page 32: Message: Tried to run command without establishing a connection

2024-07-29 10:31:10,974 - ERROR - Error processing page 33: Message: Tried to run command without establishing a connection

2024-07-29 10:31:10,975 - ERROR - Error processing page 34: Message: Tried to run command without establishing a connection

2024-07-29 10:31:10,975 - ERROR - Error processing page 35: Message: Tried to run command without establishing a connection

2024-07-29 10:31:10,976 - ERROR - Error processing page 36: Message: Tried to run command without establishing a connection

2024-07-29 10:31:10,976 - ERROR - Error processing page 37: Message: Tried to run command without establishing a connection

2024-07-29 10:31:10,977 - ERROR - Error processing page 38: Message: Tried to run command without establishing a connection

2024-07-29 10:31:10,978 - ERROR - Error processing page 39: Message: Tried to run command without establishing a connection

2024-07-29 10:31:10,978 - ERROR - Error processing page 40: Message: Tried to run command without establishing a connection

2024-07-29 10:31:10,979 - ERROR - Error processing page 41: Message: Tried to run command without establishing a connection

2024-07-29 10:31:10,979 - ERROR - Error processing page 42: Message: Tried to run command without establishing a connection

2024-07-29 10:31:10,980 - ERROR - Error processing page 43: Message: Tried to run command without establishing a connection

2024-07-29 10:31:10,980 - ERROR - Error processing page 44: Message: Tried to run command without establishing a connection

2024-07-29 10:31:10,981 - ERROR - Error processing page 45: Message: Tried to run command without establishing a connection

2024-07-29 10:31:10,982 - ERROR - Error processing page 46: Message: Tried to run command without establishing a connection

2024-07-29 10:31:10,983 - ERROR - Error processing page 47: Message: Tried to run command without establishing a connection

2024-07-29 10:31:10,983 - ERROR - Error processing page 48: Message: Tried to run command without establishing a connection

2024-07-29 10:31:10,984 - ERROR - Error processing page 49: Message: Tried to run command without establishing a connection

2024-07-29 10:31:10,985 - ERROR - Error processing page 50: Message: Tried to run command without establishing a connection

2024-07-29 10:31:14,153 - ERROR - Error processing page 51: Message: Browsing context has been discarded
Stacktrace:
RemoteError@chrome://remote/content/shared/RemoteError.sys.mjs:8:8
WebDriverError@chrome://remote/content/shared/webdriver/Errors.sys.mjs:193:5
NoSuchWindowError@chrome://remote/content/shared/webdriver/Errors.sys.mjs:679:5
assert.that/<@chrome://remote/content/shared/webdriver/Assert.sys.mjs:515:13
assert.open@chrome://remote/content/shared/webdriver/Assert.sys.mjs:147:4
GeckoDriver.prototype.findElements@chrome://remote/content/marionette/driver.sys.mjs:1614:15
despatch@chrome://remote/content/marionette/server.sys.mjs:318:40
execute@chrome://remote/content/marionette/server.sys.mjs:289:16
onPacket/<@chrome://remote/content/marionette/server.sys.mjs:262:20
onPacket@chrome://remote/content/marionette/server.sys.mjs:263:9
_onJSONObjectReady/<@chrome://remote/content/marionette/transport.sys.mjs:494:20

2024-07-29 10:31:14,155 - ERROR - Error processing page 52: Message: WebDriver session does not exist, or is not active
Stacktrace:
RemoteError@chrome://remote/content/shared/RemoteError.sys.mjs:8:8
WebDriverError@chrome://remote/content/shared/webdriver/Errors.sys.mjs:193:5
InvalidSessionIDError@chrome://remote/content/shared/webdriver/Errors.sys.mjs:448:5
assert.that/<@chrome://remote/content/shared/webdriver/Assert.sys.mjs:515:13
assert.session@chrome://remote/content/shared/webdriver/Assert.sys.mjs:37:4
despatch@chrome://remote/content/marionette/server.sys.mjs:315:19
execute@chrome://remote/content/marionette/server.sys.mjs:289:16
onPacket/<@chrome://remote/content/marionette/server.sys.mjs:262:20
onPacket@chrome://remote/content/marionette/server.sys.mjs:263:9
_onJSONObjectReady/<@chrome://remote/content/marionette/transport.sys.mjs:494:20

2024-07-29 10:31:14,157 - ERROR - Error processing page 53: Message: Failed to decode response from marionette

2024-07-29 10:31:14,158 - ERROR - Error processing page 54: Message: Tried to run command without establishing a connection

2024-07-29 10:31:14,158 - ERROR - Error processing page 55: Message: Tried to run command without establishing a connection

2024-07-29 10:31:14,159 - ERROR - Error processing page 56: Message: Tried to run command without establishing a connection

2024-07-29 10:31:14,160 - ERROR - Error processing page 57: Message: Tried to run command without establishing a connection

2024-07-29 10:31:14,160 - ERROR - Error processing page 58: Message: Tried to run command without establishing a connection

2024-07-29 10:31:14,161 - ERROR - Error processing page 59: Message: Tried to run command without establishing a connection

2024-07-29 10:31:14,162 - ERROR - Error processing page 60: Message: Tried to run command without establishing a connection

2024-07-29 10:31:14,163 - ERROR - Error processing page 61: Message: Tried to run command without establishing a connection

2024-07-29 10:31:14,164 - ERROR - Error processing page 62: Message: Tried to run command without establishing a connection

2024-07-29 10:31:14,165 - ERROR - Error processing page 63: Message: Tried to run command without establishing a connection

2024-07-29 10:31:14,166 - ERROR - Error processing page 64: Message: Tried to run command without establishing a connection

2024-07-29 10:31:14,167 - ERROR - Error processing page 65: Message: Tried to run command without establishing a connection

2024-07-29 10:31:14,167 - ERROR - Error processing page 66: Message: Tried to run command without establishing a connection

2024-07-29 10:31:14,168 - ERROR - Error processing page 67: Message: Tried to run command without establishing a connection

2024-07-29 10:31:14,169 - ERROR - Error processing page 68: Message: Tried to run command without establishing a connection

2024-07-29 10:31:14,170 - ERROR - Error processing page 69: Message: Tried to run command without establishing a connection

2024-07-29 10:31:14,171 - ERROR - Error processing page 70: Message: Tried to run command without establishing a connection

2024-07-29 10:31:14,172 - ERROR - Error processing page 71: Message: Tried to run command without establishing a connection

2024-07-29 10:31:14,173 - ERROR - Error processing page 72: Message: Tried to run command without establishing a connection

2024-07-29 10:31:14,173 - ERROR - Error processing page 73: Message: Tried to run command without establishing a connection

2024-07-29 10:31:14,174 - ERROR - Error processing page 74: Message: Tried to run command without establishing a connection

2024-07-29 10:31:14,175 - ERROR - Error processing page 75: Message: Tried to run command without establishing a connection

2024-07-29 10:31:14,176 - ERROR - Error processing page 76: Message: Tried to run command without establishing a connection

2024-07-29 10:31:14,176 - ERROR - Error processing page 77: Message: Tried to run command without establishing a connection

2024-07-29 10:31:14,177 - ERROR - Error processing page 78: Message: Tried to run command without establishing a connection

2024-07-29 10:31:14,178 - ERROR - Error processing page 79: Message: Tried to run command without establishing a connection

2024-07-29 10:31:14,178 - ERROR - Error processing page 80: Message: Tried to run command without establishing a connection

2024-07-29 10:31:14,179 - ERROR - Error processing page 81: Message: Tried to run command without establishing a connection

2024-07-29 10:31:14,180 - ERROR - Error processing page 82: Message: Tried to run command without establishing a connection

2024-07-29 10:31:14,180 - ERROR - Error processing page 83: Message: Tried to run command without establishing a connection

2024-07-29 10:31:14,181 - ERROR - Error processing page 84: Message: Tried to run command without establishing a connection

2024-07-29 10:31:14,181 - ERROR - Error processing page 85: Message: Tried to run command without establishing a connection

2024-07-29 10:31:14,182 - ERROR - Error processing page 86: Message: Tried to run command without establishing a connection

2024-07-29 10:31:14,183 - ERROR - Error processing page 87: Message: Tried to run command without establishing a connection

2024-07-29 10:31:14,183 - ERROR - Error processing page 88: Message: Tried to run command without establishing a connection

2024-07-29 10:31:14,184 - ERROR - Error processing page 89: Message: Tried to run command without establishing a connection

2024-07-29 10:31:14,185 - ERROR - Error processing page 90: Message: Tried to run command without establishing a connection

2024-07-29 10:31:14,186 - ERROR - Error processing page 91: Message: Tried to run command without establishing a connection

2024-07-29 10:31:14,186 - ERROR - Error processing page 92: Message: Tried to run command without establishing a connection

2024-07-29 10:31:14,187 - ERROR - Error processing page 93: Message: Tried to run command without establishing a connection

2024-07-29 10:31:14,188 - ERROR - Error processing page 94: Message: Tried to run command without establishing a connection

2024-07-29 10:31:14,188 - ERROR - Error processing page 95: Message: Tried to run command without establishing a connection

2024-07-29 10:31:14,189 - ERROR - Error processing page 96: Message: Tried to run command without establishing a connection

2024-07-29 10:31:14,190 - ERROR - Error processing page 97: Message: Tried to run command without establishing a connection

2024-07-29 10:31:14,190 - ERROR - Error processing page 98: Message: Tried to run command without establishing a connection

2024-07-29 10:31:14,191 - ERROR - Error processing page 99: Message: Tried to run command without establishing a connection

2024-07-29 10:31:14,191 - ERROR - Error processing page 100: Message: Tried to run command without establishing a connection

2024-07-29 10:31:17,300 - ERROR - Error processing page 101: Message: Browsing context has been discarded
Stacktrace:
RemoteError@chrome://remote/content/shared/RemoteError.sys.mjs:8:8
WebDriverError@chrome://remote/content/shared/webdriver/Errors.sys.mjs:193:5
NoSuchWindowError@chrome://remote/content/shared/webdriver/Errors.sys.mjs:679:5
assert.that/<@chrome://remote/content/shared/webdriver/Assert.sys.mjs:515:13
assert.open@chrome://remote/content/shared/webdriver/Assert.sys.mjs:147:4
GeckoDriver.prototype.findElements@chrome://remote/content/marionette/driver.sys.mjs:1614:15
despatch@chrome://remote/content/marionette/server.sys.mjs:318:40
execute@chrome://remote/content/marionette/server.sys.mjs:289:16
onPacket/<@chrome://remote/content/marionette/server.sys.mjs:262:20
onPacket@chrome://remote/content/marionette/server.sys.mjs:263:9
_onJSONObjectReady/<@chrome://remote/content/marionette/transport.sys.mjs:494:20

2024-07-29 10:31:17,302 - ERROR - Error processing page 102: Message: WebDriver session does not exist, or is not active
Stacktrace:
RemoteError@chrome://remote/content/shared/RemoteError.sys.mjs:8:8
WebDriverError@chrome://remote/content/shared/webdriver/Errors.sys.mjs:193:5
InvalidSessionIDError@chrome://remote/content/shared/webdriver/Errors.sys.mjs:448:5
assert.that/<@chrome://remote/content/shared/webdriver/Assert.sys.mjs:515:13
assert.session@chrome://remote/content/shared/webdriver/Assert.sys.mjs:37:4
despatch@chrome://remote/content/marionette/server.sys.mjs:315:19
execute@chrome://remote/content/marionette/server.sys.mjs:289:16
onPacket/<@chrome://remote/content/marionette/server.sys.mjs:262:20
onPacket@chrome://remote/content/marionette/server.sys.mjs:263:9
_onJSONObjectReady/<@chrome://remote/content/marionette/transport.sys.mjs:494:20

2024-07-29 10:31:17,304 - ERROR - Error processing page 103: Message: WebDriver session does not exist, or is not active
Stacktrace:
RemoteError@chrome://remote/content/shared/RemoteError.sys.mjs:8:8
WebDriverError@chrome://remote/content/shared/webdriver/Errors.sys.mjs:193:5
InvalidSessionIDError@chrome://remote/content/shared/webdriver/Errors.sys.mjs:448:5
assert.that/<@chrome://remote/content/shared/webdriver/Assert.sys.mjs:515:13
assert.session@chrome://remote/content/shared/webdriver/Assert.sys.mjs:37:4
despatch@chrome://remote/content/marionette/server.sys.mjs:315:19
execute@chrome://remote/content/marionette/server.sys.mjs:289:16
onPacket/<@chrome://remote/content/marionette/server.sys.mjs:262:20
onPacket@chrome://remote/content/marionette/server.sys.mjs:263:9
_onJSONObjectReady/<@chrome://remote/content/marionette/transport.sys.mjs:494:20

2024-07-29 10:31:17,306 - ERROR - Error processing page 104: Message: Failed to decode response from marionette

2024-07-29 10:31:17,307 - ERROR - Error processing page 105: Message: Tried to run command without establishing a connection

2024-07-29 10:31:17,307 - ERROR - Error processing page 106: Message: Tried to run command without establishing a connection

2024-07-29 10:31:17,308 - ERROR - Error processing page 107: Message: Tried to run command without establishing a connection

2024-07-29 10:31:17,309 - ERROR - Error processing page 108: Message: Tried to run command without establishing a connection

2024-07-29 10:31:17,309 - ERROR - Error processing page 109: Message: Tried to run command without establishing a connection

2024-07-29 10:31:17,310 - ERROR - Error processing page 110: Message: Tried to run command without establishing a connection

2024-07-29 10:31:17,311 - ERROR - Error processing page 111: Message: Tried to run command without establishing a connection

2024-07-29 10:31:17,311 - ERROR - Error processing page 112: Message: Tried to run command without establishing a connection

2024-07-29 10:31:17,312 - ERROR - Error processing page 113: Message: Tried to run command without establishing a connection

2024-07-29 10:31:17,313 - ERROR - Error processing page 114: Message: Tried to run command without establishing a connection

2024-07-29 10:31:17,313 - ERROR - Error processing page 115: Message: Tried to run command without establishing a connection

2024-07-29 10:31:17,314 - ERROR - Error processing page 116: Message: Tried to run command without establishing a connection

2024-07-29 10:31:17,315 - ERROR - Error processing page 117: Message: Tried to run command without establishing a connection

2024-07-29 10:31:17,315 - ERROR - Error processing page 118: Message: Tried to run command without establishing a connection

2024-07-29 10:31:17,316 - ERROR - Error processing page 119: Message: Tried to run command without establishing a connection

2024-07-29 10:31:17,317 - ERROR - Error processing page 120: Message: Tried to run command without establishing a connection

2024-07-29 10:31:17,318 - ERROR - Error processing page 121: Message: Tried to run command without establishing a connection

2024-07-29 10:31:17,319 - ERROR - Error processing page 122: Message: Tried to run command without establishing a connection

2024-07-29 10:31:17,319 - ERROR - Error processing page 123: Message: Tried to run command without establishing a connection

2024-07-29 10:31:17,320 - ERROR - Error processing page 124: Message: Tried to run command without establishing a connection

2024-07-29 10:31:17,320 - ERROR - Error processing page 125: Message: Tried to run command without establishing a connection

2024-07-29 10:31:17,321 - ERROR - Error processing page 126: Message: Tried to run command without establishing a connection

2024-07-29 10:31:17,322 - ERROR - Error processing page 127: Message: Tried to run command without establishing a connection

2024-07-29 10:31:17,322 - ERROR - Error processing page 128: Message: Tried to run command without establishing a connection

2024-07-29 10:31:17,323 - ERROR - Error processing page 129: Message: Tried to run command without establishing a connection

2024-07-29 10:31:17,324 - ERROR - Error processing page 130: Message: Tried to run command without establishing a connection

2024-07-29 10:31:17,324 - ERROR - Error processing page 131: Message: Tried to run command without establishing a connection

2024-07-29 10:31:17,325 - ERROR - Error processing page 132: Message: Tried to run command without establishing a connection

2024-07-29 10:31:17,326 - ERROR - Error processing page 133: Message: Tried to run command without establishing a connection

2024-07-29 10:31:17,326 - ERROR - Error processing page 134: Message: Tried to run command without establishing a connection

2024-07-29 10:31:17,327 - ERROR - Error processing page 135: Message: Tried to run command without establishing a connection

2024-07-29 10:31:17,327 - ERROR - Error processing page 136: Message: Tried to run command without establishing a connection

2024-07-29 10:31:17,328 - ERROR - Error processing page 137: Message: Tried to run command without establishing a connection

2024-07-29 10:31:17,329 - ERROR - Error processing page 138: Message: Tried to run command without establishing a connection

2024-07-29 10:31:17,329 - ERROR - Error processing page 139: Message: Tried to run command without establishing a connection

2024-07-29 10:31:17,330 - ERROR - Error processing page 140: Message: Tried to run command without establishing a connection

2024-07-29 10:31:17,331 - ERROR - Error processing page 141: Message: Tried to run command without establishing a connection

2024-07-29 10:31:17,332 - ERROR - Error processing page 142: Message: Tried to run command without establishing a connection

2024-07-29 10:31:17,332 - ERROR - Error processing page 143: Message: Tried to run command without establishing a connection

2024-07-29 10:31:17,333 - ERROR - Error processing page 144: Message: Tried to run command without establishing a connection

2024-07-29 10:31:17,333 - ERROR - Error processing page 145: Message: Tried to run command without establishing a connection

2024-07-29 10:31:17,334 - ERROR - Error processing page 146: Message: Tried to run command without establishing a connection

2024-07-29 10:31:17,335 - ERROR - Error processing page 147: Message: Tried to run command without establishing a connection

2024-07-29 10:31:17,336 - ERROR - Error processing page 148: Message: Tried to run command without establishing a connection

2024-07-29 10:31:17,336 - ERROR - Error processing page 149: Message: Tried to run command without establishing a connection

2024-07-29 10:31:17,337 - ERROR - Error processing page 150: Message: Tried to run command without establishing a connection

