2024-07-28 16:03:35,327 - ERROR - Error processing product: Message: 
Stacktrace:
RemoteError@chrome://remote/content/shared/RemoteError.sys.mjs:8:8
WebDriverError@chrome://remote/content/shared/webdriver/Errors.sys.mjs:193:5
NoSuchElementError@chrome://remote/content/shared/webdriver/Errors.sys.mjs:511:5
dom.find/</<@chrome://remote/content/shared/DOM.sys.mjs:136:16

2024-07-28 20:08:21,589 - ERROR - Error processing product: Message: Browsing context has been discarded
Stacktrace:
RemoteError@chrome://remote/content/shared/RemoteError.sys.mjs:8:8
WebDriverError@chrome://remote/content/shared/webdriver/Errors.sys.mjs:193:5
NoSuchWindowError@chrome://remote/content/shared/webdriver/Errors.sys.mjs:679:5
assert.that/<@chrome://remote/content/shared/webdriver/Assert.sys.mjs:515:13
assert.open@chrome://remote/content/shared/webdriver/Assert.sys.mjs:147:4
GeckoDriver.prototype.findElement@chrome://remote/content/marionette/driver.sys.mjs:1515:15
despatch@chrome://remote/content/marionette/server.sys.mjs:318:40
execute@chrome://remote/content/marionette/server.sys.mjs:289:16
onPacket/<@chrome://remote/content/marionette/server.sys.mjs:262:20
onPacket@chrome://remote/content/marionette/server.sys.mjs:263:9
_onJSONObjectReady/<@chrome://remote/content/marionette/transport.sys.mjs:494:20

2024-07-28 20:08:21,593 - ERROR - Error processing product: Message: WebDriver session does not exist, or is not active
Stacktrace:
RemoteError@chrome://remote/content/shared/RemoteError.sys.mjs:8:8
WebDriverError@chrome://remote/content/shared/webdriver/Errors.sys.mjs:193:5
InvalidSessionIDError@chrome://remote/content/shared/webdriver/Errors.sys.mjs:448:5
assert.that/<@chrome://remote/content/shared/webdriver/Assert.sys.mjs:515:13
assert.session@chrome://remote/content/shared/webdriver/Assert.sys.mjs:37:4
despatch@chrome://remote/content/marionette/server.sys.mjs:315:19
execute@chrome://remote/content/marionette/server.sys.mjs:289:16
onPacket/<@chrome://remote/content/marionette/server.sys.mjs:262:20
onPacket@chrome://remote/content/marionette/server.sys.mjs:263:9
_onJSONObjectReady/<@chrome://remote/content/marionette/transport.sys.mjs:494:20

2024-07-28 20:08:21,616 - ERROR - Error processing product: Message: Failed to decode response from marionette

2024-07-28 20:08:21,619 - ERROR - Error processing product: Message: Tried to run command without establishing a connection

2024-07-28 20:08:21,620 - ERROR - Error processing page 2: Message: Tried to run command without establishing a connection

2024-07-28 20:08:21,621 - ERROR - Error processing page 3: Message: Tried to run command without establishing a connection

2024-07-28 20:08:21,623 - ERROR - Error processing page 4: Message: Tried to run command without establishing a connection

2024-07-28 20:08:21,623 - ERROR - Error processing page 5: Message: Tried to run command without establishing a connection

2024-07-28 20:08:21,624 - ERROR - Error processing page 6: Message: Tried to run command without establishing a connection

2024-07-28 20:08:21,624 - ERROR - Error processing page 7: Message: Tried to run command without establishing a connection

2024-07-28 20:08:21,625 - ERROR - Error processing page 8: Message: Tried to run command without establishing a connection

2024-07-28 20:08:21,626 - ERROR - Error processing page 9: Message: Tried to run command without establishing a connection

2024-07-28 20:08:21,628 - ERROR - Error processing page 10: Message: Tried to run command without establishing a connection

2024-07-28 20:08:21,628 - ERROR - Error processing page 11: Message: Tried to run command without establishing a connection

2024-07-28 20:08:21,629 - ERROR - Error processing page 12: Message: Tried to run command without establishing a connection

2024-07-28 20:08:21,630 - ERROR - Error processing page 13: Message: Tried to run command without establishing a connection

2024-07-28 20:08:21,631 - ERROR - Error processing page 14: Message: Tried to run command without establishing a connection

2024-07-28 20:08:21,632 - ERROR - Error processing page 15: Message: Tried to run command without establishing a connection

2024-07-28 20:08:21,633 - ERROR - Error processing page 16: Message: Tried to run command without establishing a connection

2024-07-28 20:08:21,634 - ERROR - Error processing page 17: Message: Tried to run command without establishing a connection

2024-07-28 20:08:21,634 - ERROR - Error processing page 18: Message: Tried to run command without establishing a connection

2024-07-28 20:08:21,635 - ERROR - Error processing page 19: Message: Tried to run command without establishing a connection

2024-07-28 20:08:21,636 - ERROR - Error processing page 20: Message: Tried to run command without establishing a connection

2024-07-28 20:08:21,636 - ERROR - Error processing page 21: Message: Tried to run command without establishing a connection

2024-07-28 20:08:21,637 - ERROR - Error processing page 22: Message: Tried to run command without establishing a connection

2024-07-28 20:08:21,637 - ERROR - Error processing page 23: Message: Tried to run command without establishing a connection

2024-07-28 20:08:21,638 - ERROR - Error processing page 24: Message: Tried to run command without establishing a connection

2024-07-28 20:08:21,639 - ERROR - Error processing page 25: Message: Tried to run command without establishing a connection

2024-07-28 20:08:21,639 - ERROR - Error processing page 26: Message: Tried to run command without establishing a connection

2024-07-28 20:08:21,640 - ERROR - Error processing page 27: Message: Tried to run command without establishing a connection

2024-07-28 20:08:21,640 - ERROR - Error processing page 28: Message: Tried to run command without establishing a connection

2024-07-28 20:08:21,641 - ERROR - Error processing page 29: Message: Tried to run command without establishing a connection

2024-07-28 20:08:21,642 - ERROR - Error processing page 30: Message: Tried to run command without establishing a connection

2024-07-28 20:08:21,643 - ERROR - Error processing page 31: Message: Tried to run command without establishing a connection

2024-07-28 20:08:21,643 - ERROR - Error processing page 32: Message: Tried to run command without establishing a connection

2024-07-28 20:08:21,644 - ERROR - Error processing page 33: Message: Tried to run command without establishing a connection

2024-07-28 20:08:21,644 - ERROR - Error processing page 34: Message: Tried to run command without establishing a connection

2024-07-28 20:08:21,645 - ERROR - Error processing page 35: Message: Tried to run command without establishing a connection

2024-07-28 20:08:21,645 - ERROR - Error processing page 36: Message: Tried to run command without establishing a connection

2024-07-28 20:08:21,646 - ERROR - Error processing page 37: Message: Tried to run command without establishing a connection

2024-07-28 20:08:21,646 - ERROR - Error processing page 38: Message: Tried to run command without establishing a connection

2024-07-28 20:08:21,647 - ERROR - Error processing page 39: Message: Tried to run command without establishing a connection

2024-07-28 20:08:21,648 - ERROR - Error processing page 40: Message: Tried to run command without establishing a connection

2024-07-28 20:08:21,648 - ERROR - Error processing page 41: Message: Tried to run command without establishing a connection

2024-07-28 20:08:21,649 - ERROR - Error processing page 42: Message: Tried to run command without establishing a connection

2024-07-28 20:08:21,649 - ERROR - Error processing page 43: Message: Tried to run command without establishing a connection

2024-07-28 20:08:21,650 - ERROR - Error processing page 44: Message: Tried to run command without establishing a connection

2024-07-28 20:08:21,651 - ERROR - Error processing page 45: Message: Tried to run command without establishing a connection

2024-07-28 20:08:21,651 - ERROR - Error processing page 46: Message: Tried to run command without establishing a connection

2024-07-28 20:08:21,652 - ERROR - Error processing page 47: Message: Tried to run command without establishing a connection

2024-07-28 20:08:21,653 - ERROR - Error processing page 48: Message: Tried to run command without establishing a connection

2024-07-28 20:08:21,653 - ERROR - Error processing page 49: Message: Tried to run command without establishing a connection

2024-07-28 20:08:21,654 - ERROR - Error processing page 50: Message: Tried to run command without establishing a connection

2024-07-28 20:08:21,654 - ERROR - Error processing page 51: Message: Tried to run command without establishing a connection

2024-07-28 20:08:21,655 - ERROR - Error processing page 52: Message: Tried to run command without establishing a connection

2024-07-28 20:08:21,656 - ERROR - Error processing page 53: Message: Tried to run command without establishing a connection

2024-07-28 20:08:21,656 - ERROR - Error processing page 54: Message: Tried to run command without establishing a connection

2024-07-28 20:08:21,658 - ERROR - Error processing page 55: Message: Tried to run command without establishing a connection

2024-07-28 20:08:21,659 - ERROR - Error processing page 56: Message: Tried to run command without establishing a connection

2024-07-28 20:08:21,660 - ERROR - Error processing page 57: Message: Tried to run command without establishing a connection

2024-07-28 20:08:21,660 - ERROR - Error processing page 58: Message: Tried to run command without establishing a connection

2024-07-28 20:08:21,661 - ERROR - Error processing page 59: Message: Tried to run command without establishing a connection

2024-07-28 20:08:21,662 - ERROR - Error processing page 60: Message: Tried to run command without establishing a connection

2024-07-28 20:08:21,663 - ERROR - Error processing page 61: Message: Tried to run command without establishing a connection

2024-07-28 20:08:21,663 - ERROR - Error processing page 62: Message: Tried to run command without establishing a connection

2024-07-28 20:08:21,664 - ERROR - Error processing page 63: Message: Tried to run command without establishing a connection

2024-07-28 20:08:21,664 - ERROR - Error processing page 64: Message: Tried to run command without establishing a connection

2024-07-28 20:08:21,665 - ERROR - Error processing page 65: Message: Tried to run command without establishing a connection

2024-07-28 20:08:21,666 - ERROR - Error processing page 66: Message: Tried to run command without establishing a connection

2024-07-28 20:08:21,667 - ERROR - Error processing page 67: Message: Tried to run command without establishing a connection

2024-07-28 20:08:21,667 - ERROR - Error processing page 68: Message: Tried to run command without establishing a connection

2024-07-28 20:08:21,668 - ERROR - Error processing page 69: Message: Tried to run command without establishing a connection

2024-07-28 20:08:21,669 - ERROR - Error processing page 70: Message: Tried to run command without establishing a connection

2024-07-28 20:08:21,669 - ERROR - Error processing page 71: Message: Tried to run command without establishing a connection

2024-07-28 20:08:21,670 - ERROR - Error processing page 72: Message: Tried to run command without establishing a connection

2024-07-28 20:08:21,670 - ERROR - Error processing page 73: Message: Tried to run command without establishing a connection

2024-07-28 20:08:21,671 - ERROR - Error processing page 74: Message: Tried to run command without establishing a connection

2024-07-28 20:08:21,672 - ERROR - Error processing page 75: Message: Tried to run command without establishing a connection

2024-07-28 20:08:21,672 - ERROR - Error processing page 76: Message: Tried to run command without establishing a connection

2024-07-28 20:08:21,673 - ERROR - Error processing page 77: Message: Tried to run command without establishing a connection

2024-07-28 20:08:21,674 - ERROR - Error processing page 78: Message: Tried to run command without establishing a connection

2024-07-28 20:08:21,676 - ERROR - Error processing page 79: Message: Tried to run command without establishing a connection

2024-07-28 20:08:21,677 - ERROR - Error processing page 80: Message: Tried to run command without establishing a connection

2024-07-28 20:08:21,677 - ERROR - Error processing page 81: Message: Tried to run command without establishing a connection

2024-07-28 20:08:21,678 - ERROR - Error processing page 82: Message: Tried to run command without establishing a connection

2024-07-28 20:08:21,679 - ERROR - Error processing page 83: Message: Tried to run command without establishing a connection

2024-07-28 20:08:21,680 - ERROR - Error processing page 84: Message: Tried to run command without establishing a connection

2024-07-28 20:08:21,680 - ERROR - Error processing page 85: Message: Tried to run command without establishing a connection

2024-07-28 20:08:21,681 - ERROR - Error processing page 86: Message: Tried to run command without establishing a connection

2024-07-28 20:08:21,682 - ERROR - Error processing page 87: Message: Tried to run command without establishing a connection

2024-07-28 20:08:21,682 - ERROR - Error processing page 88: Message: Tried to run command without establishing a connection

2024-07-28 20:08:21,683 - ERROR - Error processing page 89: Message: Tried to run command without establishing a connection

2024-07-28 20:08:21,684 - ERROR - Error processing page 90: Message: Tried to run command without establishing a connection

2024-07-28 20:08:21,684 - ERROR - Error processing page 91: Message: Tried to run command without establishing a connection

2024-07-28 20:08:21,685 - ERROR - Error processing page 92: Message: Tried to run command without establishing a connection

2024-07-28 20:08:21,685 - ERROR - Error processing page 93: Message: Tried to run command without establishing a connection

2024-07-28 20:08:21,686 - ERROR - Error processing page 94: Message: Tried to run command without establishing a connection

2024-07-28 20:08:21,686 - ERROR - Error processing page 95: Message: Tried to run command without establishing a connection

2024-07-28 20:08:21,687 - ERROR - Error processing page 96: Message: Tried to run command without establishing a connection

2024-07-28 20:08:21,687 - ERROR - Error processing page 97: Message: Tried to run command without establishing a connection

2024-07-28 20:08:21,688 - ERROR - Error processing page 98: Message: Tried to run command without establishing a connection

2024-07-28 20:08:21,689 - ERROR - Error processing page 99: Message: Tried to run command without establishing a connection

2024-07-28 20:09:03,571 - ERROR - Error processing page 1: Message: Browsing context has been discarded
Stacktrace:
RemoteError@chrome://remote/content/shared/RemoteError.sys.mjs:8:8
WebDriverError@chrome://remote/content/shared/webdriver/Errors.sys.mjs:193:5
NoSuchWindowError@chrome://remote/content/shared/webdriver/Errors.sys.mjs:679:5
assert.that/<@chrome://remote/content/shared/webdriver/Assert.sys.mjs:515:13
assert.open@chrome://remote/content/shared/webdriver/Assert.sys.mjs:147:4
GeckoDriver.prototype.findElements@chrome://remote/content/marionette/driver.sys.mjs:1614:15
despatch@chrome://remote/content/marionette/server.sys.mjs:318:40
execute@chrome://remote/content/marionette/server.sys.mjs:289:16
onPacket/<@chrome://remote/content/marionette/server.sys.mjs:262:20
onPacket@chrome://remote/content/marionette/server.sys.mjs:263:9
_onJSONObjectReady/<@chrome://remote/content/marionette/transport.sys.mjs:494:20

2024-07-28 20:09:03,574 - ERROR - Error processing page 2: Message: WebDriver session does not exist, or is not active
Stacktrace:
RemoteError@chrome://remote/content/shared/RemoteError.sys.mjs:8:8
WebDriverError@chrome://remote/content/shared/webdriver/Errors.sys.mjs:193:5
InvalidSessionIDError@chrome://remote/content/shared/webdriver/Errors.sys.mjs:448:5
assert.that/<@chrome://remote/content/shared/webdriver/Assert.sys.mjs:515:13
assert.session@chrome://remote/content/shared/webdriver/Assert.sys.mjs:37:4
despatch@chrome://remote/content/marionette/server.sys.mjs:315:19
execute@chrome://remote/content/marionette/server.sys.mjs:289:16
onPacket/<@chrome://remote/content/marionette/server.sys.mjs:262:20
onPacket@chrome://remote/content/marionette/server.sys.mjs:263:9
_onJSONObjectReady/<@chrome://remote/content/marionette/transport.sys.mjs:494:20

2024-07-28 20:09:03,576 - ERROR - Error processing page 3: Message: Failed to decode response from marionette

2024-07-28 20:09:03,576 - ERROR - Error processing page 4: Message: Tried to run command without establishing a connection

2024-07-28 20:09:03,577 - ERROR - Error processing page 5: Message: Tried to run command without establishing a connection

2024-07-28 20:09:03,578 - ERROR - Error processing page 6: Message: Tried to run command without establishing a connection

2024-07-28 20:09:03,578 - ERROR - Error processing page 7: Message: Tried to run command without establishing a connection

2024-07-28 20:09:03,579 - ERROR - Error processing page 8: Message: Tried to run command without establishing a connection

2024-07-28 20:09:03,580 - ERROR - Error processing page 9: Message: Tried to run command without establishing a connection

2024-07-28 20:09:03,580 - ERROR - Error processing page 10: Message: Tried to run command without establishing a connection

2024-07-28 20:09:03,581 - ERROR - Error processing page 11: Message: Tried to run command without establishing a connection

2024-07-28 20:09:03,581 - ERROR - Error processing page 12: Message: Tried to run command without establishing a connection

2024-07-28 20:09:03,582 - ERROR - Error processing page 13: Message: Tried to run command without establishing a connection

2024-07-28 20:09:03,583 - ERROR - Error processing page 14: Message: Tried to run command without establishing a connection

2024-07-28 20:09:03,583 - ERROR - Error processing page 15: Message: Tried to run command without establishing a connection

2024-07-28 20:09:03,584 - ERROR - Error processing page 16: Message: Tried to run command without establishing a connection

2024-07-28 20:09:03,585 - ERROR - Error processing page 17: Message: Tried to run command without establishing a connection

2024-07-28 20:09:03,585 - ERROR - Error processing page 18: Message: Tried to run command without establishing a connection

2024-07-28 20:09:03,586 - ERROR - Error processing page 19: Message: Tried to run command without establishing a connection

2024-07-28 20:09:03,586 - ERROR - Error processing page 20: Message: Tried to run command without establishing a connection

2024-07-28 20:09:03,587 - ERROR - Error processing page 21: Message: Tried to run command without establishing a connection

2024-07-28 20:09:03,588 - ERROR - Error processing page 22: Message: Tried to run command without establishing a connection

2024-07-28 20:09:03,589 - ERROR - Error processing page 23: Message: Tried to run command without establishing a connection

2024-07-28 20:09:03,589 - ERROR - Error processing page 24: Message: Tried to run command without establishing a connection

2024-07-28 20:09:03,590 - ERROR - Error processing page 25: Message: Tried to run command without establishing a connection

2024-07-28 20:09:03,591 - ERROR - Error processing page 26: Message: Tried to run command without establishing a connection

2024-07-28 20:09:03,591 - ERROR - Error processing page 27: Message: Tried to run command without establishing a connection

2024-07-28 20:09:03,592 - ERROR - Error processing page 28: Message: Tried to run command without establishing a connection

2024-07-28 20:09:03,593 - ERROR - Error processing page 29: Message: Tried to run command without establishing a connection

2024-07-28 20:09:03,593 - ERROR - Error processing page 30: Message: Tried to run command without establishing a connection

2024-07-28 20:09:03,594 - ERROR - Error processing page 31: Message: Tried to run command without establishing a connection

2024-07-28 20:09:03,595 - ERROR - Error processing page 32: Message: Tried to run command without establishing a connection

2024-07-28 20:09:03,595 - ERROR - Error processing page 33: Message: Tried to run command without establishing a connection

2024-07-28 20:09:03,596 - ERROR - Error processing page 34: Message: Tried to run command without establishing a connection

2024-07-28 20:09:03,597 - ERROR - Error processing page 35: Message: Tried to run command without establishing a connection

2024-07-28 20:09:03,597 - ERROR - Error processing page 36: Message: Tried to run command without establishing a connection

2024-07-28 20:09:03,598 - ERROR - Error processing page 37: Message: Tried to run command without establishing a connection

2024-07-28 20:09:03,599 - ERROR - Error processing page 38: Message: Tried to run command without establishing a connection

2024-07-28 20:09:03,599 - ERROR - Error processing page 39: Message: Tried to run command without establishing a connection

2024-07-28 20:09:03,600 - ERROR - Error processing page 40: Message: Tried to run command without establishing a connection

2024-07-28 20:09:03,600 - ERROR - Error processing page 41: Message: Tried to run command without establishing a connection

2024-07-28 20:09:03,601 - ERROR - Error processing page 42: Message: Tried to run command without establishing a connection

2024-07-28 20:09:03,602 - ERROR - Error processing page 43: Message: Tried to run command without establishing a connection

2024-07-28 20:09:03,602 - ERROR - Error processing page 44: Message: Tried to run command without establishing a connection

2024-07-28 20:09:03,603 - ERROR - Error processing page 45: Message: Tried to run command without establishing a connection

2024-07-28 20:09:03,604 - ERROR - Error processing page 46: Message: Tried to run command without establishing a connection

2024-07-28 20:09:03,604 - ERROR - Error processing page 47: Message: Tried to run command without establishing a connection

2024-07-28 20:09:03,605 - ERROR - Error processing page 48: Message: Tried to run command without establishing a connection

2024-07-28 20:09:03,605 - ERROR - Error processing page 49: Message: Tried to run command without establishing a connection

2024-07-28 20:09:03,606 - ERROR - Error processing page 50: Message: Tried to run command without establishing a connection

2024-07-28 20:09:03,607 - ERROR - Error processing page 51: Message: Tried to run command without establishing a connection

2024-07-28 20:09:03,608 - ERROR - Error processing page 52: Message: Tried to run command without establishing a connection

2024-07-28 20:09:03,608 - ERROR - Error processing page 53: Message: Tried to run command without establishing a connection

2024-07-28 20:09:03,609 - ERROR - Error processing page 54: Message: Tried to run command without establishing a connection

2024-07-28 20:09:03,609 - ERROR - Error processing page 55: Message: Tried to run command without establishing a connection

2024-07-28 20:09:03,610 - ERROR - Error processing page 56: Message: Tried to run command without establishing a connection

2024-07-28 20:09:03,611 - ERROR - Error processing page 57: Message: Tried to run command without establishing a connection

2024-07-28 20:09:03,611 - ERROR - Error processing page 58: Message: Tried to run command without establishing a connection

2024-07-28 20:09:03,612 - ERROR - Error processing page 59: Message: Tried to run command without establishing a connection

2024-07-28 20:09:03,612 - ERROR - Error processing page 60: Message: Tried to run command without establishing a connection

2024-07-28 20:09:03,613 - ERROR - Error processing page 61: Message: Tried to run command without establishing a connection

2024-07-28 20:09:03,614 - ERROR - Error processing page 62: Message: Tried to run command without establishing a connection

2024-07-28 20:09:03,614 - ERROR - Error processing page 63: Message: Tried to run command without establishing a connection

2024-07-28 20:09:03,615 - ERROR - Error processing page 64: Message: Tried to run command without establishing a connection

2024-07-28 20:09:03,616 - ERROR - Error processing page 65: Message: Tried to run command without establishing a connection

2024-07-28 20:09:03,616 - ERROR - Error processing page 66: Message: Tried to run command without establishing a connection

2024-07-28 20:09:03,617 - ERROR - Error processing page 67: Message: Tried to run command without establishing a connection

2024-07-28 20:09:03,617 - ERROR - Error processing page 68: Message: Tried to run command without establishing a connection

2024-07-28 20:09:03,618 - ERROR - Error processing page 69: Message: Tried to run command without establishing a connection

2024-07-28 20:09:03,618 - ERROR - Error processing page 70: Message: Tried to run command without establishing a connection

2024-07-28 20:09:03,619 - ERROR - Error processing page 71: Message: Tried to run command without establishing a connection

2024-07-28 20:09:03,619 - ERROR - Error processing page 72: Message: Tried to run command without establishing a connection

2024-07-28 20:09:03,620 - ERROR - Error processing page 73: Message: Tried to run command without establishing a connection

2024-07-28 20:09:03,620 - ERROR - Error processing page 74: Message: Tried to run command without establishing a connection

2024-07-28 20:09:03,621 - ERROR - Error processing page 75: Message: Tried to run command without establishing a connection

2024-07-28 20:09:03,622 - ERROR - Error processing page 76: Message: Tried to run command without establishing a connection

2024-07-28 20:09:03,622 - ERROR - Error processing page 77: Message: Tried to run command without establishing a connection

2024-07-28 20:09:03,623 - ERROR - Error processing page 78: Message: Tried to run command without establishing a connection

2024-07-28 20:09:03,624 - ERROR - Error processing page 79: Message: Tried to run command without establishing a connection

2024-07-28 20:09:03,625 - ERROR - Error processing page 80: Message: Tried to run command without establishing a connection

2024-07-28 20:09:03,625 - ERROR - Error processing page 81: Message: Tried to run command without establishing a connection

2024-07-28 20:09:03,626 - ERROR - Error processing page 82: Message: Tried to run command without establishing a connection

2024-07-28 20:09:03,626 - ERROR - Error processing page 83: Message: Tried to run command without establishing a connection

2024-07-28 20:09:03,627 - ERROR - Error processing page 84: Message: Tried to run command without establishing a connection

2024-07-28 20:09:03,627 - ERROR - Error processing page 85: Message: Tried to run command without establishing a connection

2024-07-28 20:09:03,628 - ERROR - Error processing page 86: Message: Tried to run command without establishing a connection

2024-07-28 20:09:03,628 - ERROR - Error processing page 87: Message: Tried to run command without establishing a connection

2024-07-28 20:09:03,629 - ERROR - Error processing page 88: Message: Tried to run command without establishing a connection

2024-07-28 20:09:03,630 - ERROR - Error processing page 89: Message: Tried to run command without establishing a connection

2024-07-28 20:09:03,630 - ERROR - Error processing page 90: Message: Tried to run command without establishing a connection

2024-07-28 20:09:03,631 - ERROR - Error processing page 91: Message: Tried to run command without establishing a connection

2024-07-28 20:09:03,631 - ERROR - Error processing page 92: Message: Tried to run command without establishing a connection

2024-07-28 20:09:03,632 - ERROR - Error processing page 93: Message: Tried to run command without establishing a connection

2024-07-28 20:09:03,633 - ERROR - Error processing page 94: Message: Tried to run command without establishing a connection

2024-07-28 20:09:03,633 - ERROR - Error processing page 95: Message: Tried to run command without establishing a connection

2024-07-28 20:09:03,634 - ERROR - Error processing page 96: Message: Tried to run command without establishing a connection

2024-07-28 20:09:03,634 - ERROR - Error processing page 97: Message: Tried to run command without establishing a connection

2024-07-28 20:09:03,635 - ERROR - Error processing page 98: Message: Tried to run command without establishing a connection

2024-07-28 20:09:03,635 - ERROR - Error processing page 99: Message: Tried to run command without establishing a connection

2024-07-28 20:09:03,665 - ERROR - Error writing to Excel: 'Category 1'
