2024-08-09 10:36:58,137 - INFO - ====== WebDriver manager ======
2024-08-09 10:36:58,228 - INFO - Get LATEST geckodriver version for 128.0 firefox
2024-08-09 10:36:58,873 - INFO - Get LATEST geckodriver version for 128.0 firefox
2024-08-09 10:36:59,136 - INFO - Driver [/home/amos/.wdm/drivers/geckodriver/linux64/v0.35.0/geckodriver] found in cache
2024-08-09 10:37:20,889 - INFO - Reached the end of the page or no more content to load.
2024-08-09 10:37:21,214 - INFO - Total number of unique products found: 11
2024-08-09 10:37:33,754 - ERROR - Error extracting pack price for product https://mccoymart.com/buy/ambuja-cement-ppc-53-grade/: Message: Unable to locate element: .price-dtls-pay-values .packQuantityAmount; For documentation on this error, please visit: https://www.selenium.dev/documentation/webdriver/troubleshooting/errors#no-such-element-exception
Stacktrace:
RemoteError@chrome://remote/content/shared/RemoteError.sys.mjs:8:8
WebDriverError@chrome://remote/content/shared/webdriver/Errors.sys.mjs:193:5
NoSuchElementError@chrome://remote/content/shared/webdriver/Errors.sys.mjs:511:5
dom.find/</<@chrome://remote/content/shared/DOM.sys.mjs:136:16

2024-08-09 10:37:33,758 - ERROR - Error extracting quantity for product https://mccoymart.com/buy/ambuja-cement-ppc-53-grade/: Message: Unable to locate element: .price-dtls-pay-values .packQuantityPcs; For documentation on this error, please visit: https://www.selenium.dev/documentation/webdriver/troubleshooting/errors#no-such-element-exception
Stacktrace:
RemoteError@chrome://remote/content/shared/RemoteError.sys.mjs:8:8
WebDriverError@chrome://remote/content/shared/webdriver/Errors.sys.mjs:193:5
NoSuchElementError@chrome://remote/content/shared/webdriver/Errors.sys.mjs:511:5
dom.find/</<@chrome://remote/content/shared/DOM.sys.mjs:136:16

2024-08-09 10:37:46,646 - ERROR - Error extracting price per piece for product https://mccoymart.com/buy/ambuja-cement-ppc-53-grade/: Message: Unable to locate element: .price-pcs-pdp; For documentation on this error, please visit: https://www.selenium.dev/documentation/webdriver/troubleshooting/errors#no-such-element-exception
Stacktrace:
RemoteError@chrome://remote/content/shared/RemoteError.sys.mjs:8:8
WebDriverError@chrome://remote/content/shared/webdriver/Errors.sys.mjs:193:5
NoSuchElementError@chrome://remote/content/shared/webdriver/Errors.sys.mjs:511:5
dom.find/</<@chrome://remote/content/shared/DOM.sys.mjs:136:16

2024-08-09 10:37:46,757 - ERROR - Error extracting product details for product https://mccoymart.com/buy/ambuja-cement-ppc-53-grade/: name 'pack_price' is not defined
2024-08-09 10:37:56,827 - ERROR - Error extracting pack price for product javascript:void(0): Message: Unable to locate element: .price-dtls-pay-values .packQuantityAmount; For documentation on this error, please visit: https://www.selenium.dev/documentation/webdriver/troubleshooting/errors#no-such-element-exception
Stacktrace:
RemoteError@chrome://remote/content/shared/RemoteError.sys.mjs:8:8
WebDriverError@chrome://remote/content/shared/webdriver/Errors.sys.mjs:193:5
NoSuchElementError@chrome://remote/content/shared/webdriver/Errors.sys.mjs:511:5
dom.find/</<@chrome://remote/content/shared/DOM.sys.mjs:136:16

2024-08-09 10:37:56,830 - ERROR - Error extracting quantity for product javascript:void(0): Message: Unable to locate element: .price-dtls-pay-values .packQuantityPcs; For documentation on this error, please visit: https://www.selenium.dev/documentation/webdriver/troubleshooting/errors#no-such-element-exception
Stacktrace:
RemoteError@chrome://remote/content/shared/RemoteError.sys.mjs:8:8
WebDriverError@chrome://remote/content/shared/webdriver/Errors.sys.mjs:193:5
NoSuchElementError@chrome://remote/content/shared/webdriver/Errors.sys.mjs:511:5
dom.find/</<@chrome://remote/content/shared/DOM.sys.mjs:136:16

2024-08-09 10:38:07,199 - ERROR - Error extracting price per piece for product javascript:void(0): Message: Unable to locate element: .price-pcs-pdp; For documentation on this error, please visit: https://www.selenium.dev/documentation/webdriver/troubleshooting/errors#no-such-element-exception
Stacktrace:
RemoteError@chrome://remote/content/shared/RemoteError.sys.mjs:8:8
WebDriverError@chrome://remote/content/shared/webdriver/Errors.sys.mjs:193:5
NoSuchElementError@chrome://remote/content/shared/webdriver/Errors.sys.mjs:511:5
dom.find/</<@chrome://remote/content/shared/DOM.sys.mjs:136:16

2024-08-09 10:38:07,323 - ERROR - Error extracting product details for product javascript:void(0): name 'pack_price' is not defined
2024-08-09 10:38:08,477 - ERROR - Error saving to Excel: At least one sheet must be visible
