2024-07-30 18:07:27,452 - INFO - Processing batch from page 1 to 51
2024-07-30 18:07:27,452 - INFO - Fetching URL: https://www.hippostores.com/k-/productlist?sort=relevance&page=1
2024-07-30 18:07:41,311 - INFO - Fetching product page: https://www.hippostores.com/kohler-note-face-plate-flush-plate-brushed-bronze-75891in-m-bv-model-75891in-m-bv/product/2000000858
2024-07-30 18:07:47,966 - INFO - Fetching product page: https://www.hippostores.com/jaquar-faucet-angular-stop-cock-with-wall-flange-ari-chr-39053-model-ari-chr-39053/product/2000003956
2024-07-30 18:07:55,487 - INFO - Fetching product page: https://www.hippostores.com/kohler-health-faucet-jet-spray-w-sdspray-metal-hose-french-gold-glossy-model-12927in-af/product/2000001526
2024-07-30 18:08:01,723 - INFO - Fetching product page: https://www.hippostores.com/wipro-garnet-led-24v-strip-2700k-white-120-meter-model-d412827-df22827/product/1000001094
2024-07-30 18:08:05,591 - INFO - Fetching product page: https://www.hippostores.com/wipro-garnet-led-24v-strip-4000k-white-120-meter-model-d412840-df22840/product/1000001095
2024-07-30 18:08:09,131 - INFO - Fetching product page: https://www.hippostores.com/wipro-garnet-plus-led-batten-cool-day-light-36w-model-d533665/product/1000001108
2024-07-30 18:08:14,017 - INFO - Fetching product page: https://www.hippostores.com/wipro-garnet-led-flood-light-cool-day-light-100w-model-d910065-1/product/1000001125
2024-07-30 18:08:21,513 - INFO - Fetching product page: https://www.hippostores.com/wipro-garnet-3w-led-step-light-2700k-model-dw10327/product/1000001133
2024-07-30 18:08:29,494 - INFO - Fetching product page: https://www.hippostores.com/anchor-smart-6-amp-modular-angle-lamp-holder-model-39935/product/1000002055
2024-07-30 18:08:35,957 - INFO - Fetching product page: https://www.hippostores.com/anchor-smart-16a-3-pin-plug-top-white-model-38637-39583/product/1000002053
2024-07-30 18:08:45,750 - INFO - Fetching product page: https://www.hippostores.com/anchor-smart-angle-holder-fancy-type-white-model-39673/product/1000002054
2024-07-30 18:08:53,288 - INFO - Fetching product page: https://www.hippostores.com/anchor-smart-penta-door-bell-model-38921/product/1000002047
2024-07-30 18:08:57,577 - INFO - Fetching product page: https://www.hippostores.com/jaypee-plus-tiktok-open-dustbin-model-8904121211555/product/6500000053
2024-07-30 18:09:01,429 - INFO - Fetching product page: https://www.hippostores.com/shagun-kitchen-wiper-silicon-rubber-size-l-23-cm-x-w-24-5-cm-model-sw-87/product/6500000148
2024-07-30 18:09:05,418 - INFO - Fetching product page: https://www.hippostores.com/shagun-pochha-100-cotton-fabric-175g-size-28-x-28-inch-model-s-33/product/6500000141
2024-07-30 18:09:09,163 - INFO - Fetching product page: https://www.hippostores.com/shagun-rope-20-m-plastic-coated-iron-wire-model-s-76/product/6500000144
2024-07-30 18:09:12,974 - INFO - Fetching product page: https://www.hippostores.com/shagun-scrub-pad-pack-of-10-size-15-cm-x-10-cm-x-8mm-model-s-7/product/6500000140
2024-07-30 18:09:17,241 - INFO - Fetching product page: https://www.hippostores.com/vsa-ss-ladder-2-step-model-vsa-135/product/6500000582
2024-07-30 18:09:21,119 - INFO - Fetching product page: https://www.hippostores.com/cello-ss-flip-style-flask-1000-ml-model-8901372157427/product/6500000627
2024-07-30 18:09:24,855 - INFO - Fetching product page: https://www.hippostores.com/cello-ss-flip-style-flask-750-ml-model-8901372157410/product/6500000626
2024-07-30 18:09:24,899 - INFO - Page 1 processed successfully
2024-07-30 18:09:24,899 - INFO - Fetching URL: https://www.hippostores.com/k-/productlist?sort=relevance&page=2
2024-07-30 18:09:32,163 - INFO - Fetching product page: https://www.hippostores.com/kohler-towel-ring-5631in-chrome-plated-model-5631in-cp/product/2000000907
2024-07-30 18:09:36,088 - INFO - Fetching product page: https://www.hippostores.com/jaquar-soap-dish-holder-acn-chr-1131n-model-acn-chr-1131n/product/2000001633
2024-07-30 18:09:39,807 - INFO - Fetching product page: https://www.hippostores.com/jaquar-towel-rack-wit-single-rail-with-hooks-ahs-chr-1581h-model-ahs-chr-1581h/product/2000001643
2024-07-30 18:09:44,076 - INFO - Fetching product page: https://www.hippostores.com/jaquar-soap-dispenser-with-glass-bottle-akp-chr-35735p-model-akp-chr-35735p/product/2000001645
2024-07-30 18:09:47,789 - INFO - Fetching product page: https://www.hippostores.com/shagun-premium-quality-car-duster-extendable-handle-model-s-68/product/6500000143
2024-07-30 18:09:51,637 - INFO - Fetching product page: https://www.hippostores.com/shagun-microfiber-duster-with-plastic-handle-190-g-length-67-cm-model-s-94/product/6500000142
2024-07-30 18:09:55,577 - INFO - Fetching product page: https://www.hippostores.com/shagun-dust-pan-with-brush-size-36-x-23-cm-model-s-78/product/6500000146
2024-07-30 18:09:59,370 - INFO - Fetching product page: https://www.hippostores.com/shagun-premium-quality-dust-pan-size-36-x-23-cm-model-s-77/product/6500000145
2024-07-30 18:10:03,421 - INFO - Fetching product page: https://www.hippostores.com/anchor-smart-16a-dyna-flexi-cord-socket-4-meter-model-3381/product/1000002041
2024-07-30 18:10:07,512 - INFO - Fetching product page: https://www.hippostores.com/kohler-600mm-single-towel-bar-25065in-chrome-plated-model-25065in-cp/product/2000000932
2024-07-30 18:10:11,423 - INFO - Fetching product page: https://www.hippostores.com/jaquar-easy-flex-tube-in-chrome-finish-1-5m-lon-sha-chr-571-model-sha-chr-571/product/2000002800
2024-07-30 18:10:15,193 - INFO - Fetching product page: https://www.hippostores.com/jaquar-flexible-tube-8mm-dia-1-5m-long-with-sha-chr-549d8-model-sha-chr-549d8/product/2000001752
2024-07-30 18:10:18,900 - INFO - Fetching product page: https://www.hippostores.com/jaquar-towel-rack-600mm-long-with-lower-hangers-akp-chr-35781ps-model-akp-chr-35781ps/product/2000004513
2024-07-30 18:10:22,689 - INFO - Fetching product page: https://www.hippostores.com/jaquar-faucet-single-towel-rail-600mm-long-stainless-acn-chr-1111sm-model-acn-chr-1111sm/product/2000003999
2024-07-30 18:10:29,197 - INFO - Fetching product page: https://www.hippostores.com/iris-new-lemon-grass-fragrance-ceramic-vapourizer-with-5ml-oil-and-2-tealights-model-infv0217lg/product/6500000007
2024-07-30 18:10:33,137 - INFO - Fetching product page: https://www.hippostores.com/iris-lavender-ceramic-fragrance-vaporizer-set-model-infv0216la/product/6500000006
2024-07-30 18:10:37,119 - INFO - Fetching product page: https://www.hippostores.com/iris-new-apple-cinnamon-fragrance-ceramic-vapourizer-with-5ml-oil-and-2-tealights-model-infv0218ac/product/6500000008
2024-07-30 18:10:40,877 - INFO - Fetching product page: https://www.hippostores.com/kohler-towel-bar-towel-rod-5630in-chrome-plated-model-5630in-cp/product/2000000903
2024-07-30 18:10:44,711 - INFO - Fetching product page: https://www.hippostores.com/kohler-valve-diverter-1-handle-recessed-w-diverter-882in-af-model-882in-af/product/2000000922
2024-07-30 18:10:48,630 - INFO - Fetching product page: https://www.hippostores.com/kohler-towel-rack-towel-shelf-25066in-chrome-plated-model-25066in-cp/product/2000000935
2024-07-30 18:10:48,686 - INFO - Page 2 processed successfully
2024-07-30 18:10:48,686 - INFO - Fetching URL: https://www.hippostores.com/k-/productlist?sort=relevance&page=3
2024-07-30 18:10:56,012 - INFO - Fetching product page: https://www.hippostores.com/kohler-health-faucet-jet-spray-w-sdspray-metal-hose-polished-chrome-glossy-model-12927in-cp/product/2000001541
2024-07-30 18:11:00,018 - INFO - Fetching product page: https://www.hippostores.com/kohler-handshower-bracket-holder-model-9040in-cp/product/2000002841
2024-07-30 18:11:04,005 - INFO - Fetching product page: https://www.hippostores.com/cera-h-type-1485-shine-finish-exposed-white-glossy-model-b1120101/product/2000002752
2024-07-30 18:11:08,078 - INFO - Fetching product page: https://www.hippostores.com/kohler-lynk-pneumatic-faceplate-cp-75890in-p-cp-model-75890in-p-cp/product/2000003052
2024-07-30 18:11:12,208 - INFO - Fetching product page: https://www.hippostores.com/kohler-vive-qc-slim-uf-seat-28781in-0-model-28781in-0/product/2000004797
2024-07-30 18:11:16,186 - INFO - Fetching product page: https://www.hippostores.com/kohler-vive-wall-hung-bowl-28780in-0-model-28780in-0/product/2000004800
2024-07-30 18:11:20,670 - INFO - Fetching product page: https://www.hippostores.com/iris-electric-vaporizer-irfv0259fv-model-irfv0259fv/product/6500000009
2024-07-30 18:11:25,762 - INFO - Fetching product page: https://www.hippostores.com/iris-reed-diffuser-set-lemon-grass-60ml-model-inrd0101lg/product/6500000003
2024-07-30 18:11:29,816 - INFO - Fetching product page: https://www.hippostores.com/iris-ocean-dream-fragrance-vaporizer-oil-15ml-model-infv0222od/product/6500000013
2024-07-30 18:11:33,793 - INFO - Fetching product page: https://www.hippostores.com/iris-home-fragrance-lavender-potpourri-140-gm-model-pt0004la/product/6500000014
2024-07-30 18:11:37,678 - INFO - Fetching product page: https://www.hippostores.com/iris-amber-rose-fragrance-vaporizer-oil-15ml-model-infv0222ar/product/6500000012
2024-07-30 18:11:41,445 - INFO - Fetching product page: https://www.hippostores.com/iris-apple-cinnamon-fragrance-vaporizer-oil-15ml-model-infv0222ac/product/6500000011
2024-07-30 18:11:45,341 - INFO - Fetching product page: https://www.hippostores.com/iris-fragrance-sachet-sandal-model-irfs0951sa/product/6500000017
2024-07-30 18:12:07,295 - INFO - Fetching product page: https://www.hippostores.com/iris-home-fragrance-jasmine-potpourri-140-gm-model-pt0004js/product/6500000015
2024-07-30 18:12:11,154 - INFO - Fetching product page: https://www.hippostores.com/iris-home-fragrance-rose-potpourri-140-gm-model-pt0004rs/product/6500000016
2024-07-30 18:12:15,006 - INFO - Fetching product page: https://www.hippostores.com/kohler-bottle-trap-350mm-75823in-cp-model-75823in-cp/product/2000000888
2024-07-30 18:12:19,047 - INFO - Fetching product page: https://www.hippostores.com/kohler-valve-diverter-1-handle-recessed-w-diverter-882in-chrome-plated-model-882in-cp/product/2000000882
2024-07-30 18:12:22,870 - INFO - Fetching product page: https://www.hippostores.com/kohler-patio-quiet-close-toilet-seat-10614in-0-model-10614in-0/product/2000000840
2024-07-30 18:12:26,663 - INFO - Fetching product page: https://www.hippostores.com/kohler-lynk-pneumatic-face-plate-flush-plate-french-gold-75890in-p-af-model-75890in-p-af/product/2000000855
2024-07-30 18:12:30,842 - INFO - Fetching product page: https://www.hippostores.com/kohler-trace-wall-hung-bowl-20218in-0-model-20218in-0/product/2000000856
2024-07-30 18:12:30,900 - INFO - Page 3 processed successfully
2024-07-30 18:12:30,900 - INFO - Fetching URL: https://www.hippostores.com/k-/productlist?sort=relevance&page=4
2024-07-30 18:12:38,336 - INFO - Fetching product page: https://www.hippostores.com/kohler-sc-wm-valve-diverter-assy-5679in-chrome-plated-model-5679in-cp/product/2000000886
2024-07-30 18:12:42,233 - INFO - Fetching product page: https://www.hippostores.com/kohler-patio-wall-hung-bowl-w-flush-diverter-4187in-wd-0-model-4187in-wd-0/product/2000000843
2024-07-30 18:12:46,136 - INFO - Fetching product page: https://www.hippostores.com/kohler-graph-inwall-tank-face-plate-flush-plate-pneumatic-20189in-p-cp-model-20189in-p-cp/product/2000001059
2024-07-30 18:12:50,009 - INFO - Fetching product page: https://www.hippostores.com/kohler-autosense-235-valve-diverter-20740in-a-na-model-20740in-a-na/product/2000001033
2024-07-30 18:12:53,712 - INFO - Fetching product page: https://www.hippostores.com/kohler-complementary-angle-valve-polished-chrome-glossy-model-80158in-9-cp-80158in-9av-cp/product/2000001540
2024-07-30 18:12:57,642 - INFO - Fetching product page: https://www.hippostores.com/kohler-lynk-pneumatic-faceplate-rosegold-model-75890in-p-rgd/product/2000003935
2024-07-30 18:13:01,443 - INFO - Fetching product page: https://www.hippostores.com/kohler-instafit-nxt-gen-pneu-in-wall-tank-model-26353in-p-na/product/2000004674
2024-07-30 18:13:05,388 - INFO - Fetching product page: https://www.hippostores.com/kohler-instafit-nxt-gen-pneu-in-wall-tank-model-26352in-p-na/product/2000004672
2024-07-30 18:13:09,350 - INFO - Fetching product page: https://www.hippostores.com/kohler-brazn-qc-toilet-seat-washdown-round-model-21128in-0/product/2000005715
2024-07-30 18:13:13,254 - INFO - Fetching product page: https://www.hippostores.com/goeka-classic-12-square-corner-glass-model-gs-04/product/2000004331
2024-07-30 18:13:16,871 - INFO - Fetching product page: https://www.hippostores.com/anchor-200mm-smart-air-ventilation-fan-white-model-13980wh/product/1000005316
2024-07-30 18:13:20,505 - INFO - Fetching product page: https://www.hippostores.com/anchor-150mm-smart-air-ventilation-fan-white-model-13979wh/product/1000005315
2024-07-30 18:13:24,264 - INFO - Fetching product page: https://www.hippostores.com/anchor-250mm-smart-air-ventilation-fan-white-model-13981wh/product/1000005317
2024-07-30 18:13:28,036 - INFO - Fetching product page: https://www.hippostores.com/kohler-hone-recessed-bath-shower-trim-22541in-4fp-af-valve-trim-diverter-trim-model-22541in-4fp-af/product/2000000958
2024-07-30 18:13:31,932 - INFO - Fetching product page: https://www.hippostores.com/schneider-ez9-db-8-way-spn-double-door-model-ez9esnd08/product/1000000717
2024-07-30 18:13:35,720 - INFO - Fetching product page: https://www.hippostores.com/tekson-12m-h-8x6-18g-gi-white-metal-box/product/1000005305
2024-07-30 18:13:39,845 - INFO - Fetching product page: https://www.hippostores.com/amogha-garden-incense-ingi0652ct-model-ingi0652ct/product/6500000041
2024-07-30 18:13:43,631 - INFO - Fetching product page: https://www.hippostores.com/shagun-jala-brush-telescopic-handle-5-ft-model-s-29/product/6500000161
2024-07-30 18:13:47,569 - INFO - Fetching product page: https://www.hippostores.com/shagun-cloth-brush-size-15-x-6-x-7-5-cm-model-s-83/product/6500000160
2024-07-30 18:13:51,430 - INFO - Fetching product page: https://www.hippostores.com/shagun-extendable-mop-handle-with-360-degree-movement-model-s-59/product/6500000169
2024-07-30 18:13:51,478 - INFO - Page 4 processed successfully
2024-07-30 18:13:51,478 - INFO - Fetching URL: https://www.hippostores.com/k-/productlist?sort=relevance&page=5
2024-07-30 18:13:58,623 - INFO - Fetching product page: https://www.hippostores.com/wembley-nitro-cellulose-table-top-clear-1ltr/product/4000000514
2024-07-30 18:14:02,440 - INFO - Fetching product page: https://www.hippostores.com/wembley-sanding-sealer-500ml/product/4000000513
2024-07-30 18:14:06,468 - INFO - Fetching product page: https://www.hippostores.com/wipro-garnet-alpha-7w-rd-led-panel-cool-day-light-model-dj20765/product/1000005169
2024-07-30 18:14:10,639 - INFO - Fetching product page: https://www.hippostores.com/wipro-garnet-linear-cob-10w-warm-white-model-dc71027/product/1000005163
2024-07-30 18:14:14,587 - INFO - Fetching product page: https://www.hippostores.com/wipro-garnet-ip65-6-5w-60led-strip-50m-warm-white-model-dl12827/product/1000005159
2024-07-30 18:14:18,573 - INFO - Fetching product page: https://www.hippostores.com/anchor-penta-uni-switch-socket-combo-with-box-20a-10a-240v-white-model-14310/product/1000003618
2024-07-30 18:14:22,458 - INFO - Fetching product page: https://www.hippostores.com/panasonic-led-panel-light-pc-round-10w-6500k-model-ppam22107/product/1000004065
2024-07-30 18:14:26,460 - INFO - Fetching product page: https://www.hippostores.com/panasonic-led-panel-light-pc-round-6w-3000k-model-ppam22063/product/1000004060
2024-07-30 18:14:30,338 - INFO - Fetching product page: https://www.hippostores.com/panasonic-led-rimless-surface-panel-light-round-12w-4000k-refresh-model-ppam16124r1/product/1000004094
2024-07-30 18:14:34,193 - INFO - Fetching product page: https://www.hippostores.com/panasonic-led-rimless-surface-panel-light-round-12w-6500k-refresh-model-ppam16127r1/product/1000004095
2024-07-30 18:14:38,126 - INFO - Fetching product page: https://www.hippostores.com/wembley-sanding-sealer-1ltr/product/4000000510
2024-07-30 18:14:42,382 - INFO - Fetching product page: https://www.hippostores.com/wembley-sanding-sealer-4ltr/product/4000000511
2024-07-30 18:14:46,302 - INFO - Fetching product page: https://www.hippostores.com/atom-lock-size-60mm-double-stage-locking-size-205mm-8-o-38-satin-black-with-o-lever-handles/product/6000003680
2024-07-30 18:14:50,505 - INFO - Fetching product page: https://www.hippostores.com/atom-lock-size-60mm-double-stage-locking-size-205mm-8-o-40-antique-with-osk-c-lever-handles/product/6000003684
2024-07-30 18:14:54,412 - INFO - Fetching product page: https://www.hippostores.com/archis-cabinet-handle-ah-606-096-ab-model-ah-606-096-ab/product/6000011158
2024-07-30 18:14:58,212 - INFO - Fetching product page: https://www.hippostores.com/atom-tb-002-6-inch-xylo-atom-antique-model-tb-002-6-antique/product/6000017017
2024-07-30 18:15:02,074 - INFO - Fetching product page: https://www.hippostores.com/atom-tb-002-4-inch-xylo-atom-antique-model-tb-002-4-antique/product/6000017016
2024-07-30 18:15:05,989 - INFO - Fetching product page: https://www.hippostores.com/atom-tb-002-6-inch-xylo-atom-ss-model-tb-002-6-ss/product/6000017010
2024-07-30 18:15:09,762 - INFO - Fetching product page: https://www.hippostores.com/atom-tb-002-8-inch-xylo-atom-antique-model-tb-002-8-antique/product/6000017018
2024-07-30 18:15:13,537 - INFO - Fetching product page: https://www.hippostores.com/atom-tb-002-4-inch-xylo-atom-ss-model-tb-002-4-ss/product/6000017009
2024-07-30 18:15:13,626 - INFO - Page 5 processed successfully
2024-07-30 18:15:13,626 - INFO - Fetching URL: https://www.hippostores.com/k-/productlist?sort=relevance&page=6
2024-07-30 18:15:21,494 - INFO - Fetching product page: https://www.hippostores.com/schneider-ez9-db-12-way-tpn-dd-model-ez9etnd12/product/1000000722
2024-07-30 18:15:25,523 - INFO - Fetching product page: https://www.hippostores.com/kohler-grid-drain-waste-coupling-w-o-overflow-45432in-af-model-45432in-af/product/2000000824
2024-07-30 18:15:29,319 - INFO - Fetching product page: https://www.hippostores.com/jaquar-wall-hung-wc-with-in-built-jet-uf-soft-sls-wht-6951jufsm-model-sls-wht-6951jufsm/product/2000003951
2024-07-30 18:15:33,255 - INFO - Fetching product page: https://www.hippostores.com/kohler-instafit-nxt-gen-mech-in-wall-tank-model-26353in-m-na/product/2000004673
2024-07-30 18:15:37,038 - INFO - Fetching product page: https://www.hippostores.com/goldmedal-i-strip-6x1-led-spike-guard-model-205101whit/product/1000002660
2024-07-30 18:15:41,162 - INFO - Fetching product page: https://www.hippostores.com/goldmedal-360-degree-power-strip-model-205100whit/product/1000002652
2024-07-30 18:15:45,477 - INFO - Fetching product page: https://www.hippostores.com/tekson-pvc-tape-mix-colors/product/1000004294
2024-07-30 18:15:49,616 - INFO - Fetching product page: https://www.hippostores.com/wipro-garnet-alpha-12w-rd-led-panel-natural-white-model-dj21240/product/1000005174
2024-07-30 18:15:53,607 - INFO - Fetching product page: https://www.hippostores.com/panasonic-led-panel-light-pc-round-15w-6500k-model-ppam22157/product/1000004068
2024-07-30 18:15:57,430 - INFO - Fetching product page: https://www.hippostores.com/norisys-square-6a-3-2pin-rd-socket-2m-white-model-ns7213-01/product/1000004186
2024-07-30 18:16:02,115 - INFO - Fetching product page: https://www.hippostores.com/panasonic-led-rimless-surface-panel-light-round-18w-4000k-refresh-model-ppam16184r1/product/1000004100
2024-07-30 18:16:06,119 - INFO - Fetching product page: https://www.hippostores.com/panasonic-led-spot-light-pc-2w-3000k-refresh-model-pspm01023r1/product/1000004054
2024-07-30 18:16:09,972 - INFO - Fetching product page: https://www.hippostores.com/goldmedal-g-focus-night-lamp-model-206169whit/product/1000002662
2024-07-30 18:16:13,849 - INFO - Fetching product page: https://www.hippostores.com/jaquar-towel-rack-600mm-long-with-lower-hangers-acn-chr-1181s-model-acn-chr-1181s/product/2000004216
2024-07-30 18:16:17,944 - INFO - Fetching product page: https://www.hippostores.com/goeka-eco-multi-angle-valve-ss-model-av-10/product/2000004309
2024-07-30 18:16:22,270 - INFO - Fetching product page: https://www.hippostores.com/goeka-eco-fusion-angle-valve-ss-model-av-11/product/2000004310
2024-07-30 18:16:26,238 - INFO - Fetching product page: https://www.hippostores.com/philips-marathon-rope-light-accessory-gen-2-model-929001957288-929002329054/product/1000003290
2024-07-30 18:16:30,709 - INFO - Fetching product page: https://www.hippostores.com/norisys-6a-universal-socket-square-graphite-gray-model-ns7213-23/product/1000003298
2024-07-30 18:16:34,538 - INFO - Fetching product page: https://www.hippostores.com/norisys-square-16a-socket-2m-shyne-square-model-ns7332-01/product/1000001027
2024-07-30 18:16:38,326 - INFO - Fetching product page: https://www.hippostores.com/wipro-2a-led-driver-model-h43520-hd1200/product/1000001259
2024-07-30 18:16:38,390 - INFO - Page 6 processed successfully
2024-07-30 18:16:38,391 - INFO - Fetching URL: https://www.hippostores.com/k-/productlist?sort=relevance&page=7
2024-07-30 18:16:45,794 - INFO - Fetching product page: https://www.hippostores.com/jaquar-sanitaryware-rimless-wall-hung-wc-with-uf-soft-close-cns-wht-963ufsm-model-cns-wht-963ufsm/product/2000003710
2024-07-30 18:16:49,743 - INFO - Fetching product page: https://www.hippostores.com/jaquar-single-lever-exposed-parts-kit-of-hi-flo-kup-chr-35079nkpm-model-kup-chr-35079nkpm/product/2000003947
2024-07-30 18:16:53,895 - INFO - Fetching product page: https://www.hippostores.com/jaquar-sink-mixer-w-m-with-extended-spout-flr-chr-5309nd-model-flr-chr-5309nd/product/2000003946
2024-07-30 18:16:57,807 - INFO - Fetching product page: https://www.hippostores.com/jaquar-sanitaryware-rimless-blind-installation-wall-hung-wc-ars-wht-39953biufsm-model-ars-wht-39953biufsm/product/2000003709
2024-07-30 18:17:01,637 - INFO - Fetching product page: https://www.hippostores.com/hafele-matrixbox-premium-soft-close-metallic-silver-35kg-nominal-length-500mm-model-513-24-905/product/6000013118
2024-07-30 18:17:05,663 - INFO - Fetching product page: https://www.hippostores.com/havells-flexion-ac-rope-strip-144led-20mtr-3000k-model-lhehbqp5tn6f130/product/1000006159
2024-07-30 18:17:09,565 - INFO - Fetching product page: https://www.hippostores.com/hettich-ka-4532-35-kg-silent-system-450-mm-model-9114275/product/6000001777
2024-07-30 18:17:13,596 - INFO - Fetching product page: https://www.hippostores.com/hettich-ka-4532-35-kg-silent-system-500-mm-model-9114276/product/6000001778
2024-07-30 18:17:17,622 - INFO - Fetching product page: https://www.hippostores.com/hettich-soft-close-sensys-8645i-hinge-for-15-24mm-thick-doors-opening-angle-110-9-5crank-model-9242923/product/6000001736
2024-07-30 18:17:21,670 - INFO - Fetching product page: https://www.hippostores.com/hettich-soft-close-onsys-4447i-hinge-for-14-25mm-thick-door-opening-angle-105-9-5crank-model-9281434/product/6000001739
2024-07-30 18:17:25,537 - INFO - Fetching product page: https://www.hippostores.com/hettich-ka-4532-35-kg-silent-system-300mm-model-9114271/product/6000001774
2024-07-30 18:17:30,162 - INFO - Fetching product page: https://www.hippostores.com/hettich-sl-16-fitting-set-model-9226025/product/6000001761
2024-07-30 18:17:34,494 - INFO - Fetching product page: https://www.hippostores.com/hettich-ka-5632-45-kg-zinc-black-500-mm-model-73281-9193319/product/6000001769
2024-07-30 18:17:38,310 - INFO - Fetching product page: https://www.hippostores.com/jaypee-plus-moondrops-liquid-soap-dispenser-375ml-model-8904121211388/product/6500000056
2024-07-30 18:17:42,988 - INFO - Fetching product page: https://www.hippostores.com/jaypee-plus-hangsmart-hanger-model-8904121209897/product/6500000054
2024-07-30 18:17:46,886 - INFO - Fetching product page: https://www.hippostores.com/jaypee-plus-optima-liquid-soap-dispenser-275ml-model-8904121215355/product/6500000057
2024-07-30 18:17:50,658 - INFO - Fetching product page: https://www.hippostores.com/shagun-grass-broom-425g-size-44-inch-model-khetan/product/6500000147
2024-07-30 18:17:54,550 - INFO - Fetching product page: https://www.hippostores.com/jaypee-plus-rib-padel-dustbin-small-model-8904121211920/product/6500000049
2024-07-30 18:17:58,339 - INFO - Fetching product page: https://www.hippostores.com/jaypee-plus-rib-padel-dustbin-large-model-8904121211937/product/6500000050
2024-07-30 18:18:02,100 - INFO - Fetching product page: https://www.hippostores.com/jaypee-plus-rib-lucent-bath-stool-model-8904121212118/product/6500000048
2024-07-30 18:18:02,214 - INFO - Page 7 processed successfully
2024-07-30 18:18:02,214 - INFO - Fetching URL: https://www.hippostores.com/k-/productlist?sort=relevance&page=8
2024-07-30 18:18:09,588 - INFO - Fetching product page: https://www.hippostores.com/jaypee-plus-rib-lucent-bath-tub-model-8904121212101/product/6500000047
2024-07-30 18:18:13,462 - INFO - Fetching product page: https://www.hippostores.com/jaypee-plus-laundry-basket-drop-all-65l-model-8904121205202/product/6500000051
2024-07-30 18:18:17,200 - INFO - Fetching product page: https://www.hippostores.com/jaypee-plus-laundry-basket-drop-all-45l-model-8904121206674/product/6500000052
2024-07-30 18:18:21,232 - INFO - Fetching product page: https://www.hippostores.com/jaypee-plus-rib-lucent-bucket-20l-model-8904121212415/product/6500000044
2024-07-30 18:18:25,050 - INFO - Fetching product page: https://www.hippostores.com/jaypee-plus-rib-lucent-bath-mug-1-5l-model-8904121212057/product/6500000045
2024-07-30 18:18:29,409 - INFO - Fetching product page: https://www.hippostores.com/anchor-round-plate-4-25-white-model-ca4rpwhn/product/1000001925
2024-07-30 18:18:33,457 - INFO - Fetching product page: https://www.hippostores.com/anchor-smart-spike-guard-4-universal-socket-with-individual-switch-indicator-grey-bas-model-22637/product/1000002045
2024-07-30 18:18:37,394 - INFO - Fetching product page: https://www.hippostores.com/wipro-garnet-led-flood-light-cool-day-light-50w-model-d915065-1/product/1000001128
2024-07-30 18:18:41,291 - INFO - Fetching product page: https://www.hippostores.com/norisys-square-blank-switch-1m-shyne-square-model-ns7700-01/product/1000001033
2024-07-30 18:18:45,400 - INFO - Fetching product page: https://www.hippostores.com/anchor-rigid-pvc-conduit-pipe-20mm-mms-socket-type-model-cp20smivn/product/1000001909
2024-07-30 18:18:49,356 - INFO - Fetching product page: https://www.hippostores.com/norisys-cube-6m-flat-5-quartz-grey-plate-8x3-size-matt-cube-model-nc6406-02/product/1000001013
2024-07-30 18:18:53,435 - INFO - Fetching product page: https://www.hippostores.com/norisys-6amp-1way-switch-square-graphite-grey-model-ns7110-23/product/1000003190
2024-07-30 18:18:57,502 - INFO - Fetching product page: https://www.hippostores.com/goeka-ext-nipple-1-model-al-33a/product/2000004382
2024-07-30 18:19:01,304 - INFO - Fetching product page: https://www.hippostores.com/goeka-ext-nipple-2-model-al-33c/product/2000004384
2024-07-30 18:19:05,202 - INFO - Fetching product page: https://www.hippostores.com/goeka-ext-nipple-1-5-model-al-33b/product/2000004383
2024-07-30 18:19:09,366 - INFO - Fetching product page: https://www.hippostores.com/jaquar-toilet-roll-holder-with-stainless-steel-akp-chr-35753ps-model-akp-chr-35753ps/product/2000004511
2024-07-30 18:19:13,776 - INFO - Fetching product page: https://www.hippostores.com/havells-life-line-sc-fr-1-5-sq-mm-flex-black-90-meter-22a-wire-model-whffdnka11x5/product/1000000917
2024-07-30 18:19:18,551 - INFO - Fetching product page: https://www.hippostores.com/havells-life-line-sc-fr-1-5-sq-mm-fx-red-90-meter-22a-wire-model-whffdnra11x5/product/1000000918
2024-07-30 18:19:22,505 - INFO - Fetching product page: https://www.hippostores.com/hafele-matrixbox-premium-soft-close-anthracite-35kg-nominal-length-500mm-model-513-24-306/product/6000011831
2024-07-30 18:19:26,817 - INFO - Fetching product page: https://www.hippostores.com/havells-life-line-sc-fr-2-5-sq-mm-flex-black-90-meter-28a-wire-model-whffdnka12x5/product/1000000922
2024-07-30 18:19:26,923 - INFO - Page 8 processed successfully
2024-07-30 18:19:26,923 - INFO - Fetching URL: https://www.hippostores.com/k-/productlist?sort=relevance&page=9
2024-07-30 18:19:34,471 - INFO - Fetching product page: https://www.hippostores.com/havells-life-line-sc-fr-2-5-sq-mm-fx-red-90-meter-28a-wire-model-whffdnra12x5/product/1000000923
2024-07-30 18:19:38,436 - INFO - Fetching product page: https://www.hippostores.com/havells-fr-sc-fr-1-5-sq-mm-extra-fx-blue-180-meter-20a-wire-model-whffdnbl11x57/product/1000000940
2024-07-30 18:19:42,634 - INFO - Fetching product page: https://www.hippostores.com/norisys-square-6a-collarless-switch-shyne-square-model-ns7110-01/product/1000001024
2024-07-30 18:19:46,689 - INFO - Fetching product page: https://www.hippostores.com/norisys-cube-6a-switch-1m-white-glossy-cube-model-nc5110-01/product/1000000970
2024-07-30 18:19:50,602 - INFO - Fetching product page: https://www.hippostores.com/norisys-cube-8m-flat-5-quartz-grey-plate-9x3-size-matt-model-nc6408-02/product/1000001014
2024-07-30 18:19:54,437 - INFO - Fetching product page: https://www.hippostores.com/jaquar-double-robe-hook-acn-chr-1161n-model-acn-chr-1161n/product/2000001636
2024-07-30 18:19:58,468 - INFO - Fetching product page: https://www.hippostores.com/jaquar-control-flush-plate-plate-aria-jcp-chr-392415-model-jcp-chr-392415/product/2000001629
2024-07-30 18:20:02,182 - INFO - Fetching product page: https://www.hippostores.com/jaquar-control-flush-plate-plate-vignette-prime-k5140-jcp-chr-812415-model-jcp-chr-812415/product/2000001630
2024-07-30 18:20:06,168 - INFO - Fetching product page: https://www.hippostores.com/jaquar-control-flush-plate-plate-kubix-jcp-chr-352415-model-jcp-chr-352415/product/2000001627
2024-07-30 18:20:09,976 - INFO - Fetching product page: https://www.hippostores.com/jaquar-control-flush-plate-plate-opal-jcp-chr-152415-model-jcp-chr-152415/product/2000001626
2024-07-30 18:20:14,094 - INFO - Fetching product page: https://www.hippostores.com/zerob-kitchenmate-ro-model-4420-4200/product/2000000725
2024-07-30 18:20:17,964 - INFO - Fetching product page: https://www.hippostores.com/jaquar-concealed-body-valve-diverter-for-s-l-high-flow-diverte-ald-chr-079-model-ald-chr-079n/product/2000001654
2024-07-30 18:20:21,814 - INFO - Fetching product page: https://www.hippostores.com/jaquar-concealed-body-valve-diverter-for-single-lever-basin-mi-ald-chr-233n-model-ald-chr-233n/product/2000001657
2024-07-30 18:20:25,666 - INFO - Fetching product page: https://www.hippostores.com/jaquar-towel-ring-round-with-round-flange-acn-chr-1121bn-model-acn-chr-1121bn/product/2000001632
2024-07-30 18:20:29,520 - INFO - Fetching product page: https://www.hippostores.com/jaquar-wall-hung-wc-kus-white-35953biufsm-model-kus-wht-35953biufsm/product/2000001846
2024-07-30 18:20:33,496 - INFO - Fetching product page: https://www.hippostores.com/jaquar-rimless-wall-hung-wc-with-slim-seat-cove-sls-white-6953biufsm-6953bippsm-model-sls-wht-6953biufsm-6953bippsm/product/2000001865
2024-07-30 18:20:37,370 - INFO - Fetching product page: https://www.hippostores.com/jaquar-exposed-part-kit-of-single-lever-basin-wm-lav-faucet-basin-mixer-m-ari-chr-39233nk-model-ari-chr-39233nk/product/2000001671
2024-07-30 18:20:41,155 - INFO - Fetching product page: https://www.hippostores.com/jaquar-aquamax-concealed-body-valve-diverter-of-single-lever-s-ald-chr-783-model-ald-chr-783-ald-chr-783n/product/2000001661
2024-07-30 18:20:44,973 - INFO - Fetching product page: https://www.hippostores.com/jaquar-alive-maze-overhead-shower-200x300mm-rou-ohs-chr-85859m-model-ohs-chr-85859m/product/2000001726
2024-07-30 18:20:48,978 - INFO - Fetching product page: https://www.hippostores.com/jaquar-overhead-shower-200x200mm-square-shape-s-ohs-chr-35497-model-ohs-chr-35497/product/2000001737
2024-07-30 18:20:49,072 - INFO - Page 9 processed successfully
2024-07-30 18:20:49,072 - INFO - Fetching URL: https://www.hippostores.com/k-/productlist?sort=relevance&page=10
2024-07-30 18:20:56,572 - INFO - Fetching product page: https://www.hippostores.com/jaquar-angular-stop-cock-with-wall-flange-ali-chr-85053-model-ali-chr-85053/product/2000003224
2024-07-30 18:21:00,488 - INFO - Fetching product page: https://www.hippostores.com/jaquar-control-plate-alive-k5139-jcp-chr-852415-model-jcp-chr-852415/product/2000003223
2024-07-30 18:21:04,306 - INFO - Fetching product page: https://www.hippostores.com/jaquar-angular-stop-cock-with-wall-flange-opp-chr-15053pm-model-opp-chr-15053pm/product/2000003231
2024-07-30 18:21:08,476 - INFO - Fetching product page: https://www.hippostores.com/jaquar-waste-coupling-32mm-f-thread-130mm-ht-ald-chr-705l130-model-ald-chr-705l130/product/2000003226
2024-07-30 18:21:12,420 - INFO - Fetching product page: https://www.hippostores.com/jaquar-angular-stop-cock-with-wall-flange-vgp-chr-81053-model-vgp-chr-81053/product/2000003237
2024-07-30 18:21:16,350 - INFO - Fetching product page: https://www.hippostores.com/jaquar-hand-shower-health-faucet-with-1-2-met-ald-chr-563-model-ald-chr-563/product/2000002774
2024-07-30 18:21:20,634 - INFO - Fetching product page: https://www.hippostores.com/jaquar-exposed-part-kit-of-single-lever-basin-m-ali-chr-85233nk-valve-trim-diverter-trim-model-ali-chr-85233nk/product/2000002770
2024-07-30 18:21:24,491 - INFO - Fetching product page: https://www.hippostores.com/jaquar-concealed-stop-cock-regular-body-for-15-ald-chr-083-model-ald-chr-083/product/2000003630
2024-07-30 18:21:28,478 - INFO - Fetching product page: https://www.hippostores.com/norisys-6a-socket-model-nc5213-02/product/1000003615
2024-07-30 18:21:32,605 - INFO - Fetching product page: https://www.hippostores.com/dorset-door-closer-dc-60-sm-model-dc-60-sm/product/6000001037
2024-07-30 18:21:36,409 - INFO - Fetching product page: https://www.hippostores.com/dorset-door-closer-80kg-with-palmet-arm-model-dc-80-ext-wp/product/6000000953
2024-07-30 18:21:40,216 - INFO - Fetching product page: https://www.hippostores.com/dorset-cylindrical-lock-entrance-silver-satin-model-ettoss/product/6000000991
2024-07-30 18:21:44,002 - INFO - Fetching product page: https://www.hippostores.com/vsa-ss-ladder-3-step-model-vsa-136/product/6500000583
2024-07-30 18:21:48,411 - INFO - Fetching product page: https://www.hippostores.com/havells-led-trim-nxt-panel-10w-rd-cool-day-light-lhebldpfpvnw010-model-lhebldpfpvnw010/product/1000003521
2024-07-30 18:21:52,167 - INFO - Fetching product page: https://www.hippostores.com/yale-ydme-50-nxt-with-4-in-1-access-black-model-ydme-50-nxt/product/6000010759
2024-07-30 18:21:56,139 - INFO - Fetching product page: https://www.hippostores.com/hettich-innotech-lengthwise-railing-for-wooden-rear-panel-add-on-kit-for-8-drawer-1081333-ratio-1-9002503-ratio-2-model-1081333-9002503/product/6000010808
2024-07-30 18:22:00,212 - INFO - Fetching product page: https://www.hippostores.com/yale-digital-lock-ydme-100-nxt-model-ydme-100-nxt/product/6000010750
2024-07-30 18:22:04,035 - INFO - Fetching product page: https://www.hippostores.com/dorset-cylinder-lock-key-knob-60mm-ss-cl101ss-model-cl101ss/product/6000010486
2024-07-30 18:22:07,738 - INFO - Fetching product page: https://www.hippostores.com/shagun-floor-wiper-eva-rubber-21-inch-size-l-49-inch-dia-25-mm-model-sw-122/product/6500000149
2024-07-30 18:22:11,532 - INFO - Fetching product page: https://www.hippostores.com/shagun-floor-wiper-eva-rubber-16-inch-size-l-42-inch-dia-22-mm-model-sw-125/product/6500000150
2024-07-30 18:22:11,584 - INFO - Page 10 processed successfully
2024-07-30 18:22:11,584 - INFO - Fetching URL: https://www.hippostores.com/k-/productlist?sort=relevance&page=11
2024-07-30 18:22:19,130 - INFO - Fetching product page: https://www.hippostores.com/shagun-toilet-brush-round-with-stand-length-18-inch-model-st-112/product/6500000156
2024-07-30 18:22:22,879 - INFO - Fetching product page: https://www.hippostores.com/shagun-toilet-brush-double-hockey-length-19-inch-model-st-110/product/6500000155
2024-07-30 18:22:26,690 - INFO - Fetching product page: https://www.hippostores.com/shagun-toilet-brush-double-hockey-with-stand-length-18-5-inch-model-st-114/product/6500000157
2024-07-30 18:22:30,449 - INFO - Fetching product page: https://www.hippostores.com/vsa-iron-table/product/6500000184
2024-07-30 18:22:34,415 - INFO - Fetching product page: https://www.hippostores.com/vsa-regular-cloth-dryer-stand-model-vsa-172/product/6500000185
2024-07-30 18:22:38,218 - INFO - Fetching product page: https://www.hippostores.com/vsa-jumbo-modular-cloth-dryer-stand-model-vsa-177/product/6500000186
2024-07-30 18:22:42,449 - INFO - Fetching product page: https://www.hippostores.com/vsa-ss-ladder-5-step-model-vsa-138/product/6500000178
2024-07-30 18:22:46,838 - INFO - Fetching product page: https://www.hippostores.com/shagun-tile-brush-triangle-shape-size-13-x-11-x-2-cm-model-s-85/product/6500000159
2024-07-30 18:22:50,779 - INFO - Fetching product page: https://www.hippostores.com/nerolac-nse-oxford-blue-1ltr-model-1000932/product/4000000679
2024-07-30 18:22:54,722 - INFO - Fetching product page: https://www.hippostores.com/nerolac-nse-brown-4ltr-model-1001006/product/4000000657
2024-07-30 18:22:58,558 - INFO - Fetching product page: https://www.hippostores.com/schneider-ez9-db-8-way-tpn-double-door-model-ez9etnd08/product/1000000721
2024-07-30 18:23:02,390 - INFO - Fetching product page: https://www.hippostores.com/schneider-easy9-mcb-1p-32a-c-6000a-240v-model-ez9f76132/product/1000000753
2024-07-30 18:23:06,768 - INFO - Fetching product page: https://www.hippostores.com/schneider-easy9-mcb-2p-63a-c-10000a-415v-model-ez9f71263/product/1000000737
2024-07-30 18:23:10,857 - INFO - Fetching product page: https://www.hippostores.com/schneider-easy9-mcb-4p-63a-c-10000a-415v-model-ez9f71463/product/1000000747
2024-07-30 18:23:14,694 - INFO - Fetching product page: https://www.hippostores.com/schneider-easy9-rccb-4p-63a-100ma-ac415v-model-ez9r55463/product/1000000780
2024-07-30 18:23:18,539 - INFO - Fetching product page: https://www.hippostores.com/schneider-ez9-db-6-way-tpn-double-door-model-ez9etnd06/product/1000000720
2024-07-30 18:23:22,651 - INFO - Fetching product page: https://www.hippostores.com/schneider-ez9-db-4-way-tpn-double-door-model-ez9etnd04/product/1000000719
2024-07-30 18:23:26,488 - INFO - Fetching product page: https://www.hippostores.com/havells-monza-dx-5s-15ltr-sm-fp-white-swh-model-ghwamgtwh015/product/1000003302
2024-07-30 18:23:30,334 - INFO - Fetching product page: https://www.hippostores.com/havells-instanio-3l-3kw-fpwht-blue-model-ghwaiapwb003/product/1000003354
2024-07-30 18:23:35,100 - INFO - Fetching product page: https://www.hippostores.com/havells-bianca-5s-25ltr-sp-fpwhite-blue-swh-model-ghwcbntwh025/product/1000003356
2024-07-30 18:23:35,178 - INFO - Page 11 processed successfully
2024-07-30 18:23:35,178 - INFO - Fetching URL: https://www.hippostores.com/k-/productlist?sort=relevance&page=12
2024-07-30 18:23:42,569 - INFO - Fetching product page: https://www.hippostores.com/havells-monza-dx-5s-25ltr-sm-fp-white-swh-model-ghwamgtwh025/product/1000003303
2024-07-30 18:23:46,346 - INFO - Fetching product page: https://www.hippostores.com/havells-bianca-5s-15ltr-sp-fpwhite-blue-swh-model-ghwcbntwh015/product/1000003355
2024-07-30 18:23:50,266 - INFO - Fetching product page: https://www.hippostores.com/cera-angle-cock-one-way-f8040204-model-f8040204/product/2000001501
2024-07-30 18:23:54,157 - INFO - Fetching product page: https://www.hippostores.com/dorset-trase-premium-door-handle-snwd-lever-handles-model-traorsnwd/product/6000000985
2024-07-30 18:23:58,347 - INFO - Fetching product page: https://www.hippostores.com/havells-life-line-sc-fr-4-0-sq-mm-fx-red-90-meter-42a-wire-model-whffdnra14x0/product/1000000927
2024-07-30 18:24:02,368 - INFO - Fetching product page: https://www.hippostores.com/havells-life-line-sc-fr-1-5-sq-mm-fx-blue-90-meter-22a-wire-model-whffdnba11x5/product/1000000915
2024-07-30 18:24:06,322 - INFO - Fetching product page: https://www.hippostores.com/schneider-easy9-mcb-1p-16a-c-6000a-240v-model-ez9f76116/product/1000000750
2024-07-30 18:24:10,209 - INFO - Fetching product page: https://www.hippostores.com/hafele-butt-hinge-stainless-steel304-stainless-steel-5-inx3-inx3mm-2-bb-model-926-32-280/product/6000002016
2024-07-30 18:24:14,240 - INFO - Fetching product page: https://www.hippostores.com/hafele-butt-hinge-stainless-steel304-stainless-steel-4-inx3-inx3mm-2-bb-926-32-160-model-926-32-160/product/6000002019
2024-07-30 18:24:18,209 - INFO - Fetching product page: https://www.hippostores.com/hettich-ka-4532-35-kg-silent-system-400-mm-model-9114274/product/6000001776
2024-07-30 18:24:22,180 - INFO - Fetching product page: https://www.hippostores.com/havells-adonia-r-5s-25ltr-sp-fpwhite-swh-model-ghwcartwh025/product/1000003359
2024-07-30 18:24:25,902 - INFO - Fetching product page: https://www.hippostores.com/havells-adonia-r-5s-15ltr-sp-fpwhite-swh-model-ghwcartwh015/product/1000003358
2024-07-30 18:24:29,834 - INFO - Fetching product page: https://www.hippostores.com/wipro-garnet-8w-led-dl-cool-day-light-model-d520865/product/1000005295
2024-07-30 18:24:33,761 - INFO - Fetching product page: https://www.hippostores.com/tekson-6m-8x3-18g-gi-white-metal-box/product/1000005302
2024-07-30 18:24:37,523 - INFO - Fetching product page: https://www.hippostores.com/kohler-anthem-recessed-mech-th-control-6ot-model-26350in-9-cp/product/2000004652
2024-07-30 18:24:41,456 - INFO - Fetching product page: https://www.hippostores.com/cp-plus-ezykam-e31a-camera-model-cp-e31a/product/1000004618
2024-07-30 18:24:45,365 - INFO - Fetching product page: https://www.hippostores.com/jaquar-single-piece-slim-concealed-cistern-body-jcs-wht-2400-model-jcs-wht-2400/product/2000003018
2024-07-30 18:24:49,189 - INFO - Fetching product page: https://www.hippostores.com/norpack-mms-pvc-conduit-pipe-25mm-3-metre/product/1000000902
2024-07-30 18:24:53,110 - INFO - Fetching product page: https://www.hippostores.com/norpack-hms-pvc-conduit-pipe-25mm-3-metre/product/1000000905
2024-07-30 18:24:56,828 - INFO - Fetching product page: https://www.hippostores.com/havells-63a-100ma-fp-rccb-tog-type-ac-stad-x-model-dhrzcmff100063/product/1000002303
2024-07-30 18:24:56,946 - INFO - Page 12 processed successfully
2024-07-30 18:24:56,946 - INFO - Fetching URL: https://www.hippostores.com/k-/productlist?sort=relevance&page=13
2024-07-30 18:25:04,445 - INFO - Fetching product page: https://www.hippostores.com/inox-fixing-angle-for-c-handle-profile-square-model-j3-03-500/product/6000003218
2024-07-30 18:25:08,227 - INFO - Fetching product page: https://www.hippostores.com/yale-electric-rim-lock-roller-latch-reversible-bolt-additional-night-free-mode-sn-finish-model-yel-200sn/product/6000010756
2024-07-30 18:25:12,240 - INFO - Fetching product page: https://www.hippostores.com/yale-ydme-50-nxt-with-4-in-1-access-brown-model-ydme-50-nxt-br/product/6000010760
2024-07-30 18:25:16,007 - INFO - Fetching product page: https://www.hippostores.com/yale-ydme-100-nxt-with-4-in-1-access-brown-model-ydme-100-nxt-br/product/6000010758
2024-07-30 18:25:19,848 - INFO - Fetching product page: https://www.hippostores.com/yale-video-door-phone-essential-series-model-jb-305-e/product/6000010755
2024-07-30 18:25:23,733 - INFO - Fetching product page: https://www.hippostores.com/hindware-uniplus-standard-grey-500-mm-double-round-railings-40kg-model-58deag0850x0100/product/6000011750
2024-07-30 18:25:27,993 - INFO - Fetching product page: https://www.hippostores.com/fgv-unilux-standard-grey-500-mm-single-h-120-mm-model-58dsdk0850x0000/product/6000013549
2024-07-30 18:25:31,945 - INFO - Fetching product page: https://www.hippostores.com/hindware-uniplus-standard-grey-500-mm-normal-40kg-model-58deak0850x0000/product/6000011749
2024-07-30 18:25:35,802 - INFO - Fetching product page: https://www.hippostores.com/bosch-4-30teeth-circular-saw-blade-model-2-608-644-660/product/6000008070
2024-07-30 18:25:39,577 - INFO - Fetching product page: https://www.hippostores.com/taparia-b-plastic-tool-box-organizor-h-195-w-240-l-435-model-ptb-16/product/6000008572
2024-07-30 18:25:43,729 - INFO - Fetching product page: https://www.hippostores.com/taparia-b-plastic-tool-box-organizor-h-250-w-260-l-495-model-ptb-19/product/6000008573
2024-07-30 18:25:47,538 - INFO - Fetching product page: https://www.hippostores.com/taparia-b-plastic-tool-box-organizor-h-150-w-190-l-335-model-ptb-13/product/6000008571
2024-07-30 18:25:51,457 - INFO - Fetching product page: https://www.hippostores.com/dorset-velvet-handle-on-rose-hg-lever-handles-model-vlvorhg/product/6000003622
2024-07-30 18:25:55,347 - INFO - Fetching product page: https://www.hippostores.com/norisys-cube-6a-switch-1m-quartz-grey-matt-model-nc5110-02/product/1000001000
2024-07-30 18:25:59,216 - INFO - Fetching product page: https://www.hippostores.com/norisys-cube-16a-socket-2m-quartz-grey-matt-cube-model-nc5332-02/product/1000001002
2024-07-30 18:26:03,158 - INFO - Fetching product page: https://www.hippostores.com/jaquar-faucet-flexible-tube-12mm-dia-1-5m-long-with-sha-chr-549d12-model-sha-chr-549d12/product/2000003967
2024-07-30 18:26:07,089 - INFO - Fetching product page: https://www.hippostores.com/goeka-teflon-tape-3-4-inch-model-tf-02/product/2000004387
2024-07-30 18:26:11,067 - INFO - Fetching product page: https://www.hippostores.com/jaquar-wall-hung-wc-with-uf-soft-close-slim-sea-ars-white-39951ufsm-model-ars-wht-39951ufsm/product/2000002815
2024-07-30 18:26:14,946 - INFO - Fetching product page: https://www.hippostores.com/jaquar-hand-shower-health-faucet-with-1-meter-ald-chr-565-model-ald-chr-565/product/2000002773
2024-07-30 18:26:19,054 - INFO - Fetching product page: https://www.hippostores.com/dorset-10-kaira-handle-sc-finish-without-cylinder-model-mlkaisc-w-o-cl/product/6000006838
2024-07-30 18:26:19,105 - INFO - Page 13 processed successfully
2024-07-30 18:26:19,105 - INFO - Fetching URL: https://www.hippostores.com/k-/productlist?sort=relevance&page=14
2024-07-30 18:26:26,979 - INFO - Fetching product page: https://www.hippostores.com/dorset-8-zovi-handle-sc-finish-without-cylinder-model-hlzovsc-w-o-cl/product/6000006872
2024-07-30 18:26:30,917 - INFO - Fetching product page: https://www.hippostores.com/inox-plate-rack-900mm-ss-model-f2-01-103/product/6000003182
2024-07-30 18:26:35,630 - INFO - Fetching product page: https://www.hippostores.com/nerolac-beauty-acrylic-distemper-superior-white-20kg-model-1000560/product/4000000723
2024-07-30 18:26:39,530 - INFO - Fetching product page: https://www.hippostores.com/hafele-matrixbox-premium-round-gallery-set-metallic-silver-nominal-length-500mm-model-553-58-995/product/6000013119
2024-07-30 18:26:43,533 - INFO - Fetching product page: https://www.hippostores.com/jaquar-hand-shower-hlth-fct-1-2-m-flex-tube-w-h-ald-chr-573-model-ald-chr-573/product/2000002816
2024-07-30 18:26:47,545 - INFO - Fetching product page: https://www.hippostores.com/wembley-nitro-cellulose-table-top-clear-4ltr/product/4000000515
2024-07-30 18:26:51,663 - INFO - Fetching product page: https://www.hippostores.com/kohler-vive-wh-toilet-with-seat-model-26998in-0/product/2000005545
2024-07-30 18:26:55,629 - INFO - Fetching product page: https://www.hippostores.com/kohler-pebble-face-plate-flush-plate-polished-chrome-5413in-m-cp-model-5413in-m-cp/product/2000000841
2024-07-30 18:26:59,941 - INFO - Fetching product page: https://www.hippostores.com/havells-life-line-sc-fr-4-0-sq-mm-flex-black-90-meter-42a-wire-model-whffdnka14x0/product/1000000926
2024-07-30 18:27:03,949 - INFO - Fetching product page: https://www.hippostores.com/havells-fr-sc-fr-1-0-sq-mm-extra-flex-black-180-meter-15a-wire-model-whffdnkl11x07/product/1000000934
2024-07-30 18:27:07,890 - INFO - Fetching product page: https://www.hippostores.com/nerolac-nse-brown-1ltr-model-1001003/product/4000000682
2024-07-30 18:27:11,721 - INFO - Fetching product page: https://www.hippostores.com/schneider-ez9-db-6-way-spn-double-door-model-ez9esnd06/product/1000000716
2024-07-30 18:27:15,744 - INFO - Fetching product page: https://www.hippostores.com/havells-stad-x-10a-sp-c-mcb-240v-model-dhmzcspf010/product/1000000106
2024-07-30 18:27:19,670 - INFO - Fetching product page: https://www.hippostores.com/havells-stad-x-63a-fp-c-mcb-415v-model-dhmzcfpf063/product/1000000134
2024-07-30 18:27:24,255 - INFO - Fetching product page: https://www.hippostores.com/havells-stad-x-20a-sp-c-mcb-240v-model-dhmzcspf020/product/1000000111
2024-07-30 18:27:28,492 - INFO - Fetching product page: https://www.hippostores.com/havells-tpn-double-door-db-stadx-4w-model-dhdethcdow04/product/1000002007
2024-07-30 18:27:32,624 - INFO - Fetching product page: https://www.hippostores.com/havells-stad-x-63a-tp-c-mcb-415v-model-dhmzctpf063/product/1000000132
2024-07-30 18:27:36,372 - INFO - Fetching product page: https://www.hippostores.com/havells-tpn-double-door-db-stadx-8w-model-dhdethcdow08/product/1000002009
2024-07-30 18:27:40,552 - INFO - Fetching product page: https://www.hippostores.com/goeka-bolt-for-imported-seats-model-rb-01/product/2000004365
2024-07-30 18:27:44,706 - INFO - Fetching product page: https://www.hippostores.com/goeka-teflon-tape-1-2-inch-model-tf-01/product/2000004386
2024-07-30 18:27:44,756 - INFO - Page 14 processed successfully
2024-07-30 18:27:44,756 - INFO - Fetching URL: https://www.hippostores.com/k-/productlist?sort=relevance&page=15
2024-07-30 18:27:52,057 - INFO - Fetching product page: https://www.hippostores.com/iris-reed-diffuser-set-lavender-60-ml-elegant-stylish-longlasting-runtime-up-to-24-hours-mind-relaxing-model-inrd0101la/product/6500000002
2024-07-30 18:27:56,583 - INFO - Fetching product page: https://www.hippostores.com/berger-bison-acrylic-distemper-color-white-10k-model-f000060000010001/product/4000000237
2024-07-30 18:28:00,461 - INFO - Fetching product page: https://www.hippostores.com/schneider-livia-10a-1way-switch-pg-pristine-grey-model-p1001-pg/product/1000005615
2024-07-30 18:28:04,298 - INFO - Fetching product page: https://www.hippostores.com/halonix-led-prime-batten-styl-indirect-20w-model-f9gnk0p0000000000/product/1000004428
2024-07-30 18:28:08,374 - INFO - Fetching product page: https://www.hippostores.com/bosch-gsb-450-blue-matt-model-0-601-216-1fk/product/6000000526
2024-07-30 18:28:12,394 - INFO - Fetching product page: https://www.hippostores.com/kohler-instaflushtm-nxt-gen-pneu-in-wall-tank-model-26351in-p-na/product/2000004497
2024-07-30 18:28:16,395 - INFO - Fetching product page: https://www.hippostores.com/berger-luxol-hi-gloss-enamel-brown-500ml-model-f000000401000500/product/4000000150
2024-07-30 18:28:20,298 - INFO - Fetching product page: https://www.hippostores.com/berger-luxol-hi-gloss-enamel-brown-1ltr-model-f000000401001000/product/4000000151
2024-07-30 18:28:24,400 - INFO - Fetching product page: https://www.hippostores.com/berger-luxol-hi-gloss-enamel-truck-brown-1ltr-model-f000000441001000/product/4000000159
2024-07-30 18:28:28,340 - INFO - Fetching product page: https://www.hippostores.com/berger-luxol-hi-gloss-enamel-deep-orange-1ltr-model-f000000530001000/product/4000000161
2024-07-30 18:28:32,415 - INFO - Fetching product page: https://www.hippostores.com/berger-luxol-hi-gloss-snow-white-500ml-model-f000030991000500/product/4000000184
2024-07-30 18:28:36,513 - INFO - Fetching product page: https://www.hippostores.com/berger-luxol-hi-gloss-enamel-black-4ltr-model-f000000800004000/product/4000000175
2024-07-30 18:28:40,397 - INFO - Fetching product page: https://www.hippostores.com/berger-luxol-hi-gloss-snow-white-1ltr-model-f000030991001000/product/4000000185
2024-07-30 18:28:44,211 - INFO - Fetching product page: https://www.hippostores.com/berger-luxol-hi-gloss-snow-white-4ltr-model-f000030991004000/product/4000000186
2024-07-30 18:28:48,268 - INFO - Fetching product page: https://www.hippostores.com/berger-luxol-hi-gloss-enamel-black-1ltr-model-f000000800001000/product/4000000174
2024-07-30 18:28:54,144 - INFO - Fetching product page: https://www.hippostores.com/berger-bison-acrylic-distemper-color-white-5k-model-f000060000005001/product/4000000236
2024-07-30 18:28:59,313 - INFO - Fetching product page: https://www.hippostores.com/berger-bison-acrylic-distemper-color-white-20k-model-f000060000020001/product/4000000238
2024-07-30 18:29:03,146 - INFO - Fetching product page: https://www.hippostores.com/pidilite-dr-fixit-pidifin-2k-15kg-model-fcc845501400000/product/4000000113
2024-07-30 18:29:07,153 - INFO - Fetching product page: https://www.hippostores.com/pidilite-dr-fixit-pidiproof-lw-1ltr-model-fcc821700100000/product/4000000110
2024-07-30 18:29:10,931 - INFO - Fetching product page: https://www.hippostores.com/pidilite-dr-fixit-pidifin-2k-3kg-model-fcc845500300001/product/4000000118
2024-07-30 18:29:10,975 - INFO - Page 15 processed successfully
2024-07-30 18:29:10,976 - INFO - Fetching URL: https://www.hippostores.com/k-/productlist?sort=relevance&page=16
2024-07-30 18:29:18,375 - INFO - Fetching product page: https://www.hippostores.com/pidilite-dr-fixit-crack-x-1kg-model-fcc842200100000/product/4000000115
2024-07-30 18:29:22,433 - INFO - Fetching product page: https://www.hippostores.com/pidilite-dr-fixit-pidicrete-urp-1kg-model-fcc857700100001/product/4000000119
2024-07-30 18:29:26,133 - INFO - Fetching product page: https://www.hippostores.com/dr-fixit-pidiproof-lw-20ltr-model-fcc821702000000/product/4000000902
2024-07-30 18:29:30,033 - INFO - Fetching product page: https://www.hippostores.com/kapal-paint-brush-guru-125mm/product/4000000342
2024-07-30 18:29:33,783 - INFO - Fetching product page: https://www.hippostores.com/kapal-9-mix-line-roller/product/4000000359
2024-07-30 18:29:37,451 - INFO - Fetching product page: https://www.hippostores.com/lohmann-gp-waterproof-abrasive-paper-grit-150-model-grit-150/product/4000000318
2024-07-30 18:29:42,159 - INFO - Fetching product page: https://www.hippostores.com/lohmann-gp-waterproof-abrasive-paper-grit-120-model-grit-120/product/4000000317
2024-07-30 18:29:46,026 - INFO - Fetching product page: https://www.hippostores.com/lohmann-gp-waterproof-abrasive-paper-grit-180-model-grit-180/product/4000000319
2024-07-30 18:29:49,886 - INFO - Fetching product page: https://www.hippostores.com/lohmann-gp-waterproof-abrasive-paper-grit-220-model-grit-220/product/4000000320
2024-07-30 18:29:53,690 - INFO - Fetching product page: https://www.hippostores.com/lohmann-gp-waterproof-abrasive-paper-grit-320-model-grit-320/product/4000000321
2024-07-30 18:29:57,676 - INFO - Fetching product page: https://www.hippostores.com/sirca-pu-thinner-20ltr-model-dpu809/product/4000000610
2024-07-30 18:30:01,709 - INFO - Fetching product page: https://www.hippostores.com/sirca-hardner-for-clear-white-gloss-cth46-5ltr-model-cth46-cth40/product/4000000552
2024-07-30 18:30:05,906 - INFO - Fetching product page: https://www.hippostores.com/sirca-pu-clear-matt-25ltr-model-opu77s15g20/product/4000000592
2024-07-30 18:30:10,140 - INFO - Fetching product page: https://www.hippostores.com/sirca-pu-clear-sealer-25ltr-model-fpu15s01/product/4000000596
2024-07-30 18:30:14,396 - INFO - Fetching product page: https://www.hippostores.com/sirca-hardner-for-sealer-matt-ct23-12-5ltr-model-ct23nor/product/4000000558
2024-07-30 18:30:18,266 - INFO - Fetching product page: https://www.hippostores.com/dr-fixit-pidicrete-urp-10kg-model-fcc857701000000/product/4000000957
2024-07-30 18:30:23,667 - INFO - Fetching product page: https://www.hippostores.com/asian-paints-royale-regalwhite-20ltr-model-00300968320/product/4000001339
2024-07-30 18:30:28,899 - INFO - Fetching product page: https://www.hippostores.com/asian-paints-royale-shyne-white-20ltr-model-00290908320/product/4000001321
2024-07-30 18:30:33,522 - INFO - Fetching product page: https://www.hippostores.com/asian-paints-royale-shyne-white-10ltr-model-00290908310/product/4000001320
2024-07-30 18:30:38,040 - INFO - Fetching product page: https://www.hippostores.com/asian-paints-royale-shyne-white-1ltr-model-00290908210/product/4000001318
2024-07-30 18:30:38,099 - INFO - Page 16 processed successfully
2024-07-30 18:30:38,099 - INFO - Fetching URL: https://www.hippostores.com/k-/productlist?sort=relevance&page=17
2024-07-30 18:30:46,325 - INFO - Fetching product page: https://www.hippostores.com/asian-paints-royale-shyne-white-4ltr-model-00290908240/product/4000001319
2024-07-30 18:30:51,008 - INFO - Fetching product page: https://www.hippostores.com/asian-paints-royale-regalwhite-1ltr-model-00300968210/product/4000001336
2024-07-30 18:30:56,321 - INFO - Fetching product page: https://www.hippostores.com/asian-paints-royale-regalwhite-4ltr-model-00300968240/product/4000001337
2024-07-30 18:31:01,908 - INFO - Fetching product page: https://www.hippostores.com/asian-paints-royale-regalwhite-10ltr-model-00300968310/product/4000001338
2024-07-30 18:31:05,728 - INFO - Fetching product page: https://www.hippostores.com/berger-white-primer-solvent-thinnable-1ltr-model-f004220991001000/product/4000000262
2024-07-30 18:31:09,510 - INFO - Fetching product page: https://www.hippostores.com/abro-3123-self-adhesive-tape-48-t-24mm-20meter-model-am31-24mmx20mtr-48/product/4000000384
2024-07-30 18:31:14,988 - INFO - Fetching product page: https://www.hippostores.com/berger-easy-clean-white-white-10-l-model-f00a360000010000/product/4000000276
2024-07-30 18:31:19,440 - INFO - Fetching product page: https://www.hippostores.com/berger-easy-clean-white-white-20-l-model-f00a360000020000/product/4000000277
2024-07-30 18:31:23,328 - INFO - Fetching product page: https://www.hippostores.com/berger-luxol-hi-gloss-snow-white-20ltr-model-f000030991020000/product/4000000188
2024-07-30 18:31:27,251 - INFO - Fetching product page: https://www.hippostores.com/berger-white-primer-solvent-thinnable-20ltr-model-f004220991020000/product/4000000265
2024-07-30 18:31:31,234 - INFO - Fetching product page: https://www.hippostores.com/berger-red-oxide-primer-500ml-model-f004350991000500/product/4000000266
2024-07-30 18:31:35,258 - INFO - Fetching product page: https://www.hippostores.com/berger-red-oxide-primer-1ltr-model-f004350991001000/product/4000000267
2024-07-30 18:31:39,214 - INFO - Fetching product page: https://www.hippostores.com/berger-red-oxide-primer-4ltr-model-f004350991004000/product/4000000268
2024-07-30 18:31:44,291 - INFO - Fetching product page: https://www.hippostores.com/asian-paints-ace-sparc-super-white-20ltr-model-67162022320/product/4000001411
2024-07-30 18:31:48,462 - INFO - Fetching product page: https://www.hippostores.com/asian-paints-apcolite-premium-satin-enamel-white-1ltr-model-00640908210/product/4000001427
2024-07-30 18:31:52,476 - INFO - Fetching product page: https://www.hippostores.com/asian-paints-apcolite-satin-enamel-white-20ltr-model-00640908320/product/4000001429
2024-07-30 18:31:56,482 - INFO - Fetching product page: https://www.hippostores.com/asian-paints-apcolite-premium-satin-enamel-white-4ltr-model-00640908240/product/4000001428
2024-07-30 18:32:00,570 - INFO - Fetching product page: https://www.hippostores.com/asian-paints-ap-smrtcr-dmprf-white-10-ltr-model-10480908310/product/4000002272
2024-07-30 18:32:04,692 - INFO - Fetching product page: https://www.hippostores.com/asian-paints-ap-smrtcr-dmprf-white-1-ltr-model-10480908210/product/4000002270
2024-07-30 18:32:08,430 - INFO - Fetching product page: https://www.hippostores.com/asian-paints-ap-smrtcr-dmprf-white-20-ltr-model-10480908320/product/4000002273
2024-07-30 18:32:08,487 - INFO - Page 17 processed successfully
2024-07-30 18:32:08,487 - INFO - Fetching URL: https://www.hippostores.com/k-/productlist?sort=relevance&page=18
2024-07-30 18:32:17,343 - INFO - Fetching product page: https://www.hippostores.com/asian-paints-premium-emulsion-white-4ltr-model-00110908240/product/4000001518
2024-07-30 18:32:22,076 - INFO - Fetching product page: https://www.hippostores.com/asian-paints-apapexshyne-20ltr-model-56730959320/product/4000001516
2024-07-30 18:32:26,817 - INFO - Fetching product page: https://www.hippostores.com/asian-paints-premium-emulsion-white-1ltr-model-00110908210/product/4000001517
2024-07-30 18:32:31,475 - INFO - Fetching product page: https://www.hippostores.com/asian-paints-apex-classic-white-4ltr-model-00120959240/product/4000001540
2024-07-30 18:32:36,517 - INFO - Fetching product page: https://www.hippostores.com/asian-paints-apex-classic-white-20ltr-model-00120959320/product/4000001542
2024-07-30 18:32:41,183 - INFO - Fetching product page: https://www.hippostores.com/asian-paints-apex-classic-white-10ltr-model-00120959310/product/4000001541
2024-07-30 18:32:46,146 - INFO - Fetching product page: https://www.hippostores.com/asian-paints-apex-ab2-20ltr-model-00129097320/product/4000001546
2024-07-30 18:32:50,721 - INFO - Fetching product page: https://www.hippostores.com/asian-paints-premium-emulsion-white-20ltr-model-00110908320/product/4000001520
2024-07-30 18:32:55,282 - INFO - Fetching product page: https://www.hippostores.com/asian-paints-premium-emulsion-white-10ltr-model-00110908310/product/4000001519
2024-07-30 18:32:59,848 - INFO - Fetching product page: https://www.hippostores.com/asian-paints-apex-ab2-1ltr-model-00129097210/product/4000001543
2024-07-30 18:33:03,886 - INFO - Fetching product page: https://www.hippostores.com/build-it-gypsum-plaster-one-coat-40-kg/product/4000004268
2024-07-30 18:33:07,737 - INFO - Fetching product page: https://www.hippostores.com/asian-paints-trucare-int-primer-st-white-20-lt-model-03590908320/product/4000004273
2024-07-30 18:33:11,859 - INFO - Fetching product page: https://www.hippostores.com/asian-paints-trucare-int-primer-wt-white-20-lt-model-03600908320/product/4000004277
2024-07-30 18:33:15,611 - INFO - Fetching product page: https://www.hippostores.com/build-it-gypsum-plaster-25-kg/product/4000004266
2024-07-30 18:33:19,331 - INFO - Fetching product page: https://www.hippostores.com/jk-lakshmi-plast-gypsum-plaster-25kg/product/4000002442
2024-07-30 18:33:23,379 - INFO - Fetching product page: https://www.hippostores.com/jk-lakshmi-plast-gypsum-plaster-20kg/product/4000002444
2024-07-30 18:33:28,672 - INFO - Fetching product page: https://www.hippostores.com/sirca-stainer-diluted-1ltr-walnut/product/4000003375
2024-07-30 18:33:32,656 - INFO - Fetching product page: https://www.hippostores.com/sirca-stainer-diluted-1ltr-teak/product/4000003377
2024-07-30 18:33:36,511 - INFO - Fetching product page: https://www.hippostores.com/jk-wallmax-putty-20kg/product/4000003463
2024-07-30 18:33:40,330 - INFO - Fetching product page: https://www.hippostores.com/jk-wallmax-putty-40kg/product/4000003464
2024-07-30 18:33:40,444 - INFO - Page 18 processed successfully
2024-07-30 18:33:40,444 - INFO - Fetching URL: https://www.hippostores.com/k-/productlist?sort=relevance&page=19
2024-07-30 18:33:49,458 - INFO - Fetching product page: https://www.hippostores.com/asian-paints-ace-exterior-emulsion-ultra-white-20ltr-model-00510908320/product/4000001568
2024-07-30 18:33:53,313 - INFO - Fetching product page: https://www.hippostores.com/zolo-special-dhoti/product/4000003676
2024-07-30 18:33:57,198 - INFO - Fetching product page: https://www.hippostores.com/zolo-mineral-oil-tarpin-mto-20ltr/product/4000003656
2024-07-30 18:34:01,005 - INFO - Fetching product page: https://www.hippostores.com/zolo-mineral-oil-tarpin-mto-5ltr/product/4000003657
2024-07-30 18:34:04,971 - INFO - Fetching product page: https://www.hippostores.com/jk-lakshmi-one-coat-gypsum-plaster-40kg/product/4000003643
2024-07-30 18:34:08,728 - INFO - Fetching product page: https://www.hippostores.com/zolo-mineral-oil-tarpin-mto-1ltr/product/4000003658
2024-07-30 18:34:12,536 - INFO - Fetching product page: https://www.hippostores.com/zolo-nc-reducer-1-ltr/product/4000003663
2024-07-30 18:34:16,285 - INFO - Fetching product page: https://www.hippostores.com/aipl-abro-zorroguard-floor-protection-tape-blue-model-zgd-2430-70mx6/product/4000002316
2024-07-30 18:34:20,187 - INFO - Fetching product page: https://www.hippostores.com/asian-paints-sc-dm-sheath-ex-white-20-ltr-model-56260908320/product/4000002310
2024-07-30 18:34:24,028 - INFO - Fetching product page: https://www.hippostores.com/sirca-wood-filler-teak-1-kg-model-wf1kg/product/4000002349
2024-07-30 18:34:27,746 - INFO - Fetching product page: https://www.hippostores.com/asian-paints-sc-dm-sheath-in-clasc-wt-20ltr-model-56320959320/product/4000002362
2024-07-30 18:34:31,488 - INFO - Fetching product page: https://www.hippostores.com/asian-paints-scdmsheathex-white-1lt-model-56260908210/product/4000002307
2024-07-30 18:34:35,949 - INFO - Fetching product page: https://www.hippostores.com/asain-paints-ap-tractor-emul-white-20-lt-model-00570908320/product/4000001589
2024-07-30 18:34:40,289 - INFO - Fetching product page: https://www.hippostores.com/sirca-pu-white-sealer-7-5kg-r-h-7-5kg/product/4000001661
2024-07-30 18:34:44,237 - INFO - Fetching product page: https://www.hippostores.com/sirca-epoxy-10ltr-r-h-10ltr/product/4000001650
2024-07-30 18:34:48,257 - INFO - Fetching product page: https://www.hippostores.com/sirca-pu-clear-sealer-7-5ltr-r-h-7-5ltr/product/4000001656
2024-07-30 18:34:52,209 - INFO - Fetching product page: https://www.hippostores.com/jk-lakshmi-plast-gypsum-plaster-2kg/product/4000005180
2024-07-30 18:34:56,226 - INFO - Fetching product page: https://www.hippostores.com/jaquar-mirror-plain-magnifying-pivotal-mirror-acn-chr-1193n-model-acn-chr-1193n/product/2000001640
2024-07-30 18:35:00,212 - INFO - Fetching product page: https://www.hippostores.com/jaquar-towel-ring-square-akp-chr-35721p-model-akp-chr-35721p/product/2000001644
2024-07-30 18:35:04,090 - INFO - Fetching product page: https://www.hippostores.com/asian-paints-trucare-acrylic-wall-putty-white-20kg-model-13540908320/product/4000001474
2024-07-30 18:35:04,154 - INFO - Page 19 processed successfully
2024-07-30 18:35:04,154 - INFO - Fetching URL: https://www.hippostores.com/k-/productlist?sort=relevance&page=20
2024-07-30 18:35:11,682 - INFO - Fetching product page: https://www.hippostores.com/asian-paints-trucare-acrylic-wall-putty-white-1kg-model-13540908210/product/4000001471
2024-07-30 18:35:15,718 - INFO - Fetching product page: https://www.hippostores.com/asian-paints-trucare-exterior-wall-primer-wh-20-lt-model-650908320/product/4000001618
2024-07-30 18:35:20,470 - INFO - Fetching product page: https://www.hippostores.com/asian-paints-ace-exterior-emulsion-ac2g-20ltr-model-00519608320/product/4000001585
2024-07-30 18:35:24,440 - INFO - Fetching product page: https://www.hippostores.com/philips-sb-tbulb-cool-day-light-b22-gen2-10w-model-929002455313-929003742101/product/1000001323
2024-07-30 18:35:28,720 - INFO - Fetching product page: https://www.hippostores.com/philips-2w-led-astra-spot-integrated-gen-2-ww-model-929001957302/product/1000001315
2024-07-30 18:35:32,728 - INFO - Fetching product page: https://www.hippostores.com/philips-round-astra-prime-plus-ultraglow-led-panel-downlight-new-15w-model-929002629001/product/1000001302
2024-07-30 18:35:37,174 - INFO - Fetching product page: https://www.hippostores.com/philips-round-astra-prime-plus-ultraglow-led-panel-downlight-new-5w-model-929002627201/product/1000001290
2024-07-30 18:35:41,080 - INFO - Fetching product page: https://www.hippostores.com/philips-twinglow-batten-20w-20w-up-warm-white-down-cool-day-light-model-919515813875-919515814441/product/1000002350
2024-07-30 18:35:45,477 - INFO - Fetching product page: https://www.hippostores.com/philips-strip-light-25w-60-led-ww-without-driver-model-929001957203/product/1000002525
2024-07-30 18:35:49,491 - INFO - Fetching product page: https://www.hippostores.com/philips-12w-astraspot-led-cob-nw-model-919215850659/product/1000002533
2024-07-30 18:35:53,903 - INFO - Fetching product page: https://www.hippostores.com/philips-led-marathon-rope-light-6w-gen-2-ww-model-929001957276/product/1000003287
2024-07-30 18:35:57,690 - INFO - Fetching product page: https://www.hippostores.com/hafele-metalla-normal-hinge-110-full-overlay-model-483-01-745/product/6000001997
2024-07-30 18:36:01,710 - INFO - Fetching product page: https://www.hippostores.com/hafele-metalla-normal-hinge-110-half-overlay-model-483-01-746/product/6000001998
2024-07-30 18:36:05,506 - INFO - Fetching product page: https://www.hippostores.com/hafele-soft-close-metalla-sc-hinge-110-degree-half-overlay-9-crank-model-315-07-076/product/6000002001
2024-07-30 18:36:09,576 - INFO - Fetching product page: https://www.hippostores.com/hafele-telescopic-soft-close-tele-runner-40kg-400mm-zp-model-432-02-193/product/6000001958
2024-07-30 18:36:13,448 - INFO - Fetching product page: https://www.hippostores.com/hafele-telescopic-soft-close-tele-runner-40kg-500mm-zp-model-432-02-195/product/6000001960
2024-07-30 18:36:17,466 - INFO - Fetching product page: https://www.hippostores.com/hafele-thick-door-soft-close-hinge-full-overlay-model-315-07-072/product/6000002003
2024-07-30 18:36:21,394 - INFO - Fetching product page: https://www.hippostores.com/jaquar-angular-stop-cock-regulating-valve-wit-aqt-chr-3057-model-aqt-chr-3057-aqt-chr-3057p/product/2000003903
2024-07-30 18:36:25,216 - INFO - Fetching product page: https://www.hippostores.com/jaquar-premium-wall-bracket-for-hand-shower-sha-chr-555-model-sha-chr-555/product/2000001773
2024-07-30 18:36:29,875 - INFO - Fetching product page: https://www.hippostores.com/asian-paints-royale-matt-brilliant-white-20ltr-model-00330912320/product/4000001362
2024-07-30 18:36:29,924 - INFO - Page 20 processed successfully
2024-07-30 18:36:29,924 - INFO - Fetching URL: https://www.hippostores.com/k-/productlist?sort=relevance&page=21
2024-07-30 18:36:38,002 - INFO - Fetching product page: https://www.hippostores.com/asian-paints-apex-ultima-brilliant-white-20ltr-model-00680912320/product/4000001445
2024-07-30 18:36:42,150 - INFO - Fetching product page: https://www.hippostores.com/asian-paints-woodtech-pu-interior-sealer-20ltr-model-21020000320/product/4000001490
2024-07-30 18:36:45,890 - INFO - Fetching product page: https://www.hippostores.com/buildit-wallputty-40kg/product/4000003680
2024-07-30 18:36:49,756 - INFO - Fetching product page: https://www.hippostores.com/wembley-welcome-reducer-blue-packaging-5ltr/product/4000003698
2024-07-30 18:36:53,649 - INFO - Fetching product page: https://www.hippostores.com/wembley-welcome-reducer-blue-packaging-20ltr/product/4000003699
2024-07-30 18:36:57,676 - INFO - Fetching product page: https://www.hippostores.com/wembley-welcome-reducer-blue-packaging-1ltr/product/4000003697
2024-07-30 18:37:01,495 - INFO - Fetching product page: https://www.hippostores.com/buildit-wallputty-20kg/product/4000003679
2024-07-30 18:37:05,342 - INFO - Fetching product page: https://www.hippostores.com/kabir-chalk-mitti-porbandar-20kg/product/4000003678
2024-07-30 18:37:09,358 - INFO - Fetching product page: https://www.hippostores.com/hettich-innotech-470-mm-30-kg-full-extn-silent-model-9243085/product/6000001795
2024-07-30 18:37:13,284 - INFO - Fetching product page: https://www.hippostores.com/hettich-soft-close-sensys-8645i-hinge-for-15-24mm-thick-doors-opening-angle-110-0crank-model-9242922/product/6000001735
2024-07-30 18:37:17,409 - INFO - Fetching product page: https://www.hippostores.com/hettich-innotech-470mm-30kg-full-extension-silent-pot-and-pan-drawer-box-systems-model-9243093/product/6000001796
2024-07-30 18:37:21,308 - INFO - Fetching product page: https://www.hippostores.com/hettich-sensys-8657i-hinge-th52-for-15-32-mm-thick-doors-opening-angle-165-zero-protrusion-hinge-wide-angle-model-9243040/product/6000008646
2024-07-30 18:37:25,268 - INFO - Fetching product page: https://www.hippostores.com/hafele-matrix-um-35-soft-close-full-extension-runner-35-kg-nominal-length-450-mm-model-433-09-534/product/6000013123
2024-07-30 18:37:29,089 - INFO - Fetching product page: https://www.hippostores.com/inox-fixing-angle-for-j-handle-profile-square-model-j3-03-400/product/6000003213
2024-07-30 18:37:33,148 - INFO - Fetching product page: https://www.hippostores.com/hettich-sensys-8639i-w90-hinge-base-4-crank-4-with-mounting-plate-model-9243043/product/6000011505
2024-07-30 18:37:37,169 - INFO - Fetching product page: https://www.hippostores.com/hafele-soft-close-metalla-sc-hinge-110-degree-full-overlay-0-crank-model-315-07-075/product/6000002000
2024-07-30 18:37:41,066 - INFO - Fetching product page: https://www.hippostores.com/jaquar-one-piece-wc-with-uf-soft-close-slim-lys-white-38851s220smn-model-lys-wht-38851s220ufsmn/product/2000001850
2024-07-30 18:37:44,985 - INFO - Fetching product page: https://www.hippostores.com/philips-10w-round-astrasleek-led-dl-cool-day-light-model-929003652901-929003655301/product/1000005275
2024-07-30 18:37:48,965 - INFO - Fetching product page: https://www.hippostores.com/philips-10w-starfit-jb-led-dl-cool-day-light-model-929002593406-929003667901/product/1000005290
2024-07-30 18:37:53,179 - INFO - Fetching product page: https://www.hippostores.com/philips-full-glow-round-rimless-surface-12w-natural-white-model-929003093601-929003637901/product/1000005259
2024-07-30 18:37:53,313 - INFO - Page 21 processed successfully
2024-07-30 18:37:53,313 - INFO - Fetching URL: https://www.hippostores.com/k-/productlist?sort=relevance&page=22
2024-07-30 18:38:00,859 - INFO - Fetching product page: https://www.hippostores.com/kohler-hone-sc-lav-faucet-basin-mixer-w-o-drain-22534in-4nd-af-model-22534in-4nd-af/product/2000000968
2024-07-30 18:38:04,682 - INFO - Fetching product page: https://www.hippostores.com/supreme-fe-th-tee-cpvc-brass-sdr-11-20mm-3-4-ew-model-mc2ftt002e/product/2000002440
2024-07-30 18:38:08,323 - INFO - Fetching product page: https://www.hippostores.com/supreme-elbow-90d-cpvc-sdr-11-40mm-1-1-2-ew-model-mc1elb005e/product/2000002409
2024-07-30 18:38:12,171 - INFO - Fetching product page: https://www.hippostores.com/supreme-cross-tee-cpvc-sdr-11-20mm-3-4-ew-model-mc1crt002e/product/2000002403
2024-07-30 18:38:16,081 - INFO - Fetching product page: https://www.hippostores.com/supreme-end-cap-cpvc-sdr-11-50mm-2-ew-model-mc1ecp006e/product/2000002419
2024-07-30 18:38:19,968 - INFO - Fetching product page: https://www.hippostores.com/kohler-conical-bell-white-white-glossy-model-2200in-0/product/2000002569
2024-07-30 18:38:23,699 - INFO - Fetching product page: https://www.hippostores.com/supreme-coupler-cpvc-sdr-11-50mm-2-ew-model-mc1cpl006e/product/2000002398
2024-07-30 18:38:27,713 - INFO - Fetching product page: https://www.hippostores.com/supreme-reducing-tee-6-kgf-sqcm-160x110mm-lg-model-mp6rtd160l/product/2000002375
2024-07-30 18:38:31,572 - INFO - Fetching product page: https://www.hippostores.com/supreme-reducing-tee-6-kgf-sqcm-110x90mm-lg-model-mp6rtd112l/product/2000002374
2024-07-30 18:38:35,343 - INFO - Fetching product page: https://www.hippostores.com/supreme-coupler-cpvc-sdr-11-40mm-1-1-2-ew-model-mc1cpl005e/product/2000002397
2024-07-30 18:38:39,039 - INFO - Fetching product page: https://www.hippostores.com/supreme-elbow-90d-6-kgf-sqcm-90mm-lg-model-mp6elb090l/product/2000002256
2024-07-30 18:38:42,801 - INFO - Fetching product page: https://www.hippostores.com/supreme-end-cap-6-kgf-sqcm-110mm-lg-model-mp6ecp110l/product/2000002276
2024-07-30 18:38:46,815 - INFO - Fetching product page: https://www.hippostores.com/supreme-f-t-a-cpvc-brass-sdr-11-50mm-2-ew-model-mc2fta006e/product/2000002461
2024-07-30 18:38:50,567 - INFO - Fetching product page: https://www.hippostores.com/supreme-f-t-a-cpvc-brass-sdr-11-25mm-1-ew-model-mc2fta003e/product/2000002458
2024-07-30 18:38:54,369 - INFO - Fetching product page: https://www.hippostores.com/simero-statuario-sparkle-800x1600-9mm-rocker-matt-vitrified-model-ss8016s4-269/product/3000000949
2024-07-30 18:38:58,319 - INFO - Fetching product page: https://www.hippostores.com/kohler-10-square-rain-ss-rainhead-shower-73040t-cl-chrome-plated-model-73040t-cl-cp/product/2000000916
2024-07-30 18:39:02,158 - INFO - Fetching product page: https://www.hippostores.com/jaquar-sink-mixer-with-'j'-shaped-w-m-con-chr-319kn-model-con-chr-319kn/product/2000003917
2024-07-30 18:39:06,251 - INFO - Fetching product page: https://www.hippostores.com/simero-pulpish-grey-pgvt-vitrified-600x1200-9mm-model-pg6012mg-22/product/3000000837
2024-07-30 18:39:10,108 - INFO - Fetching product page: https://www.hippostores.com/jaquar-faucet-waste-coupl-32mm-full-thread-ald-chr-705-model-ald-chr-705/product/2000004003
2024-07-30 18:39:13,910 - INFO - Fetching product page: https://www.hippostores.com/kohler-july-1-way-bib-cock-polished-chrome-glossy-model-16093in-4-cp/product/2000001545
2024-07-30 18:39:14,016 - INFO - Page 22 processed successfully
2024-07-30 18:39:14,016 - INFO - Fetching URL: https://www.hippostores.com/k-/productlist?sort=relevance&page=23
2024-07-30 18:39:20,986 - INFO - Fetching product page: https://www.hippostores.com/jaquar-single-lever-tall-boy-with-150mm-extensi-opp-chr-15005bpm-model-opp-chr-15005bpm/product/2000003636
2024-07-30 18:39:24,905 - INFO - Fetching product page: https://www.hippostores.com/jaquar-single-lever-extended-basin-mixer-heigh-fus-29023b-model-fus-chr-29023b/product/2000001696
2024-07-30 18:39:28,645 - INFO - Fetching product page: https://www.hippostores.com/kohler-aleo-bath-spout-w-diverter-20077in-bl-model-20077in-bl/product/2000001050
2024-07-30 18:39:32,452 - INFO - Fetching product page: https://www.hippostores.com/kohler-fore-line-sc-lav-faucet-wo-drain-model-27478in-4nd-cp/product/2000004647
2024-07-30 18:39:36,586 - INFO - Fetching product page: https://www.hippostores.com/jaquar-slid-bar-sliding-rail-700x30x10mm-flat-shape-with-sha-chr-1183-model-sha-chr-1183/product/2000001746
2024-07-30 18:39:40,519 - INFO - Fetching product page: https://www.hippostores.com/kohler-mastershower-elbow-shower-arm-16346in-bv-model-16346in-bv/product/2000000969
2024-07-30 18:39:44,303 - INFO - Fetching product page: https://www.hippostores.com/kohler-vive-bath-spout-w-diverter-23974in-aa-cp-model-23974in-aa-cp/product/2000004699
2024-07-30 18:39:48,294 - INFO - Fetching product page: https://www.hippostores.com/jaquar-single-lever-basin-mixer-without-popup-w-orp-chr-10011bpm-model-orp-chr-10011bpm/product/2000001723
2024-07-30 18:39:52,138 - INFO - Fetching product page: https://www.hippostores.com/kohler-aleo-2-way-bib-cock-polished-chrome-glossy-model-20076in-4-cp/product/2000001556
2024-07-30 18:39:55,885 - INFO - Fetching product page: https://www.hippostores.com/kei-lan-cat-6-305mtr-model-4p0-55yyln/product/1000003112
2024-07-30 18:39:59,613 - INFO - Fetching product page: https://www.hippostores.com/kei-coxial-rg-6-ccs-100mtr-model-1c1-02speabyrg6f/product/1000003110
2024-07-30 18:40:03,492 - INFO - Fetching product page: https://www.hippostores.com/kei-coaxial-rg-6-cu-305mtr-model-1c1-02pecbyrg6f/product/1000003109
2024-07-30 18:40:07,312 - INFO - Fetching product page: https://www.hippostores.com/kei-coaxial-rg-6-cu-100mtr-model-1c1-02pecbyrg6f/product/1000003108
2024-07-30 18:40:11,183 - INFO - Fetching product page: https://www.hippostores.com/kei-1c2-5l180-conflame-2-5-sqmm-blue-180mtr-model-1c2-5l180/product/1000003134
2024-07-30 18:40:14,866 - INFO - Fetching product page: https://www.hippostores.com/kei-1c1l180-conflame-1-sqmm-yellow-180mtr-model-1c1l180/product/1000003123
2024-07-30 18:40:18,539 - INFO - Fetching product page: https://www.hippostores.com/kei-1c1l180-conflame-1-sqmm-red-180mtr-model-1c1l180/product/1000003121
2024-07-30 18:40:22,294 - INFO - Fetching product page: https://www.hippostores.com/cera-b1510101-carina-seat-cover-two-piece-model-b1510101-b1510124sn/product/2000000700
2024-07-30 18:40:26,188 - INFO - Fetching product page: https://www.hippostores.com/myk-laticrete-polymer-based-adhesive-l-315-plus-grey-model-l-315-plus/product/3000004129
2024-07-30 18:40:30,025 - INFO - Fetching product page: https://www.hippostores.com/cera-crust-220mm-one-piece-ewc-white-glossy-model-s1013126/product/2000001398
2024-07-30 18:40:33,717 - INFO - Fetching product page: https://www.hippostores.com/jaquar-rimless-one-piece-wc-with-uf-soft-clo-vgs-white-81851s300uf-model-vgs-wht-81851s300uf/product/2000001867
2024-07-30 18:40:33,804 - INFO - Page 23 processed successfully
2024-07-30 18:40:33,804 - INFO - Fetching URL: https://www.hippostores.com/k-/productlist?sort=relevance&page=24
2024-07-30 18:40:41,282 - INFO - Fetching product page: https://www.hippostores.com/cera-carnival-cleanrim-wall-hung-ewc-exposed-white-glossy-model-s1041106/product/2000002612
2024-07-30 18:40:45,158 - INFO - Fetching product page: https://www.hippostores.com/cera-cameo-p-trap-wall-hung-with-seat-cover-model-s1043114/product/2000002846
2024-07-30 18:40:49,292 - INFO - Fetching product page: https://www.hippostores.com/cera-camel-wall-hung-with-duroplast-seat-cover-s1043128sn-model-s1043128sn/product/2000004861
2024-07-30 18:40:53,325 - INFO - Fetching product page: https://www.hippostores.com/kohler-grid-drain-w-o-overflow-hole-model-45433in-cp/product/2000003979
2024-07-30 18:40:57,162 - INFO - Fetching product page: https://www.hippostores.com/kohler-complementary-grid-drain-long-20746in-af-model-20746in-af/product/2000000836
2024-07-30 18:41:00,992 - INFO - Fetching product page: https://www.hippostores.com/jaquar-s-l-b-m-w-o-pop-waste-lav-faucet-basin-mixer-450mm-long-braided-flr-chr-5001b-model-flr-chr-5001b/product/2000001679
2024-07-30 18:41:05,078 - INFO - Fetching product page: https://www.hippostores.com/jaquar-ornamix-prime-bath-spout-with-button-spj-chr-10463pm-model-spj-chr-10463pm/product/2000001788
2024-07-30 18:41:08,867 - INFO - Fetching product page: https://www.hippostores.com/jaquar-sliding-rail-dia-19mm-600mm-long-round-sha-chr-1187n-model-sha-chr-1187n/product/2000001749
2024-07-30 18:41:12,707 - INFO - Fetching product page: https://www.hippostores.com/jaquar-bib-cock-with-wall-flange-vgp-chr-81037-model-vgp-chr-81037/product/2000003908
2024-07-30 18:41:16,778 - INFO - Fetching product page: https://www.hippostores.com/kohler-aleo-tall-lav-faucet-w-o-drain-model-72337in-4nd-bv/product/2000004550
2024-07-30 18:41:20,720 - INFO - Fetching product page: https://www.hippostores.com/kohler-parallel-bath-spout-w-diverter-23511in-rgd-model-23511in-rgd/product/2000000997
2024-07-30 18:41:24,783 - INFO - Fetching product page: https://www.hippostores.com/jaquar-single-lever-extended-basin-mixer-heigh-fon-chr-40052b-model-fon-chr-40052b/product/2000001693
2024-07-30 18:41:28,840 - INFO - Fetching product page: https://www.hippostores.com/jaquar-s-l-basin-mixer-with-popup-waste-with-45-ari-chr-39051b-model-ari-chr-39051b/product/2000001673
2024-07-30 18:41:32,656 - INFO - Fetching product page: https://www.hippostores.com/kohler-modern-life-edge-wh-toilet-with-uf-seat-white-glossy-model-27902in-ss-0/product/2000002574
2024-07-30 18:41:36,623 - INFO - Fetching product page: https://www.hippostores.com/kohler-presquile-wall-hung-toilet-bowl-19080in-2-7-model-19080in-2-7/product/2000000862
2024-07-30 18:41:40,358 - INFO - Fetching product page: https://www.hippostores.com/kohler-modernlife-wall-hung-bowl-only-77725in-ss-0-model-27903in-ss-0/product/2000000868
2024-07-30 18:41:44,468 - INFO - Fetching product page: https://www.hippostores.com/jaquar-rimless-wall-hung-wc-with-uf-soft-close-vgs-white-81953uf-model-vgs-wht-81953uf/product/2000001869
2024-07-30 18:41:48,574 - INFO - Fetching product page: https://www.hippostores.com/kohler-veil-wh-toilet-with-qc-uf-seat-75708in-ss-0-model-75708in-ss-0/product/2000001081
2024-07-30 18:41:52,371 - INFO - Fetching product page: https://www.hippostores.com/kohler-replay-wall-hung-bowl-only-cashmere-6088in-k4-model-6088in-k4/product/2000000859
2024-07-30 18:41:56,416 - INFO - Fetching product page: https://www.hippostores.com/kohler-span-square-wall-hung-with-pureclean-seat-28778in-0-model-28778in-0/product/2000001062
2024-07-30 18:41:56,479 - INFO - Page 24 processed successfully
2024-07-30 18:41:56,479 - INFO - Fetching URL: https://www.hippostores.com/k-/productlist?sort=relevance&page=25
2024-07-30 18:42:03,807 - INFO - Fetching product page: https://www.hippostores.com/jaquar-sanitaryware-rimless-wall-hung-wc-with-in-built-jet-w-fls-wht-5953jppsm-model-fls-wht-5953jppsm/product/2000003893
2024-07-30 18:42:07,756 - INFO - Fetching product page: https://www.hippostores.com/kohler-reach-wall-hung-bowl-only-5573in-0-model-5573in-0/product/2000000853
2024-07-30 18:42:11,790 - INFO - Fetching product page: https://www.hippostores.com/kohler-span-square-wall-hung-bowl-29172in-0-model-29172in-0/product/2000000852
2024-07-30 18:42:15,575 - INFO - Fetching product page: https://www.hippostores.com/kohler-replay-wall-hung-bowl-only-6088in-0-model-6088in-0/product/2000001073
2024-07-30 18:42:19,371 - INFO - Fetching product page: https://www.hippostores.com/cera-calibre-220-one-piece-ewc-incl-ftg-model-s1013136/product/2000000694
2024-07-30 18:42:23,336 - INFO - Fetching product page: https://www.hippostores.com/kohler-span-round-wall-hung-bowl-29169in-0-model-29169in-0/product/2000000845
2024-07-30 18:42:27,396 - INFO - Fetching product page: https://www.hippostores.com/kohler-presquile-wall-hung-toilet-bowl-19080in-ss-0-model-19080in-ss-0/product/2000001078
2024-07-30 18:42:31,434 - INFO - Fetching product page: https://www.hippostores.com/cera-conventional-ewc-s-trap-with-carina-seat-cover-model-s1053101/product/2000004429
2024-07-30 18:42:35,556 - INFO - Fetching product page: https://www.hippostores.com/jaquar-c-h-b-m-reg-spt-w-o-pop-lav-faucet-basin-mixer-450mm-long-braid-qqt-chr-7167b-model-qqt-chr-7167b/product/2000002798
2024-07-30 18:42:39,465 - INFO - Fetching product page: https://www.hippostores.com/anchor-4-module-plate-penta-modular-model-65904/product/1000000547
2024-07-30 18:42:43,437 - INFO - Fetching product page: https://www.hippostores.com/anchor-18-module-horizontal-plate-penta-modular-model-65918/product/1000000544
2024-07-30 18:42:47,306 - INFO - Fetching product page: https://www.hippostores.com/anchor-6ax-1-way-switch-1-module-penta-modular-model-65001/product/1000000552
2024-07-30 18:42:51,337 - INFO - Fetching product page: https://www.hippostores.com/anchor-6a-bell-push-1-module-penta-modular-model-65003/product/1000000551
2024-07-30 18:42:55,175 - INFO - Fetching product page: https://www.hippostores.com/anchor-6ax-2-way-switch-1-module-penta-modular-model-65002/product/1000000553
2024-07-30 18:42:58,903 - INFO - Fetching product page: https://www.hippostores.com/anchor-8-module-horizontal-plate-penta-modular-model-65908/product/1000000554
2024-07-30 18:43:02,682 - INFO - Fetching product page: https://www.hippostores.com/anchor-blank-plate-1-module-penta-modular-2pcs-model-65503/product/1000000555
2024-07-30 18:43:06,695 - INFO - Fetching product page: https://www.hippostores.com/anchor-6-module-plate-penta-modular-model-65906/product/1000000548
2024-07-30 18:43:10,677 - INFO - Fetching product page: https://www.hippostores.com/wipro-garnet-led-strip-2700k-white-25w-model-d42827-1/product/1000001101
2024-07-30 18:43:14,520 - INFO - Fetching product page: https://www.hippostores.com/wipro-garnet-filament-candle-led-white-2700k-e27-4w-model-n42002/product/1000001140
2024-07-30 18:43:18,323 - INFO - Fetching product page: https://www.hippostores.com/wipro-garnet-9w-slim-cob-led-spot-light-4000k-model-d320940/product/1000001149
2024-07-30 18:43:18,384 - INFO - Page 25 processed successfully
2024-07-30 18:43:18,384 - INFO - Fetching URL: https://www.hippostores.com/k-/productlist?sort=relevance&page=26
2024-07-30 18:43:25,741 - INFO - Fetching product page: https://www.hippostores.com/wipro-garnet-led-floodlight-cool-day-light-30w-model-d913065-1/product/1000001127
2024-07-30 18:43:29,801 - INFO - Fetching product page: https://www.hippostores.com/wipro-garnet-6w-slim-cob-led-spot-light-2700k-model-d320627/product/1000001088
2024-07-30 18:43:33,974 - INFO - Fetching product page: https://www.hippostores.com/wipro-garnet-3w-mini-led-spot-light-2700k-model-d340327/product/1000001092
2024-07-30 18:43:38,328 - INFO - Fetching product page: https://www.hippostores.com/wipro-surface-panel-striker-warm-white-3w-model-d640327/product/1000001272
2024-07-30 18:43:42,314 - INFO - Fetching product page: https://www.hippostores.com/wipro-5a-12v-driver-model-h45040-hd1500/product/1000001264
2024-07-30 18:43:46,213 - INFO - Fetching product page: https://www.hippostores.com/anchor-penta-modular-6a-3pin-socket-isi-2module-penta-modular-model-65203/product/1000001672
2024-07-30 18:43:49,919 - INFO - Fetching product page: https://www.hippostores.com/anchor-smart-ding-dong-door-bell-240v-50hz-model-38911/product/1000002046
2024-07-30 18:43:53,662 - INFO - Fetching product page: https://www.hippostores.com/anchor-smart-16a-plug-top-red-base-white-top-model-38637r/product/1000002052
2024-07-30 18:43:57,609 - INFO - Fetching product page: https://www.hippostores.com/anchor-bell-push-with-neon-2module-6a-model-65066/product/1000002834
2024-07-30 18:44:01,471 - INFO - Fetching product page: https://www.hippostores.com/anchor-1-module-plate-with-chrome-collar-model-65801/product/1000003017
2024-07-30 18:44:05,395 - INFO - Fetching product page: https://www.hippostores.com/anchor-2-module-plate-with-chrome-collar-model-65802/product/1000003018
2024-07-30 18:44:09,423 - INFO - Fetching product page: https://www.hippostores.com/anchor-3-module-plate-with-chrome-collar-model-65803/product/1000003019
2024-07-30 18:44:13,483 - INFO - Fetching product page: https://www.hippostores.com/anchor-4-module-plate-with-chrome-collar-model-65804/product/1000003020
2024-07-30 18:44:17,900 - INFO - Fetching product page: https://www.hippostores.com/anchor-8-module-horizontal-plate-with-chrome-collar-model-65808/product/1000003022
2024-07-30 18:44:21,808 - INFO - Fetching product page: https://www.hippostores.com/anchor-12-module-horizontal-plate-with-chrome-collar-model-65812/product/1000003024
