2024-08-06 10:35:33,058 - INFO - ====== WebDriver manager ======
2024-08-06 10:35:33,159 - INFO - Get LATEST geckodriver version for 128.0 firefox
2024-08-06 10:35:33,828 - INFO - Get LATEST geckodriver version for 128.0 firefox
2024-08-06 10:35:34,137 - INFO - Driver [/home/amos/.wdm/drivers/geckodriver/linux64/v0.34.0/geckodriver] found in cache
2024-08-06 10:37:03,104 - INFO - Total number of products found: 150
2024-08-06 10:37:35,969 - ERROR - Error extracting price per piece: Message: Unable to locate element: .price-pcs-pdp; For documentation on this error, please visit: https://www.selenium.dev/documentation/webdriver/troubleshooting/errors#no-such-element-exception
Stacktrace:
RemoteError@chrome://remote/content/shared/RemoteError.sys.mjs:8:8
WebDriverError@chrome://remote/content/shared/webdriver/Errors.sys.mjs:193:5
NoSuchElementError@chrome://remote/content/shared/webdriver/Errors.sys.mjs:511:5
dom.find/</<@chrome://remote/content/shared/DOM.sys.mjs:136:16

2024-08-06 10:38:04,648 - ERROR - Error extracting price per piece: Message: Unable to locate element: .price-pcs-pdp; For documentation on this error, please visit: https://www.selenium.dev/documentation/webdriver/troubleshooting/errors#no-such-element-exception
Stacktrace:
RemoteError@chrome://remote/content/shared/RemoteError.sys.mjs:8:8
WebDriverError@chrome://remote/content/shared/webdriver/Errors.sys.mjs:193:5
NoSuchElementError@chrome://remote/content/shared/webdriver/Errors.sys.mjs:511:5
dom.find/</<@chrome://remote/content/shared/DOM.sys.mjs:136:16

2024-08-06 10:38:25,278 - ERROR - Error extracting price per piece: Message: Unable to locate element: .price-pcs-pdp; For documentation on this error, please visit: https://www.selenium.dev/documentation/webdriver/troubleshooting/errors#no-such-element-exception
Stacktrace:
RemoteError@chrome://remote/content/shared/RemoteError.sys.mjs:8:8
WebDriverError@chrome://remote/content/shared/webdriver/Errors.sys.mjs:193:5
NoSuchElementError@chrome://remote/content/shared/webdriver/Errors.sys.mjs:511:5
dom.find/</<@chrome://remote/content/shared/DOM.sys.mjs:136:16

2024-08-06 10:38:54,131 - ERROR - Error extracting price per piece: Message: Unable to locate element: .price-pcs-pdp; For documentation on this error, please visit: https://www.selenium.dev/documentation/webdriver/troubleshooting/errors#no-such-element-exception
Stacktrace:
RemoteError@chrome://remote/content/shared/RemoteError.sys.mjs:8:8
WebDriverError@chrome://remote/content/shared/webdriver/Errors.sys.mjs:193:5
NoSuchElementError@chrome://remote/content/shared/webdriver/Errors.sys.mjs:511:5
dom.find/</<@chrome://remote/content/shared/DOM.sys.mjs:136:16

2024-08-06 10:39:21,966 - ERROR - Error extracting price per piece: Message: Unable to locate element: .price-pcs-pdp; For documentation on this error, please visit: https://www.selenium.dev/documentation/webdriver/troubleshooting/errors#no-such-element-exception
Stacktrace:
RemoteError@chrome://remote/content/shared/RemoteError.sys.mjs:8:8
WebDriverError@chrome://remote/content/shared/webdriver/Errors.sys.mjs:193:5
NoSuchElementError@chrome://remote/content/shared/webdriver/Errors.sys.mjs:511:5
dom.find/</<@chrome://remote/content/shared/DOM.sys.mjs:136:16

2024-08-06 10:39:42,625 - ERROR - Error extracting price per piece: Message: Unable to locate element: .price-pcs-pdp; For documentation on this error, please visit: https://www.selenium.dev/documentation/webdriver/troubleshooting/errors#no-such-element-exception
Stacktrace:
RemoteError@chrome://remote/content/shared/RemoteError.sys.mjs:8:8
WebDriverError@chrome://remote/content/shared/webdriver/Errors.sys.mjs:193:5
NoSuchElementError@chrome://remote/content/shared/webdriver/Errors.sys.mjs:511:5
dom.find/</<@chrome://remote/content/shared/DOM.sys.mjs:136:16

2024-08-06 10:40:14,929 - ERROR - Error extracting price per piece: Message: Unable to locate element: .price-pcs-pdp; For documentation on this error, please visit: https://www.selenium.dev/documentation/webdriver/troubleshooting/errors#no-such-element-exception
Stacktrace:
RemoteError@chrome://remote/content/shared/RemoteError.sys.mjs:8:8
WebDriverError@chrome://remote/content/shared/webdriver/Errors.sys.mjs:193:5
NoSuchElementError@chrome://remote/content/shared/webdriver/Errors.sys.mjs:511:5
dom.find/</<@chrome://remote/content/shared/DOM.sys.mjs:136:16

2024-08-06 10:40:46,766 - ERROR - Error extracting price per piece: Message: Unable to locate element: .price-pcs-pdp; For documentation on this error, please visit: https://www.selenium.dev/documentation/webdriver/troubleshooting/errors#no-such-element-exception
Stacktrace:
RemoteError@chrome://remote/content/shared/RemoteError.sys.mjs:8:8
WebDriverError@chrome://remote/content/shared/webdriver/Errors.sys.mjs:193:5
NoSuchElementError@chrome://remote/content/shared/webdriver/Errors.sys.mjs:511:5
dom.find/</<@chrome://remote/content/shared/DOM.sys.mjs:136:16

2024-08-06 10:41:16,741 - ERROR - Error extracting price per piece: Message: Unable to locate element: .price-pcs-pdp; For documentation on this error, please visit: https://www.selenium.dev/documentation/webdriver/troubleshooting/errors#no-such-element-exception
Stacktrace:
RemoteError@chrome://remote/content/shared/RemoteError.sys.mjs:8:8
WebDriverError@chrome://remote/content/shared/webdriver/Errors.sys.mjs:193:5
NoSuchElementError@chrome://remote/content/shared/webdriver/Errors.sys.mjs:511:5
dom.find/</<@chrome://remote/content/shared/DOM.sys.mjs:136:16

2024-08-06 10:41:46,699 - ERROR - Error extracting price per piece: Message: Unable to locate element: .price-pcs-pdp; For documentation on this error, please visit: https://www.selenium.dev/documentation/webdriver/troubleshooting/errors#no-such-element-exception
Stacktrace:
RemoteError@chrome://remote/content/shared/RemoteError.sys.mjs:8:8
WebDriverError@chrome://remote/content/shared/webdriver/Errors.sys.mjs:193:5
NoSuchElementError@chrome://remote/content/shared/webdriver/Errors.sys.mjs:511:5
dom.find/</<@chrome://remote/content/shared/DOM.sys.mjs:136:16

2024-08-06 10:45:40,985 - INFO - ====== WebDriver manager ======
2024-08-06 10:45:41,118 - INFO - Get LATEST geckodriver version for 128.0 firefox
2024-08-06 10:45:41,899 - INFO - Get LATEST geckodriver version for 128.0 firefox
2024-08-06 10:45:42,158 - INFO - Driver [/home/amos/.wdm/drivers/geckodriver/linux64/v0.34.0/geckodriver] found in cache
2024-08-06 10:46:48,424 - INFO - ====== WebDriver manager ======
2024-08-06 10:46:48,517 - INFO - Get LATEST geckodriver version for 128.0 firefox
2024-08-06 10:46:49,077 - INFO - Get LATEST geckodriver version for 128.0 firefox
2024-08-06 10:46:49,323 - INFO - Driver [/home/amos/.wdm/drivers/geckodriver/linux64/v0.34.0/geckodriver] found in cache
2024-08-06 10:49:03,105 - INFO - Total number of products found: 240
2024-08-06 10:49:35,218 - ERROR - Error extracting price per piece: Message: Unable to locate element: .price-pcs-pdp; For documentation on this error, please visit: https://www.selenium.dev/documentation/webdriver/troubleshooting/errors#no-such-element-exception
Stacktrace:
RemoteError@chrome://remote/content/shared/RemoteError.sys.mjs:8:8
WebDriverError@chrome://remote/content/shared/webdriver/Errors.sys.mjs:193:5
NoSuchElementError@chrome://remote/content/shared/webdriver/Errors.sys.mjs:511:5
dom.find/</<@chrome://remote/content/shared/DOM.sys.mjs:136:16

2024-08-06 10:50:03,838 - ERROR - Error extracting price per piece: Message: Unable to locate element: .price-pcs-pdp; For documentation on this error, please visit: https://www.selenium.dev/documentation/webdriver/troubleshooting/errors#no-such-element-exception
Stacktrace:
RemoteError@chrome://remote/content/shared/RemoteError.sys.mjs:8:8
WebDriverError@chrome://remote/content/shared/webdriver/Errors.sys.mjs:193:5
NoSuchElementError@chrome://remote/content/shared/webdriver/Errors.sys.mjs:511:5
dom.find/</<@chrome://remote/content/shared/DOM.sys.mjs:136:16

2024-08-06 10:50:24,657 - ERROR - Error extracting price per piece: Message: Unable to locate element: .price-pcs-pdp; For documentation on this error, please visit: https://www.selenium.dev/documentation/webdriver/troubleshooting/errors#no-such-element-exception
Stacktrace:
RemoteError@chrome://remote/content/shared/RemoteError.sys.mjs:8:8
WebDriverError@chrome://remote/content/shared/webdriver/Errors.sys.mjs:193:5
NoSuchElementError@chrome://remote/content/shared/webdriver/Errors.sys.mjs:511:5
dom.find/</<@chrome://remote/content/shared/DOM.sys.mjs:136:16

2024-08-06 10:50:53,106 - ERROR - Error extracting price per piece: Message: Unable to locate element: .price-pcs-pdp; For documentation on this error, please visit: https://www.selenium.dev/documentation/webdriver/troubleshooting/errors#no-such-element-exception
Stacktrace:
RemoteError@chrome://remote/content/shared/RemoteError.sys.mjs:8:8
WebDriverError@chrome://remote/content/shared/webdriver/Errors.sys.mjs:193:5
NoSuchElementError@chrome://remote/content/shared/webdriver/Errors.sys.mjs:511:5
dom.find/</<@chrome://remote/content/shared/DOM.sys.mjs:136:16

